0.255805747513
1.0
0.481476848185
0.587710961655
0.766030354295
1.0
0.389626808714
0.691931955107
0.977525167397
0.849596801811
0.774843286147
0.0248464452796
0.454341808455
0.728645019842
0.770341535015
0.694493542037
0.372919364706
0.703715722007
0.581566006308
0.560286837465
0.867897247519
0.0609861583531
0.603026084371
0.845229323026
0.696126677181
0.781601463298
0.606002328332
0.320454298834
0.627155124016
0.646588272541
0.788385926022
0.852752925642
0.653464987921
0.621793230378
0.367311252846
0.815473361995
1.0
0.265887900683
0.66130341645
0.861691655452
1.0
0.789897827071
0.103847083046
0.892863230352
0.516884087749
1.0
0.814954343602
0.883141669469
0.662381387273
0.75610907315
1.0
0.895434706476
0.612478081265
0.304124298057
0.680969181637
0.76122096277
0.879706803921
0.6825494759
0.79483214697
0.467353863221
0.903621072499
0.816997004864
0.586919347694
0.620543127372
0.36583495602
1.0
0.728425876874
0.799609378017
0.168463593042
0.624143721703
1.0
0.711231873725
0.11246578222
0.0
0.763206396688
0.777803756187
0.705725413991
0.733612037503
0.366108695374
0.86821373015
0.327482815265
0.439292020879
0.761321794564
1.0
0.608617289942
0.457332396805
0.729385083277
0.708349291028
0.6145355132
0.957046578402
0.0657322024404
0.488406043981
0.888816578266
0.690625370989
1.0
0.793052960505
0.858835562905
0.354086801979
0.81202159108
0.87196733914
0.337066244889
0.215408013091
0.685286999426
0.6239048136
1.0
0.745569155694
0.814492452324
0.857465238229
0.389316436525
0.558379918695
0.652703143552
0.864416879347
0.694047373088
0.939465521501
0.629730453772
0.877500675884
0.518280712613
0.495199134042
0.447112060153
0.593348319834
1.0
0.456900576649
0.398218958392
0.960215512264
0.847883086068
1.0
0.918062385033
0.523859257069
0.302472816425
0.629957395199
0.628643599193
0.763036923365
0.801498183536
0.500427717608
0.439941778805
0.706528563975
0.919309619541
0.805667903881
0.879670324197
0.164436857434
0.894243261021
0.52708371861
0.967161330496
0.935465983268
0.521184189664
0.518639434248
0.866331011616
0.727777851779
0.766776269368
0.704020848161
0.697569337951
0.354860946308
0.860820285936
0.694924392053
0.978145522149
0.253142294743
0.890729858687
0.909813438401
0.861249227235
0.604697830351
0.502857916804
0.810661137973
0.228913586375
0.744428188822
0.735834968701
0.905308034415
0.95649522275
0.349973765325
0.641854141015
0.953278314235
0.665970372979
0.802656666792
0.715477956178
0.80701261148
1.0
0.429080419014
0.507643792809
0.892840723735
0.604277522614
0.758427055686
0.807945883445
0.467057875547
0.912271441568
0.900577074518
1.0
0.817129469831
0.580416278969
0.919239170083
0.340342966556
0.878068564991
0.79955076145
0.616289324348
0.452286382679
0.726486151931
0.580270880742
0.661410593489
0.830666720683
0.692564835931
0.595696801632
0.731102856396
1.0
0.0
0.653311337082
0.56022660383
0.240405572673
0.685601129582
0.859025821263
0.889626338255
0.498359597751
0.714170977147
0.635850933102
0.725932760328
0.90856035309
0.706648169593
0.648343861947
0.705801122203
0.0
0.665139017621
0.90118864378
1.0
1.0
0.0
0.25713557196
0.825697278978
