0.41693848153
0.313438833685
0.633788432665
0.525078434006
0.935601851378
0.923915622891
0.371855473973
0.869191729396
0.530796703516
0.357468504638
0.640362186469
0.857281475017
0.768909985709
0.827549693895
0.452369517296
0.591745628122
0.279667431596
0.872115004212
0.220658258577
0.605391532086
0.925437594158
0.311238682023
0.0910756605744
0.64171749841
1.0
0.878022293616
0.279944895662
1.0
0.966978047831
0.722878402415
0.78953960012
0.696485421938
0.78638333264
0.375472331897
1.0
0.680973629681
0.824151883895
0.604596433275
0.808693633623
0.37687338551
0.813961552886
0.702687920908
0.917177908954
0.542873761786
0.872972547424
1.0
0.549635882097
0.480785154589
0.501710383596
0.940955926337
0.875317149733
0.865828991433
1.0
0.721615227716
1.0
0.493594932211
0.821611446112
0.780695843352
0.981744221378
0.345100097461
0.21229734144
0.147447133885
0.902247962816
0.674063641626
0.947228189283
0.977850561116
0.726979369089
0.631997395541
0.920955874157
0.980053995762
0.823058117847
0.856113026865
0.640886267597
0.649219565598
0.577865999792
0.726256287524
0.537842318985
0.831881394564
0.644535752109
0.426434168277
0.573539414856
0.875131199531
0.871459887567
0.561697988051
0.644590019549
0.933268617752
0.512260023477
0.680315952005
0.844542015961
0.822407747664
0.941678821113
0.957345973789
0.71264150941
0.637212682281
0.82135770423
0.832433698867
0.512511415347
0.74064226671
0.767638568631
0.382451589994
0.657462758351
0.52418406247
0.273451549479
0.737429163154
0.719201947086
0.302428157764
0.633759637512
0.193281075056
0.713806679969
0.513580567401
0.786216850198
0.662662547944
0.795009111323
0.106035312638
0.800295531465
0.668239696903
0.410668133552
0.857771988903
0.714353289278
0.899694188453
0.915488377551
0.721587520658
0.274776281893
0.355340409451
0.645352104241
0.848436421077
0.890032627117
0.892590457809
0.333702073096
0.776572467252
0.603946091137
0.616976032667
0.596861885105
0.940687132727
0.900655034449
0.135808469747
0.230320179731
0.640183305038
0.643391584045
0.746530455109
0.604800942671
0.664157142027
0.39877711149
0.838964506673
0.637932270582
0.906600274194
1.0
0.196430331714
0.507944174271
0.618299970198
0.522424909038
0.268257446622
0.872672864677
0.449756263716
0.903094944277
0.707638849669
0.521414087132
1.0
0.866459988001
0.87869888929
0.663648448439
0.91900266158
0.858327009619
0.565561265656
0.307379332034
1.0
0.949521019902
0.544484517792
0.74255826872
0.776577036193
0.917446581767
0.70365923628
0.81786162366
0.701237768053
0.371327253871
0.706244235496
