1.0
0.609594366808
0.788819301094
0.862789704617
0.823610339736
0.510936826054
0.658595153257
0.77845947245
0.0
0.321764379267
0.632674109397
0.273672082766
0.696158780602
0.425948196282
0.730194364036
0.486223943423
0.498369503218
0.764340704193
0.62452800898
0.630255544125
0.651803567367
0.7530702448
0.534757024627
0.618265896638
0.831453996184
1.0
0.704099753998
0.78725126555
0.948774345143
0.401838110446
0.609979760897
0.329489928115
0.96923953616
0.902714058738
1.0
0.689777870269
0.370474155996
0.588013428044
1.0
0.91782297674
0.927826438079
0.943570874078
0.964543011395
0.583892614685
0.502468023563
0.67907222327
1.0
0.845256093959
0.918305897261
0.542485759576
0.692353458138
0.948172028459
0.89454281168
0.941602646592
0.850891462255
0.50427781855
0.806635872318
0.0
0.651482441529
0.894425990062
0.915718718004
0.275180514466
0.59441214025
0.817674164542
0.576368714913
0.591740141094
0.956596356966
0.664257030138
0.521004562684
0.735954633569
0.669239748361
0.677274692171
0.711124319524
0.686112744212
0.826170933805
0.980249915411
0.664055119116
1.0
0.661488283229
0.742800377404
0.0780662669625
0.283770941574
0.829500784652
0.869573600246
0.883409844223
0.752023771274
0.162332743359
0.020168820095
0.354093636606
0.665136986531
0.730451821644
0.828199254113
0.610940882295
