0.766390625229
0.968699840658
0.924516779105
1.0
0.950825138613
0.89951610091
0.932724298622
1.0
0.811377711732
0.878577894395
0.707991659293
0.687912360038
0.902799442013
0.995679283546
0.829523664138
0.880039501889
0.762747587387
1.0
0.689135503379
0.533043968963
0.658931971949
0.304405906185
1.0
1.0
0.992062224952
0.889622238552
1.0
1.0
0.788235655331
0.952466263702
0.999931606455
0.95189259143
1.0
0.82945518642
0.866381947761
0.946430527812
0.932761116095
0.892106946031
1.0
0.981975807038
0.929202924994
0.841123558705
1.0
0.60400195882
0.765913422836
0.989672585971
0.997294668973
0.917850623025
0.937218344721
0.892807517972
0.722864391991
0.976291270028
0.866308969327
0.94505202929
0.564968153888
0.886036387056
0.949685732719
0.860942764202
0.381344785738
1.0
1.0
1.0
1.0
0.960082313168
0.816248378401
0.761820790206
1.0
0.964182562424
0.926205322455
0.944675166688
1.0
1.0
1.0
1.0
0.864857448392
1.0
0.687492065456
0.846671534296
0.895937225415
0.978837219648
0.956904547377
0.940450098675
0.890163173605
1.0
1.0
0.948514898744
0.951220308448
0.973732353983
0.882589546317
0.874446936209
0.98698643608
1.0
0.995750911798
0.0
1.0
0.851432445253
1.0
0.880859465228
1.0
1.0
0.0
0.943807312759
1.0
0.0
0.671614148051
0.75851236785
1.0
0.876765873822
0.732214665356
0.788242237312
0.831489032266
0.987545544756
1.0
0.840576658172
0.884686730372
0.874185962893
0.87906842015
0.880881387794
1.0
0.805674878659
0.940160808441
1.0
0.0
0.887211481268
1.0
1.0
1.0
1.0
0.983923519795
1.0
1.0
0.952293610041
0.841248801548
0.64855870225
1.0
0.977821477433
0.854771930353
0.903668032071
0.417999132162
1.0
0.257424996444
1.0
1.0
0.992430013394
0.977987225198
0.933267473653
0.871071647807
1.0
1.0
0.933920780085
0.959916166611
1.0
0.904488187589
0.580326903362
0.713844020977
0.883835030661
0.856304180286
0.84404472474
1.0
1.0
1.0
0.0
0.91184323242
0.910104933349
0.836651580378
0.632239560329
0.956740631405
1.0
1.0
1.0
0.809069758409
1.0
1.0
0.885591936548
0.962838762528
0.990525896775
0.876716008932
1.0
0.269869588452
1.0
1.0
1.0
1.0
0.987138443762
1.0
0.867638901658
1.0
1.0
0.995842712975
0.934115975641
0.791034571825
1.0
0.917941955247
0.708919494917
0.905131026708
0.983401491473
0.949802397632
0.998134507605
1.0
0.799852926463
0.956025857514
0.797785812041
0.890636600821
0.958937364411
1.0
1.0
0.940327311732
0.889153529738
0.87623846393
1.0
0.959170237516
0.950001058261
0.885950927581
0.8041068988
1.0
0.757920570036
0.949436248757
0.69838247541
0.745724976764
0.728957455258
0.990166067674
0.982441478845
1.0
1.0
0.79249348001
1.0
1.0
0.956722372633
1.0
0.95716594924
1.0
1.0
1.0
0.973339599228
1.0
0.891160885731
0.952857157045
0.930132001577
0.94192800245
0.923222923799
1.0
1.0
0.925938232397
0.958356395449
0.634823446213
0.89002207375
0.872691505863
0.897558348626
1.0
0.895531860919
0.887398045828
0.902655030226
0.842758182607
0.837657061202
0.727587379549
0.905937113182
1.0
1.0
1.0
1.0
0.924276874228
1.0
0.962754590992
1.0
1.0
1.0
1.0
0.99432447371
1.0
0.929283364059
0.962596832434
0.809939864787
1.0
0.933065521114
0.990453537396
1.0
0.879668829092
1.0
1.0
0.893326584923
1.0
0.854059030382
1.0
1.0
1.0
0.798134316936
0.759450958229
1.0
0.913199283013
0.334522574875
0.882678553277
0.193479253192
1.0
1.0
0.952825782751
1.0
0.917092196346
0.879032530403
1.0
1.0
0.953458901129
0.644037577177
0.904651530502
0.952828909787
1.0
0.83653191042
0.795278963197
0.996851841407
0.729055559531
0.964581612978
0.826118203757
1.0
0.887731399976
1.0
0.969203316773
0.89303344261
0.374183546055
1.0
1.0
0.603911721177
0.973408715002
0.895884773677
0.991914630072
0.914307178694
0.987123735033
0.877337051021
1.0
0.674113841142
0.938114247203
1.0
1.0
0.950896516893
0.731136985498
0.94379200489
1.0
0.757289542479
0.9046898707
0.968417153189
0.872555656628
0.899223617565
1.0
0.985236236663
1.0
0.869469603021
0.975210888595
1.0
0.932132905148
0.909208153996
0.976039289196
0.898801992463
0.954031580259
1.0
1.0
1.0
0.912854208792
1.0
0.986218547832
0.425443303998
0.794010445818
0.911784164033
0.374235651857
0.774465398101
1.0
0.981377010245
0.963300701028
1.0
0.811092544985
0.607207380707
1.0
1.0
0.992435287553
0.953116536358
0.325823921276
1.0
1.0
1.0
1.0
0.929529011921
0.80012833111
1.0
0.803869329972
1.0
0.956113971657
0.713303391273
0.981818502452
0.750917687502
0.940231497161
0.834602201207
1.0
0.932363895765
1.0
1.0
0.954798448523
0.984011511962
1.0
0.875059587787
0.984826189375
0.846112013756
0.936685499843
1.0
0.916930852942
0.936591582862
0.840673673863
1.0
1.0
0.974902468621
0.808226891941
0.940821125107
0.936484226587
0.91696484836
1.0
0.984163350219
0.94173497998
0.974970620814
0.46336586616
0.860080949414
1.0
1.0
0.891649625862
0.939386528008
1.0
0.667038457683
0.963908577641
0.979490250516
0.91163869768
1.0
0.957903198719
0.915091551876
0.961593424302
0.984955972066
1.0
1.0
1.0
0.987543614136
0.731337448894
1.0
0.893526570164
0.555424587324
1.0
1.0
0.93714064101
0.964000219745
1.0
1.0
1.0
0.828674863308
1.0
0.941129747316
0.941247301901
0.975733521779
0.987814074927
0.916539490217
0.815281853081
0.585405328487
1.0
0.970630117898
0.957926015933
1.0
0.911046933933
1.0
1.0
1.0
0.851975728373
0.916445968765
1.0
1.0
0.297378123774
1.0
0.925452949279
0.804280546742
1.0
0.821260528748
0.98297352253
1.0
0.933563302099
1.0
1.0
1.0
0.900372278092
0.91165375765
1.0
0.805059960721
0.963721344633
1.0
0.990100395416
0.896698974529
0.990934207086
0.582866914061
0.652710841113
0.847404219125
1.0
0.247484292255
1.0
0.905147269909
1.0
1.0
1.0
0.544930356155
0.821374927337
0.813763478545
0.956210842495
0.369278755424
0.892116403366
0.916201001026
1.0
1.0
0.665156414954
1.0
0.694928410054
1.0
1.0
0.8597657985
0.934436619564
0.922605395594
1.0
0.920940166628
0.854965591143
0.898682107532
0.897336346417
0.94738238971
0.94036903044
0.92527721155
0.964339694048
1.0
0.947159428058
1.0
0.416284826868
0.837127224033
0.883823402999
0.96232558449
0.918556271142
0.816527237968
0.833473715795
0.950025096634
0.938346346896
0.857702390787
0.929664967691
0.981474386036
0.843287877978
1.0
1.0
0.812498273724
0.991414328286
0.990015294301
1.0
0.937888314675
0.920774943111
1.0
1.0
0.857012338174
0.878682481662
0.85734799689
0.686086058738
0.96545873156
0.30537144494
0.816344305715
1.0
0.935736297402
1.0
1.0
0.992279445257
1.0
1.0
0.795620905227
0.946162828077
1.0
1.0
0.724196916759
1.0
1.0
0.908253976972
0.919819383989
0.882430160189
0.912795713453
1.0
1.0
0.958821295577
0.732384130397
0.891804545871
0.982838067625
0.960057966401
0.899155241929
0.827883759772
0.957101075136
0.965887670883
0.943269522185
1.0
1.0
0.941588444512
1.0
1.0
0.993087541903
1.0
0.961889386393
0.841417116621
0.811111424149
0.969762671676
1.0
0.982419539916
1.0
1.0
1.0
0.997582796922
0.959889153329
0.991817502965
0.523030956109
0.706675860999
0.966431715438
0.959638318187
1.0
0.823040446803
0.759783098585
0.765368763644
1.0
0.811444483634
0.924694867471
0.927328426181
0.785161403769
1.0
1.0
1.0
0.945599526009
0.616163028428
1.0
0.952644494826
0.476611525478
1.0
1.0
1.0
1.0
0.488104878679
0.894368782765
0.968688466546
0.978278111441
1.0
0.522498699641
0.440083277365
0.703327865369
0.948736043757
0.981113581575
1.0
0.766951399771
0.894956010734
0.81355627596
0.707532948626
0.910502293654
0.930933518003
0.989571484777
1.0
0.984782510339
1.0
0.987285731988
0.901213440717
0.902928942979
1.0
0.812126301465
0.991162658444
1.0
1.0
0.856204624074
0.998297984522
1.0
1.0
0.946518077438
0.954896538666
0.98139720842
0.975822002593
0.977731530461
1.0
0.60114746746
0.95053273287
0.913305086785
0.966643746907
1.0
1.0
1.0
1.0
0.959151243067
0.901235493094
0.972732219142
0.949151637876
0.916762582492
1.0
1.0
0.902629920192
0.850236725617
0.912542147628
1.0
0.97159208432
0.831008340979
0.909660609056
1.0
0.980193522278
0.830906778819
0.949546457862
0.945800410229
0.922076890793
1.0
1.0
0.447908478472
1.0
0.92302598141
0.92277900721
1.0
0.440573792002
0.938947021553
1.0
1.0
0.986432931351
0.9167797199
1.0
0.892484511586
0.999165679218
0.995736461459
0.987844099833
1.0
0.940540066452
1.0
0.974306785275
0.753109627859
0.732525888238
0.0
0.855184781314
1.0
0.894525851824
1.0
1.0
0.790745241848
1.0
1.0
0.822413577324
0.949126459379
1.0
0.791406663557
1.0
0.958042063081
0.95238469145
1.0
0.937418932277
0.848839951907
0.921507724737
0.623295991739
1.0
0.876712209989
0.861215203625
1.0
0.972539114062
0.704277780382
1.0
0.964410231159
0.979827649654
1.0
0.8409698288
0.704728982802
0.998405654224
0.869923311027
0.914224657774
0.928969709477
0.863887798166
0.885707572698
1.0
0.889689910271
0.822042793811
0.652214934705
1.0
1.0
0.654602781045
0.187941599618
0.949756699386
0.924960177831
1.0
1.0
1.0
0.969312174196
1.0
0.701544106478
0.698840456996
1.0
0.941773457606
0.978070479579
1.0
0.99252835619
0.992916144876
0.980498584778
0.820097214261
0.825688521504
0.999476877599
1.0
1.0
1.0
0.829967522379
0.910730458162
1.0
0.980458180208
0.847330283697
1.0
0.889073579199
0.414054468548
0.727161747987
1.0
0.935134607936
1.0
1.0
1.0
1.0
1.0
1.0
1.0
0.342072128158
1.0
0.804225779031
0.891703810705
0.862732469971
0.921789854876
0.900585918884
0.902251184474
1.0
1.0
0.966538018227
1.0
0.936686156045
0.874030767995
0.89226949197
0.941465235
1.0
1.0
0.68247117625
0.838071410094
1.0
0.57548394069
0.897035348514
0.946913094849
1.0
0.822766497243
0.943384202793
0.802802855894
1.0
1.0
0.860500085787
0.833446899641
1.0
0.733859163506
0.975356878325
0.567284544187
0.81177584613
0.885307778335
0.735486916923
0.0
1.0
0.86899792563
0.732843028714
0.897195977038
0.657646116223
0.998168811723
1.0
0.931397885227
0.856472681502
0.83242875409
0.822495506226
0.715300716008
0.447775139075
0.936425649375
1.0
0.959996832287
0.809010751191
0.902028484711
0.701803012421
1.0
0.916787730661
0.988579044334
0.83297243759
0.961190150001
1.0
0.934227834359
0.768292340709
0.992648941375
0.896986862146
1.0
1.0
0.986388247766
1.0
0.97430728941
0.968675159539
1.0
1.0
1.0
0.640346301311
1.0
0.896643362984
0.741279786452
0.924404306305
0.982292285053
1.0
1.0
0.93020823314
0.964338958179
0.953710081442
0.946201955757
1.0
1.0
1.0
0.811846108013
0.707969243583
0.987851236983
1.0
0.943534082298
0.986314829888
0.597509498116
1.0
0.409837747079
0.84490464172
0.780240069935
0.774217797731
0.479941341883
1.0
0.965845741709
1.0
0.802211816881
0.929894013584
0.928857855166
0.93408295448
1.0
0.798948344133
1.0
0.880754260794
0.93078966818
0.880184334478
0.965427341544
1.0
0.934887372229
0.996367206944
0.87404322207
1.0
0.838314825986
0.850562760311
0.9125237142
0.978525506803
0.911291921138
0.858073347476
0.842094634736
1.0
0.73861311807
1.0
1.0
0.985325578824
0.910773190003
1.0
1.0
0.95244487772
0.97421037623
0.959068515857
0.751944603863
1.0
0.952367226195
0.975913249221
1.0
0.813833221805
1.0
0.911881765472
0.934863682529
1.0
0.836769755384
0.975611827363
0.986600224229
0.739703953051
0.904952717015
1.0
1.0
1.0
0.90671266745
0.660130494632
0.609740665245
0.947526116356
0.977819600953
0.92973434931
0.74450174939
0.70420336278
0.46344960978
0.998917793676
0.6955689786
1.0
0.983801948926
0.30854808918
0.973911365418
1.0
0.963195162343
1.0
0.965438469649
0.407454786561
0.680212585636
0.557242745871
1.0
0.971987264968
1.0
0.955217627055
1.0
0.89709944124
0.992717033633
1.0
0.893199680231
