1.0
0.966943803769
0.899166096286
0.499245999852
0.0
1.0
0.81581918948
0.907146654047
0.982796805379
0.999004735687
0.855309718969
0.737530080241
0.891973441202
1.0
0.90933760164
0.957541074538
1.0
0.785938150029
0.952451484374
0.467565488433
1.0
0.0
0.623039295492
0.939267248355
1.0
0.868716744315
0.811322823849
1.0
0.979488193351
0.859074977649
0.41229508919
0.535768101718
0.76821976342
0.962797191864
0.803019087591
0.828160421771
0.970711108437
0.982236396414
0.948683503834
1.0
1.0
0.957638309161
0.979505908696
0.939637780365
0.867842633141
0.872664998591
1.0
0.408325074423
0.820230550466
1.0
0.894320209095
0.964484743086
0.990660558437
0.851880357314
0.785444058839
0.753554492917
0.0
1.0
0.547762403995
0.961361479963
1.0
0.97354363205
0.897967427105
0.862606548667
0.462791233902
1.0
1.0
0.0
0.944810036938
0.798887386377
0.926920385671
0.88329861524
0.732251388834
0.989097476888
0.856462121628
0.869427989619
0.863745762266
0.673487227296
0.851853750645
0.943907523503
0.921224605787
0.976593939629
0.806115879413
0.482211719425
0.51298855938
0.872237117378
1.0
1.0
0.932977489274
0.866672878189
0.729777302946
1.0
1.0
0.972778529489
1.0
0.85967110396
0.894241938376
0.864550382174
0.743791818236
0.889827805144
0.78464361135
0.725396811191
0.805454509079
0.854415928393
1.0
0.864133255521
0.749265104066
0.863152985089
0.971062743144
0.989829619523
1.0
0.846356852219
0.717238093495
0.23297995716
0.55009039783
0.840290555024
1.0
0.0
0.97427107086
0.933977235678
0.968911348275
0.884296188956
0.894282155313
0.917311603522
0.89119983151
0.79422749588
0.770043964353
0.527659599138
0.826633153286
0.953948569666
0.643336581848
0.828064897433
0.830688459137
1.0
0.984792218327
0.732650594921
0.573593373573
0.900626916608
1.0
0.854769221819
0.878658820702
0.971675898963
0.872088535889
0.990753209062
0.877508657167
0.760174092952
1.0
0.962496422131
0.978316766466
1.0
0.950001516476
0.779759336312
0.324063941191
0.964330825532
0.643041005783
0.797125011749
0.817032639192
0.692144788943
0.942361267593
0.922434163506
0.735846285654
0.887953178165
0.973400198981
0.889311994112
0.97574489021
0.923350602164
0.0
0.941947761759
0.869129137924
0.84905794353
0.844868805996
0.880285574365
1.0
0.919081471225
0.742061603542
0.97222222588
1.0
0.669525525086
1.0
0.916227381091
1.0
0.720548688678
0.904807568961
0.748804658821
0.920614801935
0.819821391355
0.705997810487
0.901524253064
0.532632579672
0.782975231031
0.60752028439
0.868025651938
1.0
0.322166577722
1.0
0.817579427143
0.908775471864
0.701939192834
0.711951734312
0.764210323361
0.757503759103
0.727668930896
1.0
0.937178898733
0.90354725692
0.731444319808
0.84143119586
0.972719612531
0.924450385991
0.765815453595
0.981762297283
0.773780894506
1.0
0.920115597307
1.0
1.0
0.76194226865
0.282180887321
0.890149518271
0.977595838497
0.995977982581
0.873937792778
0.794655681874
0.813330927495
0.574792149414
0.958105314427
1.0
0.922420267578
0.933647516113
0.871944388889
0.890981877029
0.574058776346
1.0
1.0
0.94873693943
0.878136960914
0.843596997526
0.959294647757
0.741756287307
0.296428177009
0.884551974576
0.85468420278
0.934957247343
0.945724256401
0.864835210537
0.775500900241
0.911887165135
0.789385002444
1.0
1.0
0.941558400294
0.528655525071
0.794969390944
0.989385445892
0.552284100287
1.0
1.0
0.964992641152
0.699869693861
0.641373208315
1.0
0.936008541435
0.920659257825
0.88606792789
0.804682136737
0.818125013332
0.755246346365
0.735450692747
0.459999055056
0.859789550219
0.970685509872
1.0
0.951459623083
1.0
0.814310902243
0.612517650832
0.707864641085
0.838779333897
0.862029683103
0.777479762864
1.0
0.903639361753
0.972309768691
0.900775160655
0.794186139217
0.876160242197
0.70099652978
0.974493310273
0.637009687029
0.884707395243
0.985990706844
0.712298816443
0.986591047787
0.950395612546
0.344905246281
0.714481594491
0.849445203234
1.0
0.86179750532
0.812872679642
1.0
0.931486386763
0.920702287534
0.971774858887
0.989873283896
0.746908987176
0.790063872408
0.951781689991
0.96066321486
0.554676782084
0.83941166582
0.86622533532
1.0
1.0
0.853683629909
0.719774864273
0.0
0.779208869747
0.984807317081
1.0
0.951463972647
0.669921975835
1.0
0.878560151156
0.945885515553
1.0
0.846879485802
0.735117324932
1.0
0.703233545121
0.820744086967
0.889594135953
0.876827164689
0.790964393292
0.440565881347
0.907169228317
0.942284824252
0.477223741164
0.929788333216
1.0
0.436619899365
0.958596997406
0.955034862927
0.991850504095
0.609292514953
0.941763754596
0.874928759834
1.0
0.964555585927
1.0
0.823218652613
0.716986445048
0.829548840165
0.836365422426
0.779448016584
1.0
0.941825585427
0.636929311037
0.89353610866
0.847295732659
1.0
0.463519195356
0.896931232305
1.0
0.736843094406
1.0
0.960672755406
0.980158599029
0.932961432735
0.485146018329
0.865960575133
0.583271268127
0.670494704303
1.0
0.94768913877
1.0
0.948479149525
0.94253211981
0.921630191718
0.984769874814
0.21082025015
0.945633411517
0.711139345661
0.786767978537
0.871867444354
0.963576035184
0.896864100878
0.837986347613
0.429910847004
0.878127316085
0.893420304972
0.859694127673
0.733597962045
1.0
1.0
0.949338371088
0.712019667083
0.944973550906
0.888404087051
1.0
0.755215831927
1.0
0.895109271632
0.707055141427
0.702529511485
0.964318191352
1.0
1.0
0.399700479971
0.987131038297
1.0
0.939742878229
0.912832543155
0.932094702816
0.886942423211
1.0
0.808259288441
1.0
1.0
0.916964111207
0.910462885678
0.933062511153
1.0
0.747207691964
0.861295591743
0.981808922276
0.903608871862
0.902828608883
0.867199422497
0.876849983052
0.892657931497
0.900497203405
0.751926823817
0.485600355188
0.724651551931
1.0
1.0
1.0
0.916754886072
0.844041226161
0.882477404801
0.934747340384
0.976127456615
1.0
0.724463141075
0.677065780906
0.986483505023
0.815139160963
1.0
0.960238881976
0.45368237314
0.870876600442
0.987613009675
0.83040350749
0.831053631753
0.885622787116
1.0
1.0
0.926156133611
0.97339612584
0.7887847202
0.237759333628
0.0
0.820517668437
0.827321881271
0.854856206485
1.0
1.0
0.982449056138
0.921482788336
0.989446963448
0.671204991727
1.0
0.0
0.515094839047
0.917959173026
0.988231973359
0.961337362171
1.0
0.945817413495
0.955199689031
0.734806479318
0.0
1.0
0.993567317864
0.824417470314
0.891037323029
1.0
0.784596050896
1.0
0.938171272209
1.0
0.883657340136
1.0
0.554351413189
0.836419352915
0.888498972294
1.0
0.965999527981
0.855288536786
0.683855834419
0.872981566793
0.831584415201
0.715829177662
0.576450926606
0.46664263669
0.705202532216
1.0
0.853215643292
0.944598009326
1.0
0.649361562953
1.0
0.871546390115
0.983332053192
0.962326755881
0.864619445786
0.940700834512
0.768597677234
1.0
1.0
0.565433912866
0.750339007883
0.73268245478
0.840639718565
0.993024359838
0.971005648969
0.382421915297
0.982042246515
0.946211412977
0.852684457786
1.0
0.967814704023
0.979768826208
1.0
1.0
0.606383368308
0.979291006694
0.973169070886
0.974623920081
0.758264862916
0.999998584229
0.860321813934
0.803235132111
1.0
1.0
0.674657523023
0.801910701765
0.995907911369
0.707309968354
1.0
1.0
0.939200023075
0.924447256097
0.788424603237
0.983813260596
0.685110769433
0.593313956527
0.935363113459
0.941552602439
0.736357333472
0.923866879522
0.825546246128
0.922176008737
0.884327797537
1.0
0.974280008902
1.0
0.920209221872
0.863139174935
0.663384790654
0.816566664725
0.984640647432
0.987774226427
0.892224346089
0.964862486681
0.812052382397
0.647377956337
0.838153553999
0.719335952848
0.842407563336
0.884088249367
1.0
1.0
0.899562917318
0.834979883098
0.815078659588
0.855013152488
1.0
1.0
0.910569189173
0.648098770018
0.707091150679
0.903264679578
0.827276599945
0.714602294524
0.938390915962
0.571755567076
1.0
0.973413818393
1.0
1.0
0.392731036342
0.817138162137
0.874833461079
0.853198856442
1.0
0.826419208408
0.85995757555
0.943071161461
0.971830049069
0.921828016553
0.905143668785
0.839784558327
0.919741369109
0.899219299392
0.516878536787
0.566244271812
0.898732622243
1.0
0.924056359391
1.0
0.989046899227
1.0
0.990554594459
0.982569519914
0.715790801155
1.0
0.438130342101
0.564074084201
0.657835209378
0.338260580232
0.924569064836
0.993067484738
0.729385792003
0.891107036764
1.0
1.0
0.961547766064
0.885680889357
0.663419744872
1.0
1.0
0.851142237314
1.0
0.950681053044
0.912780018382
0.802525280329
0.911614308759
1.0
0.515832913523
0.754075163613
0.811358719202
0.977637915059
0.809430176496
0.83094836507
0.525507941469
0.870255848124
0.96207294909
0.87469558859
0.883884457625
1.0
0.953324482918
0.800482446415
0.819314566652
0.900532186011
0.932792193108
0.265719103749
0.719869595435
0.861879283572
0.902345389168
0.928803172235
0.715777639842
0.881878695858
0.833827091142
1.0
0.776882422463
0.884598507426
0.764693663653
0.803111986818
0.893759168503
0.837156784869
1.0
0.893584947597
0.849975614807
0.938722552057
0.902666229939
0.979414929445
0.981153778083
0.740938116375
0.742310559192
0.923101469522
0.983221317997
0.897478764505
0.785673308743
1.0
0.708442290453
0.921868011813
0.937910611974
0.770843211982
0.944568441489
0.623627522546
0.877492185891
1.0
1.0
0.653513424113
1.0
1.0
0.895496051659
1.0
0.961894310644
0.971510984332
0.313659131809
0.596627602454
1.0
0.938381465729
0.918135563962
0.952081492779
0.795416071815
0.831684765368
0.0
0.713621869852
0.892972319023
0.583424660006
0.657493621646
1.0
1.0
0.9543187278
0.917182140714
1.0
0.814253187357
1.0
0.944957883631
0.963442784392
1.0
0.839245428516
0.865204338914
1.0
0.594166800015
0.830595052772
1.0
0.988939068302
0.909295277137
0.870409870362
0.878030304887
1.0
0.947098220502
0.912701791839
1.0
0.705634859997
0.105898233207
0.294223231762
0.315416046947
0.221335496962
0.938396472848
0.567472598111
0.930390559331
1.0
0.810496141449
0.433108984094
0.811137916738
0.796831286695
0.750411362156
0.934354958785
0.832697602637
0.690898562419
0.955343182991
0.971872163158
0.866165457976
0.441903627829
0.754020001072
1.0
0.739859209089
0.348324141398
0.857021098741
0.980028959851
0.775453298468
1.0
0.714297944183
0.702286429564
0.973125227264
0.821378647261
0.708290010763
0.890022417663
0.961574716033
0.333107854668
1.0
0.681051727984
0.948473651019
1.0
0.81693871958
0.746847435855
0.489897986886
0.720880224946
0.937212588281
0.856554046122
0.789389478109
0.835574185587
0.937930172477
0.958396880716
0.592766657881
0.862634571132
0.981070899791
0.715090886837
0.868371125903
1.0
0.8830699525
0.830874945189
1.0
1.0
1.0
1.0
0.919569427237
0.438524179987
0.839597608659
0.906817948364
0.825957194428
1.0
0.789308154831
1.0
0.987620833072
0.774862004776
0.739576543218
0.753950004513
0.903769907226
0.531852134095
1.0
0.919986669655
0.926545042674
0.952830376082
0.935566585463
1.0
0.779116342372
1.0
1.0
0.883449068309
0.914762857948
0.816874926488
0.83797147333
1.0
0.717861213983
0.65282258535
0.927135905401
1.0
1.0
0.724068733716
0.99585927955
0.865097247414
0.964314368398
0.848066360624
0.957910565284
0.702925498715
0.824447959435
1.0
0.853413366067
1.0
0.817022104517
1.0
0.912247586395
0.797821893325
0.899216512791
1.0
0.843325581689
0.805041241442
0.906948053816
0.988318185265
1.0
0.677008673547
0.860213250052
0.917100353433
1.0
0.969562284865
0.644895342808
1.0
1.0
0.992683797108
1.0
0.913059768363
0.996480856843
1.0
0.144875739531
0.817432981221
0.664412043537
0.823534808348
0.863590259487
1.0
0.913090915096
0.651047989782
1.0
0.79915261533
0.917817581839
0.909486956325
0.965686708404
0.835387538455
0.918740254671
0.709725795597
0.311211708502
1.0
0.950224039246
0.136827637856
1.0
0.709476654829
0.758814352919
0.989010644587
0.856900101132
0.520337651601
0.922328799462
1.0
0.778827988895
0.880758680757
0.834475543998
0.979762128713
1.0
1.0
0.911416230423
0.911796346059
0.983912553476
1.0
1.0
0.962045117513
1.0
1.0
0.753330224473
0.787327611618
0.985300327144
0.86523803083
0.841704631617
0.942854785949
0.911954210004
0.812817391362
0.166542344284
0.925821480798
0.937090538278
0.83727037076
0.910071604884
0.823324185666
1.0
0.998409498941
0.896228783182
0.875801441389
0.925184874183
0.888070243843
1.0
1.0
0.842694345931
1.0
0.884510271677
0.900730599979
1.0
0.904397659261
1.0
0.849228570719
0.83897133441
0.855449046713
0.949512240018
0.706933010794
0.860576720353
1.0
0.803186583651
0.729216176155
0.981847993872
0.921247364772
0.916920770613
1.0
0.968121140963
0.705377939826
0.912933306946
0.251841991476
0.0
0.874472483572
0.935636117641
0.938494051851
0.950741189686
1.0
0.889984270657
0.817814540177
0.749229814413
0.763754838482
0.838486897347
0.97591638543
0.949273866082
1.0
0.921841718128
1.0
0.394809550737
1.0
1.0
0.99230359262
1.0
0.955766158049
0.749001619673
0.900212905494
0.924746935665
0.965889173542
1.0
0.770450492545
0.889276180015
0.914952229902
1.0
0.843628070069
