0.773673860304
0.779624342658
0.958989774207
0.83498059972
0.678648138554
1.0
0.864550034205
0.760264375483
1.0
0.923451137835
0.509261828988
0.648297025852
0.733581002108
0.728106848966
0.731263226676
1.0
0.911559036485
0.197442990675
0.840426224141
0.911974575879
0.90174473332
0.980421716353
0.918765305734
0.479096865823
0.893734040093
0.932880980415
0.925320485336
1.0
0.82185779278
0.968626170278
1.0
0.289195422184
0.767384259974
0.97395956944
0.877004932631
0.820651088691
0.866144450955
0.0393700726464
0.840214859059
1.0
1.0
0.861650052613
1.0
0.0
1.0
0.744725370094
0.688981738738
0.6327281885
0.847995305703
0.679333556486
1.0
0.710080173126
0.99769121616
0.580461137213
0.493191753401
0.557391681263
0.505334966431
0.96118189142
0.8689223548
0.917254763428
0.194149817937
1.0
1.0
0.744191925638
1.0
1.0
1.0
0.886177078811
0.849366627217
0.980206834824
1.0
1.0
0.805462979348
0.918253038034
0.516777620462
0.897247214373
0.815152784882
0.913750652074
1.0
0.96980052509
0.961364780677
0.561382839282
0.723494457228
0.777998738827
0.961045944987
1.0
0.837865151739
0.824178247791
0.82093033472
0.705503036975
0.847719101706
0.675954342469
0.802369925332
0.743058893669
0.954104305349
0.83703165738
1.0
1.0
1.0
1.0
0.776383258206
0.964657911375
0.633683950268
0.792029485855
0.948684572148
0.800953218206
0.761205605506
0.686708370539
0.738325606798
0.819709222836
0.40709000387
1.0
0.807925661596
1.0
0.922648853571
0.794559757562
0.679926099901
1.0
0.925609966932
0.793578168303
0.774403834254
1.0
0.857733249371
0.584014961087
1.0
1.0
0.795716284131
1.0
0.891049321668
0.976218189824
0.762972785261
0.912649955171
0.394073929383
0.582593447212
1.0
1.0
0.777996210362
0.70731285144
0.716212761243
0.500513876518
0.834483585789
0.79442672265
0.795197980397
0.94754039923
0.0
0.588394504711
0.462163876013
0.882182823647
1.0
0.704433637229
0.999252919725
0.287455863668
0.866449472163
0.544713700183
0.91418637667
1.0
0.685093561408
0.938885094463
1.0
0.976889511198
0.894071572109
0.793312856723
1.0
0.548831593033
1.0
0.904673864332
0.865080777495
0.944144064345
0.837543364139
0.813332777605
1.0
0.985703174266
0.253706895494
1.0
1.0
0.877973374264
0.740956206063
0.827925998006
1.0
0.320626747839
0.878504649972
0.847354070977
1.0
1.0
0.920302243897
0.0
0.75112062314
0.973058348427
0.576875565857
0.904599725267
1.0
0.823869255513
0.977932402814
0.73030302481
0.509444561096
0.978591105613
0.788655848057
0.734560001948
0.811720853643
0.42461444555
1.0
1.0
1.0
0.794873649655
0.831291771158
0.459365011374
0.701070245088
0.799053876381
0.743589052392
0.852324474127
0.885866810925
0.984249704396
1.0
0.76032429263
0.851057019559
0.57693695631
0.772368572784
0.770821687805
0.694733716791
0.762283331199
0.638726864582
0.85157292039
0.860277592267
1.0
0.919373970033
0.728667154431
0.676519750168
0.961671384722
0.590745598149
0.937967305315
0.822053566206
0.861963126845
0.737568942279
0.828620322261
0.767428304612
0.969381091541
0.864483055871
0.943303393611
0.0
1.0
1.0
0.959810520436
1.0
0.69970185169
0.567999281242
0.901166217437
1.0
0.770815042606
0.661520672385
0.724535632211
0.85662610053
0.890659031966
0.732286393729
1.0
1.0
0.318377360021
0.953343041079
0.888977179346
0.774697739881
0.884185884819
0.368607132781
0.909158388365
0.724114525948
0.970548647608
0.878540854857
1.0
0.909588525532
0.173458364463
0.804690977178
0.712135468136
0.92593943336
0.741331059193
0.732374450299
0.991388233535
0.671677571855
0.939926147378
0.930338337918
0.687073453646
0.864544939462
1.0
1.0
0.790079827453
0.375727591496
0.833721918326
0.887990886829
0.761205748561
0.83857262452
0.757310090151
0.787714924421
0.582570397484
1.0
0.202316515403
0.599478603116
0.80875346531
0.895576939856
0.948405560716
0.954899337209
1.0
0.969363477226
0.728080071447
1.0
0.857241144505
0.73855201026
0.882867277332
0.68721064016
0.283083077636
0.706245936462
0.943216423556
0.711774031224
0.57992247868
0.327241325362
1.0
0.709028730975
0.0
1.0
0.959166744469
0.885813465866
0.873205686481
0.998952434981
0.631852064883
0.131124775763
1.0
0.982332336699
0.911233475931
0.355526508145
0.629513161108
0.516844111902
0.948891839819
0.557772068659
0.868232973033
0.826891171682
0.954681971031
0.807620885111
0.814454270047
1.0
0.917065742037
0.9473856809
0.0816864246633
0.542931186057
0.986372830398
0.874173773387
0.896407089715
0.54394388328
0.945344653579
0.358186763471
0.940825505389
0.896443095452
0.619323541188
1.0
1.0
0.886123195303
0.302483611015
0.820322220824
0.846745595274
0.470114401004
1.0
0.918915196311
0.757660217372
1.0
0.122219499349
0.949556287721
0.0
0.565116503193
0.864319773612
1.0
0.900578555681
0.674821355155
0.805504231696
0.904317235872
0.744115492416
0.982623601648
1.0
0.806853953018
0.778921951712
0.954525195415
1.0
0.828982096661
0.294311023034
0.480237833388
1.0
0.9625298462
0.910452777651
1.0
0.873473024266
0.352363172902
1.0
0.973585878733
0.800593192731
0.733398943642
0.683356480653
0.813035272981
0.639145051154
0.811376022168
1.0
0.0
0.0
0.754345894814
1.0
0.778736156769
0.83765327445
0.883390815407
0.772095923494
0.890303033048
0.940094694319
0.906706123255
0.87209142313
0.898222113818
1.0
0.826700348028
0.794536262072
0.913602387859
0.708449968386
0.79177474555
0.784195528287
0.97015419184
0.890991290465
1.0
1.0
0.945839480157
1.0
0.484277771519
1.0
0.841671251935
0.909384001577
0.82121273812
0.80326383056
0.896918200305
0.877598284177
0.660859600364
0.890279917564
0.789711191185
1.0
1.0
0.756627552294
0.563237608627
0.990521145499
0.897752187347
0.782312530721
0.523283299935
0.667876084095
0.744243608397
0.634985808647
0.954223670759
0.875660787896
0.981911112602
0.206904721265
0.923614647288
0.381343965864
0.963570039145
0.734368165125
0.936690587629
0.59764832401
0.955474141572
0.875604982526
0.788398174037
0.844920426551
0.659591883445
0.701764931289
0.946746174135
1.0
0.874249260735
0.815222034439
0.642580669635
0.851231438595
0.818544077675
0.813227875222
0.918504281767
0.77639812178
0.840011706361
0.723496546164
1.0
0.760088692729
0.707754120496
0.665750649917
1.0
1.0
0.707017085783
1.0
0.0
0.841424767292
0.997326225296
0.899493034971
0.90414746312
0.545874288309
0.985572868167
0.750652068129
0.78373811521
1.0
0.725893908498
1.0
1.0
0.740978585571
0.848218566091
0.784165258668
0.764501946546
1.0
0.763731665975
0.878200300158
0.876279959624
0.751839742876
0.666430773392
0.0
0.350604821128
1.0
0.776192063581
0.60989673006
0.943775130908
0.827901169721
0.996600424474
0.0
0.89334880108
0.758815819318
0.9965708402
1.0
0.104830142845
0.873727616575
0.691558191875
0.922158968253
0.296336798608
0.729424523632
1.0
1.0
1.0
0.976579889106
0.995893291742
0.72201343669
0.87240950966
1.0
0.884517836268
0.690901676497
0.690197612788
0.112763140371
1.0
0.566814344846
0.843312741763
1.0
1.0
0.249088987022
0.908831500321
0.971632930328
0.81691916913
0.939212554427
0.767023878716
0.996937014919
1.0
0.403648030747
0.800839296882
0.890782903569
0.899481091299
1.0
0.597944748969
0.930881955799
1.0
1.0
0.952562334261
0.8940315727
0.128791554527
1.0
0.718263432397
0.903589240952
1.0
0.820035370268
0.971380213352
0.710239189831
1.0
0.87922286014
1.0
0.760994453439
1.0
0.491196304135
1.0
1.0
0.716049284935
0.817234899399
1.0
0.918458749268
0.709807445389
0.980189212969
0.828568729458
0.706042836948
0.637148676479
0.765383195899
0.831586931007
0.639132845867
0.960613076441
0.625822147314
0.644867692505
0.855089620866
0.995318381752
0.835181694408
1.0
0.94526686565
1.0
0.721472546091
0.718693081642
0.656942054794
0.807220894201
0.223634774832
0.988457121291
0.79109474738
0.548327577555
0.298993232473
0.984102788769
1.0
1.0
0.726589522762
0.833188580944
1.0
0.738123322552
0.789542225002
0.698039216652
1.0
0.807413797734
0.797695232812
0.50503541806
0.756928646025
1.0
1.0
0.875658554692
0.38878569443
0.80430450715
0.843834485636
0.615262515416
1.0
0.608836491205
0.707538795759
0.935851787395
0.892179909382
0.717750974338
0.514175169325
0.930081705238
0.700488094861
0.936899151786
0.467744100437
0.963866384568
0.787994842131
0.251184042556
0.910958275758
0.978003119578
0.872082789792
0.932226469366
0.844945257387
0.670537932362
1.0
0.93985333795
0.869281709181
0.895244000839
0.0
0.837247701408
1.0
0.974548021638
0.648526066777
0.790016719991
0.948387719704
0.948392519254
0.859071440423
0.891251485646
1.0
0.962058235387
0.559458071943
0.849174038971
0.637047278957
0.761373871941
0.512655018878
1.0
0.859623400417
0.453422804325
0.757541339179
0.581624921131
0.872213771468
0.76744491429
0.955741137394
0.902327639924
0.767045789795
0.529972797966
0.929370430667
1.0
0.93733993387
0.408402128638
0.88858778563
0.690570756886
1.0
0.613453516691
0.629632912172
0.956326673222
0.62265423457
1.0
0.715418823069
0.95570404583
0.815767323722
0.300523853761
0.801133341719
1.0
0.677239220845
1.0
0.863143321816
0.301375562049
0.723365862918
0.979106930373
1.0
0.836011325948
0.613588950985
0.979561135028
0.174763745059
0.451813962089
0.809300801488
0.712178004631
1.0
0.511803010408
0.834070252454
1.0
0.886879615263
0.940246942271
0.704873347446
0.555780469526
0.981790757775
0.442951291556
1.0
1.0
0.970550716413
1.0
0.768763657509
0.624400591002
0.22779427967
0.984807320825
1.0
0.558282463742
0.56117180235
0.471928075795
0.786041462535
0.191861595568
1.0
0.879955318831
0.882273160024
0.699641177261
1.0
0.948560068683
1.0
1.0
0.793394783224
0.91134195778
0.721806628733
0.750704301486
0.550877056614
0.8837651949
0.798245359359
0.914738107819
1.0
0.741636351051
0.766505328913
0.809338821981
0.927738691995
0.908554745042
0.979053846591
0.548127141056
0.873851707761
0.664517831509
1.0
0.96589656489
1.0
0.674608623588
1.0
1.0
1.0
0.382793069207
0.931148955888
0.778930938501
0.847732306745
0.86274311817
0.683428691335
1.0
0.517884078891
0.953882686396
0.937068997306
0.631359850699
1.0
0.773408856312
0.0143340980439
0.684787464533
0.74457734688
0.361750052723
0.510962066941
0.958326054441
1.0
1.0
0.820068419947
0.871613450653
1.0
0.576447315818
1.0
0.602379177192
1.0
0.736065846458
0.8461658543
0.771837016668
0.848653762624
0.927212439637
0.836311411615
0.705291696448
0.787801531257
0.978497743758
0.988128134127
0.856300087462
0.83240949047
0.768302590477
0.793848180716
0.569633088844
0.844193566963
1.0
0.763471054067
0.592064438543
0.777296057974
1.0
0.935913882974
0.77712309155
0.757346018368
0.909665072777
0.879573762043
0.711103984126
1.0
0.783446329576
0.738614930744
0.761268033805
1.0
0.729966400895
0.899011055582
0.851513427232
0.865110806528
0.85043308611
0.956821511427
0.830796335374
1.0
0.838217534369
0.877451357456
0.858582731457
0.771913535906
0.987309938298
0.968931345366
1.0
0.875780095567
0.865686156529
0.595162727209
0.902518532922
0.995708095583
0.768390136577
0.736630602262
0.96797248197
0.728652558064
0.696846450293
0.109156796482
0.650455159389
0.916338898271
0.923112396076
0.718484462422
0.947644865045
0.609233463964
0.70599368934
0.873209197336
0.725263987371
0.881517135612
0.933625868854
0.774734238847
0.914830144332
0.0
0.819567195525
0.968679190845
0.872890351643
0.852798758476
0.930412036072
0.920498896069
0.793062160799
0.799077439679
0.735889783917
0.90002290896
0.347878171365
0.678331546221
0.937965954131
0.774081354535
0.990823206238
0.836583302206
0.704130111983
1.0
1.0
0.892123313237
0.538829511823
0.502970506781
0.893059919633
0.849059755841
0.0
0.68304283383
0.896229742336
0.593164269214
0.905141299355
0.462399600161
0.734566227354
0.965777378118
0.779862888655
0.839974763424
0.347191421874
1.0
0.926509411378
1.0
0.965786134286
0.465469010461
0.73448547463
0.781400849664
0.868483748862
1.0
1.0
0.557833805906
0.688894709799
0.992026459704
0.734366652409
0.762446341383
0.47375501395
0.285426825061
0.635208181998
0.881620604214
0.980781136096
0.830479727445
0.835608691696
0.657171617879
0.90752676983
0.840224819185
0.435484948791
0.703004896158
0.762962680803
0.783732551092
0.685041426721
0.794553116439
0.936513671969
0.953641680013
0.842139408711
0.909585077725
0.871407525119
0.819058192294
0.943382843006
0.883125039547
0.936425445706
0.940888262077
0.808933827346
1.0
0.374564114144
0.851781530475
0.781578692798
0.551214762192
0.810031059661
0.80183431473
1.0
1.0
0.788802837505
0.805169069789
0.834747951827
0.556232263193
0.48907997004
0.299564047303
0.84783006176
0.82890104875
0.744407216808
0.74970853602
0.367582105728
0.801751593424
1.0
0.767253812865
0.718449947637
0.0
1.0
0.733714345747
0.414509565437
0.840195505696
1.0
0.973255436744
1.0
0.860665273648
0.913570947165
0.860309406906
1.0
0.848252037503
0.827243426342
0.662591963107
1.0
0.80897154538
0.84074945921
0.843392326861
0.667771423638
0.87448401127
0.814089151993
0.825088457408
0.632704824475
0.369459092391
0.879864584971
0.93711772896
0.303042390355
1.0
0.700496574388
1.0
0.856543224977
0.89350219133
0.78339674808
0.938100888327
