1.0
0.580200942526
0.491544152927
0.352366811555
0.825330721178
0.987808564228
0.73456649174
0.985053082402
1.0
0.704649944632
0.760624657385
1.0
0.884365370066
0.406478220765
0.919702833977
0.72400859588
0.705690189254
1.0
0.813819530576
0.845440979607
0.716075724574
0.944899369169
1.0
0.904254775603
0.65427213608
0.778182460219
0.956586011175
0.88321824057
0.964682657387
0.847129643787
0.834663731891
0.666004584159
0.75762942495
0.598830889852
1.0
0.676590297726
0.939469810345
0.880195540595
0.909678074817
0.592110678531
0.639261307723
0.736063509197
0.60258145311
0.834030948545
0.616211624403
1.0
1.0
0.943168732792
0.449810928815
0.95650301587
0.89445961217
0.656229217105
0.745164477861
0.459493738118
0.858687337341
0.74397406959
0.967550407892
0.361626459191
0.46697205912
1.0
0.867213803881
1.0
0.672144994458
1.0
0.727069111777
0.72054226536
1.0
0.831014138293
0.318041904552
0.810860313412
0.656943671843
1.0
1.0
0.766289934805
0.90391661269
0.846817858124
0.703786178818
0.923069682878
0.544740642157
0.0
0.711195522496
1.0
0.93983818339
0.566878886387
0.51416511755
0.918594014031
0.689688609927
0.787588456954
0.871053498651
0.77210342557
0.941497096279
0.796549319022
0.734778079646
1.0
0.46164388207
0.803949105685
0.618843973184
0.856189170584
0.523055456926
0.702490925454
0.813285704755
0.855091400737
1.0
0.981457100089
0.568838666929
0.14658833238
0.985434433817
0.932283563199
1.0
0.0
0.297034131634
0.797596094896
0.83409324405
0.707832089489
0.579632062234
0.933006258788
0.87410827511
0.952041566836
0.823453040417
0.895181617547
0.786850867848
0.919609077674
0.878378736739
0.707348331175
0.955880823349
0.603790064788
0.903840475965
0.897415436988
0.694725980202
0.720952102147
1.0
1.0
0.952979397444
0.598843273234
0.489831812837
0.9240012711
0.976846231017
0.945942390722
0.604008257509
1.0
0.758615499698
0.901549070662
0.606796976112
0.927757785584
0.907025211169
0.962929110789
0.658848406292
0.88770822158
0.793614238769
0.644996077348
0.808939805909
1.0
0.570608706001
1.0
0.839529270519
0.952189635237
0.384918352174
0.747139011694
0.877927633247
1.0
0.905661733389
0.800443216469
0.636717384091
1.0
0.860511506913
0.615027002557
0.828876620375
1.0
0.921916561929
0.706062623412
0.937178449685
0.801377688331
0.882538725449
0.654116573175
0.944832222801
0.814045334827
0.811085762873
0.846858524193
0.933587281849
0.854851368413
0.324028566908
1.0
0.740467918684
0.973543702734
0.97063085989
0.584989197061
0.723074037987
0.884946298613
0.850681723259
1.0
0.961062224887
1.0
0.676439086256
0.651969122118
0.981439188933
0.42953991207
0.703858655169
0.877559268078
0.837991930999
0.892373585209
0.392635210847
0.752761623546
0.812434484242
0.746679073048
0.867950569208
0.963800864171
0.986265271787
0.91770946676
0.903156710103
0.895458017335
0.905683873879
0.744112356011
0.838471390038
0.778121166268
1.0
0.901005432248
0.776017257459
0.950053685182
1.0
0.762688191254
0.936199501666
0.788019046174
0.888828711773
0.785370184894
0.800102774332
1.0
0.930998500905
0.799621906417
0.858539021181
1.0
0.742334843149
0.805983691689
0.960441185459
0.0
0.699007504427
0.733698670791
0.142959828175
0.55605366349
0.42842669836
0.7807612597
0.0
0.506368882482
0.733096910701
0.899707723326
0.699703389171
0.856050803572
0.762097823022
0.835361121165
1.0
0.960296074543
0.590229182635
0.931741108584
0.915519624078
0.912289943993
0.970813692864
0.662387829771
0.559545321168
1.0
0.926022386729
0.802253121766
0.327607889505
1.0
1.0
0.684123865694
0.83435563701
0.736002620454
0.884910302146
1.0
1.0
0.536277161735
0.839409418179
0.711827629374
0.713502562745
0.629755408486
0.831980995352
0.763149278663
0.792086153285
0.839403650037
0.66451382008
0.918138452367
0.837862419549
0.652589095794
1.0
0.667675155663
1.0
1.0
0.801340484315
0.731776005948
0.96155078982
0.57899577299
0.811123866526
0.911104239095
0.7663426829
0.823552955813
1.0
0.803502383588
0.787749148263
0.81206956276
0.791109307772
0.808050307029
1.0
0.330225819577
0.629614838683
0.514843397835
0.805454940115
0.44269092501
0.594171277214
0.761327454627
0.794414750816
0.929586124444
0.672305663764
0.421480993548
0.933555258239
1.0
1.0
0.894460082785
0.755175348343
0.687972139136
0.895691559174
1.0
1.0
0.933540218307
0.688212257869
0.951652717158
0.644726928386
0.676802033465
0.659473851383
0.830269274949
0.572711111368
0.61309100626
0.878922176784
0.792827341765
1.0
0.67903898044
0.710173616781
0.830190931761
0.69986299396
0.749151761144
0.853856983746
0.949409358072
0.682330823957
1.0
1.0
0.667446677721
0.835944088374
1.0
0.872114956625
0.796645101777
0.223318135231
0.944967139476
0.827642199196
0.681271272035
0.802406438336
0.768945381377
0.747890638669
1.0
0.890744135666
0.841539584834
0.760963334176
0.801394060451
0.691370705917
0.590581734591
0.787571941022
0.89596170563
0.697101824665
0.767985546286
0.878378653016
0.834093528219
0.634914300884
0.68332108526
0.0
0.837082093545
1.0
0.855919329747
0.973802828197
0.679732922625
1.0
0.775031427834
1.0
0.772262602252
0.570324772023
0.190463885783
0.777010972014
0.772388219378
0.82581190542
0.952056252414
0.0
0.780985516934
0.721843833952
0.899672087359
0.0557181485888
0.668331832485
0.697232945706
0.959604144339
0.888893201913
0.969207953678
0.382160219996
0.79724618714
0.869164540888
0.764579673162
0.502223615963
0.873637734431
0.560670834263
0.985080544857
0.854685631709
0.666464089629
1.0
0.729992823434
0.295996398525
0.926572314987
0.710464255807
0.602691113522
0.814937971356
0.874028856847
1.0
0.778718292906
0.945750705501
0.857618312266
0.821714016011
0.430221972568
0.712738422188
0.840264110128
0.879821124905
0.800570330903
0.855008023834
0.399822704464
1.0
0.87241348129
0.197463991049
0.826490401725
0.845242253698
0.908336748105
0.926959680177
0.696716131584
0.554386367686
0.875733692388
0.827360315152
0.854138725606
0.647644994804
0.913202552861
0.696104080631
0.623153355689
1.0
0.746246302931
0.896908674347
0.857864529928
0.669926618878
1.0
1.0
0.923213317617
0.816356611635
0.152119752883
0.837269568799
0.746407259506
0.878173581719
0.87454251342
1.0
0.92594033936
0.818924729962
0.980543780446
0.962945987151
0.655533126206
0.960599514573
0.945734522166
0.825969301953
0.749390557561
0.283871484978
0.840790661613
0.896926756621
0.930544789983
0.733733208155
0.968828200411
0.94598806775
0.775629565931
0.941521023858
0.76424713587
0.415146146934
0.873290085259
0.93363561864
0.759859361829
0.67714669974
0.642717690804
0.577966849299
0.629852901032
0.359664152228
0.699303083041
0.645165752615
1.0
0.851113286857
0.772187308642
1.0
0.855756175963
0.597058070285
0.895836902859
1.0
0.903610655713
0.67779235081
0.812435398708
0.633275855912
0.728442190923
0.988248421424
1.0
0.968318247656
1.0
0.795742988258
0.719896735915
0.721240115051
0.864190090493
0.708651006957
0.940102763377
0.964673755165
0.832013727754
1.0
0.410905941891
0.725599155855
0.786156701037
0.960552861317
1.0
0.371436134802
0.94894591222
0.886181172714
1.0
0.950073939269
0.735396860507
0.439889037703
0.587901670741
0.751921510892
1.0
0.958116199392
0.491834301821
0.677329455775
0.942483819626
0.723065114047
0.707985158609
1.0
0.878908799228
0.783707906241
1.0
0.751346907747
0.826830217855
0.701882952532
0.841837471108
0.340360970319
0.85459905478
0.890245179106
0.617093518156
0.875582585172
0.877587557416
0.505468793712
0.849468412614
0.992329950751
0.991040221656
0.925904906057
0.770994066949
1.0
0.969454004765
0.645178676436
0.938008189907
1.0
0.837464182637
0.911110252267
1.0
0.9817662742
0.326154952044
0.751934867527
0.817601373059
0.918335794848
0.873847932258
0.625067761268
0.441238891819
0.844397726171
0.287564729882
1.0
0.706555274812
0.761933729822
0.670464905732
0.607615435762
0.854286409471
1.0
0.746044000698
1.0
0.88924400888
1.0
0.282848857911
0.950205435459
0.825764322776
0.759047762666
0.693062634189
0.841035374809
0.857164625751
0.748406721953
0.938241415569
0.843946389246
0.872540523146
1.0
0.943673264297
0.76435756786
0.145282608324
1.0
0.747112644415
0.891215707562
0.803099706541
0.61695526785
0.691942716646
0.953752806312
1.0
0.909091272271
0.833278731626
0.0
0.804346747874
0.559236447413
1.0
0.742011291275
0.865177922922
0.58132313622
0.701029585877
0.738661671583
0.829553153872
0.683228307792
0.688559196049
0.92066021912
0.624110927279
0.83988401433
0.774389118382
0.162084521734
1.0
0.864145470064
0.928282437364
0.769859349622
0.920805652482
0.875578685754
0.243078845647
0.918376772853
0.380945712673
0.717249945544
0.673611920325
0.918383362237
0.685525658972
0.915161341757
0.832898328863
0.830035905727
0.828092139128
0.813670431354
1.0
1.0
0.809258316569
0.921861891468
0.810601511295
0.846566155224
0.635277979767
0.543918531956
0.91553606659
0.617882954081
0.800272461135
0.826663590573
0.901498438858
0.706408776754
0.915301842378
0.674171005054
0.819097724139
0.849025921668
1.0
1.0
0.44962866223
0.961244536688
1.0
0.945085849801
0.888090641643
0.684141621899
0.960696824147
0.793470513607
0.235760657207
0.92982876923
0.825050283383
0.817008845288
0.923612600757
0.90561229634
1.0
0.699608830411
0.652126701331
0.724696786516
0.910989839914
0.828181234085
0.523430091902
0.85015840222
0.722510321647
0.682960378773
0.815201536548
0.997522674344
0.922945480388
0.721200467461
0.772443362032
0.924911913523
0.875942453556
0.831914015083
1.0
0.906690343319
0.9122348149
0.900480907938
1.0
0.91978587401
0.963484651076
0.628739434115
0.974153738761
0.995914951468
0.778473545429
0.895235421525
0.151095209497
0.328730395415
0.618730179293
0.606348775966
0.7590026358
0.445631329349
0.823641823859
1.0
0.961170414344
1.0
0.641873405682
0.680207861039
0.839585957636
0.87451426894
0.96257958578
0.765719547252
1.0
0.932345186611
0.952111189318
0.815026780308
0.633390884467
0.879692691591
0.753410874173
0.707441974511
0.721867600541
1.0
0.706997807316
1.0
0.28090020053
1.0
0.538690411249
0.871064803629
1.0
0.844384684088
0.79924565584
0.531909921937
0.947058344635
0.901888452822
0.360667210254
0.996298454648
0.825843765322
0.86825626163
0.885429440694
0.790317019695
0.93468546625
0.914506065988
0.591827716993
0.873447512421
0.903769319111
0.647582979301
0.939379540816
1.0
0.835271820669
1.0
0.807004700017
0.483247447112
0.420716672771
0.218428450735
0.52125948471
0.912295215405
1.0
0.934610343388
0.823168479041
0.636711420546
1.0
0.961031690002
0.676870476558
0.961283540605
0.95769476221
0.880162817316
1.0
1.0
0.82413903331
0.783524362394
0.747131140933
0.501217352397
0.841960545378
0.941563823188
0.831581640985
0.0
0.536249063931
0.785225704028
1.0
0.907712412657
1.0
0.996892867197
0.746386983457
0.835741694974
0.408615168775
0.223249861472
0.853588505963
0.0
0.730425888978
0.888824383288
0.958417005578
0.601095954659
0.422541731373
1.0
0.780701959809
0.939692398531
0.953529423457
0.0
0.559580069217
0.834538377431
0.63290667282
0.684578634814
0.0
0.947891677375
0.465127686464
0.539225970711
0.853842216719
0.855932680645
0.960781159502
0.54701966843
0.815814124395
1.0
0.707573337332
1.0
0.693242243536
0.708376135006
0.971754462214
0.926501941373
0.625285696933
0.74930127467
0.937846888591
0.915189261832
0.794233280086
1.0
0.963233658111
0.915725697404
0.558960530689
1.0
0.825596675309
0.862515148994
0.0
0.990824765442
0.840395287282
0.668604774133
0.187384864098
1.0
0.96538576559
0.903890717398
0.742478377026
0.866289694937
0.869111126694
0.675301052217
1.0
0.722045358422
0.841555915536
0.755835949516
0.820087925953
0.857874395195
0.639665799471
0.48150380873
0.797095838133
0.0652844201108
0.666258605531
1.0
0.443962682344
0.749270411047
0.455895791782
0.886883725836
0.933439923148
0.814741717636
0.899893371439
0.63705145392
0.910440425723
0.882315808754
0.661207808955
0.905094653967
0.740237828489
0.0449896357841
0.909487909751
0.577700356073
1.0
0.942265987706
0.640892293699
0.683638819982
0.964751864847
0.287659841105
0.283844614327
0.938461023557
1.0
1.0
0.687722349911
0.805742979831
0.765634318638
0.772898786883
1.0
0.385624982466
0.82472813273
0.83702295495
1.0
0.868143458589
0.856200404538
0.0
0.84976847468
0.91781043231
0.780949691026
0.655424996984
0.928257369762
0.175003451997
0.0710315588703
0.969308165382
0.771699665927
0.9645087255
0.752055437873
0.549775459993
0.768754058117
0.7729759215
1.0
0.990750849155
1.0
0.435082571142
1.0
0.97276648684
0.932620624614
0.836489284551
0.69250273287
0.856639839458
0.385690332149
0.909378070436
0.0
0.48641813374
0.692468696978
1.0
1.0
0.881275273077
0.920105294041
0.666401565878
0.822811271364
0.196622543693
0.684637451204
1.0
0.980681608751
0.973460283888
0.699221972828
0.844557428202
0.938373746932
0.374056984224
0.830043955411
0.810617666062
1.0
1.0
0.655469684716
0.837717893361
1.0
0.43446804956
0.488390723778
1.0
0.77504199053
0.99007343786
1.0
0.880632115403
0.447094302926
0.715400409581
0.687002521259
0.753616344864
0.860571289854
0.592884526882
0.950702508914
0.721327439554
0.793985624858
0.840888026188
0.666175758346
1.0
0.948383490978
0.918516282425
0.892675615399
1.0
0.996916550499
0.923654981225
0.824709405301
1.0
0.896010133783
0.799011868811
0.90514291813
0.898248155238
0.996959671265
0.568845314165
0.834324585129
0.822320011763
0.890112160324
0.694407414821
0.68895788535
0.100079331451
0.0
0.650675533433
0.952255890548
1.0
0.354564607811
0.721033268247
0.935485120875
