0.803319718319
0.886142526867
0.690598110903
0.513014430744
0.807311907136
1.0
0.963921085736
0.660736054654
0.586622205896
0.838133750106
0.806799141169
0.920570816665
0.544674950434
0.863028044623
1.0
0.742679931344
0.780692182659
0.91564198473
0.958877963022
0.759777478741
1.0
1.0
0.894454579836
0.593656283194
0.803758389576
0.775566727833
0.904413005532
0.709807586554
0.649863944312
0.892403094352
0.87756903243
0.590288456776
0.550362258619
0.731106530625
1.0
0.937876976245
0.0
0.928188108826
0.938242649409
0.64582611553
1.0
0.776546582858
0.104297440626
0.852479643113
0.764316575931
0.760941667382
0.794942443236
0.501141161017
0.845721592284
0.770820607661
1.0
0.940939042709
0.886939996423
0.0351054920397
0.913318709653
0.755695670495
0.965335562257
0.695520923914
1.0
0.852569422392
0.843487988319
0.767167049192
0.579243470226
1.0
0.0
0.290221275367
0.818908566326
0.932586205803
0.605498818972
0.264195986806
0.839694896149
0.986824318758
0.753045582004
0.772539673331
0.968567263039
0.784557133414
0.866399946781
0.865173220651
0.539971887293
0.937322196636
0.863211728315
0.224646785438
0.84508087816
1.0
0.753836463508
0.997252857492
0.906245846822
0.492439510158
0.935598613115
0.647682557208
1.0
0.792878164972
0.886243255234
0.667702967182
0.688338108064
0.035678112884
1.0
0.691374728164
0.62032434416
0.357732543142
0.41658162539
0.81604570313
1.0
0.847059885391
0.929872387028
0.598942080738
0.559348930793
0.533089589841
0.874504895661
0.892264891027
0.700862467269
0.701014927697
0.679881574222
0.690192322315
0.844291933306
0.597858590834
0.171857775389
1.0
0.913154872385
0.733209037471
0.664050652675
0.853101328871
1.0
0.973272820214
1.0
0.988052447262
1.0
0.96010076233
0.730013700011
0.778608277892
0.803737418281
0.713003062259
0.834819970309
0.519310760455
0.921755943047
0.978108439591
0.660231650533
0.971771442315
0.835474204963
0.786689071673
0.965272486228
0.471177424476
0.763098016821
0.950025027316
0.574850331131
0.65880068047
0.381139817967
0.520103427312
1.0
0.777211139698
0.74347126642
1.0
0.819450606229
0.841102717008
1.0
0.803497571714
0.800932529581
0.633868655986
0.962790485823
0.784813667533
1.0
0.863425318192
0.903963087126
1.0
0.736685669654
0.598361179189
0.77350731196
0.733596431216
0.385984406043
0.941481699973
0.469582675778
0.684497995862
0.480428185915
0.963027185596
0.881620115667
0.853960756695
0.669099753504
1.0
0.71709531759
0.810901808666
0.8280966477
0.809910256177
0.850170922161
1.0
1.0
0.496342405352
0.719133522698
0.722655513674
1.0
0.842280596276
0.530970712242
0.614521295589
0.899028759039
0.908433813165
0.554052522448
0.728707196982
1.0
0.765397770059
0.818737375839
0.52177686426
0.807798708671
0.814781383094
0.82173510315
0.559937709179
0.760826979987
0.659008704291
0.0
0.317045869193
0.710731615507
0.452990271893
0.447775015479
0.647215057047
0.8924472606
0.494320365049
0.322177675276
0.0
0.809520348994
0.795743109418
0.616336664932
0.678956915436
1.0
0.253546538378
1.0
1.0
0.501475707831
0.761704588632
0.856536355666
0.41514611517
0.800291920326
0.864761060189
0.651630786194
0.849927355037
0.496801768276
0.984684681214
0.67837754145
1.0
0.913278081181
0.30110884273
0.714190048588
0.868772878729
0.800588159301
0.981876041948
0.578678203012
0.80728977343
1.0
1.0
0.811608499152
0.961991591846
1.0
1.0
0.841463064715
0.707057611899
0.865158093445
0.635816983419
0.880531381313
0.712920342972
0.894040553194
0.730095591523
0.665111655133
0.837230556368
1.0
1.0
0.832321223154
0.542501896353
0.706124277532
0.724233862365
0.935118923148
0.759743056777
0.909185847452
0.942995035882
0.766319172534
0.831645189218
0.958777262788
0.583991472564
0.816066163632
0.706212887556
0.604800429291
1.0
0.704924111522
0.8297732767
1.0
0.516426360183
0.724988011056
0.794546532893
0.706534181892
0.85867774728
0.588988569646
1.0
0.758306231769
0.92344582542
0.590372545897
0.616567754733
0.730558464609
0.634178701595
0.597907424027
0.612678181237
0.838955308483
0.999583899045
0.705577714935
0.658373571403
0.699305538775
0.35192294393
0.784313660929
0.824924625826
0.764763104973
0.705863522011
0.503023315831
0.75072497178
0.718069998257
0.51347535474
0.957580723364
0.862649807143
1.0
0.833838748584
0.427448579754
0.907517454865
0.818863347682
1.0
1.0
1.0
0.793179678131
0.948942427535
0.272133489727
0.957820256911
0.516766448184
0.920507484003
0.986337790756
0.582395467935
0.537162323157
1.0
0.642131182524
0.669156151867
0.836624200329
0.65043262247
0.936337628711
0.737685423774
0.380193590112
0.853548415148
0.626349362778
0.696768050466
0.289524982756
0.717289647023
0.776899170022
1.0
0.874912773142
0.850883236294
0.699789730612
0.906914916676
0.817779982653
1.0
0.861838987137
1.0
0.969832079399
0.672757916197
0.758298759479
0.707355244629
0.578710262442
0.879605642852
0.425825320181
0.708773516045
0.706518505527
1.0
0.842200666483
0.508567532324
0.493104706337
0.805852937507
0.478950411083
0.300806317477
1.0
0.678367599848
0.812395518821
0.920604917311
0.83953184403
0.864202539267
0.451039266729
1.0
0.854766371894
0.661455190095
0.670799047235
0.281699813162
0.751289377486
0.819555500351
0.869787589898
0.890453712464
0.483903646386
0.872568570325
0.339363939411
0.815290982119
0.539493225519
0.943494745557
0.795967782121
0.805119086747
0.791399725737
0.697625144593
0.206343698815
0.762956087556
0.612025515999
0.683126723132
0.771265893578
0.853134250313
0.870449372054
0.693669494088
0.241984462113
0.789410686572
0.947292087006
0.897377780763
0.777626367743
0.877328853857
0.980843611993
0.401303137509
0.774087831106
0.531353693554
0.76192921242
0.860469296075
0.684078555989
0.867159734793
0.704273802998
0.715629520144
0.535061321488
0.808297022098
1.0
0.888919764238
0.778477119466
0.925489920216
0.638194599074
0.68382641592
0.775773892605
0.689662136702
0.989664581842
0.558947435306
0.533480210192
0.547359804161
0.829298220922
0.759976192282
1.0
1.0
0.997228479282
0.800284719831
0.624131500491
0.846094346731
0.968697314057
0.511948346753
0.648993254964
0.451323586815
0.655021606913
0.953416432714
0.950008783771
0.827984284835
1.0
0.715382313875
0.418447074438
0.758611673866
0.771511375619
0.443622427251
0.777128750339
1.0
0.547958547535
0.831800522894
0.85027450673
0.533894709255
1.0
0.727990206576
0.658990179878
0.651001989102
1.0
0.743232139032
1.0
0.670586134388
0.43856301814
0.576311051789
0.922721964957
0.989094623824
0.769720312546
0.895334520863
0.239287546623
0.719199111711
0.621453525453
0.770512629261
0.479173370248
0.929019112459
0.677871658649
0.905617804971
0.841291534963
0.973556907076
0.670495138975
0.774128121165
0.760248569278
1.0
0.320965013628
0.539509417692
0.86766518317
0.733877059876
0.895982806029
0.852546272119
1.0
0.694100826872
0.960537127879
0.766008888088
0.874775321039
0.789165031303
0.769125823364
0.901054167414
0.934919660583
0.93035610887
0.723644217434
0.868267766898
0.190230722666
0.870480619284
0.718531838172
0.932180825903
0.974191796999
0.684026795114
0.721354597022
1.0
0.62760512143
0.711640901403
0.835664260286
0.748027448004
0.567032987882
1.0
0.301698737997
0.852949834617
0.834348678018
0.71442845796
0.913761235471
0.545787053789
0.771849744747
0.712392282359
1.0
0.961909388866
0.972488835009
0.84052197912
0.88760053176
0.440787874568
0.93755604237
0.73412661838
0.645183297496
0.49003583197
0.0
0.959969048117
0.855355954291
0.727808922852
1.0
1.0
0.275794260945
0.911276810699
1.0
1.0
0.466614408341
0.75286166937
0.711557749005
1.0
0.970494098284
0.946308452041
0.793599369855
0.979883720214
0.94978777521
1.0
1.0
0.901615398383
0.0
0.412849703834
0.715685788501
0.982725470313
0.985811003715
1.0
0.891463328019
0.808713543215
0.924016795578
0.881257333801
0.757558716112
0.872786873394
0.837002765246
0.889749941157
0.936240038463
0.85717753381
0.88600270337
1.0
0.602149546057
0.920235655478
0.0859084423808
0.874822839673
1.0
0.953285551201
0.755164418823
0.712075052729
0.893093361604
0.705424015779
0.38585652861
0.858574140787
0.869993818565
0.71614777177
0.923316915769
0.506546594445
0.897786806553
0.324162724619
0.0
0.798321324756
0.850861668981
1.0
0.866253525552
0.86171042625
1.0
0.838372031945
0.547891979348
1.0
0.802160966344
1.0
0.619403199861
0.800648191706
0.0
0.748660185572
0.0
0.501760724034
1.0
0.658989109899
0.779286042274
0.296628498438
0.890799534585
1.0
0.808354901806
0.925657592576
0.98618490576
0.846400010713
0.892154442521
0.608724346988
0.459090174128
0.727035242315
0.741875872011
0.886397413678
1.0
0.561068108017
0.938392187741
0.705558347898
0.813005729843
0.560826771957
0.886689250996
0.78088778745
0.923941632574
0.493810308659
1.0
0.562855920201
0.780074263684
0.0
0.56822536907
0.870155413677
0.420614168273
0.941965235595
1.0
1.0
0.856609080547
0.97295212541
0.866657891914
1.0
0.927627156488
0.78110876699
1.0
0.620820483503
0.740255742271
0.88148556682
0.80234450728
0.795532465913
0.504255779738
0.492801948377
0.763207804707
0.799210103722
0.647855411924
0.585825215368
0.911486366458
0.764312998211
0.865966423971
0.92514978932
0.872704240933
1.0
0.909433190005
0.502839627912
1.0
0.690680865526
0.852571089961
0.206809237883
0.796941874508
0.61685282512
1.0
0.845171781051
0.618531042794
0.650039028224
0.954881704908
1.0
0.73182453191
1.0
1.0
0.61094948918
0.650760172653
0.879317891802
0.754653284347
0.942992452572
0.937148671676
1.0
0.902363267791
0.957303597899
0.909160004966
0.672839340495
0.46282369116
0.0877965906802
0.686157657381
0.971822464399
0.707817956909
0.450220361517
0.70685789196
0.76342035982
0.829789362251
0.69011760411
0.308476211835
0.366018343372
0.955799650568
0.751097943253
0.938824329738
1.0
0.587625871028
0.807444165211
0.93484259323
0.843035154772
0.73974154079
0.788780032088
0.83095223092
0.763724415505
0.765478305731
0.996755847098
0.146080308752
0.623675319565
0.995484633324
0.73703526305
0.62743706832
0.591166630724
0.796207786628
0.781841404887
0.239682539243
0.963228366586
1.0
0.854307588674
1.0
1.0
0.713983208077
0.825899446889
0.643380970106
0.843214243841
0.734708370015
0.0
1.0
0.665899649339
1.0
0.783282169
0.998421760828
0.306830226967
0.697979324068
0.716370941528
0.81497343803
0.7518526021
0.812254391812
0.837578925343
0.841716321188
0.636577196068
0.320414394519
0.974305070683
0.762798566631
0.877238964828
0.600340834891
0.494033390565
0.976496713755
0.382313432575
0.96816689118
0.951144950006
1.0
0.826968039858
0.708499607834
0.550148929615
1.0
0.936463473724
0.981784185768
0.817202107442
0.884733245878
0.846886295619
0.921536252104
0.995219982044
0.472176891097
0.857802123638
0.249647093698
0.737641928133
0.827739252631
0.405515668555
0.925858379849
0.145516364225
0.896493558865
0.795757302657
0.857499139742
0.708984299822
1.0
0.908879357804
0.800308051635
0.819552977381
0.84544111484
0.806780820423
0.847911869812
0.792516575941
0.846521209703
0.561064180721
0.85913490835
0.193525778641
0.706692938916
0.658606858781
0.980216115625
0.645834478347
0.783495654458
0.614970728009
1.0
1.0
0.821852799869
1.0
0.702603656472
0.546318366318
0.882225459567
1.0
1.0
0.577322230412
1.0
0.94889478109
0.851394891599
0.707980664844
1.0
0.753796118046
0.62995312872
0.76335453673
0.931249094976
0.690357539413
0.720813578139
0.756973536694
0.963129244851
0.669704111395
0.67112084086
1.0
0.33813477209
0.244192528788
1.0
0.758301849886
0.941584911599
0.841047849494
0.686617960209
0.947459975848
0.352283936452
0.751763271975
0.964374865672
0.867308371278
0.771810313835
0.619988020673
0.348392438928
1.0
0.851210512463
0.534283075529
0.793741435745
0.833373047712
0.259349634526
0.80588813642
0.413218894588
0.77334955733
1.0
0.925470242033
1.0
0.76282011802
0.66239304287
0.922331304844
0.936843105492
1.0
0.620096748925
0.700349956814
0.676134875989
0.824093415844
0.439560933936
1.0
1.0
0.599922722971
0.47149513073
0.981034423033
0.812740175194
0.977999445904
0.284742416999
0.819411653638
0.764921135412
1.0
0.909996290658
0.983728790915
0.824974516899
0.452764611819
0.69169638806
0.643096936993
0.202110131155
1.0
0.0761236415193
0.954726383692
0.987325029886
0.701673833069
0.80844143476
0.897008432556
0.927595129949
0.692896280748
0.359687023504
0.793317600424
0.667841776364
0.839397369806
0.692710441328
0.87592298484
0.866087188779
0.959963322472
0.690221375071
0.770420148991
0.521272923377
0.931069279929
0.959993659056
0.869175137583
0.516669560227
0.995309789523
0.731680283938
0.572962604865
0.94463838275
0.873250218117
0.714498917289
0.523339491737
0.703134012609
0.655953831544
0.862102289287
0.884677667962
0.677576481768
0.993709533416
0.639377674461
0.712854346489
0.824695659427
1.0
0.539477012755
0.683726896986
0.63946447348
0.937263158363
0.600372972054
0.785075274918
0.67484055645
0.951138987984
0.76348079266
0.807361558902
0.976412844968
0.894737938585
0.315112784749
0.711236396851
0.457228001181
0.959709449231
0.816598806125
0.891824420753
0.870036668462
0.773982293252
0.219753309855
0.0911019959403
0.636601541134
0.94764873358
0.913709230943
0.132381210138
0.898171069889
0.84541466384
0.941442376855
0.916697565503
0.791842136389
0.881821226829
0.319694699754
0.557775158438
0.234319906364
0.897237577455
0.870809611735
0.705938020296
0.603049858234
0.757232200297
0.897609131951
0.235792034287
0.873528378814
0.715767262714
0.903515825602
0.831059278712
0.89266461661
0.511108296695
1.0
0.905772445383
0.871927412743
0.81202860766
0.810430413129
0.527126614059
0.698353551587
0.836270500316
0.167759626129
0.856997614025
0.9466775956
0.854862366469
0.243380775721
0.85602993783
0.849116384776
0.931045613148
