0.609278857432
0.730667839006
0.504146200547
0.581010977391
0.688259403945
0.500259512777
0.724795655821
0.806008737762
1.0
0.730058200355
0.382638679256
0.815060114101
0.608799053811
0.897014372694
1.0
0.710124762459
1.0
0.939419318556
0.980443132332
0.932284704881
0.49091410392
1.0
0.986507273771
0.900322112558
1.0
1.0
1.0
1.0
0.974112498997
0.971372109629
0.444984578489
0.943201999862
0.745512481786
0.719824728926
0.734916395329
0.609060541669
0.689551809322
0.633019109237
0.839671219406
0.786202321042
0.944156779546
0.896505049459
0.960125084795
0.800033356981
0.63275712063
0.81248788626
0.249612710839
0.739708770105
0.473013613915
0.290586153084
0.82080741247
0.670480172457
0.914892695794
1.0
0.687351959602
0.959130654395
0.829910662841
0.879430091281
0.974381729737
0.617280065978
1.0
0.9597046183
0.955676497303
1.0
0.873250590437
0.779451041244
0.705498862242
0.0711902964899
0.893560246439
0.748328421195
0.694782183431
0.829342543054
0.739125656634
0.925679990337
0.956501531899
0.926779915028
0.741013224502
0.799694355925
0.517387448807
1.0
0.581175504491
0.859596427824
0.723498377183
0.233871670597
0.743374269973
0.953257609284
0.725808437356
0.0720746791444
0.270801454984
0.148825388219
0.645483720913
0.0843637383171
0.637961620332
0.766120209375
0.631987479063
0.845111843887
0.869414509219
0.431485243502
0.659724141663
0.707701289857
0.881098253397
1.0
1.0
0.244386025544
0.981633451737
0.606844224295
0.727977136716
0.982709980895
0.585846255414
0.894287183576
0.417980445385
0.96589071648
0.887995739838
0.412415794238
0.919113890829
0.111102972822
0.660420602811
0.723095566439
0.853912258195
0.755903163002
0.852210542928
0.93552665753
0.893655162079
0.935201964053
0.667554696908
0.814279673676
0.816258478968
0.699801633002
0.764954851452
1.0
0.0381351725308
0.337890234548
0.96058069585
0.948110423706
0.665943484884
0.908590201575
0.489835977141
0.800806985359
0.902100824408
0.912025890383
1.0
0.595770501064
0.0113789049369
0.849612437121
0.816813412133
1.0
0.829589796718
0.939254094715
0.512151205864
0.661385502021
0.789143478504
0.572059557406
0.405381229518
0.924673119217
0.534309663075
0.928092180337
0.764378991884
0.7458817585
0.807251648986
0.698846421766
0.867021211129
0.928369863184
0.82143398189
0.905822145871
0.645035827562
0.471393899369
0.788914646742
0.92798806895
0.799959362765
0.751701069882
1.0
0.84975183723
0.635419448351
1.0
0.841819088687
0.949465643849
0.851899845467
0.91891116085
0.840488188216
0.0
0.752143367907
1.0
0.643786550306
0.713704207799
0.957147224744
0.3540895492
0.936947827547
0.903450065885
0.420958217575
0.85810450799
0.740717444392
0.621852146603
1.0
0.871967423857
0.660256566778
1.0
0.560009142776
0.798376467253
0.722129501094
0.914197847068
0.26543634513
0.748865478958
0.739122020853
0.692341229054
1.0
0.873879102546
0.342519605091
1.0
0.811162674125
0.795727968728
0.792576130377
0.976761707178
0.279394159541
0.74399918367
0.800382100988
0.659311330864
0.638712088843
0.891841929082
0.843888720372
0.796682571451
1.0
0.890660014356
1.0
0.788430019264
1.0
0.684160247614
0.402705906758
0.687250733843
0.122809832446
0.55487447166
0.770564621425
0.90044628642
0.0
0.848352450041
0.825712688612
0.869185923585
0.931841786856
0.860134338862
1.0
0.670036679914
0.614346054496
0.413209091525
1.0
0.863282353505
0.987599922634
1.0
0.458256186556
0.747979819802
0.623821073283
0.551124994505
0.782265044188
0.570166482363
0.582474551159
1.0
0.968508867325
0.885186523225
0.609422090494
1.0
0.607499215548
0.774239192477
0.653366208583
0.538415288683
0.796264045761
0.592615036837
0.660617292629
0.794363328893
0.589587874894
0.664113868004
0.656022313181
0.649550593454
0.894947712941
0.808061899314
0.924054179896
0.871762127078
0.829147927674
0.691184308586
0.855743389978
0.450477326225
0.842383359574
0.734470054214
0.876634490364
0.897350474974
0.23353992367
0.759009667794
0.949358921516
0.983061006078
0.709205160869
1.0
0.56138891861
0.808056798713
0.77548097505
0.739897701887
0.575442102768
0.81195299406
0.868183718489
1.0
0.919148853998
1.0
0.929138769281
0.644415735235
0.65592290284
0.845514938427
0.74771655283
0.557238332406
0.977716926826
0.78367301142
0.527962093827
0.0
0.81974302473
0.0
0.955990127964
1.0
0.793469923782
1.0
0.455949890698
0.683892271281
0.670197723788
0.726621353216
0.940217470521
0.904598169022
0.575681369448
0.752527474837
0.517604728506
0.89835429872
0.429445876476
0.272911028452
0.461167825743
1.0
0.819816141371
0.440938890095
0.808601420137
1.0
0.260092857487
0.847935054486
0.681506636585
0.863974200748
0.437175286573
0.231974920804
0.799725381168
0.42856501463
0.604345855523
0.972323426008
0.670237812849
1.0
0.729488397944
0.852449154899
1.0
0.600241411106
0.705799610734
0.619208482627
0.719691001548
0.604693086277
0.756775060195
1.0
0.907408169691
0.891577306573
0.890684756377
0.748742463843
0.700130602633
0.681195831976
0.807510281297
0.73752350129
0.864547361235
0.887747342636
0.900499659622
1.0
0.671658503828
0.463121940124
0.327621231737
0.704661567283
0.844374088156
0.954381005217
0.863069128988
0.738171837148
0.36734838068
0.720243771336
0.691133834265
0.583058907832
0.820064041027
0.750691572507
0.911327739924
0.99354328842
0.956894406728
1.0
0.935844302175
0.555295431683
1.0
0.731123157561
0.849966613022
0.796327467232
0.957715553426
0.98150895239
0.985198224109
0.637726486413
0.789831130593
0.825085876062
0.823030572411
0.837841216604
1.0
0.969899024344
0.937845789249
0.782438635526
0.423563312569
0.384940021197
0.950419070442
0.785792462322
0.750679103848
0.827172924425
0.440630319407
0.955405104213
0.662039335741
0.796102158912
0.782999083186
0.697716655882
0.843528496618
0.975534088785
0.73837070049
0.629903443462
0.575677413712
0.911896702661
0.607903202203
1.0
0.974151473689
0.830253382204
0.243380620331
0.749927187874
0.695626834832
0.830806507538
0.729681602288
0.513968635217
1.0
0.925003291946
0.563378873608
0.404324759265
0.630435606099
0.689173457793
0.9806847954
0.875211569516
0.996330961808
0.76013782085
0.696592686236
0.962398575274
0.257267406905
0.807095282021
0.887093828961
0.0
1.0
0.453357385261
1.0
0.733807737841
0.667661854596
0.678768292844
0.900253222301
0.210824217858
0.919424352571
0.725889096048
0.496462581428
0.951197703844
0.801740519183
0.938945365374
1.0
0.750137066276
0.676402533592
0.726767755352
0.596398388509
0.627852999234
0.483756768576
0.655071309401
1.0
0.59680391308
0.384928394523
0.716108645549
0.810064110762
0.417527658939
0.350437984615
0.0280721075588
0.713299520848
0.533116644504
0.708201005549
0.807549098062
0.222287927754
0.354281039477
0.710837129178
0.404493278755
0.945804449132
0.756938346448
0.876034787745
0.794745918282
0.0
0.694547703699
0.791950682916
0.678188492262
1.0
0.713175586671
1.0
0.378576349068
0.828751670168
0.567147061253
1.0
0.699511791594
0.936396332456
0.786924421022
0.95865521804
0.732401201245
0.844590050961
0.840258606127
0.492297092581
0.749631465954
0.672556366997
0.930364315258
0.587641206986
0.930204095406
0.739932789957
0.874613905369
0.904487422093
1.0
0.853610128555
0.818533351259
0.627679583611
0.932383080168
0.429953421738
1.0
0.945299206095
0.761047256249
0.797026753999
0.869321287764
0.630431386614
0.42364124544
0.553366273778
1.0
0.656953098172
0.456999102501
0.484092580343
0.5329260216
0.734463749195
0.764779535577
0.99186651172
0.711943781049
0.637153508994
0.562843249125
0.667147027828
0.809816570771
0.470829588038
0.379488147204
0.85080500355
0.285765624198
0.693597390222
0.899041981584
0.959536303211
0.837228013466
0.965247120351
0.806118634597
0.7353459148
0.91457226213
0.774078677045
1.0
1.0
0.882598429547
0.707095430693
1.0
0.704529606777
0.180302187131
0.846847354155
1.0
0.933278727317
0.626990938265
0.863463473798
0.0844649249996
1.0
1.0
0.7456811419
0.843466935715
0.424288560965
0.909940993472
0.706997292615
0.737641969086
0.924996904461
0.981686909032
0.488670986527
0.908280607359
1.0
0.733656710827
1.0
1.0
0.855313595179
0.466494742498
0.368777457797
0.762128990407
0.827170434604
0.523807338481
0.694438885544
0.985247336992
0.643813856313
0.432155829397
0.585433764544
0.904709912514
0.572648698773
0.837156317825
0.790018451975
0.798490661604
0.849623267147
0.121523279253
0.521316894822
1.0
0.841006116811
0.799265717115
0.150264403464
0.956748995808
0.538361902096
0.178913084594
1.0
0.501784577529
1.0
1.0
0.897716144379
0.761073271544
0.734027788526
1.0
0.696109013617
0.961158904454
0.738894387067
0.765192394074
0.497437940726
0.787304970169
1.0
0.659482328901
0.194030558154
0.794246286655
0.969995692213
0.879671572639
0.315099168774
0.684266217119
0.866976456011
0.935670492358
0.604739114151
1.0
0.835713998115
0.921677805603
0.157659618055
0.956711016139
0.558810389159
0.619669344204
0.806978501989
0.674439711954
0.992726972517
0.795174558429
0.874879254406
0.976322252278
0.8656315452
0.777790441673
1.0
0.843353298077
1.0
0.47015251697
0.54850166756
0.309371858567
1.0
0.681083503968
0.760593822425
0.985669927888
0.720623568853
0.505376847627
0.368771443432
0.895189949309
0.91219545464
0.76763550878
0.836229087922
0.283420794551
0.266922163414
0.677295824083
0.770527324084
0.824116823236
1.0
0.860330864137
0.977203801507
0.759672216515
0.725874312409
0.788091868453
0.0
0.505631564979
0.430209717273
0.861271653374
0.810357952167
0.867085860946
0.813197442718
0.745465396769
0.587005227997
0.316815272907
0.783576892691
1.0
0.907440156323
0.983450977609
0.067369485357
0.36787906278
0.494800789899
0.954542293758
0.887880817332
0.610833471054
0.948092995399
0.820559850817
1.0
0.905303414002
0.615342370907
1.0
0.634786851323
0.965486016185
0.668074652036
0.711371481972
0.392396529507
0.569777626373
0.621904051634
0.440691817636
0.0
0.954526192531
0.657544519632
0.789211219327
0.392167753073
0.585925772798
0.747466082829
0.331014318075
0.502697476234
0.881380703256
0.61751023421
0.735142894788
0.834960702448
0.677442261537
0.734540083529
0.480309777434
0.889907040349
0.762569395598
0.782933112785
0.990621596978
0.928029201301
0.853713523757
1.0
0.582149391452
0.506981793897
0.672440457847
0.783527124693
0.949164079979
0.729168953401
0.691734665309
0.598845747033
0.310157840814
0.658915750781
0.834252165624
1.0
0.857980653049
0.527153722364
0.693098608548
0.894175400934
0.794356377551
1.0
0.731722059811
0.50633275941
1.0
0.777485423234
0.968612637747
0.58758893795
0.793220150268
0.709076940827
0.603147988271
0.788667231974
0.85227173905
0.91687582931
0.975612569847
0.378226401331
0.207941866262
0.96532325193
0.539768874133
0.842199529619
0.721417226399
0.795236912562
0.858403774107
0.59236714852
0.91165211379
0.489271173556
0.634130988819
0.706161017475
0.758716894154
0.76576400354
0.647378706975
0.526264755374
0.876039117419
0.944101736085
0.689867491834
0.903764676973
0.759610787064
0.976317280034
0.685566164646
0.869596177736
0.813326287105
0.859227495086
0.886065421192
0.876633939284
0.767851656851
0.644433475995
0.976826157344
0.78149791581
0.853472578265
0.919742671703
0.907968781231
0.681824824825
0.452667265889
0.864195320386
0.991584210538
0.659802257008
0.980812746487
0.924608962413
0.728505334787
0.680321563476
0.845434876848
0.870013195949
0.634240413756
0.766749547028
0.816712963039
0.993574391571
0.834313725993
0.563711449939
0.386643526695
1.0
0.717015386127
0.839198056814
0.874170807762
0.818161642454
1.0
0.873002152044
0.8176692449
0.532574641923
0.598636506631
0.845530349711
0.876365054116
0.769293724757
0.970716870918
0.939786819317
0.92619089244
0.689092515099
0.831633321807
0.609196837676
1.0
0.764448181304
0.646102876888
0.743787221813
1.0
0.844186303307
0.824787545486
0.394975693358
0.681118057003
0.673270879417
0.837092347984
0.660461957537
0.612416593454
0.879853728358
0.648722545497
0.748842661337
0.50751811842
0.75863147136
0.879836720607
0.680013741957
0.961220070823
0.867681948879
0.688992220208
0.952242627294
0.768639261442
0.850955589442
0.408028569208
0.95359661474
1.0
0.934109311182
0.0883704087806
0.922789092388
0.300612081645
0.546151237371
0.723432891285
0.633528688221
0.834720634183
0.755839371785
0.959116962543
0.778212480159
0.7349430418
0.685040911921
0.79820777298
0.854263142246
1.0
0.794709834209
0.703954230169
0.753953902941
0.859748251112
0.527637514614
0.573033012819
0.763936175545
0.924665720766
0.744174476394
1.0
0.783097785876
0.903714190634
0.507669312711
0.794997257343
0.779194892349
0.841788031657
0.774774216597
0.504863088716
0.754931728685
0.794942464289
0.849069148509
0.873798655205
0.582546969313
0.856051027976
0.539662288076
0.83949625493
0.890173296989
0.898243295285
0.679253034915
0.90772675395
0.865898511047
0.861665864341
0.614488171049
0.334456422946
0.7846513789
0.763647354792
0.802554922295
0.97610771811
0.143453222709
0.485269509332
0.97487649052
0.911026121298
0.622312804767
0.826018453919
0.865437218132
1.0
0.210853101462
0.857997044846
0.706884559021
0.279863674567
0.864276232324
0.6358538796
0.814906612819
0.750980407307
0.561985065905
0.801349726255
0.863534336134
0.905877477023
0.903871598937
0.559319666671
0.848589702653
0.572914172682
1.0
0.610645504534
0.649631305559
0.49036085981
0.784078473456
0.546712543217
0.766840955227
0.935116843116
1.0
0.423949615448
0.882003122156
0.903355181381
0.92333903908
0.93904958299
0.410615542734
0.516325299907
0.817351472187
0.591684858281
0.86516892114
0.635223327682
0.978332567613
1.0
0.851063687376
0.812569745801
0.913659363269
0.760255036593
0.675760458524
0.768415009614
0.720319797605
0.0
0.703806857071
0.824270239823
0.830606108103
0.950962514243
1.0
0.773549207546
0.684208401715
0.863556316833
0.88791013123
0.786584322908
0.879859084934
0.90100661158
0.923519950726
0.261819985781
0.87570634588
0.790169802624
1.0
0.89803968122
0.353367996331
0.78871096969
0.61952354287
0.707149816685
0.851785070498
0.842832851
