0.0
0.660412600773
0.579207014187
0.0
0.692416795444
0.966853553665
0.763558413592
0.653599992215
1.0
0.746041383112
0.857411116866
0.709795471388
0.75973233088
0.615981866016
0.378943388205
0.735283556576
1.0
0.733171972161
0.778042833488
0.279916982875
0.823587408773
0.454084555596
0.873872299524
0.633083058327
0.887453783256
0.72146993157
1.0
0.805111739426
0.477984795472
0.78038688738
0.748964966412
1.0
0.857468644581
0.5033642101
0.81675294316
0.553896160225
0.724765458277
0.760149305129
0.490455524685
0.471088853371
0.841809382949
0.52733290001
0.591341214024
1.0
0.871690685394
1.0
0.644763525898
0.897818383737
0.777461937734
0.897888735941
0.753266949692
0.402873442831
1.0
0.589618132685
0.691862112957
0.80712325695
1.0
0.756698100122
1.0
1.0
0.622048520155
0.564810829299
0.817654164429
0.990986047441
0.120763350808
0.648028391341
0.736552374303
0.832731833389
0.753113003551
0.850563298093
0.88912933277
0.931697181678
0.527459947146
0.833154983494
0.961172079967
0.401875776792
0.513066357996
0.555217352677
0.393743141615
0.624568759043
0.839081695483
0.772014704084
0.325888321858
0.82836270316
0.968257173106
0.619075555247
0.723149403004
0.912814442117
1.0
0.682558842603
0.891479708357
0.673196260931
0.95090732362
0.92496671529
0.931385646833
0.63664599137
0.745872971172
0.55808138083
0.827986984824
0.721702241483
0.913175592839
0.456646052256
0.762965368796
0.746934903391
0.736324399528
0.231774101216
0.684952131382
0.919189548998
0.731518121303
0.315054145851
0.89329445517
0.179288140795
0.786447393625
0.515938881803
0.902235450171
0.798167953379
0.580889239941
0.892518941595
0.0
0.797882025378
1.0
0.870396084267
0.844102179639
0.565776494629
0.81006786756
0.956201577049
0.377915604508
1.0
0.932571407637
0.631523595264
0.436722976103
0.784785431056
0.804604401426
0.817102924435
0.56593152777
0.0433528471096
0.689080898901
0.566261760533
0.477048403959
0.730915646766
0.805090033181
1.0
1.0
0.710183682294
0.867709917616
0.703061892105
1.0
0.84041027336
0.786820913612
1.0
0.870566830357
0.626974674577
0.683199425326
0.725675458324
0.968249529617
0.573155864688
0.580443954395
0.87281729162
0.442303937489
1.0
0.941535777511
1.0
0.0815803593937
0.592331354866
0.863426569699
0.853611318391
0.668929164599
0.881002756923
0.470309236384
0.499967106685
0.959147918656
0.785391968141
0.679464383152
0.964803011275
0.558549498884
0.724734745939
0.741764605644
0.833375328398
0.803234986467
0.726441876734
0.882038294534
0.521513168946
0.622890476702
0.534336134404
1.0
0.683476088821
0.958272606058
0.67296157469
0.116234053343
1.0
0.381203380883
0.92581892247
0.0
0.499905469896
0.799019826395
0.490784275719
0.553058489262
0.782727827261
0.912368928418
0.311034098916
0.784009513481
0.457308854323
0.649110493806
0.50357168103
0.92365193422
0.753267568594
0.747547551946
0.949957208612
0.487841547948
0.710656093381
0.875152332779
0.871633191811
0.781746596883
0.63292891646
0.963042990331
0.993383361205
0.860380134791
0.974394741243
0.97060543026
0.7747899538
0.530733665449
0.7923266305
0.492761745088
0.7783570173
0.595599725324
0.336224177647
0.407062724788
0.466524322054
0.605965762074
0.666097944445
0.460738140835
0.650078471786
0.776843632363
0.649691451774
0.240591615955
0.781668838056
0.274431403205
0.927244731475
1.0
0.631008731667
0.495929366549
0.800128823249
0.932551966624
0.95002971157
0.353696153978
1.0
0.705427869881
1.0
0.515426197292
0.954523077386
0.982857149532
1.0
0.116757717349
0.149006823964
1.0
0.598514519676
0.901140698974
0.587145016588
0.582069706961
0.550130236182
0.727619949245
0.752889624489
0.700127744675
0.742524859141
0.68703552836
0.86177276225
0.805345202114
0.973577720515
0.574928834972
0.652601671993
1.0
0.463081888739
0.917491365235
0.89937206122
0.759360762327
0.659327600876
0.617535490553
0.715195625485
0.850631664927
0.785816790711
0.862355577671
0.519978117501
0.709851134359
0.88757175002
0.709237276467
0.826976119458
0.409329383772
0.437317511019
0.824419515584
0.895467390905
0.464006409939
0.849307350318
0.73220878164
0.638728052268
0.894451125036
0.691419970087
0.849286248673
1.0
0.993917588292
0.943596610431
0.917656419655
0.541351765443
0.371899976659
0.723344889253
0.670117761112
0.778914114483
1.0
0.635331743791
0.685005385022
0.937056225278
0.865983926275
0.853918887564
0.752037176428
0.863378665242
0.857864379483
0.650624572954
0.717727967511
0.904349298599
1.0
0.649429325495
0.675826811909
0.727855767551
0.712700283042
0.891274825686
0.44269151831
1.0
0.0244648340954
0.745553436087
0.837703690485
0.745904912324
0.89360787465
0.98838327895
0.646452464235
0.644668709392
0.799222423733
0.377254135185
0.454334506751
0.72885672545
0.0
1.0
0.648408100889
0.571581481131
0.701322540267
1.0
1.0
0.851507090764
1.0
0.75689370598
0.653214982273
0.949474725768
0.133105825885
0.909545107247
1.0
0.715005411827
0.618960464861
0.955575174597
1.0
0.748846456619
0.803320768351
1.0
0.44655777806
0.67509737182
0.400202523863
0.514194078346
0.753837750576
0.679198757199
0.670967235813
0.895871854015
1.0
0.734215924846
0.865599557525
0.909809939879
0.874074213499
0.861057657995
0.791052959936
0.671057509177
0.740796222922
0.950877385957
0.598452541906
0.361998834191
0.940194348597
0.848382314532
0.935331557239
0.827734445346
0.859221080363
0.790500852664
0.815700177507
0.601082772822
0.730724936715
0.574183315622
0.762115259276
0.881504312936
0.758468695665
0.842214807653
1.0
0.606394252395
0.899643997614
0.694922188858
0.51935035027
0.891578035591
0.739071067126
0.847498431987
0.81919614467
0.747209660902
0.938635145627
0.755693287057
0.509294595619
0.57719147963
0.776099860558
0.685739781815
0.0
0.81107227079
0.967966561728
0.945906631795
0.618130197549
0.187098427025
0.974090540915
0.73590417842
0.688873842763
0.367858117862
1.0
0.943261444026
0.557571380863
0.749847003477
0.666264267898
0.782932979025
0.729683259878
0.588203071499
0.444711013049
0.865964191355
0.954082865002
0.836169605327
0.676532730264
0.839111676192
1.0
0.744257039963
0.693747288655
0.927018885061
0.652632399994
0.418099711476
0.66994754657
0.664524351736
0.640679669513
1.0
0.812409958204
0.810176035883
0.8049499586
0.945075992295
0.732528104926
1.0
0.917247419401
0.699312532575
0.792360599251
0.497653083662
0.388004315473
0.81237164182
0.539177302655
1.0
0.444447332573
0.764242109054
0.708524544961
0.867679149989
1.0
0.256216563648
0.766259704771
0.908357736671
0.662757608691
0.714674308624
0.428658576169
0.949964655843
0.643489225559
0.987825021966
0.658033941915
0.348518872885
0.694554393386
0.647472129673
0.347462969502
0.700778833462
0.787520992923
0.546386802689
0.662552954405
0.729871273365
0.768117143258
0.883209476069
0.624221342101
0.532697442985
0.68291607217
0.729908332197
1.0
0.696542623686
0.879953729247
0.811204697371
0.995300728065
0.811925443559
0.651856013004
0.437511928786
1.0
0.964475407924
0.243443187613
0.897583055159
0.803277987201
0.954914773276
0.61794307737
0.801920931004
0.766407957291
1.0
0.667206052934
0.766083268303
0.979822990048
0.629565347086
0.281542657133
0.355311405833
0.73327869449
1.0
0.528355687949
0.897725508602
0.95042756351
0.512991793606
0.835313308437
0.880579264679
0.768382436136
0.126638679616
0.337789620373
0.975493507014
0.935923049038
0.568125815349
0.683551634158
0.777632685165
0.883290866409
0.441494077413
0.81985100641
0.666316709942
0.737059075901
0.550925228753
0.959859875544
0.601214364501
0.50256100564
0.789718301356
0.705829938706
0.962558846223
0.47666980539
0.705898145152
0.640707062145
0.274686800355
0.876552785103
0.814711514604
0.887813742425
0.018567647877
0.970984664473
0.815584208455
0.940169753946
0.904800203731
0.810711914297
0.717088671738
0.0
0.0
0.7926698671
0.557428214769
0.844772918959
1.0
0.676044315981
0.874949344455
0.834928253957
0.940403527089
0.691562975505
0.886496276808
0.645946071547
0.883039737271
0.86192195525
0.706897866584
0.90504617571
0.971107475965
0.912105208015
0.389508559847
0.553848268359
0.816270878158
0.27003566371
0.841029445464
0.742505674467
0.415678765414
0.27123654706
0.850600171801
0.71893611111
0.43300042571
0.86286209049
0.334165280565
0.545351318487
0.698555111845
0.977457467307
0.623591745017
0.574885456512
0.241270624234
1.0
0.601176653032
0.683820341892
0.970850223536
0.811783104894
0.558773166373
1.0
0.751379079565
0.261601456857
0.602454413491
0.927721111099
0.692520886399
0.664120639644
0.709678446359
1.0
0.772780592944
1.0
0.706496643266
0.768731335398
1.0
1.0
0.305600758238
0.771909390211
0.666294777023
0.207438474996
0.906715565703
0.927635028807
0.626231422112
0.686796728795
0.593543678651
0.710125413434
0.619907779953
0.676960681989
0.594523819541
0.808538541914
0.758734736841
0.556674577835
0.866260062959
0.488791870272
0.307471044526
0.88560117774
0.958639920798
0.78115490661
0.894005106357
0.688001433882
1.0
0.890589884351
0.747373094761
0.133773044784
0.978335008058
0.751693926222
0.698917478278
0.849865936334
0.306057931513
1.0
0.723903323077
0.638576540373
0.931138865738
0.75073206921
0.769431211121
0.616756839072
0.894144792926
0.730411942137
0.820715605686
0.777165850892
0.780256482735
0.72414134634
0.504399255674
0.849016567523
0.585237952072
1.0
1.0
0.706573576099
0.739713123566
0.498006649143
0.0
0.679202033792
0.890606433619
0.0
1.0
0.730313408694
0.649555589476
0.768123278519
0.0
0.818959542578
0.728101868986
0.996035818783
0.805806344185
0.417758931989
0.0
1.0
0.454540876226
0.763315856051
0.71850956481
0.665439092331
0.683649434703
0.713749321957
0.588366922281
0.706329833386
0.805388841935
0.667125789789
0.95086797299
0.446391949189
0.457032765844
1.0
0.494144339512
1.0
0.0
0.81100359883
0.673424049267
0.693411964205
0.968836735332
0.910258480078
0.714076529094
0.630483049727
0.552387449154
0.784790014792
0.739563991637
0.754991253026
0.58034327011
0.539703347645
0.751023971602
0.805685534235
0.84564261769
1.0
0.557506610286
0.0
0.943109254511
0.793816886298
0.633435439047
0.802307049114
0.2042790986
0.358410614306
0.982069385058
0.652716048791
0.727644388744
0.966129543174
0.817823501709
1.0
1.0
0.671449956235
0.664645664137
0.487877926371
0.953550662318
0.915521996586
0.310365982052
0.859993253007
0.831880328307
0.696076021501
0.365708530195
0.842476345761
0.878905166515
0.668129916834
0.00507539466918
0.603873150445
1.0
0.726516319546
0.804683208762
0.541391182794
0.959080458079
0.933208690815
0.988847235282
0.892976105652
0.989916448816
0.276995596854
0.948255571988
0.0
0.852820406206
0.747102577703
1.0
0.839212471018
0.832530158176
0.829640595034
0.706546303488
0.704180355365
1.0
0.967071665918
0.706170823628
0.949662582343
0.586853417929
0.814311482253
0.949616751521
0.696651874761
0.170119113317
0.709892827629
0.431747042785
0.928499855347
0.460099995429
0.942405233074
1.0
0.782548433032
0.0
0.74632002989
0.856500345992
0.592368139361
0.763498100643
0.917748172751
0.668710542244
0.688032337484
0.818061925782
0.0
0.255448529168
0.816224384075
0.252670408433
0.77015518826
1.0
0.775537889256
0.564535328095
0.782370913147
0.696477679691
0.661602995697
0.604869902128
0.922963475884
0.0111937117308
0.24236504977
0.490729948834
1.0
0.758032190469
0.471604637201
0.920784966353
0.7920876384
0.496288958591
0.910823241265
0.720945202193
0.969055021841
1.0
0.811760840903
0.639237981479
0.959631938291
0.87997228128
0.0
0.0602102685604
0.695511299077
0.28636988486
0.698979226144
1.0
0.762011465367
0.754750918676
0.853074577575
1.0
0.679330460723
0.888571251093
0.852974984311
0.719725491821
0.943397274899
0.894917080507
0.490138424713
0.618816760981
0.886106846431
0.838367749333
0.0134541093188
0.848848803175
0.829748341848
1.0
0.95106689577
0.932123046598
0.375182499537
0.413595696615
0.851064004325
1.0
0.66380186719
0.719042469894
0.796430130092
0.752320884458
0.494538080779
0.869886962948
0.967742456037
0.484324185998
0.358382759493
0.729725925667
0.708523717597
0.770884431293
0.701773744376
0.786687841669
0.777815382048
0.728692076462
0.940402278832
0.894252828332
0.818782657387
0.729576980467
0.996576933842
0.244835242218
0.769310879248
0.733540513515
0.466474940141
0.720071346387
0.607858942679
0.570920846366
0.934671274237
0.856586055006
0.0493427622104
0.753063670095
0.744034199603
0.948553815155
0.828985362739
1.0
0.84990565682
0.978273550232
0.942978019359
0.536165959312
0.782800957934
0.417218879986
0.710428570023
0.521505948056
0.993034562877
0.893321263855
0.834413836353
0.292796134465
1.0
0.916298672
0.320705335089
0.917190491752
0.824683175703
0.768898377755
0.726785578757
0.64288572195
0.834023917707
1.0
0.6241744478
0.807928120159
0.900233268116
0.461448270635
0.669686248899
0.603942417547
0.853239489752
0.914116701081
0.852970978186
0.895972218743
1.0
1.0
0.558186247111
0.549842543169
0.894439640062
0.888891630251
0.893703453917
0.766128732056
1.0
0.966601212514
0.00977593526417
0.939736447475
1.0
0.708916709182
0.704520112432
0.630334060197
0.701224413908
0.862301061499
0.540595291063
1.0
0.941386692842
0.145467187562
0.651512549093
0.0
0.750583143795
0.95477201279
0.921399051771
1.0
0.0
0.653068781456
0.871231117747
0.621765800974
0.577926024324
0.761951950168
0.465122189174
0.398920274174
0.899199471504
0.70538028079
0.679554560807
0.539147507246
0.753903965547
0.555309455929
0.657464052839
0.539976579062
0.87525771699
0.658571151161
0.582176352638
0.701859181057
0.697424620904
0.819039823843
0.63142786818
0.899596859445
0.777762435682
0.853064332405
0.54575489282
0.781821641988
0.594234979532
0.901123667452
1.0
0.626004145154
0.0
0.525111220431
0.746407517578
0.503168393558
0.940260035016
1.0
0.656472982514
0.351137488091
0.432311339146
0.411065099173
0.867241833347
0.901705936841
0.0
0.87668407337
0.892416314292
0.883650300029
0.301870450437
0.771899312638
0.720360689001
0.837687471808
