0.255805747513
1.0
0.481476848185
0.587710961655
0.766030354295
1.0
0.389626808714
0.691931955107
0.977525167397
0.849596801811
0.774843286147
0.0248464452796
0.454341808455
0.728645019842
0.770341535015
0.694493542037
0.372919364706
0.703715722007
0.581566006308
0.560286837465
0.867897247519
0.0609861583531
0.603026084371
0.845229323026
0.696126677181
0.781601463298
0.606002328332
0.320454298834
0.627155124016
0.646588272541
0.788385926022
0.852752925642
0.653464987921
0.621793230378
0.367311252846
0.815473361995
1.0
0.265887900683
0.66130341645
0.861691655452
1.0
0.789897827071
0.103847083046
0.892863230352
0.516884087749
1.0
0.814954343602
0.883141669469
0.662381387273
0.75610907315
1.0
0.895434706476
0.612478081265
0.304124298057
0.680969181637
0.76122096277
0.879706803921
0.6825494759
0.79483214697
0.467353863221
0.903621072499
0.816997004864
0.586919347694
0.620543127372
0.36583495602
1.0
0.728425876874
0.799609378017
0.168463593042
0.624143721703
1.0
0.711231873725
0.11246578222
0.0
0.763206396688
0.777803756187
0.705725413991
0.733612037503
0.366108695374
0.86821373015
0.327482815265
0.439292020879
0.761321794564
1.0
0.608617289942
0.457332396805
0.729385083277
0.708349291028
0.6145355132
0.957046578402
0.0657322024404
0.488406043981
0.888816578266
0.690625370989
1.0
0.793052960505
0.858835562905
0.354086801979
0.81202159108
0.87196733914
0.337066244889
0.215408013091
0.685286999426
0.6239048136
1.0
0.745569155694
0.814492452324
0.857465238229
0.389316436525
0.558379918695
0.652703143552
0.864416879347
0.694047373088
0.939465521501
0.629730453772
0.877500675884
0.518280712613
0.495199134042
0.447112060153
0.593348319834
1.0
0.456900576649
0.398218958392
0.960215512264
0.847883086068
1.0
0.918062385033
0.523859257069
0.302472816425
0.629957395199
0.628643599193
0.763036923365
0.801498183536
0.500427717608
0.439941778805
0.706528563975
0.919309619541
0.805667903881
0.879670324197
0.164436857434
0.894243261021
0.52708371861
0.967161330496
0.935465983268
0.521184189664
0.518639434248
0.866331011616
0.727777851779
0.766776269368
0.704020848161
0.697569337951
0.354860946308
0.860820285936
0.694924392053
0.978145522149
0.253142294743
0.890729858687
0.909813438401
0.861249227235
0.604697830351
0.502857916804
0.810661137973
0.228913586375
0.744428188822
0.735834968701
0.905308034415
0.95649522275
0.349973765325
0.641854141015
0.953278314235
0.665970372979
0.802656666792
0.715477956178
0.80701261148
1.0
0.429080419014
0.507643792809
0.892840723735
0.604277522614
0.758427055686
0.807945883445
0.467057875547
0.912271441568
0.900577074518
1.0
0.817129469831
0.580416278969
0.919239170083
0.340342966556
0.878068564991
0.79955076145
0.616289324348
0.452286382679
0.726486151931
0.580270880742
0.661410593489
0.830666720683
0.692564835931
0.595696801632
0.731102856396
1.0
0.0
0.653311337082
0.56022660383
0.240405572673
0.685601129582
0.859025821263
0.889626338255
0.498359597751
0.714170977147
0.635850933102
0.725932760328
0.90856035309
0.706648169593
0.648343861947
0.705801122203
0.0
0.665139017621
0.90118864378
1.0
1.0
0.0
0.25713557196
0.825697278978
0.864526326122
0.400509721005
0.287778956704
0.873888198049
0.963094962458
0.744784534676
0.801449135185
0.0
1.0
0.361135524298
0.555606528479
0.864426980008
0.969365563801
0.598813771067
0.8792203652
1.0
0.822752026748
1.0
0.659344492316
0.988367589839
0.976866422771
0.872611248316
0.534803982169
0.819487598244
0.598406456061
0.694873989928
0.750186127763
0.544310117208
0.949012383379
1.0
0.905197654982
0.884340077099
1.0
0.650249019102
0.523286044874
0.604220233667
0.158325098839
0.840073799474
0.864984525283
0.987588273508
0.720507067236
0.0340568785391
0.933945609152
0.417374606791
0.992196998689
0.584627138824
0.682098948383
0.319629250579
1.0
0.662960104413
0.772397221664
0.434606035349
0.286175537985
0.859369624767
0.44601673148
0.803894779255
1.0
1.0
0.723846981829
0.475978251741
0.487613096297
0.918958879071
0.525050274318
0.679663567195
0.944342727408
0.124817721394
0.632528541465
0.74031138757
0.948130542428
0.581491093539
0.740964945816
0.651600392305
0.94912376317
0.0
0.75404977557
0.904111955854
0.223409387568
0.125069499848
0.705148283563
0.683338563102
1.0
0.55315945013
0.878242374583
0.592408862805
0.765775187414
0.925909524981
0.830621528558
0.948191087904
0.720798114604
0.787404947997
0.935597361264
0.951841690845
0.957072465681
0.458272650998
1.0
1.0
0.634666309742
0.518852849216
0.59427390543
0.639717011307
0.893485578558
0.553299651318
0.856789104926
1.0
0.860516222317
1.0
0.74855456607
0.946957989466
0.891505893605
1.0
0.489633476476
0.580676177654
0.482529705344
0.74926571636
0.0424651745718
0.417887252726
0.936355234115
0.379062487089
0.892820409659
0.795771476824
0.796066654692
0.468133997968
0.465472170264
0.428608928593
0.929258497783
0.626703140095
0.209170377566
0.824790482327
0.919006099161
0.927977870748
0.962385987715
0.707573004952
0.383889846294
0.719956363308
0.50893037853
0.500302428894
0.605760388812
0.913988619534
0.739931717519
0.916740440805
0.866707354545
0.586568778597
0.705448447395
0.766708900691
0.572292730915
0.499845789557
0.656791503336
0.673630760049
0.928331944205
0.694733255782
0.703149238342
0.749967424796
0.739077862978
0.82415703607
0.944089779113
0.478104182446
0.682681639779
0.914385551958
0.868592484289
0.878935105117
0.629358380089
0.915862014248
0.780150297885
1.0
0.19881437456
0.691548929285
0.751892826199
0.489897646229
0.607109690675
0.897964263321
0.723408738434
0.625384389042
0.719904753309
1.0
1.0
0.737131557169
0.733962871886
0.860620131437
0.382135449575
0.943932192308
0.884255095456
0.903929400937
1.0
0.569562471424
0.604718204741
0.806278976638
0.733294867632
0.573550108762
0.74696052172
0.849777738443
0.757017208539
0.367296852477
0.596979443596
0.867040653597
0.45931920391
0.550219554846
0.862978514029
0.550069127033
0.516508648688
0.55771732151
0.397214191273
0.650408310984
0.753411637614
0.90498262713
0.865396450863
1.0
0.636406843838
0.89642972987
0.575858388083
0.95172456492
0.548055510757
1.0
0.884419740605
0.0994055343353
0.0440694451761
0.826604014809
0.350451682126
0.119013806572
0.662361298145
0.768632085943
1.0
0.625545745998
0.760648048304
0.938207459274
0.719413458985
0.909152959198
0.760082864762
0.870964519976
1.0
0.641683833373
0.895418813145
1.0
0.641500303994
0.944419326846
0.96570246402
0.718824110756
0.621082387816
0.689783598705
0.596965497386
0.452297997528
0.666588886544
0.545834552801
0.846071058594
0.460754386352
0.873581066967
0.159207568907
0.488000999278
0.89710910859
0.935696484128
0.7621837196
0.57067676318
0.767274640055
0.912732040605
1.0
0.774180526159
0.894203807269
0.78133035835
0.891929466311
0.451472415623
0.588981128524
0.687805077497
0.555183313724
0.0
0.966906662673
0.90389328282
0.598170926264
0.97182046824
0.700865297096
0.818854373652
0.916425093625
0.920496588642
0.5549448523
0.0859455694306
0.816994256267
0.662632615616
0.602794818333
0.445199350494
0.473850359406
0.927019847347
0.621358666515
0.941490030719
0.339462429815
0.928411208414
0.873240078741
0.768816694902
0.899032675194
0.77296674886
1.0
0.797605035908
0.877014407545
1.0
0.519582381896
0.559598771921
0.837868289835
0.975413789952
0.41795736575
0.93847071821
0.848102618296
0.607504827801
1.0
0.788647788049
0.900119883579
0.86818279935
0.869758903309
0.877569456316
0.77937397409
0.942593842147
0.718616163962
0.801311603483
0.833831871813
0.983734516169
0.405310087173
0.654798782179
0.692029268975
0.603653991067
0.705097780193
0.829506029902
0.914509231694
0.653826763322
0.69896138778
0.924494613341
0.724237202101
0.978526732841
0.566741812981
0.794453493578
0.984741914689
0.712820921151
0.706160029278
0.621575247683
0.608312291052
0.891956872565
0.463652829746
0.758721066369
0.965413059208
0.971918054177
0.704864201558
0.418555576781
0.919686520162
0.706813885062
0.453993631417
0.69189061198
0.810882923248
0.553934932237
0.686162695384
0.450042217167
0.777882552123
0.720643619313
0.0588896065489
0.757842863578
0.0
0.2935015737
0.827634655967
0.784412531883
0.776074868176
0.690437555641
0.867572788032
0.305476045537
0.0
0.79528775495
0.847099110415
0.694986425659
0.784367916759
0.35790586868
0.96452249078
0.562499821172
0.256570437702
0.947766081673
0.84307820816
0.233676575397
0.781342727319
0.829053882168
0.894400916854
0.535315976123
1.0
0.838958374133
0.807060157651
0.873332158178
0.526025606151
0.662674088591
0.675852802015
0.824069743243
0.927510128427
0.633188836534
1.0
0.8312127852
0.369282833431
0.594038555905
0.648196982198
1.0
0.826424704625
0.816725900252
0.692665878591
0.220894152839
0.866918407037
0.689397497544
0.935206781873
1.0
1.0
0.767722025549
0.484477326368
0.737401686315
0.949196681214
0.609730311131
1.0
0.709186914478
0.805733544491
0.0578515786129
0.618380397147
0.945521142152
0.433642049874
0.797461464675
0.649167703923
1.0
0.655191384534
0.838182015293
0.859032598387
0.732561075963
0.657059806853
0.279691185093
0.520619735611
0.870540482855
0.608199112443
0.446496227184
0.558127751231
0.818817488019
1.0
0.662607832273
0.654580581305
1.0
0.890140201942
0.396147622484
0.846363644663
0.0
0.309971435608
0.549819854553
0.910539053568
0.637898441298
0.54022682616
0.942067006417
1.0
0.717919937795
0.586288813125
0.541493605655
1.0
0.604394934566
0.775456614412
0.370111469001
0.893291531834
0.174213081083
0.506081314006
0.438346969521
0.748804839498
0.897899673618
0.754002353212
0.724662780808
0.834924225905
0.910771335531
0.619678636804
0.676726593207
0.656027901901
0.669032084811
0.0357418920487
0.554549483778
0.651934607304
0.831140523824
0.49183373293
0.985007791101
0.0
0.554797275278
0.87523832589
0.775093897239
0.6841533156
0.406836096872
0.530492463349
0.5618878473
0.735799204446
1.0
0.655902767263
0.0419158042793
0.817600217911
0.311685396745
0.708031441933
0.545601473395
0.733163148716
0.808885163891
0.801456507409
0.855620034072
0.826729637475
0.760154106195
1.0
0.594363936869
0.778972548924
0.761307787423
0.871487657631
0.793239022928
0.0220777497038
0.9528705167
0.59092771682
0.932318558216
0.967350123022
0.835992894221
1.0
0.70769747695
1.0
0.844125063154
0.446951061991
0.755496978068
0.792436121446
0.695026651625
0.337146933966
0.579930564794
0.975512768438
0.806328645791
0.0
0.720635664426
0.732109064022
0.889706433986
0.723508969677
0.835369343288
0.695932559867
0.957185724615
0.670436424979
0.76795724331
0.655820889815
0.0
1.0
0.616791562702
0.952873068869
0.822510444872
1.0
0.964645341427
0.819365427905
0.645881876571
0.616679800311
0.839775071996
0.910392509622
0.726439220479
0.617331873242
0.337692293926
0.903221401164
0.90085750745
0.817457311174
0.528019469998
0.926848644097
0.73160073534
0.955040052755
0.677098817532
0.56166060462
0.561532755791
0.809153112708
0.927002387655
0.67963065804
0.792051222383
0.825914747626
0.710792971569
0.551927294865
0.760444833368
0.813378259401
0.402418908249
0.6887593517
0.617208829796
0.281074171301
0.890658508949
0.834056987194
0.931669911511
0.681677298595
0.753719658607
0.774091634801
1.0
0.716235342253
0.341675583864
0.918557979778
0.629466162909
0.998319873834
0.816686757442
0.661766885236
0.928367594754
0.767468014523
0.434964780353
0.996903647296
0.827739117257
0.685833080843
0.804045954853
1.0
0.670322980063
0.60103489997
0.887978240586
0.675318421011
0.675365870689
0.458227887789
0.964073649951
0.95876507705
0.887364367095
0.812010390166
1.0
0.656272670767
0.497595184736
0.666239655683
1.0
0.750386957063
0.636005919159
0.673914399462
0.361649405248
0.509924268597
0.859329249659
0.81046665685
0.818855538746
0.346179908827
0.814705478943
0.707644620158
0.984072764684
0.981638526081
0.928397203605
0.64492866339
0.839249200039
0.805099936048
0.498070739816
0.859796282774
0.815638739324
0.351315912029
0.546626160464
0.564686403801
0.485264913643
0.72010505288
1.0
0.872299286873
0.727186875109
1.0
0.599500496667
0.885232175587
0.524825900247
0.872278914866
0.593333791272
0.645582181284
1.0
0.820187208688
0.865151005877
0.244855411915
0.89920432869
0.784392983546
0.696259991541
0.837738118502
1.0
0.801690247783
0.379721767458
0.822947102658
0.515172246617
0.332348029976
1.0
1.0
0.754479002921
0.468338407308
0.972896362441
0.6635992371
0.837648725073
0.738147251108
0.891684119551
0.923054283354
0.407919002702
0.762677068467
0.766856878871
0.493484981729
0.896205712104
0.851501718488
0.721669945518
0.703144737132
0.824672768774
0.614458123211
0.49379680868
0.721842737847
1.0
0.733929862885
0.708805849236
0.691147158233
0.83420230344
0.370229058194
1.0
0.545160163426
0.880077824601
0.65780462119
0.849847828927
1.0
0.508466547406
0.0
0.489751497158
1.0
0.93351371806
0.0
1.0
0.46713163224
0.480496806928
0.784416478195
0.928309367875
0.0
0.0
0.85109299193
0.791795425546
1.0
0.608773399527
0.651922445987
0.97203064376
0.766594175697
0.724697944847
0.852311179668
1.0
0.950416785705
0.586624843636
0.312041895503
0.572927096571
0.805720943951
0.836613165154
0.0290688102996
0.792291353908
0.503975385096
0.908912805027
0.453599282579
0.825972903125
1.0
0.781438949949
0.991434925489
0.628313328758
0.949639238148
0.788799111988
0.781643629882
0.337226960914
0.369547012317
0.787066633942
0.914662806358
0.84988916584
1.0
0.684966414614
0.420904558989
1.0
0.989820254525
1.0
0.802504488368
0.630116202514
0.826589042628
0.889770679318
0.569812272029
0.0
0.736331440479
0.873710261092
0.458318278553
0.695759102722
0.778000086849
0.866435330746
0.832863906138
0.701421874465
1.0
0.674679628428
0.265444283195
0.541452024419
0.952756255475
1.0
0.792082746188
1.0
0.72592762336
0.870924008268
0.975935297631
0.933132464644
0.866154693187
0.593572466707
0.815891760399
0.508718099413
0.731792093962
0.516505948517
0.700840953494
0.982090756383
0.955314661383
0.793382281906
0.864231874524
0.46304380735
0.649518093787
0.975098971539
0.833538682649
0.645065335519
0.905862828371
0.86668268622
0.802285242235
0.634016631375
0.316606985414
0.778842225417
1.0
0.774522843981
0.131853232091
0.929348497996
0.312426629603
0.433342090444
0.863744310884
0.835497039677
0.477182052261
0.861741067548
0.963584711618
0.709876815848
0.686685874728
0.548008985718
0.743426910729
1.0
0.864310564949
0.321425471427
0.689880289822
0.778044007662
0.709246308044
0.893507445291
0.733253795798
1.0
0.393536752764
0.916910407426
0.0
0.512411226557
0.640239279596
1.0
0.982843520183
0.5769453561
0.846424849707
0.86768669058
0.868155183031
0.936453122236
0.0352903210474
0.50710863505
0.786915437349
0.756570881473
0.0
0.76983363955
0.406639378254
0.775309511545
0.558646697957
1.0
0.337172121475
0.711044034769
0.772815247882
0.669551886284
1.0
0.0
0.66742059965
0.701568548947
0.940963849099
0.719422769183
0.897335637492
0.759768598471
0.972902249375
0.731644118028
0.830095362579
0.873521105907
0.542436163154
0.789372543992
0.563018957797
0.590260165368
0.597558737493
0.736185366258
0.829003394044
0.0
0.657051519192
0.0
0.723227807143
0.746344879156
0.767483564954
0.127317870433
0.773778967585
0.582788164607
0.973277693979
1.0
1.0
0.503736544552
0.597349167968
0.598984139103
0.797547165573
1.0
0.734580228707
0.807127641909
1.0
0.83920072573
1.0
0.528874697861
0.567244042746
0.75334623775
0.607423569475
0.271554303915
0.676048136323
0.718469768497
0.694890703246
1.0
0.772314185942
0.901473596351
0.752441325001
0.717087849308
0.761905815194
0.911867761865
0.910291771019
0.762183107942
0.817518993088
0.634847444414
0.805601192154
0.621676591807
0.976598250138
0.965578868634
0.920717841567
0.69195122429
0.988853421459
0.451622348497
0.605087353646
0.897473602046
0.0604926516316
0.683077418421
0.538537671569
0.77050211507
0.589834240302
0.589862825737
0.790214255939
0.598768114143
0.294717679687
0.662182524567
0.968998208817
0.451458439329
0.969915300791
0.884105481018
0.637539049646
0.950015832889
1.0
1.0
0.91124612191
0.643459751889
0.638787469743
0.701927739695
0.471835535625
0.481931207015
0.520826595758
0.786154705896
0.634404315501
0.809381096787
0.984601567728
0.703612548314
0.566606973792
1.0
0.631397024033
0.642846000236
0.620570181948
0.66310531818
0.709816010667
0.457449226339
0.811531205111
0.831125251083
0.515330849178
0.845186692653
0.436003766173
0.844433920981
0.740949589231
0.965558425628
0.0
0.722239437878
0.866018681172
0.805563655128
0.0
0.77389997773
0.0
0.951789144024
0.839019427015
1.0
0.901113814925
0.719637571255
0.902209407344
0.615235479272
0.901643407699
1.0
0.334042300187
0.705807966602
0.500308063132
0.916549569551
0.908304942148
1.0
0.848927186377
0.468110198218
0.70716950253
0.850613803406
0.646541878422
0.832305678954
0.856175624819
1.0
0.999770274985
1.0
0.753235346842
0.820870512736
0.667163311482
0.916806416729
1.0
0.548312155677
0.654590814917
0.773763779298
0.724091124511
0.604238129991
0.449700733949
0.729995634276
0.789457648087
0.829774018631
0.516071597084
0.324700515704
1.0
0.174104720485
0.945374853587
0.998088057077
0.477564268565
0.874729591634
0.914702859274
1.0
1.0
0.778086340249
0.967576491352
0.594077117095
0.859561340775
0.575758824625
0.67945932889
0.912565312657
0.630956582181
0.92707765985
0.895556754553
0.530525149025
0.646346386401
0.626173453719
0.926910059409
0.510748065619
0.692439295551
0.950559170267
0.938179635409
0.669214509129
0.588876313624
0.767382793634
0.382443768661
1.0
0.813652703905
0.896674448211
0.799477469326
0.342616848134
0.555113071581
0.642861735284
0.733156233467
0.808000529254
0.657017818296
0.815907634224
0.7950410092
0.860171749527
0.693120405886
0.642012784468
0.409496831579
1.0
0.810326520768
0.616049467234
1.0
0.958578756898
0.746088504761
0.901394827179
0.57841626348
0.440911977002
0.569460289146
0.931682350475
0.56527611097
0.576722277769
0.722659866228
0.74364790874
0.861066354259
0.980322990268
0.912152987336
0.954218113785
0.0567278681589
0.763756771375
0.67557469293
0.643005129327
0.734686413745
0.328444205802
1.0
0.813827116568
0.713111502403
0.739112214715
0.527036418315
0.698867119461
0.351417311976
0.769366225421
0.597869240292
0.844646648044
0.690901009733
0.301820458203
0.581255521793
0.807616098731
0.811492931429
0.726001097992
1.0
0.741237888264
0.254840107125
0.661116827494
0.715752410726
1.0
0.592899548658
0.930557693798
0.861245094086
0.742090932746
0.689896648631
0.915982230694
0.685204090368
0.900474466354
0.449251267161
0.831204718161
0.858796552114
0.422979642338
0.298143207168
0.888781625343
0.012643820474
0.764081562731
0.50896777099
1.0
0.886899368541
0.757172471184
0.25436680272
0.903445033736
0.881925085915
0.831210496895
0.818593373804
1.0
0.361230482213
0.200084196521
0.894696230179
0.714701289756
0.761492339502
0.468116084727
0.32541989336
0.972659374882
0.869026783409
0.453407923995
0.796759537443
0.927332763012
0.877811997862
0.589110690072
0.853301066182
0.638714530419
0.6302850148
0.795439034313
0.412517194109
0.77500384432
