1.0
0.995783386414
0.990000194433
1.0
1.0
1.0
1.0
0.0
1.0
1.0
1.0
0.930265580708
0.924780391755
1.0
0.988954526034
1.0
1.0
0.947034329822
1.0
0.995532938196
0.952048739218
0.968173923984
1.0
0.924401428052
1.0
0.973836997885
1.0
0.941749934173
1.0
1.0
1.0
0.945786432099
1.0
0.636963808524
0.906620550341
0.949919165628
1.0
0.930523382675
1.0
1.0
1.0
0.797139687586
1.0
0.939590059054
1.0
1.0
0.0
1.0
1.0
0.983657331037
1.0
1.0
1.0
1.0
0.989950524323
1.0
0.985555072381
0.974165615402
1.0
0.948307066982
1.0
0.71345461918
1.0
1.0
1.0
0.971022004841
1.0
1.0
0.932485699358
0.93719543444
0.975648531995
1.0
0.951066217354
0.948704864752
0.983287712568
0.989185893671
1.0
0.920960801783
1.0
1.0
1.0
1.0
0.908140262816
0.960216693551
1.0
1.0
1.0
1.0
0.985327065649
1.0
1.0
0.915460954429
1.0
1.0
1.0
1.0
1.0
1.0
0.957224523794
0.966762855759
0.995307003259
0.987235248096
1.0
0.854557780214
1.0
0.813520540905
0.994324349675
0.926148570429
1.0
1.0
0.943748234099
1.0
0.959409874546
0.925622279574
0.998671167994
1.0
1.0
0.707636497421
1.0
0.850856271555
1.0
0.895069418436
0.742738066977
0.964334660044
0.989548352085
1.0
0.0
0.92800970196
0.997755647925
1.0
1.0
1.0
0.988945189572
1.0
1.0
1.0
0.912008436472
0.966478718789
0.989796941068
0.968144735177
1.0
0.925546773802
1.0
1.0
0.971843268899
1.0
1.0
0.910815139008
1.0
1.0
0.990533789273
1.0
1.0
1.0
0.766836569171
0.990342282352
0.990435981124
1.0
0.996444550905
1.0
0.70697441725
1.0
1.0
0.997498064947
1.0
1.0
1.0
0.983373926881
0.671045517858
0.969137515531
1.0
1.0
0.958057734423
1.0
0.901634184684
0.707608621846
1.0
0.929033095259
0.707366015219
1.0
0.638473212842
1.0
1.0
0.627405196428
1.0
1.0
0.930424950401
1.0
1.0
1.0
1.0
0.940294367573
1.0
1.0
0.922139710111
1.0
0.99494421513
1.0
0.895829717871
1.0
1.0
0.993579401116
1.0
0.998240109929
1.0
1.0
1.0
0.994678851617
0.994234247379
0.996450938993
1.0
1.0
1.0
0.868338271475
0.983392219891
1.0
1.0
0.946328753622
1.0
0.75610083886
1.0
1.0
1.0
0.685841564138
1.0
0.971078121195
1.0
0.979759138891
0.861200976469
0.868500745323
1.0
0.991585904376
1.0
1.0
1.0
0.828109843719
1.0
0.985593477523
1.0
0.949552913313
0.855438139741
1.0
0.976759991284
0.986864740177
0.963707514639
0.99975439331
1.0
0.978619136214
0.979462744446
0.973569061242
1.0
0.990839836197
1.0
1.0
0.993360540584
0.0
1.0
1.0
0.974274788051
1.0
0.898557664071
1.0
1.0
0.905863267128
0.858172888484
0.701671836395
1.0
0.89433397099
1.0
0.865442537802
0.612781461837
0.747095257878
0.880333617041
0.902175438609
0.747881712806
1.0
1.0
1.0
0.88517248176
1.0
0.978544944315
0.966206810197
0.963810088697
0.871598439646
0.99541757745
0.678318360754
0.777724598478
1.0
1.0
0.671475144918
0.91639987685
1.0
0.951783836384
0.985115748656
1.0
0.961331371144
1.0
1.0
1.0
0.994834777146
1.0
0.877881299191
1.0
1.0
0.982866134441
1.0
0.861744438077
0.813819699933
0.899701355611
1.0
0.83200290361
0.61891598952
1.0
0.9451346239
1.0
1.0
0.896365621452
1.0
1.0
0.173359134038
1.0
0.831720587786
0.685115422626
1.0
1.0
1.0
1.0
1.0
1.0
1.0
0.97283624526
1.0
0.707824788697
0.0
1.0
0.88089932147
1.0
0.628314850898
0.945505901759
0.863585693265
1.0
1.0
0.542132765088
1.0
0.994775436736
0.835295111733
1.0
1.0
0.937396318397
0.95580561832
1.0
1.0
0.97272976195
0.928551726441
0.893629642543
0.978350222671
1.0
0.708669807861
1.0
0.946259692703
1.0
1.0
1.0
0.708204182968
0.954158502047
1.0
1.0
1.0
0.987539564497
0.897885629556
1.0
1.0
0.956263231595
0.995302418958
0.603420831657
1.0
0.979250422408
0.868935969977
0.963137091977
1.0
0.98534156314
1.0
0.989773321023
1.0
0.865557011731
1.0
1.0
0.970523145587
1.0
0.808083819658
1.0
1.0
1.0
0.842490619478
0.925729766538
0.473921592478
0.966905163606
1.0
0.886820062517
1.0
1.0
0.940662481015
1.0
0.965162722583
0.923863638826
1.0
1.0
1.0
0.937047495788
0.954877330943
0.941647701835
0.868515370412
1.0
1.0
0.923652078715
1.0
1.0
0.939710320509
0.953974255062
0.936082433621
0.402630576367
0.997770552315
0.980077024948
1.0
0.899552217869
1.0
0.960773438714
1.0
1.0
1.0
0.903502164538
1.0
0.957823324035
0.759262035418
1.0
1.0
1.0
1.0
0.918367311538
0.963416322579
0.896275315455
0.954878914621
1.0
1.0
0.967179943819
0.554511361367
1.0
1.0
0.901361479014
1.0
0.994456877822
1.0
1.0
0.863949501705
0.989910959731
0.959130728779
1.0
0.97236996025
0.767504440085
1.0
0.895258080436
1.0
0.894079959413
0.95233145224
1.0
0.9447098801
1.0
0.986663337891
1.0
0.952868252651
0.946554152605
0.94572031797
1.0
1.0
0.974034806914
0.998908629144
1.0
1.0
0.946064481449
1.0
0.804084214092
1.0
0.98788751476
1.0
0.998881963723
1.0
0.952832709588
1.0
0.965547545874
1.0
1.0
1.0
0.965939002348
1.0
0.614691596008
1.0
0.984165155285
1.0
0.990092305234
0.985188124575
0.950502213264
0.740089486165
0.921929011008
1.0
0.189373988624
1.0
1.0
1.0
1.0
0.91751646459
1.0
0.920878733539
0.261976496034
1.0
1.0
1.0
0.995384768674
0.764462598495
0.983673675903
1.0
1.0
1.0
0.961013301614
1.0
0.969921736971
1.0
0.942476152729
0.966445199794
1.0
1.0
0.723482788785
0.933450701706
0.991693384494
0.978015827034
0.967106258193
0.969175772562
1.0
1.0
1.0
0.975734234517
1.0
0.928389626168
0.997977434216
0.726092537719
0.900288642814
1.0
0.98227724689
1.0
1.0
0.375015928346
0.859332908779
0.778840791949
0.979230906544
1.0
0.921410003201
0.997784418045
0.915953366062
1.0
1.0
0.925449973598
1.0
1.0
1.0
0.706684743189
1.0
0.899457262226
1.0
1.0
1.0
1.0
0.944008393918
1.0
0.886553237899
0.839077895845
0.886015463197
1.0
0.826644217915
1.0
1.0
0.824031108783
0.895815730021
0.996144406392
1.0
1.0
1.0
0.981683014749
0.991900312785
1.0
1.0
1.0
0.943405328076
0.954532944827
1.0
1.0
0.968699760605
1.0
1.0
1.0
1.0
0.819531066684
0.860870385593
0.843485210811
1.0
0.971467517216
1.0
1.0
0.949772347026
1.0
0.886219705454
0.49627961125
1.0
1.0
0.923926001043
0.967618569402
0.873140671322
1.0
1.0
0.760953710893
0.784937068742
1.0
0.992996598867
1.0
1.0
0.979221581675
1.0
1.0
0.984942338224
0.707230582949
0.844830427833
1.0
1.0
1.0
0.994834576162
1.0
0.953793687382
0.994899156438
1.0
0.886807773571
0.807666807289
0.937261309978
1.0
1.0
0.977844912535
0.966786664116
0.996995805351
0.858965958469
0.892761752871
1.0
1.0
1.0
1.0
0.950733112338
1.0
1.0
1.0
1.0
0.919127047717
0.849315193285
1.0
0.951543287138
1.0
1.0
1.0
1.0
1.0
1.0
1.0
0.939152342381
1.0
0.936333935027
1.0
0.98199732028
0.998910946965
1.0
0.937990446198
0.974524546158
0.934975323685
1.0
0.88941504779
0.840297665273
0.971120611964
0.986897509182
0.986132982934
1.0
0.828836287472
1.0
0.94047573892
1.0
1.0
1.0
0.987934576856
0.82584525251
1.0
1.0
1.0
1.0
1.0
0.984676554318
1.0
0.926581967562
0.0
1.0
0.96452679037
1.0
0.895754810504
0.799539843286
0.886916919499
1.0
1.0
1.0
1.0
0.93948996333
0.959206542343
0.984061134509
1.0
0.946609616011
0.437090250063
0.890146385794
1.0
1.0
1.0
0.895142182092
1.0
0.890399587958
0.99218055808
1.0
1.0
1.0
1.0
0.766431559368
1.0
1.0
1.0
1.0
1.0
0.995533209343
1.0
1.0
0.933234258982
0.985821652999
1.0
0.938161433258
0.950797683304
1.0
0.290322892461
1.0
0.917702474219
1.0
1.0
0.995072559957
1.0
1.0
0.887925507308
1.0
0.998829333674
0.873043600403
1.0
0.995654997911
0.995178985492
0.987987686443
0.997097773004
0.840009098082
0.93812323839
1.0
1.0
1.0
0.987434748166
1.0
0.979795814723
1.0
0.709747582786
1.0
0.942350350152
1.0
1.0
0.934930827688
1.0
1.0
1.0
0.941760829257
1.0
1.0
1.0
1.0
1.0
1.0
0.996779452693
1.0
0.990581460542
0.342311502861
0.834254349171
1.0
0.973687390076
1.0
1.0
0.976120413863
0.666041395502
1.0
0.975937089125
0.868329179139
0.91872848455
1.0
0.81020992262
1.0
1.0
0.971347038172
0.553862880365
0.982821025673
0.988068775463
0.996266466228
0.896580269607
1.0
0.954340327898
1.0
0.983647321411
1.0
1.0
0.92967681234
1.0
0.969750619865
0.940748727218
1.0
0.914881871639
0.964859521276
0.0
0.984036149415
0.848297077831
0.599985791025
0.997460257467
0.904178498915
1.0
0.932160609686
0.982276637364
0.999771852231
0.912871207505
0.953919714881
1.0
0.998682318711
0.877709605312
0.896273971728
0.784299818454
0.943580110761
1.0
1.0
0.994834702027
1.0
0.97852352983
0.940699807564
1.0
0.892206647113
0.984127577518
1.0
1.0
0.939494512855
0.959103590362
1.0
0.938648581543
1.0
0.904406087464
1.0
0.956386498304
1.0
1.0
1.0
1.0
1.0
1.0
0.962198713286
1.0
1.0
0.824154544241
0.773588381859
1.0
1.0
1.0
0.881799959605
1.0
1.0
1.0
1.0
0.984229223666
1.0
0.993349684012
1.0
1.0
1.0
0.932771422773
0.925691163555
1.0
0.996268113685
0.896461106046
1.0
1.0
1.0
1.0
0.789449456926
1.0
0.972392831667
1.0
1.0
1.0
0.863549950459
0.94985770729
1.0
1.0
0.934964463375
0.975555888756
0.881561790185
0.988621485463
0.989705615703
0.988458827958
1.0
1.0
0.909731755147
0.954927103187
0.997749634814
1.0
1.0
0.99895789176
0.955291335869
1.0
1.0
0.989364066651
0.708382078955
0.984317462692
0.874582563394
0.984662061435
0.939939897122
1.0
0.954521121629
1.0
1.0
1.0
1.0
0.909970076106
1.0
0.998018715026
1.0
1.0
0.958416040133
1.0
0.998775014499
0.952538898974
1.0
1.0
1.0
0.928319581795
1.0
0.818808280286
0.898264468988
1.0
1.0
1.0
1.0
1.0
0.671406109897
0.995679069807
1.0
1.0
1.0
0.969370922699
0.916415550958
1.0
1.0
1.0
1.0
0.541985495836
1.0
1.0
1.0
1.0
1.0
0.566277505469
0.734218242651
1.0
1.0
1.0
1.0
0.99986900307
0.452112982554
0.916780472437
1.0
0.952096356989
1.0
0.795065316294
0.974202322358
1.0
0.948444302453
0.986580225401
0.960670092422
1.0
1.0
0.931107947586
1.0
1.0
1.0
1.0
1.0
1.0
1.0
