18.6717820618
58.4310039816
64.767898101
41.7918035187
4.0
48.1918757899
69.2564500379
3.0
56.7925904208
29.6118135907
11.9216569956
63.8689105187
19.6126139787
33.0357083274
56.2322207161
53.9060919404
7.0
24.2542584751
48.8621681715
9.95039220689
37.9362863262
26.0681533195
7.0
9.95039220689
30.4782811168
7.0
61.5058592109
10.9356392262
4.0
44.0019292599
68.8749652685
7.0
68.1013674259
2.0
44.0019292599
26.0681533195
62.9428297453
51.4501471432
21.4907719796
32.1914548654
1.0
46.1353460603
21.4907719796
55.6630145304
5.0
47.5165987892
57.3488351136
44.7219299137
22.4147855207
32.1914548654
24.2542584751
21.4907719796
26.9637870421
57.3488351136
50.8174670528
65.6382134413
28.7353765438
40.2739116602
42.5362266605
34.7009922242
28.7353765438
1.0
45.4352832363
55.084241354
67.3044151414
23.3408444774
45.4352832363
70.3544598836
25.1649471253
16.7610550391
64.31923494
34.7009922242
25.1649471253
61.0096628521
25.1649471253
44.0019292599
64.767898101
65.2040380256
63.8689105187
66.0633737412
70.3544598836
22.4147855207
15.8063993684
66.89774766
42.5362266605
55.084241354
50.1718951135
38.7236210162
36.334606819
46.830532406
69.2564500379
55.6630145304
50.1718951135
68.1013674259
58.4310039816
63.4084776449
6.0
13.8651367148
30.4782811168
36.334606819
