34.878382413
50.5229361973
60.4641465369
25.2442229226
48.9469872615
7.0
21.5376417226
28.7700429877
1.0
53.1556052747
42.6113040441
34.7923197982
46.8211350533
3.0
14.8588764303
21.5306011109
10.9375501235
5.0
51.6719866587
7.98644442249
30.6513646703
6.0
22.4334909919
50.2177284519
65.8197251483
62.2689913773
53.1250709411
41.4699211751
5.0
25.3042032247
33.0357083274
25.2371991458
28.0124813913
20.6389016992
60.5051094884
21.5531020496
65.1681107745
18.7293091927
22.4648740773
45.7268254898
17.7301211107
9.95056803503
49.5938107587
52.5109989952
39.0408801966
63.1715989039
57.9345087781
32.4718722864
65.3166587544
51.4084701933
3.0
25.2439267161
17.7240871461
38.8318873233
54.5116995932
1.0
6.0
8.9702505601
14.8406938488
4.0
47.2624999757
50.9438222062
33.2011815056
3.0
52.0042697992
5.0
48.1778654882
54.7413483326
40.4492254196
48.2679079128
1.0
10.9360972957
44.3400920838
60.0975607139
34.812913377
9.9509838549
1.0
5.0
26.097326355
7.98543803777
15.8105767876
49.0317201981
35.9797699581
0.0
26.1239475622
25.2987449256
63.345792264
12.9127832219
31.5567311095
69.1719542844
16.7657525377
18.6890701196
27.9469123996
4.0
52.3654429116
33.3627548309
7.0
9.95441410033
31.5114771888
67.5190841763
