2.0
16.8196791694
9.95207210219
39.7521962328
13.8818634138
0.0
30.7602774198
4.0
20.6402642239
23.3505819147
41.5762757743
11.9248749834
23.4610671157
15.8376817572
5.0
11.9245311818
17.7270294183
2.0
29.8864778162
58.329607815
57.4314226351
20.6390773597
24.3754147314
1.0
14.8498265056
15.8367624783
9.95126680571
0.0
50.7574606788
67.803932077
7.0
55.6323022968
24.4165818195
28.9302808149
41.0112338959
44.0976317976
26.2957866019
16.8410897214
2.0
23.4260927682
7.0
22.4758831482
14.870454005
18.7172060038
6.0
6.0
6.0
32.3536281661
40.8341014095
10.9490852636
40.7429928839
4.0
25.3429583649
34.937527917
38.379132988
46.3784079198
19.6266012125
8.0
10.9418009421
36.7123029232
21.5528174448
24.3985181023
32.5785675142
29.8865656544
9.95774443449
7.0
7.0
11.9259482012
14.8645735271
3.0
32.3624130149
0.0
32.6093085598
33.2783048029
68.8354492494
22.5590746176
17.7599952855
28.7316155375
3.0
25.2673927941
35.1569445589
41.9392002301
0.0
24.4510752969
31.6773617176
1.0
31.5129606218
7.98917837935
2.0
12.9191390743
10.9403003964
31.5785764251
1.0
6.0
33.4725874108
24.3737461442
36.9680168697
18.7023515276
6.0
7.99067406575
