1.0
17.776804454
3.0
5.0
20.6384878554
4.0
2.0
45.8046738901
7.98490199148
13.9063401647
32.5841536983
9.95904644833
15.8636790716
10.9643153348
13.8932645444
19.7575399716
0.0
14.8614669498
9.95707028494
8.97872330594
0.0
18.7564903242
7.98547677092
26.1540335824
29.083387221
26.2450967144
34.0584507488
10.9572584913
1.0
16.8094886897
17.7404948705
7.0
12.9156701797
7.99430979018
10.9432135475
6.0
5.0
16.8105474953
10.940278781
7.0
4.0
2.0
9.96111510526
10.9388813924
0.0
8.98139373624
20.6584869086
35.1765338944
3.0
11.9275365591
19.6521145749
19.6910449462
7.0
6.0
1.0
29.8197115069
4.0
3.0
3.0
0.0
62.5649790851
1.0
28.0100057358
14.8498023568
14.8586660766
36.7797683546
29.7796836154
25.3636083117
35.2988965219
1.0
9.96102848857
6.0
8.97347511777
47.492996095
17.7408435501
26.2497334346
33.5522647297
19.672679665
15.8355190363
6.0
10.9397519879
14.8741572583
3.0
51.5227004841
11.9308320418
29.0067535074
45.9248391103
9.9667970978
0.0
6.0
8.98209291303
9.96535247596
50.1511822431
9.96208101697
42.0484565921
4.0
25.3836130198
21.639266384
13.8994884503
5.0
