10.9501760221
1.0
17.7706909315
7.0
14.8637969036
14.8829696214
27.2826086809
4.0
20.6629018619
7.9980377848
3.0
28.190329311
29.0078886404
0.0
40.3046196196
5.0
6.0
7.99677942799
2.0
6.0
45.322651078
6.0
3.0
30.0415708974
2.0
8.97250045498
21.6243951045
15.8731472586
2.0
26.3354257368
30.8370722436
4.0
0.0
48.3186597232
8.0
7.0
20.6915323498
16.7713529424
16.8085906192
16.8194341073
5.0
15.8842333661
16.8346710812
30.9588392696
7.98921295747
5.0
31.9044638986
20.6281618776
7.0
3.0
8.97067323272
2.0
34.5235379471
9.96097394405
1.0
3.0
3.0
14.8531397697
2.0
14.8987804613
23.4624044607
5.0
32.9119104949
25.3883103749
8.99440446322
21.6433029195
7.98979202652
6.0
25.3903550155
15.8423065808
16.8097570087
12.9244666947
3.0
3.0
33.6119297988
13.9063993941
13.9021607083
1.0
0.0
0.0
2.0
38.8880302466
12.914675959
7.0
32.0773018573
0.0
30.0759648976
0.0
8.96924008514
8.0
25.4873884143
3.0
1.0
6.0
1.0
7.0
7.98721171856
24.4529768155
8.97249575145
1.0
