7.99745332276
23.5619976894
10.9513039513
18.7542538055
7.99940517664
19.7522101635
3.0
16.8455656717
27.266546859
24.4597470377
0.0
41.2250728261
1.0
10.9492667914
6.0
6.0
9.97050687568
10.9586902924
15.85596031
6.0
7.0
31.0074434724
34.6172177263
0.0
15.8710252412
6.0
8.98710712134
29.1147477949
2.0
4.0
4.0
4.0
20.6838074627
2.0
29.0744151161
23.5953041577
22.5393705647
24.4335150249
3.0
4.0
0.0
1.0
17.7906454597
11.9458288368
13.9104309167
17.7926377445
31.9488207055
6.0
22.6003415096
13.8949519206
2.0
2.0
9.95970325196
8.99723563099
10.9453698101
6.0
10.9566346802
26.3015033988
0.0
18.7881678244
10.9487150787
9.9621183416
25.5157679865
33.762065371
31.8367117353
16.8312988959
18.7738596156
30.9482172956
15.847706029
3.0
0.0
9.99060759678
0.0
27.3062421554
25.4242508094
14.8617558721
