0.986595187642
1.0
1.0
1.0
1.0
1.0
1.0
1.0
1.0
1.0
1.0
0.993037695615
1.0
1.0
1.0
1.0
1.0
1.0
1.0
1.0
1.0
1.0
1.0
1.0
1.0
1.0
1.0
0.996115299157
1.0
0.894438598273
1.0
0.0
1.0
1.0
1.0
1.0
0.998570552669
0.994064622151
1.0
0.980630698937
1.0
1.0
1.0
1.0
1.0
0.894438598273
1.0
1.0
0.999948983496
1.0
1.0
1.0
1.0
1.0
1.0
1.0
1.0
1.0
1.0
1.0
1.0
1.0
1.0
0.993037695615
1.0
1.0
1.0
1.0
1.0
0.996115299157
0.707142853462
1.0
1.0
1.0
0.980630698937
1.0
1.0
1.0
1.0
0.970170339005
1.0
0.0
1.0
0.989950524323
0.999948983496
0.994064622151
0.970170339005
1.0
1.0
1.0
1.0
1.0
1.0
1.0
1.0
1.0
1.0
1.0
1.0
1.0
