1.0
1.0
1.0
1.0
1.0
1.0
1.0
0.996041850055
1.0
1.0
1.0
1.0
1.0
1.0
0.975147945553
1.0
1.0
0.981495020934
1.0
0.963525046587
0.707583833461
1.0
1.0
1.0
1.0
1.0
1.0
1.0
1.0
1.0
1.0
1.0
0.0
1.0
0.96160111089
1.0
1.0
0.989116662404
1.0
0.985441058773
0.966960731579
1.0
0.948805808912
1.0
1.0
0.955393515499
1.0
1.0
0.980224644692
0.992634890008
0.707478855024
0.989329565123
1.0
1.0
1.0
1.0
1.0
0.99055719917
1.0
1.0
1.0
1.0
1.0
0.970066586534
1.0
0.9386705183
1.0
0.916163378926
0.995540247815
1.0
0.997407970923
1.0
1.0
1.0
1.0
0.0
1.0
0.978639181698
1.0
0.952103311792
1.0
1.0
0.0
1.0
1.0
1.0
0.980722494637
0.984613142951
1.0
1.0
1.0
0.967734908045
1.0
1.0
0.978066727636
0.99308821445
1.0
0.993728279975
1.0
1.0
