1.0
0.994307497788
1.0
0.943766805124
0.998665779774
1.0
0.974936595464
0.987316613044
1.0
1.0
1.0
1.0
1.0
0.90629474123
1.0
0.910817544903
0.949328480985
1.0
1.0
0.980004258841
1.0
0.999356024391
0.956479660358
1.0
0.987699810447
1.0
0.9944494617
0.979922778041
1.0
1.0
0.96206362593
0.956326862871
1.0
1.0
1.0
0.97742203842
1.0
1.0
1.0
1.0
0.968379670027
1.0
1.0
0.965452433604
1.0
0.983743853
0.985852702983
1.0
1.0
1.0
0.956639440719
0.974637922734
0.984725401384
1.0
1.0
0.951149741265
0.988412090344
1.0
0.986548737478
1.0
1.0
0.0
1.0
1.0
0.969893282805
0.943298170621
1.0
1.0
1.0
0.970766827447
1.0
0.959121058414
1.0
1.0
1.0
0.997992570964
0.985018861026
1.0
1.0
0.9580993758
0.993102320389
0.994717217985
1.0
1.0
1.0
1.0
1.0
0.978053520179
1.0
0.985252985948
1.0
1.0
1.0
1.0
1.0
0.952265859068
0.945603710836
0.979089930182
0.894957744902
1.0
