0.976743214902
0.964351100018
1.0
0.940244121164
0.964676663487
1.0
1.0
0.960389957838
0.977943797797
0.952212018086
0.905861978681
1.0
1.0
0.996839769837
0.939746166814
0.913657106076
0.963819370282
0.993693354678
0.710934238059
1.0
1.0
1.0
1.0
0.984440690171
0.912596919907
1.0
0.94405207408
1.0
1.0
1.0
0.96284049379
0.988252670193
0.975794487005
0.988420632843
1.0
1.0
1.0
1.0
0.86510600761
0.99422838265
1.0
1.0
1.0
1.0
1.0
1.0
1.0
0.990247513339
1.0
1.0
0.996638554433
1.0
0.990831595393
1.0
0.984639209978
1.0
0.927257348197
0.95184610157
0.971611176948
1.0
1.0
0.965834195962
1.0
1.0
0.0
1.0
0.912123739272
1.0
0.711578517604
1.0
0.976220020917
0.993777425034
1.0
0.97240455199
1.0
1.0
1.0
0.987936002653
1.0
0.991296718678
1.0
1.0
1.0
1.0
0.983418604198
1.0
0.95703991532
0.88219427807
1.0
0.987069042516
0.947387881992
0.90124243395
0.982994605099
0.967554482513
1.0
0.9826921508
0.979001175239
0.99120002358
0.96303570215
1.0
