1.0
1.0
1.0
0.0
1.0
0.967596896071
1.0
1.0
1.0
1.0
1.0
0.0
1.0
0.0
1.0
1.0
0.995881070377
0.998567408951
1.0
0.947206932711
1.0
1.0
0.0
1.0
1.0
0.71508076537
0.0
1.0
1.0
0.978692622028
0.992400804944
1.0
1.0
0.986851802418
1.0
1.0
0.949866823938
1.0
0.976236760706
0.0
1.0
1.0
0.968890305478
1.0
1.0
0.846336847769
1.0
1.0
0.972523236083
0.971537835479
1.0
0.940673867128
1.0
0.908140158968
1.0
0.998114059901
1.0
0.991966742385
0.992671780874
0.0
0.709627511934
0.842497062961
1.0
0.921431016875
0.0
0.977615571741
1.0
1.0
0.985789230971
1.0
0.972083498707
0.99759655193
0.995030595813
1.0
0.972690616203
1.0
0.977632659912
1.0
1.0
0.968351896079
1.0
1.0
1.0
0.999797010834
1.0
0.978578422072
0.980877301291
0.989417683371
0.993878522916
0.710215862853
1.0
0.976894205529
0.0
1.0
0.968942524122
1.0
0.952113463158
1.0
0.991774121892
1.0
