1.0
1.0
1.0
1.0
0.736348906163
0.988747972446
1.0
1.0
1.0
1.0
0.0
0.940944964525
1.0
0.952224265567
0.973880553242
1.0
0.0
0.913915997236
1.0
1.0
0.9627915489
1.0
1.0
1.0
1.0
1.0
1.0
0.0
1.0
0.986533217399
1.0
0.982216720674
0.994083290671
1.0
1.0
0.948145643402
0.0
0.713875481992
0.980723004377
0.729663389966
1.0
1.0
1.0
1.0
1.0
0.906940827378
0.980061667988
0.970248860776
1.0
0.953325247806
1.0
1.0
1.0
1.0
0.963268158855
1.0
0.731787567005
0.938651023103
0.950052456976
1.0
0.931720364234
1.0
1.0
0.909382048657
0.960445690263
1.0
1.0
1.0
1.0
1.0
1.0
1.0
1.0
1.0
0.940062721757
0.978264170661
0.968121738249
1.0
0.715227473507
0.986108283781
0.71813799229
1.0
0.93384718969
1.0
0.986340697005
0.933203975601
1.0
1.0
1.0
0.987146480415
0.972895905163
0.0
0.985690080583
1.0
0.977788668747
1.0
0.709786188382
0.920996590791
1.0
1.0
