0.716172926528
0.901907082504
0.73033502135
0.995603487432
0.981751540181
0.0
1.0
0.727428969785
1.0
0.922726009007
0.920896212475
1.0
0.711534501146
1.0
1.0
1.0
0.0
1.0
0.710633280958
1.0
1.0
1.0
1.0
1.0
1.0
0.716567631688
1.0
0.907795712928
0.84872672915
0.981422670119
0.970045035859
0.919309425548
1.0
0.993580985095
1.0
1.0
1.0
1.0
0.710338918979
0.936884259398
0.97582443116
1.0
1.0
1.0
1.0
1.0
0.0
1.0
1.0
1.0
1.0
1.0
0.0
0.992135357088
1.0
0.979697560769
0.988592282953
1.0
1.0
1.0
1.0
0.984392228666
1.0
0.977271739028
1.0
0.995833043137
0.976010090612
1.0
1.0
1.0
1.0
0.0
1.0
1.0
1.0
0.983517775143
1.0
1.0
1.0
1.0
0.956078428037
1.0
0.999875648979
0.988396268474
0.0
1.0
1.0
1.0
1.0
1.0
0.0
1.0
0.714100235274
0.0
0.984276622532
0.952532069689
0.0
1.0
1.0
1.0
