1.0
1.0
0.7114575055
1.0
1.0
0.99625428582
1.0
1.0
1.0
0.999210748379
1.0
0.0
1.0
0.736471031195
1.0
1.0
1.0
0.991474803639
0.997604893106
1.0
0.0
0.0
0.0
0.0
0.907629696112
0.852515806805
1.0
0.680119449908
1.0
1.0
1.0
1.0
1.0
1.0
0.997406769224
1.0
1.0
0.973046161122
0.992705277867
0.72356714663
0.979028928048
0.935784235857
1.0
1.0
0.0
0.0
1.0
1.0
0.977902951418
1.0
0.952157127536
1.0
0.0
1.0
1.0
1.0
1.0
1.0
1.0
1.0
0.0
0.0
0.871518684288
1.0
1.0
1.0
1.0
0.982202552335
0.955686206239
0.0
0.999921475188
1.0
0.910948633692
0.992618211404
1.0
1.0
1.0
1.0
0.0
1.0
1.0
1.0
0.986561740786
1.0
1.0
1.0
1.0
1.0
0.984853487754
