0.9658160185
0.9572351823
0.7085032962
0.9676825176
0.9426589506
0.9464251988
0.9665937273
0.9293427091
0.938619129
0.886816892
0.98511637
0.9819148168
0.9530118866
0.9724565076
0.9305326949
0.9510669862
0.7090911569
0.996697277
0.9962835301
0.9788866935
0.9279070917
0.9679706296
0.7091841184
0.7083447205
0.9819841371
0.9913215294
0.9495065128
0.9533984928
0.9897802464
0.9638481132
0.8974239217
0.9965267025
0.9560258973
0.9781689992
0.9747709135
0.9490324547
0.942822257
0.9747476039
0.9530197095
0.9546251294
0.9870128949
0.994889557
0.967747081
0.9878105746
0.7079134561
0.9560062804
0.7076084775
0.9855435591
0.9965366334
0.7079703806
0.9251108517
0.9584087297
0.9627561455
0.9801458037
0.9967001974
0.8343953426
0.9484629796
0.9808577357
0.9737304779
0.9905354866
0.9515982858
0.996134162
0.9936458441
0.9941504194
0.959231823
0.904701678
0.9701824947
0.9848930519
0.9468671862
0.9247946538
0.9591165996
0.9931490597
0.996668174
0.9936760133
0.9500183996
0.9990975986
0.9444394809
0.9786287139
0.9807309149
0.9522956824
0.9577732134
0.8874364812
0.9945961063
0.9663214331
0.9412755174
0.9466836974
0.9550165021
0.9887553353
0.9969328195
0.7097629652
0.983330691
0.9893899827
0.9809685592
0.9766772372
0.9073716459
0.9551494984
0.851077264
0.9826125185
0.8795953167
0.894055898
0.8440036922
0.9666078626
0.993488714
0.9581842308
0.9840526609
0.9266403474
0.9408057358
0.9634527737
0.957966008
0.9722919558
0.9770397953
0.9501076853
0.9962747429
0.9895118575
0.9884862668
0.7087461529
0.9736969342
0.9459877799
0.8984070421
0.9961942953
0.9076252067
0.9840150244
0.9564025194
0.9883437448
0.914770278
0.9663416132
0.9324543172
0.9746481751
0.7079624828
0.9558432023
0.9758767605
0.8874753336
0.9708810314
0.9975792427
0.9959750819
0.9371899135
0.7086890213
0.9591953701
0.907350913
0.9816519243
0.9868008591
0.9748747371
0.9414241947
0.9947182247
0.9787271822
0.9004587726
0.9846367777
0.9541802656
0.9449529502
0.9248325585
0.710250375
0.8165939427
0.9007495252
0.915611668
0.877796036
0.9857165412
0.9778746919
0.9456731114
0.89953784
0.9850911926
0.7085320025
0.9913027137
0.9778449922
0.9133199682
0.9590967596
0.9903748988
0.9563240656
0.9767511169
0.9969936255
0.9582157303
0.9309642163
0.9950151374
0.8498696129
0.901985101
0.9736028707
0.9991892202
0.6756181987
0.9812516725
0.7089275861
0.9102653035
0.7138909931
0.9974383153
0.9678041511
0.9944399212
0.9592521933
0.9810430306
0.9918491251
0.7091841626
0.9005789656
0.9034063911
0.9836012968
0.8960873599
0.9863033393
0.952840452
0.9749717251
0.995462464
0.9027350985
0.9659554919
0.981436727
0.9274672365
0.9279935197
0.9522585532
0.9328080705
0.9588863687
0.971581242
0.9881461791
0.710019838
0.9988794287
0.9960946927
0.903245871
0.9934955945
0.9986752174
0.9151178622
0.9260691973
0.894862528
0.7108929255
0.9969234129
0.7353426927
0.9869225375
0.9076621463
0.9594717745
0.99982198
0.9838571087
0.981870496
0.9684074653
0.993606627
0.9723381273
0.9424665442
0.9077944692
0.9803690287
0.9808705811
0.707789353
0.8997207575
0.9688091594
0.9889380518
0.9768911562
0.9944391894
0.9097528827
0.9068247378
0.959646039
0.9940098696
0.931181448
0.959922155
0.8950497343
0.95528635
0.9837972548
0.9975528657
0.976575141
0.9911916979
0.8956623397
0.9064752417
0.9539046114
0.9148481073
0.985155012
0.7114720965
0.9520353425
0.9838665514
0.7127485691
0.9876556147
0.9485965193
0.9954132494
0.9542190237
0.9062490231
0.7135094314
0.7082361361
0.9969367519
0.934950747
0.9788865553
0.9925400365
0.9678614502
0.9768004738
0.9322494117
0.9928941987
0.9893570878
0.8805969112
0.88548827
0.9897199591
0.9899925607
0.9505521055
0.9968484406
0.7097257031
0.9445036695
0.969561945
0.7083215735
0.8975850167
0.9693049182
0.8762694753
0.9850692686
0.9847215969
0.8956917538
0.9965442175
0.9903352115
0.9022117556
0.9890397834
0.9909329531
0.9994896679
0.9721464631
0.972677018
0.9616415103
0.9234489467
0.9808931359
0.9228468007
0.9870451009
0.9949232648
0.9844849273
0.8978022285
0.9165018086
0.9681978378
0.991578972
0.9986346792
0.971757268
0.9538535764
0.9851221684
0.9952012332
0.9953193329
0.98351082
0.9585702186
0.9965461498
0.9887290766
0.9800722019
0.9559339114
0.7084787038
0.9904472157
0.9471267511
0.9988843432
0.9020405915
0.9065211097
0.9868574242
0.9019034304
0.9807698373
0.9597493972
0.9925169715
0.9865359561
0.9713264474
0.9926408368
0.9290611847
0.7078926076
0.94107386
0.9559294993
0.9854323893
0.9405920133
0.9948546774
0.9206354405
0.9827464993
0.9802941095
0.9415376259
0.9915770285
0.9658682322
0.9651672661
0.897424082
0.9427288283
0.9602496543
0.9957908852
0.9791620745
0.869711385
0.987389261
0.908527176
0.8969054242
0.9555292773
0.950014992
0.9218433544
0.8740053902
0.9512301987
0.9368721817
0.9923554855
0.968220916
0.9933434293
0.926977507
0.9830865675
0.9955461526
0.9980720443
0.9415478345
0.9677882368
0.9765601074
0.9918728587
0.9584206478
0.9634458211
0.7115301645
0.9938964298
0.7099088782
0.9102674167
0.8951935102
0.9895859957
0.9364862227
0.9580179136
0.9795323195
0.9746960882
0.8431411994
0.9205863579
0.9618865877
0.8123171469
0.9502448671
0.9498219132
0.9731486448
0.952510591
0.9905001975
0.9874604983
0.9458476258
0.9922974964
0.9231671148
0.9707287915
0.9601878552
0.9242812435
0.9923233074
0.947220666
0.9881075805
0.9724051305
0.9816925666
0.9906313644
0.990930639
0.9943669923
0.9571801434
0.9394723182
0.9750569162
0.9830615494
0.8980763408
0.9971542655
0.9855589426
0.9762666522
0.9927080411
0.998647176
0.9992557645
0.9893532554
0.9961046672
0.9469634043
0.7098713094
0.9950458393
0.9903384452
0.9719962777
0.977212756
0.9561580103
0.9738405998
0.9455970898
0.9805633218
0.9474322948
0.8584265611
0.9483861977
0.9807631826
0.9588496747
0.9666803952
0.9990947538
0.9611115692
0.982123134
0.9685216266
0.9806130073
0.8964030962
0.9724788255
0.9791327755
0.9858991204
0.9003632255
0.9546853007
0.9085263879
0.9591586898
0.9503985026
0.9718675669
0.9569883994
0.9083249256
0.9811303592
0.9565787576
0.9485665111
0.9975107792
0.9510198153
0.994868631
0.9986544465
0.9960812872
0.9625834362
0.8740069131
0.9795844154
0.9721783105
0.9024047135
0.998369507
0.7228890851
0.9049747756
0.9005064356
0.9344160105
0.990640562
0.9801414317
0.9917345079
0.9994710282
0.9850247167
0.9691703399
0.9005722924
0.9911634495
0.8743642818
0.9377008682
0.9915678426
0.9802181614
0.9765981747
0.9037455864
0.950469229
0.9889992481
0.9287187728
0.9923301826
0.9752516602
0.9773089641
0.9385732002
0.992268391
0.8974331265
0.9121246627
0.9556404251
0.9837132204
0.9842450864
0.9949343955
0.9738830972
0.9857013418
0.9526382918
0.9695384656
0.7274958915
0.9864140657
0.9787340098
0.9950259755
0.9756691212
0.9919301581
0.9959788686
0.9738610769
0.9798581133
0.9542211949
0.902701122
0.9901666423
0.9066331996
0.9714798924
0.9453353891
0.8960513943
0.9476276072
0.9607320927
0.9865365521
0.9817661367
0.9982686819
0.9631309575
0.9407177584
0.9429433533
0.9690851485
0.9925618609
0.9463438232
0.970771969
0.9467049823
0.9620534047
0.9880794448
0.7088315643
0.9755406668
0.9970727282
0.9359184278
0.899832195
0.983707936
0.8686687971
0.9857833942
0.966763585
0.9215423128
0.8895061657
0.9971722933
0.9249399788
0.9399993297
0.9214547542
0.9814018377
0.9162456225
0.7120156009
0.9885660184
0.7079890038
0.994073734
0.9439572424
0.9594163285
0.9818014931
0.8984952895
0.9862143087
0.9446709881
0.98881772
0.9264603033
0.9271073416
0.9998185003
0.9193469547
0.9466690057
0.9630745498
0.9516775203
0.9876575483
0.9671803743
0.9924761209
0.9098351488
0.9920976013
0.9738876317
0.9793381847
0.990722823
0.9671943239
0.9841812173
0.9771026911
0.9584556411
0.7078131929
0.9752587348
0.8864588394
0.9377707229
0.99072046
0.9480726271
0.9271431243
0.7123822532
0.9826610733
0.959210059
0.987838637
0.9970458457
0.9906976591
0.9957759995
0.9774797436
0.9647670519
0.9461688717
0.995193229
0.9949450643
0.9512612341
0.9686331106
0.9250619716
0.975760499
0.9563754375
0.9817336193
0.9945090113
0.9875271435
0.9464856112
0.9788070386
0.8828802913
0.9776792174
0.9944114245
0.8958162818
0.9995659209
0.9586375193
0.9687673596
0.9479870146
0.9964467205
0.9777871478
0.8998093363
0.9645204514
0.7208473867
0.9458875326
0.9912556116
0.9588501663
0.8978253514
0.9958923298
0.9851289216
0.8869666897
0.9603454714
0.9550405433
0.9492970654
0.9455646263
0.9551824281
0.984897826
0.9963484105
0.9574203435
0.9582180869
0.9922104713
0.9523996627
0.9919063579
0.9808335813
0.9973351368
0.9830166794
0.7079703857
0.9926291788
0.7081713911
0.7089296874
0.9533973078
0.9834216682
0.9767031324
0.9392620481
0.9852538285
0.9897272564
0.9373478916
0.9925948619
0.9932751951
0.8504993372
0.9877269542
0.9709878011
0.9466877762
0.7078838525
0.9822963627
0.9580483014
0.9481910017
0.9770746569
0.9605047903
0.9898460677
0.9956393907
0.9242301871
0.9771136267
0.9935715373
0.8701329001
0.9956031498
0.9948221832
0.972580654
0.9467622919
0.9138690302
0.9567934931
0.9580691097
0.986947717
0.9980617265
0.9887895693
0.8985126312
0.9015562037
0.708192056
0.9186495781
0.9603656893
0.7301532989
0.7085494957
0.7155060106
0.9897518086
0.9940674809
0.9531448905
0.9749863544
0.9876638634
0.9884710948
0.9664576946
0.9879597219
0.9700278633
0.9890912842
0.9584980143
0.9606541754
0.9627534841
0.9972519552
0.9908952493
0.9609071711
0.9972104414
0.9931449834
0.7167423003
0.9766583937
0.9899178229
0.9664402685
0.9876702249
0.9714837262
0.9716650316
0.9211909976
0.9453886407
0.9481487235
0.9897457757
0.9863321744
0.973731745
0.7105197638
0.9865142054
0.8996590925
0.9827835285
0.9581388975
0.8991559938
0.8996883282
0.9576125298
0.9755570066
0.9771023194
0.977319348
0.9981079751
0.9729971298
0.9152877856
0.9868252437
0.9274885989
0.986285201
0.9446942326
0.9825549772
0.9900696601
0.9865508667
0.9178844183
0.9919315038
0.9707882802
0.9860034794
0.9355877618
0.7110812415
0.7125252007
0.9590255089
0.9975694895
0.9351567282
0.9943369181
0.7093284728
0.9203075091
0.9942591111
0.9502514764
0.9623107344
0.9532351683
0.7079789986
0.7108408345
0.901657856
0.9855028066
0.7677496018
0.9494571346
0.7135550861
0.7082698374
0.8816631469
0.9622088363
0.9847366078
0.9751182083
0.9987345587
0.8957499547
0.9850925553
0.9833212999
0.9984823308
0.9747525144
0.975776333
0.995582066
0.9785192786
0.9886412347
0.9809474632
0.9919630985
0.9657747478
0.9984390362
0.974206884
0.9486403
0.9113148977
0.9990570344
0.9891817887
0.9820061261
0.9659950342
0.9949080983
0.9568336469
0.9395654151
0.9999963677
0.9780277023
0.9038081813
0.9545484171
0.9856692912
0.9871193663
0.9861972643
0.9957223384
0.9582983476
0.9614955566
0.9978915995
0.9988334122
0.9992070573
0.9898225118
0.9875656724
0.9536762723
0.6764623073
0.97808103
0.996176452
