0.9976812463
0.9927657658
0.9552367817
0.9592606149
0.965652024
0.9670355006
0.9950435324
0.9803732165
0.9807305868
0.9767239562
0.9949389207
0.9721533046
0.9856154634
0.8968037066
0.9972715632
0.9580057009
0.9947003778
0.9136769222
0.9901532629
0.9734454093
0.9873213799
0.9340523425
0.988971973
0.9955647539
0.9747321588
0.9747862441
0.998587964
0.9679292182
0.9880228637
0.9842058576
0.9724322114
0.9930656804
0.947177668
0.9475808026
0.9946847905
0.9809911193
0.9816543521
0.9716506994
0.9810926607
0.9935251803
0.9771198106
0.9939829513
0.961544493
0.9812303473
0.9584467493
0.9968556314
0.9123332546
0.9676771903
0.9935170647
0.9568827274
0.9941006113
0.9803624441
0.9950822794
0.908346484
0.9911583027
0.9924277381
0.8616092312
0.9874408532
0.9642979806
0.9350065729
0.9912642824
0.9881869428
0.9757024683
0.979487301
0.9567323013
0.9882586272
0.9763697041
0.7118389459
0.9600889233
0.9279998927
0.9172932783
0.9069800498
0.9892601128
0.9842246265
0.9054895242
0.959409691
0.7104181822
0.9777707352
0.9890297405
0.7114295689
0.9738143296
0.9896290047
0.9751898652
0.9654262765
0.9749837735
0.902557525
0.9997160383
0.9896178106
0.9779721954
0.9057243013
0.7093356025
0.9720381854
0.9057060239
0.9911411881
0.9729364345
0.9432278627
0.9481783741
0.8601352596
0.993224981
0.9866835753
0.9804477619
0.9602339561
0.9507544224
0.9034987322
0.9807690773
0.9625228854
0.7175778177
0.9849105668
0.9933467549
0.8988064581
0.9570203248
0.9963612688
0.9269882653
0.9051910996
0.8926843729
0.997368656
0.947191997
0.9731908391
0.9390800935
0.9863321144
0.9632266034
0.9988126284
0.9958471751
0.92877382
0.9857568794
0.7081919553
0.9283032553
0.9993958483
0.7086422128
0.9946321286
0.993806132
0.9967164351
0.9129635656
0.9224975589
0.7095548107
0.9646877535
0.9328597216
0.9266468979
0.9910680006
0.9465680352
0.993901374
0.9972933165
0.9028041245
0.9849516868
0.9163269503
0.709943301
0.9972602287
0.9542031451
0.971784424
0.9908201707
0.9165110525
0.9876843171
0.8834110862
0.7080209889
0.9450239655
0.9058867359
0.9827639614
0.9448813591
0.9974819495
0.982288006
0.9868689898
0.9819063955
0.9261040053
0.7104075161
0.9815945887
0.7080238904
0.9617529989
0.9743531078
0.9796019215
0.7084687287
0.9799890693
0.977349375
0.989216948
0.9597698227
0.7250554133
0.9651598482
0.9759210138
0.9826203502
0.736083902
0.9948818559
0.9866066534
0.9056374075
0.9773245602
0.9847974762
0.9617707043
0.9792740488
0.9849425582
0.9758200257
0.9630445342
0.9674873493
0.9947180611
0.8980599007
0.9921559273
0.9851815516
0.7145612261
0.9844225722
0.9928318767
0.9815732922
0.9839646882
0.9047544401
0.7153304579
0.9012903371
0.9074418647
0.962431361
0.9828393796
0.861691692
0.9017446619
0.9527724676
0.717362055
0.9042443711
0.9748599235
0.9769031749
0.9986243358
0.9751335845
0.9667728013
0.9762334505
0.9848646674
0.9828973836
0.9825507459
0.9686592133
0.9427306266
0.969961416
0.9993228673
0.9742895711
0.9869323481
0.9767604842
0.9820688681
0.9943333196
0.9941479067
0.9925571593
0.9815910889
0.7273828631
0.9547636523
0.9666127848
0.9034966713
0.9724240972
0.7098668931
0.9831961096
0.9636009266
0.9886413976
0.9655756105
0.9816262794
0.9734653998
0.9953995945
0.9624150463
0.9678730311
0.9379626821
0.9172203956
0.992200067
0.9624534755
0.9972817133
0.962808305
0.7093895209
0.9906763937
0.9790866692
0.9713816023
0.9027012603
0.9694797833
0.9339405854
0.9355572875
0.9998668077
0.9998625682
0.9041138956
0.9682109852
0.9656512933
0.9441476779
0.7085742947
0.9883727915
0.9873156616
0.9970248732
0.9382005584
0.9700974013
0.9091028478
0.9678662522
0.9949931813
0.9392799122
0.9844087579
0.9912817038
0.9392574511
0.9084440332
0.8414696962
0.9563439359
0.9390617511
0.9562348142
0.8990304356
0.9801452257
0.9760171639
0.9891114224
0.9332660547
0.9714760252
0.7093008571
0.9964727756
0.9857671641
0.998711397
0.9814055018
0.9685484334
0.913737054
0.9908942497
0.988660756
0.9990044928
0.9921850139
0.9116257483
0.9836795163
0.9428874652
0.9593840298
0.897311434
0.8833660784
0.9726172971
0.9611792297
0.9664320634
0.9865866076
0.9078360326
0.9390122172
0.9576771562
0.9540184157
0.963715599
0.9639107061
0.9830084531
0.721628559
0.9616780161
0.8557857573
0.986596679
0.9816574445
0.9514429422
0.9994264455
0.9843085503
0.9536095732
0.9674873907
0.9879515345
0.9687507916
0.9875320883
0.9870405455
0.9611456855
0.8837796887
0.9815562361
0.9754311687
0.9842637847
0.9911488822
0.9467964503
0.9742256037
0.9916684624
0.9839162672
0.9982753234
0.9577911488
0.9655152055
0.9333384574
0.9473692221
0.9911797043
0.9733076886
0.9923492821
0.8996676367
0.9589907294
0.9166311934
0.964143008
0.9899090152
0.9922646572
0.9623487467
0.7182474379
0.9753986194
0.969888615
0.7141101636
0.9838567878
0.7084290628
0.9874107714
0.9138407055
0.7114056168
0.942362283
0.9919654312
0.9434480382
0.9983531999
0.9530134353
0.993665778
0.9973197984
0.9722279743
0.7092986358
0.9790520354
0.9969679885
0.9924439245
0.997688817
0.9713804838
0.956527701
0.9862628493
0.9105403137
0.9078413904
0.9051570684
0.7098247764
0.9878597539
0.9496175043
0.9558733667
0.9614713298
0.984136441
0.9762835922
0.9686190231
0.9941685107
0.9924181459
0.8966089115
0.9976810659
0.9855458714
0.9954368346
0.9671631587
0.9677029199
0.7253949479
0.9506281235
0.9947530798
0.9758228916
0.9084476103
0.8792108235
0.9830732612
0.969632604
0.9574058425
0.9375450607
0.9516228497
0.9908008189
0.7086289394
0.709152343
0.942783614
0.9617203687
0.902814911
0.992429692
0.9932251904
0.931768948
0.9784549733
0.9873291009
0.9835177916
0.9559636437
0.9585585879
0.9271670553
0.9911992884
0.9985363843
0.7258349007
0.9842244799
0.9531822231
0.715247874
0.9945313443
0.964638584
0.9560437872
0.7102687133
0.975423754
0.9413319528
0.9550770457
0.7181809518
0.9937047655
0.9541282411
0.9667684693
0.9995874406
0.9635173521
0.9933502283
0.9305671747
0.8619873737
0.9590507058
0.9858475161
0.9585132577
0.9846580262
0.9891067064
0.9581227124
0.9426636983
0.7116770069
0.9343855123
0.9891332425
0.9182291891
0.709046924
0.9769808073
0.9556220938
0.9925034275
0.9600095145
0.9938421743
0.9902554782
0.9016499477
0.9672623849
0.9676849218
0.9866852616
0.9859919696
0.999194048
0.995010553
0.9393528311
0.7918124
0.8709436613
0.9927894988
0.9759236925
0.9595934824
0.8788717073
0.9975451017
0.8775835397
0.9615552829
0.9621729578
0.9505126107
0.9121133258
0.9753958453
0.9652293221
0.9798104993
0.9792921684
0.9529079347
0.9277535607
0.9826564365
0.8200579638
0.9776580975
0.9770709447
0.9785928744
0.9729504714
0.7167933408
0.9407303426
0.8741697954
0.9902026219
0.9307329035
0.90972159
0.9974379154
0.9934448234
0.8796175344
0.7082152434
0.9798287478
0.968538143
0.986420762
0.9851242408
0.709059278
0.9710446481
0.980610959
0.9014836065
0.8960671238
0.9085401485
0.7237732819
0.9877373435
0.9396082914
0.9738949844
0.9139176961
0.8398005147
0.9780503085
0.9897246465
0.996371658
0.7099417243
0.9682471047
0.9929069182
0.9602973707
0.8961293079
0.9771991787
0.9076204164
0.987840003
0.963438209
0.9676377443
0.9908115404
0.9832706059
0.9441121856
0.9887707009
0.9811208995
0.7114588564
0.9300776829
0.9339388927
0.9744861729
0.9973718282
0.7255543235
0.9938421165
0.990246505
0.9586749272
0.9503571768
0.9966111425
0.9929379679
0.7157750636
0.9821177302
0.9758616204
0.9297076666
0.9989464808
0.960188136
0.9488698028
0.9837209011
0.9928731494
0.9531782904
0.9577086424
0.9207789455
0.9720448582
0.9043719535
0.9914683214
0.716757298
0.9985360807
0.7119859024
0.7093475509
0.9791085949
0.9001449222
0.9871248448
0.995508046
0.9444285657
0.938007717
0.9711238307
0.9288041148
0.9059156218
0.9477770012
0.9503779144
0.994707592
0.9805114721
0.7095667704
0.9804291251
0.9119808112
0.9552183626
0.9079576984
0.7102618536
0.9921354164
0.9627413733
0.9605153615
0.995828954
0.9811659809
0.993183734
0.9792380625
0.9945379242
0.9864058014
0.9924679475
0.9569789437
0.9108751228
0.991881816
0.9563286071
0.9079790202
0.9737536088
0.9375699161
0.9433732523
0.9572831558
0.9940852121
0.9823567681
0.9731455238
0.9856611398
0.9954670307
0.9650992523
0.9577667786
0.9502907672
0.9199491029
0.9819167084
0.902701221
0.9616150024
0.9903507188
0.8761541779
0.9917669346
0.9954966078
0.9750919795
0.943391062
0.9539148614
0.9257392014
0.992429025
0.9558298202
0.964470609
0.9866948896
0.9881489864
0.9840248409
0.9891225494
0.973327107
0.7086556343
0.8787029801
0.9926058367
0.9866896782
0.993523053
0.9158628706
0.9369690502
0.9598683873
0.9951817381
0.8687403578
0.9933152597
0.7180813469
0.9983588784
0.9956856118
0.8984193845
0.9741520766
0.9908913957
0.951669545
0.9549320203
0.9907539755
0.713482354
0.9734701464
0.9901605309
0.9531676644
0.9915963357
0.7157901473
0.9775733635
0.9037337206
0.9016435024
0.9797822822
0.9989231078
0.9597434041
0.945591565
0.9948812459
0.9035678165
0.9754286045
0.9745560656
0.9729808773
0.9801420913
0.9896206177
0.7130494811
0.9763983933
0.9921596739
0.9039861568
0.9763812549
0.9784626544
0.9783898627
0.9875994651
0.978859747
0.909478132
0.7101477072
0.9763781669
0.9537678768
0.9828474908
