5.61808701826
10.0897715257
7.15550878619
7.15550878619
4.7725108176
8.48006117952
7.15550878619
10.5360846953
8.48006117952
10.0897715257
10.5360846953
9.60027547814
6.41312327877
4.7725108176
9.06456902399
4.7725108176
1.0
1.0
11.3142856554
6.41312327877
1.98607539123
1.0
8.48006117952
8.48006117952
9.60027547814
1.98607539123
10.9432732333
2.94921819651
8.48006117952
1.0
9.06456902399
9.60027547814
7.84427171345
11.3142856554
9.60027547814
7.15550878619
5.61808701826
1.0
10.9432732333
4.7725108176
1.0
10.0897715257
9.06456902399
10.9432732333
2.94921819651
11.3142856554
4.7725108176
2.94921819651
4.7725108176
9.60027547814
6.41312327877
7.84427171345
10.5360846953
1.0
9.06456902399
7.84427171345
3.88068135602
11.3142856554
7.15550878619
1.98607539123
9.06456902399
2.94921819651
10.9432732333
2.94921819651
11.3142856554
10.5360846953
3.88068135602
10.9432732333
1.98607539123
9.06456902399
11.3142856554
10.0897715257
10.5360846953
10.9432732333
9.06456902399
2.94921819651
11.3142856554
9.06456902399
9.60027547814
7.84427171345
9.60027547814
10.0897715257
5.61808701826
8.48006117952
11.3142856554
4.7725108176
3.88068135602
6.41312327877
