10.1542008455
5.66035905973
1.98699355563
1.0
5.67787130005
3.88315262072
9.7074088178
1.98693000454
1.98822079919
1.9865904397
7.18183443719
3.88336134888
1.0
3.88005078324
1.0
2.95042243777
1.98700918556
3.88772852287
4.7915636003
3.88610403301
5.65661471355
3.89680264163
6.4075409301
2.96055869531
10.46640386
1.0
2.95317494497
10.6128657379
4.7774467954
3.88579240684
9.02209009124
1.98655097824
1.98651164894
3.88838143183
4.78466858945
3.89241126779
1.0
2.95068040728
2.95176741703
8.63105413893
3.88427071084
1.0
7.20441870818
5.67124565264
1.98708678439
1.98649565379
4.80925759197
8.65152896341
4.78360423241
1.0
1.0
7.2614059879
11.2833661764
1.0
1.0
7.95479630504
2.95038029603
1.98659448611
3.89337115876
1.9867356129
7.18183443719
5.64685001203
5.64504693587
6.47207785062
1.0
7.98042797194
1.9878389704
1.0
6.46184104616
1.9878389704
2.95056127747
3.88652623765
10.1940133092
7.23937935562
