4.81729338049
1.98642399171
8.04477659543
3.89762804576
9.96403386973
3.89157372356
2.96296411004
1.0
4.81290128721
1.98719438428
1.0
6.47638674162
5.65195807903
3.89615514961
6.48085141039
1.0
6.52164801674
1.0
4.79691419425
1.98692121013
8.66624426019
2.95176592571
4.78842932483
9.98246815297
2.95211714793
1.98705358283
2.95586505544
5.68283376504
3.89440814106
4.81315810295
1.0
6.48449843365
9.27005424813
2.95148790427
6.49563638897
4.78153001928
5.67805290613
1.98694666532
1.98695314922
7.29260922486
6.50893099404
2.95902905818
1.98688799884
8.65676762425
7.27037139796
1.0
1.0
5.70400690549
7.29535588714
1.98674721275
8.1053288204
2.95270925421
8.76321938177
1.0
4.81583077744
5.63896749554
3.89217005238
1.0
