1.98810849219
2.95778043393
3.90645264205
1.98767889491
1.98671908437
5.69176490124
2.95354177405
2.96168114907
1.0
3.90494742217
2.95738918247
4.84084267854
1.0
3.92395018476
3.90778473206
3.91178163452
3.89319664593
5.70574863702
3.91006728699
5.73222399016
1.0
3.91707043862
1.98712730031
1.0
1.98725574528
1.0
2.9574238225
3.89688295302
2.96671955263
1.0
1.0
6.53516239059
1.98773523609
6.56799837367
1.0
4.80764431831
2.96257095705
2.95584200731
7.42857631569
1.0
5.73330929572
1.0
7.99590748271
1.9879757237
2.95488311239
1.98701839122
1.98759211964
8.00124489436
6.5506716233
6.59369618177
