1.0
0.726222677314
1.0
1.0
0.259946627732
1.0
1.0
1.0
1.0
1.0
1.0
1.0
1.0
1.0
1.0
1.0
1.0
1.0
1.0
1.0
1.0
1.0
0.71133966329
1.0
1.0
0.990660015054
1.0
0.313159290385
1.0
1.0
1.0
0.996155524863
0.343367368555
1.0
1.0
0.962121284477
0.99650293921
1.0
1.0
1.0
0.363274148792
1.0
1.0
1.0
1.0
1.0
1.0
1.0
1.0
1.0
1.0
1.0
1.0
1.0
1.0
1.0
1.0
1.0
0.974673035245
1.0
1.0
1.0
0.720357849965
0.994626708209
1.0
1.0
1.0
1.0
1.0
0.932805725344
1.0
1.0
0.272722535319
1.0
1.0
1.0
0.373722101464
1.0
1.0
1.0
1.0
0.909735446637
1.0
1.0
1.0
1.0
1.0
0.979349679323
1.0
1.0
1.0
0.960567150406
1.0
1.0
0.907218041362
0.941945209151
0.998665488735
1.0
1.0
1.0
1.0
1.0
0.975861704154
0.837039315191
1.0
1.0
0.981378536529
1.0
1.0
1.0
1.0
0.343422147526
1.0
0.292930158623
1.0
0.717795869958
1.0
1.0
1.0
1.0
1.0
1.0
1.0
1.0
0.710451957748
1.0
1.0
1.0
1.0
1.0
1.0
0.736715336068
0.333327131807
1.0
1.0
0.942446335185
1.0
0.34339218738
1.0
0.303002714237
1.0
1.0
1.0
1.0
1.0
1.0
0.971784237452
1.0
1.0
1.0
0.742087815697
1.0
0.716149905564
0.97671199969
1.0
1.0
0.281990960493
0.515171829641
1.0
1.0
1.0
1.0
1.0
0.313110625934
1.0
1.0
1.0
1.0
0.918791266055
