1.0
1.0
1.0
1.0
1.0
1.0
1.0
1.0
1.0
1.0
1.0
1.0
1.0
1.0
1.0
1.0
1.0
1.0
1.0
1.0
1.0
1.0
1.0
1.0
1.0
1.0
0.710589483923
1.0
1.0
1.0
1.0
1.0
1.0
1.0
1.0
1.0
0.984021942279
1.0
1.0
0.951208777755
1.0
1.0
1.0
1.0
1.0
1.0
1.0
1.0
1.0
1.0
1.0
1.0
0.936152558874
1.0
0.987767576053
0.949993797082
1.0
1.0
1.0
1.0
0.949121659287
1.0
0.94459620779
1.0
1.0
1.0
0.956413236808
1.0
1.0
1.0
0.734767912372
1.0
0.895328081641
1.0
1.0
1.0
1.0
1.0
1.0
1.0
1.0
1.0
1.0
1.0
1.0
1.0
1.0
1.0
1.0
1.0
0.931580255115
1.0
1.0
1.0
1.0
1.0
1.0
1.0
1.0
1.0
1.0
1.0
0.70930143283
1.0
1.0
1.0
1.0
1.0
1.0
1.0
1.0
1.0
1.0
1.0
1.0
1.0
1.0
0.0
1.0
1.0
1.0
1.0
0.997844067355
1.0
0.990573707321
1.0
1.0
1.0
1.0
1.0
1.0
1.0
1.0
1.0
1.0
1.0
1.0
1.0
1.0
0.991213627236
1.0
1.0
1.0
1.0
0.986273007996
1.0
1.0
1.0
0.882281885894
1.0
1.0
1.0
1.0
1.0
1.0
0.707790549831
1.0
1.0
0.873931731168
0.988901464712
0.0
1.0
0.97333201516
1.0
0.973202302275
1.0
1.0
1.0
0.974363741348
1.0
1.0
1.0
1.0
1.0
1.0
1.0
1.0
1.0
0.890279119211
1.0
1.0
1.0
1.0
1.0
1.0
1.0
1.0
1.0
1.0
1.0
0.996256654465
1.0
0.707275769158
1.0
1.0
1.0
1.0
1.0
1.0
1.0
1.0
1.0
1.0
0.951358522232
1.0
1.0
1.0
1.0
1.0
1.0
1.0
1.0
1.0
1.0
1.0
1.0
0.883503387183
1.0
0.999524167446
1.0
0.953824060955
1.0
1.0
0.968870195498
1.0
1.0
1.0
1.0
1.0
1.0
0.99619045441
1.0
0.983287956986
1.0
1.0
1.0
1.0
1.0
1.0
0.0
1.0
1.0
1.0
0.963559656452
0.0
1.0
1.0
1.0
1.0
1.0
1.0
1.0
1.0
1.0
1.0
1.0
1.0
0.997903094198
1.0
1.0
1.0
1.0
1.0
1.0
1.0
0.984988154633
1.0
1.0
1.0
1.0
1.0
1.0
1.0
1.0
0.956284691229
1.0
0.997666229841
1.0
1.0
1.0
1.0
1.0
1.0
1.0
1.0
1.0
1.0
1.0
0.707142853462
1.0
1.0
1.0
1.0
0.707536683626
1.0
1.0
0.901724890354
1.0
1.0
1.0
0.99326930561
1.0
1.0
1.0
1.0
1.0
0.0
1.0
0.945889290275
1.0
1.0
1.0
1.0
1.0
1.0
0.0
1.0
1.0
1.0
0.980986242945
1.0
1.0
0.999012717418
1.0
1.0
1.0
0.996206650335
1.0
1.0
1.0
1.0
0.993615548263
1.0
1.0
1.0
1.0
1.0
1.0
0.93525651648
1.0
1.0
1.0
1.0
1.0
1.0
1.0
1.0
1.0
1.0
1.0
1.0
0.707565701053
1.0
1.0
0.974486729438
0.99723013354
0.895597798328
1.0
1.0
0.924423013539
1.0
0.988941669042
0.989202635031
1.0
1.0
1.0
1.0
1.0
1.0
0.893000801133
1.0
1.0
1.0
1.0
1.0
1.0
1.0
1.0
1.0
1.0
1.0
1.0
0.992097435778
0.995199888351
1.0
1.0
1.0
1.0
1.0
1.0
1.0
1.0
1.0
1.0
1.0
1.0
1.0
1.0
1.0
1.0
1.0
1.0
1.0
1.0
1.0
1.0
0.987781059947
1.0
1.0
0.971811793439
0.0
0.0
1.0
1.0
1.0
0.980318429286
1.0
1.0
1.0
1.0
0.968438769172
0.948971967395
1.0
1.0
1.0
1.0
1.0
0.970500809933
1.0
1.0
0.95389919721
0.895690430005
1.0
1.0
1.0
1.0
1.0
1.0
0.937970830537
1.0
1.0
1.0
1.0
1.0
1.0
1.0
0.901122350877
1.0
0.995447105018
0.969526113212
0.0
0.873557683088
1.0
1.0
1.0
0.871086285393
1.0
1.0
0.998441810531
1.0
1.0
1.0
1.0
0.908838583611
1.0
1.0
0.951173755484
1.0
1.0
1.0
1.0
1.0
1.0
1.0
1.0
1.0
1.0
1.0
1.0
1.0
1.0
1.0
1.0
1.0
0.976194940857
1.0
1.0
0.991323430546
1.0
1.0
1.0
1.0
1.0
1.0
0.960845577298
1.0
1.0
1.0
1.0
1.0
1.0
1.0
1.0
1.0
0.0
1.0
1.0
1.0
1.0
1.0
1.0
0.953880170283
0.927631495088
1.0
1.0
0.817545065131
0.0
1.0
1.0
1.0
1.0
1.0
1.0
1.0
0.707277334349
1.0
1.0
1.0
1.0
1.0
1.0
1.0
1.0
1.0
0.707222595124
1.0
0.951474387287
1.0
1.0
1.0
1.0
1.0
1.0
1.0
1.0
1.0
1.0
1.0
0.897465464541
0.990454254959
1.0
1.0
0.0
1.0
1.0
1.0
1.0
1.0
1.0
1.0
1.0
1.0
1.0
1.0
1.0
1.0
1.0
1.0
1.0
1.0
1.0
0.969839786683
1.0
1.0
1.0
1.0
1.0
1.0
1.0
1.0
1.0
1.0
0.0
1.0
1.0
1.0
1.0
1.0
0.977612589715
1.0
0.980856784402
1.0
1.0
0.896284275584
1.0
1.0
1.0
1.0
1.0
1.0
1.0
1.0
1.0
0.97250397783
1.0
1.0
1.0
1.0
1.0
1.0
1.0
1.0
1.0
1.0
1.0
1.0
1.0
1.0
1.0
1.0
1.0
1.0
1.0
0.953867857727
1.0
0.897789290951
1.0
1.0
1.0
1.0
0.995786418741
1.0
0.95413283806
1.0
1.0
1.0
1.0
1.0
1.0
1.0
1.0
0.986149570499
0.881076822565
1.0
0.0
1.0
1.0
1.0
1.0
0.933764298727
1.0
1.0
1.0
1.0
1.0
1.0
1.0
1.0
1.0
1.0
1.0
1.0
1.0
1.0
1.0
1.0
1.0
1.0
1.0
1.0
0.98847777676
0.0
1.0
1.0
1.0
1.0
1.0
0.893307066935
0.997168777881
1.0
1.0
1.0
1.0
1.0
1.0
1.0
1.0
1.0
1.0
1.0
1.0
1.0
1.0
1.0
1.0
1.0
1.0
1.0
1.0
1.0
0.999827514907
1.0
1.0
1.0
1.0
1.0
1.0
1.0
1.0
1.0
1.0
1.0
0.849158893485
1.0
1.0
1.0
1.0
1.0
1.0
1.0
1.0
1.0
1.0
1.0
1.0
0.950290057883
1.0
1.0
1.0
1.0
1.0
1.0
1.0
1.0
1.0
1.0
1.0
1.0
1.0
0.983458598905
1.0
1.0
1.0
1.0
0.707469811714
1.0
1.0
0.997928097936
1.0
1.0
1.0
0.987249052026
1.0
1.0
1.0
1.0
1.0
1.0
1.0
1.0
1.0
0.0
1.0
1.0
0.0
1.0
1.0
1.0
1.0
1.0
0.867461130232
1.0
1.0
1.0
1.0
1.0
1.0
1.0
1.0
1.0
1.0
1.0
1.0
1.0
1.0
1.0
1.0
1.0
1.0
1.0
1.0
1.0
1.0
0.877500525334
1.0
1.0
1.0
0.98548121289
1.0
1.0
0.0
1.0
1.0
1.0
1.0
1.0
1.0
1.0
1.0
1.0
1.0
1.0
1.0
1.0
1.0
1.0
0.982135746116
1.0
1.0
0.982872299462
1.0
1.0
1.0
1.0
1.0
0.707208908624
1.0
1.0
0.980980767866
1.0
0.928872824544
1.0
1.0
0.930137521769
1.0
1.0
1.0
1.0
1.0
0.884792648329
1.0
1.0
1.0
0.995845666966
1.0
1.0
1.0
1.0
1.0
1.0
0.982112908614
0.709607034139
0.0
1.0
1.0
1.0
0.90553788596
1.0
1.0
0.905817027189
0.989024089991
1.0
1.0
0.93581288067
1.0
1.0
1.0
1.0
0.972167848416
0.895374415939
1.0
0.0
1.0
1.0
0.0
1.0
1.0
1.0
1.0
1.0
1.0
1.0
1.0
1.0
1.0
1.0
0.953776308786
1.0
1.0
1.0
1.0
0.975749983941
1.0
1.0
1.0
1.0
1.0
1.0
1.0
1.0
1.0
0.886718205692
0.987798518275
1.0
1.0
1.0
1.0
1.0
0.898359808636
0.921637711677
1.0
1.0
1.0
0.995210890299
1.0
1.0
1.0
1.0
1.0
1.0
1.0
1.0
1.0
1.0
0.986369559102
1.0
1.0
1.0
0.998961630403
1.0
1.0
1.0
0.984587231422
1.0
1.0
1.0
1.0
1.0
1.0
1.0
1.0
0.797471722207
1.0
1.0
0.992109056536
1.0
1.0
0.978696064652
0.945711283948
1.0
0.722127224126
1.0
1.0
1.0
0.949953449928
1.0
1.0
1.0
0.973572766825
0.989339209031
1.0
1.0
1.0
1.0
1.0
1.0
1.0
0.980371524728
1.0
1.0
1.0
1.0
1.0
1.0
1.0
1.0
1.0
1.0
1.0
1.0
1.0
1.0
1.0
1.0
1.0
1.0
1.0
1.0
1.0
1.0
1.0
1.0
1.0
0.978726993792
0.707538697725
1.0
0.895486207918
1.0
1.0
1.0
