1.0
1.0
1.0
0.708083392458
1.0
1.0
0.708194337742
0.9407810066
1.0
1.0
1.0
1.0
1.0
1.0
0.98508853842
1.0
0.994753415893
1.0
1.0
0.990450884376
1.0
1.0
1.0
1.0
1.0
0.909417524517
1.0
1.0
1.0
1.0
0.960141044745
1.0
1.0
1.0
1.0
1.0
1.0
1.0
1.0
1.0
1.0
1.0
0.980825802333
0.933698312023
1.0
1.0
1.0
1.0
0.971252975535
1.0
1.0
1.0
0.975725954519
1.0
1.0
1.0
1.0
0.943002231512
1.0
1.0
1.0
1.0
1.0
0.978522559091
1.0
1.0
1.0
1.0
0.99909878332
1.0
1.0
1.0
1.0
0.0
1.0
1.0
1.0
1.0
1.0
0.981507340658
0.975876277566
0.982125785256
0.931263539291
1.0
1.0
1.0
1.0
1.0
1.0
1.0
0.813681094424
1.0
1.0
1.0
1.0
1.0
0.0
1.0
1.0
0.707438410228
1.0
1.0
0.978486996063
1.0
1.0
0.910791280957
0.941234969639
0.0
1.0
1.0
1.0
1.0
1.0
1.0
1.0
1.0
1.0
1.0
1.0
0.934540276262
1.0
1.0
1.0
1.0
0.9999593592
1.0
1.0
1.0
1.0
1.0
1.0
1.0
1.0
1.0
1.0
1.0
1.0
0.979434103359
1.0
1.0
1.0
1.0
1.0
0.9535073654
1.0
0.967290413667
0.982777443347
1.0
1.0
0.99466258819
1.0
1.0
1.0
1.0
1.0
1.0
1.0
1.0
0.994426044359
0.990521442585
0.973073653261
0.950739282012
1.0
1.0
1.0
1.0
1.0
1.0
1.0
1.0
1.0
1.0
0.984640137993
1.0
0.969236742315
0.998929703776
1.0
1.0
1.0
1.0
1.0
1.0
1.0
0.990027169296
1.0
1.0
1.0
0.975992858016
0.919038564334
1.0
1.0
1.0
0.906128895004
1.0
0.0
1.0
1.0
0.70731588108
0.996217176741
1.0
0.989586127779
1.0
1.0
0.902023491005
1.0
1.0
1.0
0.707370457075
1.0
0.971022654188
1.0
1.0
1.0
0.986443870911
0.977344940269
1.0
1.0
1.0
1.0
1.0
1.0
0.963671227662
0.995540471236
1.0
0.990330563348
1.0
1.0
1.0
1.0
0.985198942606
1.0
1.0
1.0
1.0
0.924561173929
1.0
1.0
1.0
1.0
0.707872299468
1.0
1.0
1.0
1.0
1.0
1.0
1.0
1.0
1.0
1.0
1.0
1.0
0.989052246507
1.0
1.0
1.0
1.0
0.98326725189
1.0
1.0
1.0
1.0
0.722085763544
1.0
1.0
1.0
1.0
1.0
1.0
0.983439092368
1.0
1.0
0.994912857192
1.0
0.944570572205
1.0
0.910339510677
1.0
1.0
1.0
0.982120824358
1.0
0.849384735401
1.0
1.0
0.996148092478
1.0
0.942571654352
0.97962150843
0.982480459945
0.962375573443
1.0
1.0
1.0
1.0
1.0
0.842158551086
1.0
1.0
0.980276157096
0.937364821608
1.0
1.0
1.0
1.0
0.928810652222
1.0
1.0
1.0
1.0
0.980467555805
0.956260703872
0.953146657778
1.0
1.0
1.0
1.0
0.952604790677
0.976329297313
1.0
1.0
1.0
0.967525931279
1.0
1.0
0.935344521667
1.0
1.0
1.0
1.0
1.0
1.0
1.0
1.0
1.0
1.0
1.0
1.0
1.0
1.0
0.996219935037
1.0
1.0
1.0
1.0
0.797637706464
0.894781551053
1.0
0.0
0.914125318836
1.0
0.986020553026
1.0
1.0
0.0
0.86700075393
1.0
1.0
1.0
1.0
1.0
0.883296943633
1.0
1.0
1.0
0.709165301149
1.0
1.0
1.0
0.950870844729
1.0
1.0
0.955967910931
0.976658709989
1.0
1.0
1.0
0.924795469963
0.969231992852
1.0
0.977521063172
1.0
1.0
1.0
1.0
1.0
1.0
1.0
0.920605961038
0.874224654562
0.934438673206
1.0
1.0
1.0
1.0
1.0
1.0
1.0
1.0
1.0
1.0
1.0
0.0
1.0
1.0
1.0
1.0
0.0
1.0
0.977306868462
1.0
1.0
1.0
0.932844580426
0.972667316421
1.0
1.0
1.0
1.0
1.0
1.0
1.0
1.0
0.972163011994
1.0
1.0
1.0
1.0
0.984034718202
0.94290286361
1.0
1.0
0.985103006616
1.0
1.0
1.0
1.0
1.0
1.0
1.0
0.993526405444
1.0
1.0
0.973745664865
0.895591421025
1.0
0.988174058082
1.0
1.0
1.0
0.951285520826
1.0
1.0
1.0
1.0
1.0
1.0
1.0
0.971218002782
1.0
1.0
0.945672572328
1.0
1.0
0.0
1.0
1.0
1.0
1.0
1.0
1.0
1.0
1.0
1.0
1.0
1.0
1.0
0.988056859059
1.0
1.0
1.0
1.0
0.989797518731
1.0
0.990652780907
0.962083329402
1.0
1.0
1.0
1.0
1.0
1.0
1.0
1.0
0.0
0.993506144204
1.0
0.984192737567
1.0
1.0
0.97644129199
1.0
1.0
1.0
1.0
1.0
1.0
1.0
1.0
1.0
1.0
0.779544657777
1.0
1.0
0.710076943835
1.0
1.0
1.0
1.0
1.0
1.0
1.0
1.0
1.0
1.0
1.0
1.0
1.0
1.0
1.0
1.0
1.0
0.956187352704
1.0
1.0
1.0
1.0
0.952725003018
0.991834781382
1.0
1.0
1.0
0.709039873226
1.0
1.0
0.976252845336
0.979377091605
0.951714731143
0.967574484011
1.0
1.0
1.0
1.0
1.0
1.0
1.0
1.0
1.0
1.0
1.0
0.986353774521
1.0
1.0
0.92090619006
1.0
1.0
1.0
1.0
1.0
1.0
1.0
1.0
1.0
1.0
1.0
0.993291080438
0.934548125993
1.0
1.0
1.0
0.70757906319
1.0
0.980260275396
1.0
1.0
1.0
1.0
1.0
1.0
0.0
1.0
1.0
1.0
1.0
1.0
1.0
1.0
0.949611091665
1.0
1.0
1.0
1.0
1.0
1.0
0.949347010472
1.0
1.0
1.0
0.993755263121
1.0
1.0
1.0
1.0
1.0
1.0
1.0
1.0
1.0
1.0
1.0
0.97226138002
0.860424346921
1.0
0.993745557192
1.0
1.0
1.0
1.0
1.0
1.0
1.0
1.0
1.0
0.944481898277
1.0
1.0
1.0
1.0
0.996734763609
1.0
1.0
1.0
0.991810355078
1.0
1.0
1.0
0.98390792247
1.0
1.0
1.0
1.0
1.0
1.0
1.0
0.875833172213
0.832586864746
1.0
1.0
1.0
1.0
1.0
1.0
1.0
1.0
1.0
1.0
1.0
0.946759893616
1.0
1.0
1.0
1.0
1.0
1.0
1.0
1.0
1.0
1.0
1.0
1.0
1.0
0.910277107649
1.0
1.0
1.0
1.0
1.0
1.0
1.0
1.0
1.0
0.966636749636
1.0
0.951720617547
0.985273244825
0.982582762085
1.0
1.0
1.0
1.0
0.91348155284
1.0
1.0
1.0
1.0
1.0
1.0
0.944438812067
1.0
0.993180102054
0.997993050101
1.0
0.994759921339
1.0
1.0
1.0
1.0
1.0
1.0
0.0
1.0
1.0
1.0
1.0
1.0
1.0
1.0
0.0
1.0
1.0
1.0
1.0
1.0
0.916697959247
1.0
1.0
1.0
0.813256988568
0.0
1.0
1.0
1.0
1.0
1.0
0.707862265971
0.993667071547
0.952418025255
0.70870011365
1.0
1.0
0.936102246099
0.865089914232
0.95354112943
1.0
0.994252870985
1.0
1.0
0.993397273515
1.0
1.0
1.0
1.0
0.969668098207
1.0
1.0
1.0
1.0
0.956802426839
0.976007176644
1.0
0.999339997438
0.985126361241
1.0
0.972828984789
0.707436058611
0.897000104267
1.0
1.0
1.0
1.0
1.0
1.0
0.969945949674
1.0
1.0
1.0
1.0
0.917298768267
1.0
1.0
1.0
0.975136735028
1.0
1.0
0.971867826069
1.0
0.987326606318
1.0
0.707734110354
1.0
0.946600048044
1.0
1.0
1.0
0.990038757516
0.932742074368
1.0
1.0
1.0
1.0
0.974416515535
0.994081942282
1.0
1.0
1.0
1.0
0.707639691922
1.0
1.0
1.0
1.0
0.975574831997
1.0
1.0
0.0
1.0
1.0
1.0
1.0
1.0
0.980998559785
1.0
1.0
1.0
1.0
1.0
1.0
1.0
1.0
1.0
1.0
0.946865210391
1.0
1.0
0.967830411543
0.0
1.0
1.0
1.0
1.0
0.0
1.0
1.0
1.0
1.0
1.0
1.0
1.0
1.0
1.0
0.936136447279
1.0
1.0
1.0
0.948743004548
1.0
0.955008909549
1.0
1.0
1.0
0.995307306937
1.0
1.0
1.0
1.0
0.983094111837
1.0
1.0
1.0
1.0
0.954504479205
1.0
0.958264640087
1.0
1.0
1.0
0.860507029274
0.992320318222
1.0
1.0
1.0
1.0
1.0
1.0
0.901308620502
1.0
1.0
1.0
1.0
1.0
1.0
0.892270296105
1.0
1.0
1.0
1.0
0.974711416934
1.0
1.0
1.0
1.0
1.0
1.0
1.0
1.0
1.0
1.0
1.0
0.896574007911
1.0
1.0
1.0
1.0
0.994609376602
1.0
1.0
0.952057554686
1.0
1.0
1.0
0.926044458125
1.0
1.0
1.0
1.0
1.0
1.0
1.0
0.987103182452
0.997161191625
1.0
0.958610444965
1.0
0.940238332297
0.876251173333
0.976036122512
0.99675259953
1.0
1.0
1.0
1.0
1.0
1.0
0.987880701515
0.89706971742
0.904383337142
1.0
0.999714642091
1.0
0.718941092726
1.0
0.944991070781
1.0
0.839788229968
0.968557797908
1.0
1.0
1.0
0.949436958356
1.0
0.986549634434
1.0
1.0
1.0
1.0
1.0
1.0
1.0
1.0
0.998261747488
1.0
1.0
0.986870126831
1.0
1.0
1.0
1.0
0.0
1.0
0.993627973444
1.0
1.0
1.0
1.0
1.0
1.0
0.952460767398
1.0
1.0
0.896439852174
