0.993461633559
1.0
0.868868374966
1.0
1.0
1.0
1.0
1.0
0.955016023547
1.0
1.0
1.0
0.97608650007
1.0
1.0
0.949190032015
1.0
1.0
1.0
1.0
1.0
1.0
1.0
1.0
1.0
0.994171669091
1.0
1.0
1.0
1.0
1.0
1.0
1.0
0.920802022736
0.956572231849
0.996036650146
1.0
0.988168149199
0.984652088698
1.0
0.96404346818
0.955665255946
1.0
0.991185686352
1.0
1.0
0.964101958272
1.0
1.0
1.0
1.0
1.0
0.990835562206
1.0
0.947232514823
0.989577525645
1.0
0.717065064933
1.0
1.0
1.0
1.0
1.0
1.0
1.0
1.0
1.0
1.0
1.0
1.0
1.0
1.0
1.0
1.0
1.0
0.987593112306
1.0
1.0
0.969680406471
1.0
1.0
1.0
1.0
1.0
1.0
1.0
0.966757333544
1.0
0.993736260399
1.0
0.0
1.0
0.96676779892
1.0
1.0
0.998977272893
0.0
0.896493359265
1.0
1.0
0.985535136093
0.955037038487
1.0
0.97836749671
0.981662252133
1.0
1.0
1.0
1.0
1.0
1.0
1.0
1.0
1.0
1.0
1.0
1.0
1.0
0.932865255863
0.708283725659
1.0
1.0
1.0
0.927795420849
1.0
1.0
0.958504618956
1.0
1.0
1.0
1.0
1.0
1.0
1.0
1.0
1.0
1.0
1.0
1.0
1.0
0.925418123413
1.0
0.975398504197
1.0
1.0
1.0
0.9889132661
1.0
1.0
1.0
1.0
0.985223201456
0.989030104515
1.0
1.0
1.0
1.0
1.0
1.0
1.0
1.0
1.0
1.0
1.0
0.0
0.962143679545
1.0
1.0
1.0
1.0
0.984824692822
0.989269009522
1.0
1.0
1.0
1.0
0.872881495061
1.0
0.992328611347
1.0
0.993121446505
1.0
0.969460231635
0.900533696867
1.0
1.0
1.0
1.0
1.0
0.946174568996
1.0
1.0
1.0
0.999922679001
1.0
1.0
1.0
1.0
1.0
1.0
1.0
1.0
1.0
0.0
1.0
1.0
1.0
0.914196112645
1.0
1.0
0.978690213985
0.993738555815
1.0
1.0
0.996043808863
1.0
1.0
0.949126733975
1.0
1.0
0.710313025192
1.0
1.0
0.967992984
1.0
1.0
1.0
0.997887102283
1.0
1.0
0.999082099593
1.0
0.968190663072
0.992025943413
1.0
1.0
1.0
1.0
1.0
1.0
1.0
1.0
1.0
1.0
1.0
0.99067752696
1.0
1.0
1.0
0.0
1.0
1.0
1.0
1.0
1.0
1.0
1.0
1.0
1.0
0.992148371173
1.0
1.0
1.0
1.0
1.0
1.0
0.954377764516
1.0
1.0
1.0
1.0
0.904644023424
1.0
1.0
1.0
1.0
1.0
1.0
1.0
1.0
1.0
1.0
1.0
1.0
0.969338186856
1.0
1.0
0.854876389235
1.0
1.0
1.0
1.0
0.0
1.0
1.0
1.0
1.0
0.836823598578
1.0
0.955406836548
0.99251850887
0.954945455233
1.0
0.849046426117
1.0
1.0
1.0
1.0
1.0
0.994697581388
0.965045644416
1.0
1.0
1.0
1.0
1.0
1.0
1.0
1.0
1.0
1.0
0.946410227885
1.0
1.0
0.945139754966
1.0
0.988813223454
1.0
1.0
1.0
1.0
0.982210807842
1.0
1.0
0.972574077178
1.0
0.998688844785
1.0
1.0
1.0
0.709353187723
1.0
1.0
1.0
0.999511452348
1.0
1.0
1.0
0.958000664817
0.0
1.0
1.0
1.0
1.0
0.999491053509
1.0
1.0
0.961347424903
1.0
1.0
0.903269477621
1.0
0.0
0.974091692904
1.0
0.982405295993
1.0
1.0
0.99246050188
0.992962350506
0.977846678812
1.0
1.0
1.0
0.987950845258
1.0
0.978268758697
1.0
1.0
1.0
0.980598948004
1.0
1.0
1.0
1.0
1.0
1.0
1.0
1.0
1.0
1.0
1.0
1.0
0.708151179743
1.0
1.0
0.910961165168
1.0
1.0
1.0
1.0
0.708066332336
1.0
1.0
0.988129179986
1.0
1.0
0.998687797595
0.0
1.0
1.0
0.707696310873
1.0
1.0
1.0
1.0
1.0
1.0
0.963863374756
0.899522738629
1.0
1.0
1.0
0.99897744604
1.0
1.0
1.0
1.0
0.708319940588
1.0
0.708727421218
1.0
1.0
1.0
0.963398448989
1.0
0.975696655335
1.0
1.0
1.0
1.0
1.0
0.980764876493
0.970897762996
1.0
1.0
1.0
0.978689331591
0.976155783369
1.0
0.966839628493
0.986245901125
1.0
1.0
1.0
0.973574302566
1.0
1.0
1.0
0.993574650907
1.0
1.0
1.0
1.0
1.0
0.959598759833
1.0
1.0
1.0
0.912833832849
1.0
0.710790784923
1.0
1.0
1.0
1.0
1.0
1.0
1.0
0.909237653106
1.0
1.0
1.0
1.0
1.0
1.0
1.0
0.975515737361
1.0
1.0
1.0
1.0
1.0
0.930195409759
0.909496946271
1.0
1.0
1.0
1.0
1.0
1.0
1.0
1.0
0.972088369964
0.978533497457
1.0
1.0
1.0
1.0
1.0
1.0
0.911470735822
1.0
1.0
1.0
1.0
1.0
1.0
1.0
1.0
1.0
1.0
1.0
1.0
1.0
0.963680097254
0.980325773028
0.993502556791
1.0
1.0
1.0
1.0
1.0
1.0
1.0
1.0
1.0
0.0
0.0
1.0
1.0
0.990167901975
1.0
1.0
1.0
1.0
0.709819717876
1.0
1.0
0.948636432384
1.0
1.0
1.0
1.0
0.969091772207
1.0
1.0
1.0
1.0
0.97209255444
1.0
1.0
0.98325681022
1.0
1.0
0.951023431905
0.99638223549
1.0
1.0
0.960541006405
1.0
0.991911088151
0.958569241869
0.0
1.0
1.0
1.0
1.0
1.0
1.0
1.0
0.950313237537
0.989106345024
1.0
1.0
1.0
1.0
1.0
1.0
1.0
1.0
1.0
1.0
1.0
0.832198565147
1.0
1.0
0.708313272722
1.0
1.0
0.0
0.897514990383
1.0
1.0
1.0
1.0
1.0
1.0
1.0
1.0
1.0
1.0
1.0
1.0
1.0
1.0
1.0
1.0
1.0
1.0
1.0
0.900069021718
1.0
1.0
0.855544001266
1.0
1.0
1.0
1.0
1.0
1.0
1.0
1.0
1.0
0.983996244795
1.0
0.996846905858
1.0
1.0
1.0
0.928976991825
1.0
0.0
1.0
1.0
1.0
1.0
1.0
1.0
1.0
1.0
1.0
1.0
1.0
0.923489440528
0.994939214812
0.955866861129
1.0
0.0
1.0
1.0
1.0
1.0
1.0
1.0
1.0
0.862215632112
1.0
0.972816881264
0.966134460023
1.0
1.0
1.0
0.990360839771
1.0
0.952028394849
1.0
1.0
1.0
0.963790388252
1.0
1.0
1.0
0.0
1.0
1.0
1.0
0.930371921374
1.0
1.0
1.0
1.0
0.965267698792
1.0
1.0
1.0
1.0
0.986361741996
1.0
1.0
1.0
1.0
1.0
1.0
0.969575650716
1.0
1.0
1.0
1.0
1.0
0.992100599336
1.0
1.0
1.0
1.0
1.0
1.0
1.0
1.0
0.904475587404
1.0
1.0
1.0
1.0
0.0
1.0
1.0
1.0
1.0
0.911392135289
1.0
1.0
1.0
1.0
0.96271920471
0.880302897801
1.0
0.954180617431
0.958749377128
0.979492687127
1.0
1.0
1.0
0.982395784239
1.0
0.899466771514
1.0
1.0
1.0
1.0
0.71086860006
1.0
1.0
0.974965671311
1.0
1.0
1.0
1.0
1.0
0.960809871855
0.708704324619
1.0
1.0
0.958336203205
1.0
1.0
1.0
1.0
1.0
0.931459846601
1.0
1.0
0.950445278985
1.0
0.929197830395
1.0
0.897033900353
1.0
0.707846675371
0.969022727838
1.0
1.0
1.0
1.0
1.0
1.0
1.0
0.996166182892
1.0
1.0
1.0
1.0
1.0
1.0
0.973730337056
1.0
0.976515392595
1.0
0.708988175843
1.0
1.0
1.0
1.0
1.0
0.998400638483
1.0
1.0
1.0
1.0
1.0
1.0
1.0
0.0
1.0
1.0
0.948818826725
1.0
0.959913601975
1.0
1.0
1.0
0.931940434224
1.0
1.0
0.715184661441
1.0
0.970835147157
0.973906447914
1.0
1.0
1.0
0.708717872401
1.0
0.707884770888
1.0
0.0
1.0
1.0
1.0
1.0
0.986650707285
1.0
1.0
0.980468596969
1.0
1.0
1.0
0.947249887735
1.0
0.978832567624
1.0
0.954586668998
1.0
1.0
0.994984937014
1.0
1.0
1.0
1.0
1.0
1.0
1.0
1.0
0.976641476064
1.0
1.0
1.0
1.0
1.0
1.0
1.0
1.0
1.0
0.977238207106
1.0
0.0
1.0
0.99019342411
0.987001600945
1.0
1.0
1.0
1.0
1.0
0.0
1.0
1.0
1.0
0.707292213888
1.0
0.902567085453
1.0
1.0
0.974856778978
1.0
0.708440643308
0.939662409234
1.0
1.0
1.0
0.915792757841
1.0
0.997473783552
1.0
1.0
1.0
1.0
1.0
0.979333414715
1.0
1.0
1.0
1.0
1.0
1.0
1.0
1.0
0.954174777536
1.0
1.0
0.978804299418
1.0
1.0
1.0
1.0
1.0
1.0
1.0
1.0
1.0
0.885286476976
1.0
1.0
1.0
1.0
1.0
1.0
0.716383723345
0.0
1.0
1.0
0.951144892486
0.964331155525
1.0
0.99079821979
0.948722164271
1.0
1.0
0.954840735198
0.86557979284
1.0
1.0
1.0
1.0
0.987967896173
1.0
1.0
1.0
1.0
1.0
1.0
0.90369261976
1.0
1.0
1.0
1.0
1.0
1.0
1.0
1.0
1.0
1.0
1.0
1.0
0.873617406926
0.994529718283
1.0
1.0
1.0
1.0
1.0
1.0
0.901041540135
1.0
1.0
0.713227397542
1.0
1.0
1.0
1.0
1.0
1.0
1.0
1.0
0.979269437583
1.0
1.0
1.0
0.708222227897
1.0
