1.0
0.899344363772
1.0
1.0
1.0
0.901376618124
1.0
0.981711243306
1.0
1.0
0.981320206511
0.974024190954
0.931664650617
1.0
0.0
1.0
1.0
0.708826627535
1.0
1.0
1.0
1.0
0.99545658295
1.0
1.0
1.0
1.0
1.0
1.0
1.0
1.0
0.930055166657
1.0
1.0
1.0
1.0
1.0
1.0
1.0
1.0
1.0
1.0
1.0
0.936020471517
1.0
1.0
1.0
0.96768175625
1.0
0.962180101235
0.893748722759
1.0
1.0
0.986060351315
1.0
1.0
0.977959993869
0.996504016822
1.0
0.0
1.0
1.0
0.982476316686
0.0
1.0
0.936271049952
0.994119455139
1.0
1.0
1.0
1.0
1.0
1.0
1.0
1.0
1.0
1.0
1.0
0.946264740675
1.0
1.0
1.0
1.0
1.0
1.0
1.0
0.985444118269
1.0
1.0
0.899506301832
1.0
1.0
1.0
1.0
1.0
0.988143634408
1.0
1.0
1.0
0.713001987572
0.949726827623
1.0
0.973039519631
1.0
1.0
1.0
0.981304056427
1.0
1.0
0.954954709084
1.0
1.0
1.0
1.0
1.0
1.0
1.0
1.0
0.935550207248
0.935143258957
0.710778552941
1.0
0.978451237846
1.0
1.0
1.0
0.986356751438
1.0
1.0
1.0
1.0
0.71484945118
1.0
1.0
1.0
0.99792813251
0.951944718225
1.0
1.0
0.959571824907
1.0
1.0
1.0
1.0
0.859409681628
1.0
1.0
1.0
1.0
1.0
0.995033182057
1.0
1.0
1.0
1.0
1.0
0.0
0.982780683401
0.99267219407
1.0
0.996963029893
1.0
1.0
0.971007515619
1.0
0.991179262193
0.979605008003
0.974092676015
1.0
1.0
0.995698953578
1.0
1.0
0.940912635246
1.0
0.977733786197
0.944674497507
1.0
1.0
0.981696857482
0.988750509619
1.0
0.912678721798
1.0
1.0
1.0
1.0
1.0
1.0
1.0
0.98794558562
1.0
1.0
0.973623610359
1.0
1.0
1.0
0.961506402784
1.0
0.0
1.0
0.991390631263
1.0
1.0
1.0
0.961581184388
1.0
1.0
1.0
1.0
0.899996525312
1.0
0.708159131381
0.954075527829
0.0
0.952038600363
1.0
1.0
0.708723324432
0.0
1.0
1.0
0.988325922919
1.0
1.0
1.0
0.931441006665
1.0
1.0
1.0
1.0
1.0
1.0
1.0
1.0
0.0
1.0
0.966674004894
1.0
1.0
1.0
1.0
1.0
1.0
1.0
1.0
1.0
0.0
1.0
0.959103718986
1.0
1.0
1.0
1.0
0.96380203739
1.0
1.0
0.948284254936
1.0
1.0
0.0
1.0
0.0
1.0
1.0
0.971789281017
1.0
1.0
1.0
1.0
1.0
1.0
1.0
1.0
1.0
0.0
0.997733090752
1.0
0.957785806301
1.0
1.0
1.0
1.0
0.951040446806
1.0
1.0
1.0
1.0
1.0
1.0
1.0
1.0
1.0
1.0
1.0
1.0
1.0
0.985231088347
1.0
1.0
1.0
1.0
1.0
1.0
1.0
0.922157853555
0.872965334808
1.0
1.0
1.0
1.0
1.0
1.0
1.0
1.0
1.0
1.0
1.0
1.0
1.0
1.0
1.0
1.0
0.708238742018
0.906777549567
1.0
1.0
1.0
1.0
1.0
1.0
0.986996810174
0.969490461751
1.0
1.0
1.0
1.0
1.0
0.0
0.898558791401
0.953373431328
1.0
1.0
1.0
1.0
0.712309328187
0.915264873561
1.0
1.0
1.0
1.0
0.999607892475
1.0
1.0
0.908205678101
1.0
1.0
1.0
1.0
1.0
1.0
1.0
0.926765140567
1.0
0.985242041743
1.0
1.0
1.0
1.0
1.0
0.955534019066
1.0
1.0
0.993864716014
0.0
1.0
1.0
1.0
0.898800115744
1.0
1.0
0.962573168529
1.0
1.0
1.0
1.0
1.0
1.0
1.0
1.0
0.963458147861
1.0
1.0
1.0
1.0
1.0
1.0
0.717876714276
1.0
1.0
1.0
1.0
0.990567165948
1.0
1.0
0.0
0.972211537279
1.0
1.0
1.0
1.0
0.898672603418
1.0
1.0
1.0
1.0
1.0
1.0
1.0
0.993511308328
1.0
1.0
1.0
1.0
0.986848328844
1.0
1.0
0.0
1.0
1.0
1.0
1.0
1.0
0.957664252615
1.0
0.953592767274
1.0
0.0
1.0
1.0
1.0
1.0
1.0
1.0
1.0
0.0
1.0
1.0
0.996064848056
0.954933643354
1.0
1.0
1.0
0.0
1.0
0.7161674758
1.0
1.0
1.0
1.0
1.0
0.712050196044
1.0
1.0
1.0
1.0
1.0
1.0
1.0
1.0
1.0
1.0
1.0
1.0
1.0
1.0
1.0
1.0
1.0
0.973465602872
1.0
1.0
0.946126176929
1.0
0.927841964577
1.0
1.0
1.0
1.0
0.900230088664
1.0
0.0
1.0
1.0
0.708053561122
0.899823296824
1.0
1.0
1.0
1.0
1.0
1.0
0.992474930429
0.0
0.991461200455
1.0
1.0
1.0
1.0
0.981304201923
1.0
0.0
0.844293088703
1.0
1.0
0.904097015327
1.0
1.0
1.0
1.0
1.0
1.0
1.0
1.0
1.0
1.0
1.0
1.0
1.0
1.0
1.0
1.0
1.0
1.0
1.0
1.0
1.0
1.0
1.0
1.0
1.0
1.0
1.0
1.0
1.0
1.0
1.0
1.0
0.926090216503
1.0
1.0
0.918026192179
1.0
1.0
1.0
0.96474009487
1.0
0.97806312418
1.0
1.0
1.0
1.0
1.0
1.0
1.0
1.0
0.984018042724
1.0
1.0
1.0
1.0
1.0
0.975177240667
1.0
0.974581805258
1.0
0.0
1.0
1.0
1.0
1.0
1.0
0.966927855047
1.0
0.982896478238
1.0
1.0
0.904117084431
1.0
1.0
1.0
0.986538223206
1.0
1.0
0.962242299933
1.0
1.0
1.0
1.0
1.0
0.708342452515
1.0
1.0
0.708930235066
0.0
0.0
0.984596556552
1.0
1.0
1.0
1.0
1.0
1.0
1.0
1.0
0.932263537252
1.0
1.0
1.0
0.967819008355
0.991787146454
1.0
0.989202399048
1.0
1.0
1.0
0.0
1.0
1.0
1.0
1.0
1.0
1.0
0.957017570234
0.903254718511
1.0
1.0
1.0
1.0
1.0
1.0
1.0
1.0
0.976728201103
0.984047004402
1.0
1.0
1.0
1.0
0.968286480726
1.0
1.0
1.0
1.0
1.0
0.993016312986
0.902538223649
1.0
1.0
1.0
1.0
1.0
1.0
0.906126403536
0.950480323096
0.964682175491
1.0
0.939309096741
1.0
1.0
1.0
0.710708047471
1.0
1.0
1.0
1.0
1.0
0.916691755034
1.0
1.0
0.0
1.0
0.961982875694
1.0
0.966097220329
1.0
0.957809530946
1.0
0.968668740316
0.0
1.0
1.0
1.0
0.0
1.0
1.0
1.0
1.0
1.0
1.0
0.968976111648
0.902005697753
1.0
0.708002769343
1.0
0.996933578058
0.90366620695
0.898909111571
1.0
1.0
0.979669159794
1.0
1.0
1.0
1.0
1.0
1.0
1.0
0.915769182554
0.995760656005
1.0
0.955050418784
0.998550662309
0.913291927014
0.900293926409
0.97418603919
1.0
0.964399480744
1.0
1.0
1.0
1.0
0.928295988986
0.987116286552
1.0
1.0
0.987051684608
0.0
0.948910815179
1.0
1.0
0.995612997683
1.0
0.996485073909
0.0
1.0
1.0
1.0
1.0
1.0
1.0
1.0
1.0
1.0
1.0
1.0
1.0
1.0
1.0
0.959135506022
1.0
1.0
1.0
0.958528825725
0.961251980413
1.0
0.910976210513
0.980101920999
0.905488974554
1.0
1.0
1.0
0.986391869998
0.961180591873
1.0
1.0
1.0
1.0
1.0
0.978144382596
1.0
1.0
1.0
0.955462632351
1.0
1.0
1.0
1.0
0.900747303044
1.0
0.950865347877
1.0
0.960150516042
0.711427921805
0.901361677131
1.0
0.709749084444
0.0
1.0
0.970222885506
0.90545304803
1.0
1.0
1.0
0.993510607709
1.0
0.993210507401
1.0
1.0
1.0
1.0
0.991494751784
1.0
0.993511013582
0.995788134338
1.0
0.987780004209
1.0
1.0
0.959288853006
0.0
1.0
1.0
1.0
1.0
1.0
1.0
1.0
0.984009643941
0.969419447717
0.959452197326
1.0
1.0
1.0
1.0
1.0
0.997695718147
1.0
0.0
1.0
1.0
0.934527691906
0.906408158187
1.0
1.0
1.0
1.0
1.0
1.0
1.0
1.0
1.0
0.710452626292
0.0
0.912575753102
1.0
1.0
0.89864999194
1.0
1.0
0.968146159419
0.995185673415
0.857391106331
1.0
1.0
1.0
0.0
0.965729427005
1.0
1.0
1.0
0.901141681807
1.0
0.900970885767
1.0
1.0
0.0
0.930691160941
1.0
1.0
1.0
1.0
0.92014217942
1.0
1.0
1.0
1.0
1.0
1.0
0.709283274852
1.0
1.0
0.0
0.984897822631
1.0
1.0
1.0
0.721951578825
1.0
1.0
0.961850209841
1.0
1.0
1.0
0.99382495709
1.0
0.952900122018
1.0
1.0
1.0
1.0
1.0
0.942966627521
0.974426363537
0.911372498651
1.0
1.0
1.0
1.0
1.0
1.0
0.708247509191
1.0
1.0
1.0
1.0
0.995177761214
1.0
1.0
0.952027595482
1.0
1.0
1.0
1.0
0.962550750113
0.0
1.0
1.0
0.710095105594
1.0
0.971727396141
1.0
1.0
1.0
1.0
1.0
0.983326364195
0.99854295237
1.0
1.0
0.958322612137
1.0
1.0
1.0
1.0
1.0
1.0
1.0
1.0
1.0
1.0
1.0
1.0
1.0
0.966820415723
1.0
1.0
0.941334793126
1.0
1.0
1.0
1.0
1.0
1.0
1.0
0.717215195339
1.0
1.0
0.950896694489
1.0
1.0
0.987045426315
0.965349169429
1.0
1.0
1.0
0.988921388193
1.0
0.0
1.0
1.0
0.0
1.0
0.90726313116
0.884995271286
1.0
1.0
1.0
1.0
1.0
