1.0
0.998231166251
1.0
1.0
0.956388245904
1.0
1.0
1.0
1.0
1.0
1.0
1.0
0.989404235521
1.0
0.957985192254
1.0
1.0
1.0
1.0
1.0
1.0
1.0
1.0
1.0
1.0
1.0
0.95908868928
1.0
1.0
1.0
1.0
1.0
1.0
1.0
1.0
1.0
0.934598434474
0.998687998603
1.0
1.0
1.0
0.91106454628
1.0
1.0
0.915641022603
0.711616109574
1.0
1.0
1.0
1.0
1.0
0.902975682344
1.0
0.0
1.0
0.943121604722
1.0
1.0
0.988932883454
1.0
1.0
1.0
1.0
1.0
1.0
1.0
1.0
1.0
1.0
1.0
1.0
1.0
1.0
0.983451709126
1.0
0.961371948847
1.0
1.0
1.0
0.914876571514
0.978573904567
1.0
1.0
0.910791560907
1.0
0.906547285149
1.0
1.0
1.0
1.0
1.0
1.0
0.936982018004
1.0
1.0
1.0
1.0
1.0
1.0
1.0
1.0
1.0
1.0
1.0
0.909110763449
1.0
1.0
0.987302221607
1.0
0.987832986176
1.0
1.0
1.0
1.0
1.0
0.990659106386
1.0
1.0
1.0
1.0
1.0
0.7124484442
1.0
1.0
0.998405419928
1.0
1.0
1.0
1.0
1.0
1.0
1.0
1.0
1.0
0.990691971002
0.933793252939
1.0
0.913058530038
0.0
1.0
1.0
1.0
1.0
1.0
0.713798620397
1.0
1.0
0.929988407734
1.0
1.0
1.0
0.732097718554
1.0
1.0
1.0
1.0
1.0
0.99451527987
0.717508968062
1.0
1.0
1.0
1.0
1.0
1.0
0.877450097392
1.0
0.709209127538
0.0
0.713882083703
1.0
1.0
1.0
1.0
1.0
0.967715265391
1.0
1.0
1.0
1.0
1.0
1.0
1.0
1.0
1.0
0.980118371309
1.0
1.0
1.0
0.902496903505
0.0
1.0
1.0
1.0
0.965155887626
1.0
0.959749488589
1.0
1.0
1.0
1.0
1.0
0.711926940743
0.708648510757
1.0
1.0
1.0
1.0
1.0
0.995353900226
1.0
1.0
1.0
1.0
1.0
1.0
1.0
1.0
1.0
1.0
0.968301505642
1.0
1.0
1.0
1.0
1.0
1.0
1.0
1.0
1.0
0.911041687194
1.0
0.910051558684
1.0
0.908699727133
0.982932703848
1.0
1.0
0.0
1.0
0.882379210262
1.0
1.0
1.0
1.0
0.740909955807
1.0
1.0
1.0
1.0
1.0
1.0
1.0
1.0
1.0
0.711762430139
1.0
0.990546428558
0.0
1.0
1.0
1.0
0.923648589645
1.0
1.0
1.0
1.0
1.0
1.0
0.979863686136
0.920229033719
1.0
1.0
1.0
1.0
0.981681690647
1.0
1.0
1.0
1.0
1.0
1.0
1.0
1.0
1.0
1.0
1.0
0.998410301231
1.0
1.0
1.0
1.0
1.0
1.0
1.0
1.0
0.712060563652
1.0
0.990228232577
1.0
1.0
1.0
1.0
1.0
1.0
0.975577474262
1.0
1.0
1.0
1.0
1.0
1.0
0.711560093725
1.0
1.0
1.0
1.0
1.0
1.0
1.0
1.0
1.0
0.98803860573
1.0
1.0
0.993807194833
1.0
1.0
1.0
1.0
1.0
1.0
0.928083195886
1.0
1.0
1.0
1.0
1.0
1.0
1.0
1.0
0.938481411864
0.0
1.0
1.0
1.0
1.0
1.0
1.0
0.711816932436
0.983813279116
0.709111052093
1.0
1.0
1.0
1.0
1.0
0.980511195143
1.0
1.0
1.0
0.998334847855
1.0
1.0
1.0
1.0
1.0
0.984083162683
1.0
1.0
1.0
1.0
1.0
1.0
0.981843154446
0.982609096352
1.0
0.982723265186
1.0
1.0
1.0
1.0
0.965212209268
1.0
1.0
0.987820056191
0.879845430985
0.917656793721
1.0
1.0
1.0
1.0
1.0
1.0
1.0
1.0
0.0
1.0
1.0
1.0
1.0
1.0
0.905273055436
0.919630804939
1.0
1.0
0.961601392544
1.0
0.708479194806
1.0
1.0
1.0
0.998598497723
0.862755708918
1.0
1.0
1.0
1.0
1.0
1.0
1.0
1.0
1.0
1.0
1.0
1.0
1.0
1.0
0.842856531087
1.0
0.0
1.0
0.926309100731
1.0
0.988577302158
1.0
1.0
0.0
1.0
1.0
0.721785611109
0.953965925719
1.0
0.975190280152
1.0
0.991594459742
1.0
1.0
1.0
1.0
0.987303883543
1.0
1.0
1.0
1.0
1.0
1.0
0.962605401984
1.0
1.0
1.0
1.0
1.0
1.0
1.0
1.0
1.0
1.0
1.0
1.0
1.0
0.900600074119
1.0
1.0
1.0
1.0
1.0
1.0
1.0
0.961781245134
1.0
1.0
0.899011473034
1.0
0.93776726217
1.0
1.0
1.0
1.0
1.0
1.0
1.0
0.998861438653
1.0
0.980734001143
1.0
1.0
1.0
1.0
0.991990493085
1.0
0.956063342888
0.969587572749
1.0
1.0
1.0
1.0
1.0
1.0
0.941539801616
1.0
0.990399959308
1.0
0.0
1.0
1.0
1.0
0.0
0.72675804713
1.0
0.929274567227
1.0
1.0
0.710168335753
0.0
1.0
0.999220573315
1.0
1.0
1.0
0.996228637299
1.0
1.0
0.98087234098
0.989480796715
1.0
1.0
0.960911983876
1.0
1.0
0.955372188581
1.0
0.0
0.898267705743
1.0
0.933853387458
0.957340564834
0.973227484582
1.0
1.0
1.0
1.0
0.986219745728
0.898244301454
1.0
1.0
1.0
1.0
1.0
1.0
1.0
1.0
1.0
1.0
0.99836314406
1.0
1.0
1.0
1.0
1.0
1.0
1.0
1.0
1.0
1.0
1.0
1.0
1.0
0.995901759172
1.0
0.994662784071
0.982926254444
1.0
1.0
1.0
0.871526170884
1.0
1.0
1.0
1.0
1.0
1.0
1.0
1.0
1.0
1.0
1.0
1.0
0.711975476803
1.0
1.0
0.999624880714
0.983762089122
1.0
0.70858537637
1.0
1.0
1.0
1.0
0.974398971823
0.88338207358
1.0
1.0
1.0
1.0
1.0
1.0
1.0
1.0
0.994153022923
1.0
1.0
0.961998237461
1.0
1.0
1.0
0.714614001739
1.0
1.0
1.0
1.0
1.0
1.0
1.0
1.0
1.0
1.0
1.0
1.0
1.0
0.965711812215
1.0
1.0
1.0
1.0
1.0
1.0
1.0
1.0
0.977023603466
1.0
1.0
0.980099320739
1.0
1.0
1.0
1.0
1.0
1.0
1.0
1.0
1.0
1.0
0.0
1.0
0.990335503329
1.0
1.0
1.0
1.0
1.0
1.0
1.0
0.961135638402
0.0
1.0
0.98230132099
1.0
1.0
1.0
1.0
1.0
1.0
1.0
1.0
1.0
0.99228225077
1.0
1.0
1.0
1.0
1.0
1.0
0.95910518121
0.971015210897
0.947792972329
1.0
1.0
1.0
1.0
1.0
1.0
0.912011280996
1.0
1.0
1.0
1.0
1.0
0.0
1.0
1.0
1.0
0.949070501204
0.98596817092
1.0
0.0
0.968578573029
1.0
1.0
0.91267336587
1.0
1.0
0.978105017723
0.916226377175
1.0
0.911408274785
1.0
0.964477504028
1.0
1.0
0.0
1.0
1.0
1.0
1.0
1.0
1.0
1.0
0.709942855847
0.987633578949
0.924644268688
1.0
1.0
1.0
1.0
1.0
1.0
1.0
1.0
0.986549828707
1.0
1.0
1.0
0.997928775016
1.0
1.0
1.0
1.0
0.983248221158
1.0
0.982931911612
1.0
1.0
0.996137943038
1.0
1.0
1.0
1.0
1.0
1.0
1.0
1.0
1.0
0.928821479754
1.0
1.0
1.0
1.0
1.0
1.0
1.0
1.0
1.0
0.0
1.0
1.0
1.0
1.0
1.0
0.978929066511
1.0
0.964174876767
1.0
0.914727794436
1.0
0.961801040526
1.0
1.0
0.925879716151
0.989473569235
0.999441807716
1.0
1.0
1.0
1.0
1.0
1.0
0.710183716458
0.897604158909
1.0
0.996066772973
1.0
1.0
1.0
1.0
0.983623443667
1.0
1.0
1.0
1.0
1.0
1.0
1.0
1.0
1.0
1.0
1.0
1.0
1.0
1.0
1.0
1.0
1.0
1.0
1.0
1.0
1.0
1.0
1.0
1.0
1.0
1.0
1.0
1.0
1.0
0.900705564433
1.0
1.0
1.0
1.0
1.0
1.0
1.0
0.987742049744
0.0
1.0
1.0
1.0
1.0
0.97368555821
1.0
1.0
0.978248374314
0.994518134503
1.0
1.0
0.99628065372
1.0
1.0
1.0
1.0
1.0
1.0
0.903834394102
1.0
1.0
1.0
0.966197600884
1.0
1.0
0.90183800595
1.0
0.990944439833
1.0
1.0
1.0
1.0
1.0
0.995402914314
1.0
1.0
1.0
1.0
0.7113448587
0.960976703145
1.0
1.0
1.0
0.723097110236
1.0
0.927358241164
1.0
1.0
1.0
1.0
1.0
1.0
0.95201691964
1.0
1.0
1.0
0.930452494073
1.0
0.713473128535
1.0
1.0
1.0
0.99972879506
1.0
1.0
1.0
1.0
1.0
1.0
1.0
1.0
1.0
1.0
1.0
1.0
0.982941008081
0.962271322526
1.0
1.0
1.0
0.0
1.0
1.0
1.0
1.0
1.0
1.0
1.0
1.0
1.0
1.0
1.0
1.0
0.987086720265
0.968832395439
1.0
1.0
1.0
0.976628635656
1.0
0.949463088603
1.0
0.995512378062
1.0
1.0
0.945799794492
1.0
1.0
1.0
1.0
0.709795708875
0.0
1.0
1.0
1.0
1.0
1.0
1.0
0.0
1.0
1.0
1.0
0.0
1.0
1.0
1.0
1.0
1.0
1.0
1.0
1.0
1.0
1.0
1.0
1.0
1.0
1.0
1.0
0.992550891699
1.0
1.0
1.0
0.708952971115
1.0
1.0
