1.0
1.0
1.0
0.967804398676
1.0
0.998379542696
1.0
1.0
1.0
1.0
1.0
1.0
1.0
0.962472541927
1.0
1.0
1.0
1.0
0.927294250234
1.0
1.0
1.0
0.994383769169
1.0
1.0
0.95575411533
1.0
1.0
1.0
1.0
1.0
1.0
1.0
1.0
1.0
0.963950703771
1.0
1.0
0.0
1.0
1.0
0.989347701194
1.0
0.0
1.0
1.0
0.97818244956
1.0
1.0
1.0
1.0
1.0
0.916787478986
1.0
0.984831841018
1.0
1.0
1.0
0.0
1.0
1.0
1.0
1.0
1.0
0.92555746579
1.0
1.0
0.929575476597
1.0
1.0
1.0
0.95961919722
1.0
1.0
1.0
1.0
1.0
1.0
1.0
1.0
0.903735933697
1.0
1.0
0.939425477028
0.976225809339
1.0
0.958629947029
0.0
1.0
1.0
0.0
1.0
0.970074768371
1.0
1.0
1.0
1.0
0.983937677329
1.0
1.0
0.711537602706
0.9481002672
1.0
1.0
0.961826017335
1.0
1.0
1.0
1.0
0.84987224517
1.0
1.0
1.0
0.956636791867
1.0
1.0
1.0
0.928828269346
1.0
1.0
1.0
1.0
1.0
1.0
1.0
1.0
1.0
0.907637554839
0.0
1.0
1.0
0.990731796548
1.0
0.981501035677
1.0
0.958100806268
1.0
1.0
1.0
1.0
0.964664890709
1.0
1.0
1.0
1.0
1.0
1.0
0.714059898474
1.0
1.0
1.0
1.0
1.0
0.93490146652
1.0
1.0
1.0
1.0
1.0
1.0
1.0
1.0
0.959885966595
1.0
1.0
1.0
1.0
1.0
1.0
1.0
1.0
1.0
1.0
1.0
1.0
1.0
1.0
1.0
1.0
0.0
1.0
1.0
1.0
1.0
0.715366966563
1.0
1.0
0.0
1.0
1.0
0.713332396765
0.0
1.0
1.0
1.0
0.0
1.0
1.0
1.0
1.0
1.0
0.928744810875
1.0
1.0
1.0
0.990194107106
1.0
1.0
1.0
1.0
1.0
1.0
0.710698299194
1.0
0.0
1.0
1.0
1.0
0.718861596739
1.0
1.0
1.0
1.0
1.0
1.0
0.977404277508
1.0
1.0
1.0
1.0
0.991688976756
0.0
1.0
1.0
1.0
1.0
1.0
1.0
1.0
1.0
0.98844545888
1.0
1.0
1.0
1.0
0.73259615199
0.923215533888
1.0
1.0
1.0
1.0
1.0
1.0
1.0
1.0
1.0
1.0
1.0
0.973123209205
0.983875066744
1.0
1.0
1.0
1.0
1.0
1.0
1.0
1.0
0.709300618057
1.0
0.0
0.992869358389
1.0
1.0
1.0
1.0
1.0
1.0
0.990892915028
1.0
1.0
1.0
1.0
1.0
1.0
1.0
1.0
1.0
1.0
1.0
1.0
1.0
1.0
1.0
0.0
1.0
1.0
1.0
1.0
0.710394250019
1.0
1.0
1.0
1.0
1.0
0.719813147598
1.0
1.0
1.0
1.0
0.917993196131
0.984952732044
0.974866085833
0.995814332365
1.0
1.0
1.0
1.0
1.0
0.719342813099
1.0
0.712389082109
0.988543135416
1.0
0.917771520705
1.0
0.988802118882
1.0
1.0
1.0
1.0
0.9619652222
0.0
1.0
1.0
1.0
1.0
1.0
1.0
0.712542181313
1.0
1.0
1.0
1.0
1.0
1.0
1.0
1.0
1.0
1.0
1.0
1.0
0.964780561884
1.0
1.0
1.0
1.0
1.0
1.0
1.0
1.0
1.0
1.0
1.0
1.0
1.0
1.0
1.0
0.967584927485
0.985604816161
1.0
1.0
1.0
1.0
0.970300687839
1.0
1.0
1.0
1.0
1.0
1.0
1.0
0.989819464468
1.0
0.944379322989
1.0
0.940749062871
0.90041456056
1.0
1.0
1.0
1.0
1.0
1.0
1.0
1.0
1.0
1.0
1.0
1.0
1.0
0.96485680537
1.0
0.0
1.0
1.0
1.0
0.0
0.98648000697
1.0
1.0
0.70936245854
1.0
1.0
1.0
1.0
0.953178053308
0.989268685344
0.904812692647
1.0
1.0
1.0
1.0
0.977905492003
1.0
0.956951888372
1.0
1.0
1.0
1.0
0.992370693415
1.0
1.0
0.997040541043
1.0
1.0
1.0
1.0
0.985630337285
1.0
1.0
1.0
1.0
1.0
1.0
0.984743092923
1.0
1.0
1.0
1.0
1.0
0.716123463406
1.0
0.970657629603
0.954629155982
1.0
1.0
1.0
1.0
0.998397482676
1.0
1.0
1.0
0.0
1.0
1.0
0.933079906269
1.0
1.0
1.0
1.0
1.0
1.0
1.0
0.993793705965
1.0
1.0
1.0
1.0
0.988877460038
1.0
1.0
0.972435137023
1.0
1.0
1.0
1.0
1.0
1.0
0.739572955124
0.982622185632
1.0
1.0
1.0
0.899018734994
1.0
1.0
0.937893138442
1.0
1.0
0.922444744487
1.0
1.0
1.0
1.0
0.0
1.0
0.712523742614
1.0
0.982530619062
0.992280235218
0.991812496944
1.0
1.0
1.0
1.0
1.0
1.0
0.99796547475
1.0
1.0
1.0
1.0
1.0
0.708233226411
1.0
1.0
1.0
1.0
0.910678231137
1.0
1.0
0.0
0.930671108002
1.0
1.0
0.980865685524
1.0
0.963345968652
1.0
1.0
1.0
1.0
0.924085546012
1.0
1.0
1.0
1.0
1.0
1.0
1.0
1.0
1.0
1.0
1.0
1.0
0.713858932951
1.0
0.936374814406
0.975174067445
1.0
1.0
1.0
1.0
0.9919301155
1.0
1.0
1.0
1.0
0.95930620013
1.0
1.0
1.0
1.0
0.962867202869
1.0
0.727320543215
1.0
1.0
1.0
1.0
1.0
0.0
1.0
0.964673179031
1.0
1.0
0.711826611261
1.0
1.0
1.0
0.946512629103
1.0
1.0
1.0
1.0
1.0
0.984512024897
1.0
0.98314076516
1.0
0.984663089599
1.0
1.0
0.712419915253
1.0
0.991480915343
1.0
1.0
0.712583646455
1.0
1.0
0.978139485988
1.0
1.0
1.0
1.0
0.976047219195
1.0
1.0
1.0
0.734256895657
1.0
0.985642245105
1.0
1.0
1.0
1.0
1.0
1.0
1.0
1.0
1.0
0.713331783356
0.994130782852
1.0
0.979695164668
1.0
1.0
1.0
1.0
0.97119743316
1.0
0.922563958881
1.0
1.0
1.0
1.0
1.0
0.905561632927
1.0
1.0
1.0
1.0
1.0
1.0
1.0
1.0
1.0
1.0
1.0
1.0
0.967541244717
1.0
1.0
1.0
1.0
1.0
1.0
0.998602976785
0.985710833076
1.0
1.0
1.0
1.0
1.0
1.0
0.971241499479
1.0
0.709042787802
1.0
1.0
1.0
1.0
1.0
1.0
1.0
1.0
0.996132460732
1.0
0.924881609635
1.0
1.0
1.0
1.0
1.0
0.984172929658
1.0
0.973161234624
1.0
1.0
1.0
1.0
1.0
1.0
1.0
1.0
1.0
0.935134243052
1.0
1.0
0.937528577183
1.0
1.0
1.0
1.0
1.0
1.0
1.0
1.0
0.987992217291
1.0
1.0
1.0
1.0
1.0
1.0
0.869457555355
1.0
1.0
1.0
1.0
1.0
1.0
0.95477650151
1.0
1.0
1.0
1.0
1.0
1.0
1.0
1.0
1.0
1.0
0.0
1.0
1.0
1.0
1.0
1.0
1.0
0.0
0.981803767011
0.954475833206
0.947360806503
1.0
1.0
1.0
0.99740907789
1.0
1.0
1.0
1.0
1.0
1.0
0.969244068281
0.0
0.963830792756
0.958135375144
0.923654283348
1.0
1.0
1.0
1.0
1.0
1.0
0.900957752099
1.0
1.0
1.0
0.901494294983
1.0
1.0
1.0
1.0
1.0
0.98847556082
1.0
0.999223669896
0.718420051138
1.0
1.0
1.0
1.0
1.0
1.0
1.0
1.0
0.998275757078
0.892770617225
1.0
1.0
1.0
1.0
0.909110866829
0.965840981762
1.0
1.0
0.988758847786
1.0
0.708609355072
1.0
1.0
1.0
1.0
0.0
1.0
1.0
1.0
1.0
0.709809519432
0.715784844803
1.0
0.974217179099
1.0
0.0
1.0
1.0
1.0
1.0
1.0
1.0
1.0
1.0
1.0
0.7112335565
1.0
0.0
1.0
0.983934049581
1.0
0.995600978072
1.0
1.0
1.0
1.0
1.0
1.0
1.0
1.0
1.0
1.0
1.0
1.0
1.0
1.0
1.0
0.909310736164
1.0
1.0
1.0
0.827006113236
1.0
1.0
1.0
0.994085279603
1.0
1.0
0.0
0.709952432751
1.0
0.906082299576
0.936487807351
0.955293567248
1.0
0.966676073781
1.0
1.0
0.999817738225
0.960526896076
1.0
1.0
1.0
1.0
1.0
1.0
1.0
1.0
1.0
0.915184093999
1.0
1.0
0.954450578881
1.0
1.0
0.712393886416
0.921435294053
1.0
1.0
0.97123165506
1.0
1.0
0.709377521773
1.0
1.0
1.0
1.0
1.0
0.708952443631
1.0
1.0
1.0
1.0
1.0
0.0
0.0
0.911040841217
1.0
1.0
1.0
0.915859446182
1.0
1.0
1.0
1.0
1.0
1.0
1.0
0.992793581425
0.0
1.0
1.0
1.0
1.0
1.0
1.0
1.0
1.0
1.0
0.983059455076
1.0
0.866136856498
1.0
1.0
1.0
1.0
1.0
1.0
1.0
1.0
0.961761284099
1.0
0.995833366264
0.939138587855
0.0
1.0
0.903085938587
0.97598333438
0.995611391028
0.902296880897
1.0
0.709107676053
0.930968932781
0.710602200884
1.0
0.0
1.0
1.0
0.0
1.0
1.0
1.0
0.957879654234
1.0
1.0
0.918297315194
0.997070531518
1.0
0.99777158912
0.941945022053
1.0
1.0
0.887990917424
1.0
1.0
1.0
1.0
1.0
0.971645197282
1.0
1.0
1.0
1.0
1.0
1.0
0.956902632202
1.0
1.0
1.0
