1.0
0.953898171905
1.0
1.0
1.0
1.0
1.0
1.0
1.0
1.0
0.727430429622
1.0
1.0
1.0
0.977443819354
1.0
1.0
1.0
1.0
1.0
1.0
1.0
1.0
1.0
1.0
1.0
1.0
0.709253792645
1.0
1.0
1.0
1.0
1.0
1.0
1.0
1.0
1.0
0.840980963862
1.0
1.0
0.710036981132
1.0
1.0
1.0
1.0
0.902233001233
1.0
1.0
1.0
1.0
1.0
0.712546116464
1.0
1.0
1.0
1.0
1.0
1.0
1.0
1.0
1.0
0.0
1.0
1.0
1.0
1.0
1.0
1.0
1.0
1.0
0.990597057959
0.983752858471
1.0
0.711398088545
1.0
1.0
1.0
1.0
1.0
0.980952471058
1.0
0.0
0.977804009702
1.0
1.0
0.989674883922
1.0
1.0
1.0
1.0
1.0
1.0
1.0
1.0
1.0
1.0
1.0
1.0
1.0
1.0
1.0
1.0
0.994904086049
1.0
0.0
1.0
0.713879794371
1.0
1.0
1.0
1.0
1.0
1.0
1.0
1.0
0.978422608526
1.0
1.0
1.0
1.0
0.9927118229
1.0
1.0
0.99868087037
1.0
1.0
1.0
1.0
1.0
1.0
1.0
0.0
1.0
1.0
1.0
1.0
1.0
1.0
1.0
1.0
1.0
0.98177897997
1.0
1.0
1.0
0.965800398824
1.0
1.0
1.0
1.0
1.0
0.0
0.936024288477
1.0
1.0
1.0
1.0
1.0
0.997365824418
1.0
1.0
1.0
1.0
1.0
0.0
1.0
1.0
1.0
0.937174651021
1.0
1.0
1.0
1.0
1.0
1.0
1.0
1.0
1.0
1.0
0.0
1.0
1.0
1.0
1.0
1.0
1.0
1.0
0.711481019798
1.0
0.0
1.0
1.0
1.0
1.0
1.0
1.0
1.0
1.0
1.0
1.0
0.900942623991
1.0
0.716439374078
1.0
1.0
1.0
1.0
1.0
1.0
1.0
1.0
1.0
1.0
1.0
1.0
1.0
1.0
1.0
1.0
1.0
0.0
1.0
1.0
0.929502535132
1.0
1.0
1.0
1.0
1.0
1.0
1.0
0.912785107347
1.0
1.0
1.0
1.0
1.0
1.0
1.0
0.0
0.753663617752
0.726689661925
1.0
1.0
1.0
1.0
0.97806203131
1.0
1.0
1.0
1.0
1.0
1.0
1.0
0.962920237945
1.0
0.710013853915
1.0
1.0
0.713894060087
1.0
1.0
0.991898949846
1.0
1.0
1.0
1.0
1.0
1.0
1.0
1.0
1.0
1.0
1.0
1.0
1.0
0.679446449003
1.0
1.0
1.0
1.0
1.0
1.0
1.0
1.0
1.0
1.0
1.0
1.0
1.0
1.0
1.0
1.0
1.0
1.0
1.0
1.0
1.0
1.0
1.0
1.0
1.0
0.709486384704
1.0
1.0
1.0
0.975023968065
1.0
1.0
1.0
0.994537766237
1.0
1.0
1.0
1.0
0.912106614219
1.0
1.0
0.959637584277
0.0
1.0
1.0
1.0
1.0
1.0
1.0
1.0
1.0
1.0
1.0
1.0
0.90667536373
1.0
1.0
1.0
1.0
0.997947349041
0.0
1.0
1.0
0.985927949502
1.0
1.0
0.993709554954
1.0
1.0
1.0
1.0
1.0
1.0
1.0
0.986982253955
1.0
1.0
1.0
0.96730940803
1.0
1.0
0.903594784086
1.0
1.0
1.0
1.0
1.0
1.0
1.0
0.97074064858
1.0
1.0
1.0
1.0
0.952776967528
1.0
0.945896724618
0.938982527874
1.0
1.0
1.0
1.0
1.0
0.0
1.0
1.0
0.983712712057
1.0
1.0
1.0
1.0
1.0
0.0
0.713005884159
1.0
0.915804229526
1.0
0.997931041264
1.0
1.0
0.958193500709
1.0
1.0
1.0
1.0
1.0
0.0
1.0
1.0
0.959801996859
0.909769170875
1.0
0.912697687009
1.0
1.0
1.0
0.0
1.0
1.0
1.0
1.0
1.0
1.0
0.96219754427
1.0
1.0
1.0
1.0
1.0
1.0
0.921906454615
1.0
1.0
1.0
1.0
1.0
1.0
1.0
1.0
1.0
1.0
1.0
0.718263990601
1.0
1.0
1.0
1.0
1.0
0.963777618738
1.0
1.0
1.0
1.0
0.709414160591
1.0
1.0
1.0
1.0
1.0
1.0
1.0
1.0
1.0
1.0
1.0
1.0
1.0
1.0
1.0
1.0
1.0
1.0
1.0
1.0
0.939675669804
1.0
1.0
1.0
1.0
1.0
1.0
1.0
1.0
1.0
1.0
1.0
1.0
1.0
0.908476202562
1.0
1.0
0.996890436199
1.0
1.0
1.0
1.0
1.0
1.0
1.0
1.0
0.711871134831
1.0
1.0
1.0
1.0
1.0
1.0
0.0
1.0
1.0
1.0
1.0
1.0
1.0
1.0
1.0
1.0
1.0
1.0
1.0
1.0
1.0
1.0
0.713379257905
0.91766052418
1.0
0.905139148628
1.0
1.0
1.0
1.0
0.969406716949
1.0
1.0
1.0
1.0
1.0
1.0
1.0
1.0
1.0
1.0
1.0
1.0
1.0
1.0
1.0
1.0
1.0
1.0
1.0
1.0
1.0
0.980993325182
0.709158331023
0.987023618457
1.0
1.0
1.0
1.0
0.992781531564
1.0
1.0
1.0
1.0
1.0
0.905645148805
1.0
1.0
1.0
1.0
1.0
1.0
0.969190764841
0.0
1.0
1.0
1.0
1.0
0.0
1.0
0.906089593694
0.990095040615
0.989743462366
0.942285779282
1.0
1.0
0.717583879237
1.0
0.912083028639
1.0
1.0
1.0
0.943767010739
1.0
1.0
0.90960786377
0.907890717414
0.917964129034
0.975186313383
1.0
0.979106715289
1.0
0.994273896076
1.0
1.0
0.0
1.0
1.0
1.0
0.911193567382
1.0
1.0
0.935408028922
1.0
1.0
1.0
1.0
0.999373620135
1.0
1.0
1.0
1.0
0.0
1.0
1.0
1.0
1.0
1.0
0.974335432706
1.0
1.0
0.990755304525
0.911198781756
1.0
1.0
1.0
1.0
1.0
1.0
1.0
1.0
1.0
1.0
0.0
1.0
1.0
1.0
1.0
0.971046911073
1.0
1.0
0.0
1.0
1.0
0.974106903283
0.995351996922
1.0
1.0
1.0
1.0
1.0
1.0
1.0
1.0
1.0
1.0
1.0
1.0
1.0
1.0
1.0
1.0
1.0
0.994927013319
1.0
1.0
1.0
1.0
1.0
1.0
1.0
1.0
0.964822434113
1.0
0.717931883226
1.0
1.0
1.0
1.0
0.720871666582
1.0
0.988403335465
1.0
0.919532177262
1.0
0.999410090425
1.0
1.0
1.0
0.710159897577
1.0
1.0
1.0
1.0
0.712853598245
1.0
1.0
1.0
1.0
0.71031551609
1.0
1.0
1.0
1.0
0.985611868791
1.0
1.0
0.997081727183
1.0
1.0
0.716401370374
1.0
1.0
1.0
0.0
1.0
1.0
1.0
1.0
0.993365351302
1.0
1.0
0.940568807736
0.971814081887
1.0
1.0
1.0
1.0
1.0
1.0
1.0
0.973493152168
0.909780362434
1.0
1.0
0.0
0.996787476941
1.0
1.0
1.0
1.0
1.0
1.0
1.0
1.0
1.0
1.0
1.0
1.0
1.0
0.924042006839
0.991503488573
1.0
1.0
1.0
0.922230863042
0.959902512218
1.0
0.0
1.0
1.0
1.0
1.0
0.962285360806
0.972451959695
0.901751056133
1.0
1.0
1.0
1.0
0.988266224696
1.0
1.0
1.0
0.0
0.963856861944
1.0
0.974531371535
1.0
1.0
1.0
1.0
1.0
1.0
0.995067674249
0.977824321866
1.0
1.0
1.0
1.0
1.0
0.927241812733
1.0
1.0
1.0
1.0
1.0
1.0
1.0
1.0
1.0
1.0
1.0
1.0
1.0
0.9271887523
1.0
1.0
1.0
0.839116077976
0.97355163394
1.0
1.0
0.928867219286
1.0
1.0
1.0
1.0
1.0
1.0
1.0
0.907193233167
1.0
1.0
1.0
1.0
0.715028326939
1.0
1.0
1.0
1.0
1.0
1.0
1.0
1.0
1.0
1.0
1.0
1.0
1.0
1.0
1.0
0.71169125063
1.0
1.0
0.976965691508
0.88484282718
1.0
0.713050799213
1.0
0.976430411377
1.0
0.969768810423
0.944457479842
0.971226862434
0.974275190357
1.0
1.0
1.0
1.0
1.0
0.712856235172
1.0
1.0
1.0
1.0
0.0
1.0
1.0
1.0
1.0
1.0
1.0
1.0
1.0
1.0
1.0
0.0
0.709480622099
1.0
1.0
1.0
1.0
1.0
1.0
1.0
1.0
1.0
0.956921046809
1.0
1.0
0.884133889747
1.0
1.0
1.0
1.0
1.0
1.0
1.0
1.0
1.0
1.0
1.0
1.0
0.983521686991
1.0
1.0
0.712399508886
1.0
1.0
0.0
0.0
1.0
1.0
1.0
1.0
1.0
0.975835119417
1.0
1.0
1.0
0.711709313589
1.0
1.0
1.0
1.0
1.0
1.0
1.0
1.0
1.0
1.0
1.0
1.0
1.0
0.964114463735
1.0
1.0
1.0
0.926173404201
1.0
0.820013708283
1.0
1.0
1.0
1.0
1.0
1.0
1.0
1.0
0.905335882345
1.0
1.0
1.0
1.0
1.0
0.709720297802
0.711240442446
1.0
1.0
1.0
1.0
0.0
0.906103506877
1.0
1.0
0.0
1.0
0.90924300857
1.0
1.0
1.0
1.0
1.0
1.0
1.0
1.0
1.0
1.0
1.0
0.0
1.0
1.0
1.0
1.0
1.0
1.0
0.712985680075
1.0
1.0
1.0
1.0
