1.0
1.0
1.0
1.0
1.0
1.0
1.0
1.0
0.7134184186
1.0
0.0
1.0
1.0
0.0
1.0
1.0
1.0
1.0
1.0
1.0
0.919714919176
1.0
1.0
1.0
1.0
1.0
0.0
1.0
1.0
1.0
1.0
1.0
1.0
1.0
1.0
1.0
1.0
1.0
1.0
1.0
1.0
1.0
1.0
1.0
0.711518253935
1.0
1.0
0.0
1.0
0.972063668176
1.0
0.723634418129
0.710038976653
0.282828743624
1.0
1.0
1.0
1.0
0.974919231287
1.0
1.0
1.0
1.0
0.712999739564
1.0
1.0
1.0
1.0
1.0
1.0
1.0
1.0
1.0
0.302999440047
0.0
0.931361567058
1.0
1.0
1.0
1.0
1.0
0.909538551858
0.99343716197
0.710110949216
1.0
1.0
0.712820974051
1.0
1.0
1.0
1.0
0.998474712919
1.0
1.0
0.969743775062
1.0
0.725596055148
0.965364089481
1.0
0.978639041475
1.0
1.0
0.971657114308
0.26262239237
1.0
1.0
1.0
0.242424045934
1.0
1.0
0.272729727686
1.0
1.0
1.0
1.0
1.0
1.0
1.0
0.0
1.0
1.0
0.713893179096
1.0
1.0
1.0
0.0
1.0
0.957701561889
1.0
1.0
1.0
1.0
1.0
1.0
1.0
1.0
1.0
1.0
0.737603932873
1.0
1.0
1.0
1.0
0.709676595842
1.0
1.0
1.0
1.0
1.0
0.974708554013
1.0
0.964698793709
1.0
1.0
1.0
0.979691475682
1.0
1.0
1.0
1.0
1.0
0.926741995124
1.0
0.212119486137
1.0
1.0
1.0
1.0
1.0
0.950194842884
1.0
1.0
1.0
1.0
1.0
1.0
1.0
1.0
0.913659694008
1.0
0.990938947351
1.0
0.850944370605
1.0
1.0
0.905492105525
0.0
1.0
1.0
0.929304045283
1.0
1.0
1.0
1.0
1.0
1.0
0.956602203201
1.0
1.0
0.975672152242
1.0
1.0
1.0
1.0
1.0
0.983148817828
1.0
1.0
0.951914857846
1.0
0.995258077616
1.0
0.711974839964
1.0
1.0
1.0
1.0
1.0
1.0
0.974667246265
0.0
1.0
0.997277787086
1.0
0.292929754729
0.929260891662
1.0
1.0
1.0
0.998405473721
1.0
1.0
0.926556011386
1.0
1.0
1.0
1.0
1.0
1.0
1.0
1.0
1.0
1.0
1.0
1.0
1.0
1.0
1.0
1.0
1.0
1.0
1.0
0.0
1.0
1.0
1.0
1.0
1.0
1.0
1.0
1.0
1.0
1.0
1.0
1.0
1.0
1.0
1.0
1.0
1.0
1.0
0.910239777528
1.0
1.0
1.0
1.0
0.0
0.716651658157
1.0
1.0
1.0
0.978308566463
1.0
1.0
1.0
1.0
1.0
1.0
1.0
1.0
0.0
1.0
1.0
1.0
1.0
1.0
0.0
0.749042717999
1.0
0.996017853588
1.0
1.0
1.0
1.0
1.0
1.0
1.0
1.0
1.0
1.0
1.0
0.922484818739
0.90510517092
1.0
1.0
1.0
1.0
1.0
1.0
0.96582228303
1.0
1.0
1.0
0.912551394681
0.959322764964
1.0
1.0
0.973505589054
1.0
1.0
1.0
1.0
1.0
1.0
1.0
1.0
1.0
0.733957194737
1.0
0.713410510709
0.995070529844
1.0
1.0
1.0
1.0
1.0
1.0
1.0
1.0
1.0
1.0
1.0
1.0
1.0
1.0
1.0
0.0
0.957278764447
1.0
1.0
0.715828330579
1.0
1.0
1.0
0.998994956636
1.0
0.906696763019
1.0
1.0
1.0
0.9710856793
0.711925942817
1.0
1.0
1.0
1.0
1.0
1.0
1.0
1.0
0.904871353191
1.0
1.0
1.0
1.0
1.0
0.976329174332
1.0
1.0
1.0
1.0
1.0
1.0
1.0
1.0
1.0
1.0
0.975987733877
1.0
1.0
1.0
1.0
1.0
0.988235068229
1.0
1.0
1.0
1.0
1.0
1.0
1.0
1.0
1.0
1.0
1.0
1.0
0.992935675001
1.0
1.0
1.0
1.0
1.0
1.0
1.0
1.0
1.0
0.916999893155
1.0
1.0
1.0
0.990474458079
1.0
1.0
1.0
0.711749860178
1.0
1.0
1.0
1.0
1.0
1.0
0.965005618444
1.0
1.0
1.0
1.0
0.969689907598
0.921452539049
1.0
1.0
1.0
1.0
1.0
1.0
1.0
1.0
1.0
0.958242777353
1.0
1.0
1.0
1.0
1.0
1.0
1.0
1.0
0.73503347596
1.0
1.0
1.0
1.0
1.0
1.0
0.710773378712
1.0
0.91881019298
0.914224670372
1.0
0.887240802303
0.948224918202
1.0
1.0
0.712329268259
0.893995675326
0.981880862902
1.0
1.0
1.0
1.0
1.0
0.161614762036
1.0
0.906688466574
1.0
1.0
1.0
1.0
1.0
1.0
1.0
0.882847226362
1.0
1.0
0.992520938684
0.92319680324
0.95037333198
1.0
1.0
0.964345189835
1.0
0.979836227561
1.0
1.0
0.964077928291
1.0
1.0
1.0
0.0
1.0
1.0
1.0
1.0
1.0
1.0
0.0
1.0
1.0
1.0
1.0
0.920365329618
1.0
1.0
1.0
0.972847420242
