0.987574570748
0.902578210877
0.974200554198
0.988551585626
0.974901084634
0.924082247393
0.941413674671
0.708976823382
0.957141506418
0.936504238345
0.956119481913
0.961710905247
0.931918398261
0.982398442929
0.97768592999
0.985032671502
0.973921017309
0.926628332226
0.953832584042
0.96737571696
0.955257756623
0.977615062741
0.939968157589
0.96936900243
0.966834642632
0.965770439059
0.714798027065
0.969751807401
0.941030899979
0.995418792912
0.946710930526
0.967310294223
0.970124069131
0.945013065117
0.99277284224
0.982208669066
0.97765894589
0.970347224575
0.992614735385
0.977111109978
0.976133564381
0.899663025874
0.904327124707
0.898501858915
0.973587356803
0.986470742882
0.986418586061
0.975512737465
0.914096261376
0.973142867505
0.995488185194
0.943724817798
0.940790476507
0.990454021204
0.982232897167
0.982198203279
0.988635239237
0.969112780627
0.99448099259
0.995930344954
0.981564829065
0.983111218266
0.97204635063
0.910035614801
0.955246301715
0.988466850546
0.708217234598
0.978988269808
0.980901023499
0.982129542107
0.959210026575
0.956119481913
0.712053830003
0.973981048592
0.978883768713
0.951817416263
0.898541141358
0.971169032977
0.98479638845
0.709069103533
0.949410913158
0.98078707068
0.864684904543
0.908127533216
0.973903866939
0.976511930207
0.954153292192
0.987542136758
0.950732065116
0.969657260394
0.713669765464
0.97483129271
0.960883655418
0.984104722985
0.955632735852
0.983481895112
0.980964895628
0.733156501349
0.995098264312
0.956104955127
0.709110543782
0.906026079954
0.905322207885
0.969751807401
0.907206126545
0.969111394414
0.714402995408
0.98272203096
0.725936362715
0.86021310384
0.725936362715
0.900948539441
0.941505044918
0.987663139213
0.958908024006
0.712674046772
0.971243856782
0.980901023499
0.930330729786
0.711685391688
0.953950693801
0.987542136758
0.973767283895
0.921669540231
0.954247908845
0.986470742882
0.903538722586
0.711685391688
0.940790476507
0.95417675433
0.907722724236
0.910700267893
0.964667845182
0.965552243783
0.981782321049
0.959606828165
0.907011760051
0.712674046772
0.976517992753
0.987073054074
0.99176448583
0.711225781766
0.977709727919
0.715148161343
0.906199132838
0.97813011956
0.983505607838
0.964191454899
0.709983192389
0.926182630639
0.711302937737
0.979195522943
0.967254271484
0.990877074351
0.70991990306
0.984660119855
0.995823960094
0.899705999533
0.98988010301
0.972624756203
0.976734135009
0.95924945323
0.958269623334
0.973889814108
0.960866909971
0.938805135231
0.974010737479
0.955208990429
0.957196945508
0.970124069131
0.932682843556
0.95720556457
0.986932430464
0.949085261288
0.972053227666
0.895834345048
0.967793650768
0.897769460027
0.904124288817
0.714589309023
0.962170351411
0.974386112033
0.982022710617
0.71203286417
0.994339965463
0.979957579159
0.957796067007
0.975652432841
0.98785824871
0.984891076019
0.983505607838
0.956882643819
0.972155313886
0.995356581281
0.99045553742
0.96736439174
0.914096261376
0.882793601257
0.957367296737
0.986263507841
0.955679907612
0.982483208445
0.910925655045
0.895834345048
0.954643563411
0.990873852156
0.973391551012
0.986985084641
0.959118002033
0.969979274366
0.972056435014
0.921039953889
0.972554876846
0.949371980959
0.944346551201
0.906466917841
0.970813635995
0.954058412483
0.90015918757
0.890049499209
0.990454021204
0.953647299454
0.962063144472
0.710658380755
0.948201336443
0.721466535163
0.708504302413
0.975711675857
0.708326665418
0.988891459729
0.954492686897
0.958475742281
0.966779685511
0.91401103535
0.709235614252
0.940604920491
0.987499478539
0.96367697484
0.96340659616
0.978941625108
0.978317532552
0.910731799144
0.97765894589
0.921543502577
0.902520378387
0.957160748953
0.985782473265
0.978992836018
0.982448504592
0.974887040669
0.711225781766
0.85933016621
0.988891459729
0.959368101117
0.935789053634
0.950655780417
0.984052929394
0.946559240025
0.953950693801
0.726229889577
0.979250492767
0.711558257872
0.957367296737
0.977345415274
0.719480976002
0.930758526698
0.902787465678
0.983419844711
0.982356344508
0.951434429379
0.954964120727
0.903894740441
0.709280304638
0.906141101913
0.711152855941
0.931918398261
0.954643563411
0.964078081199
0.91259052722
0.957824447519
0.990880204835
0.983481895112
0.908744161137
0.984564185703
0.899838651877
0.945280993987
0.954020189507
0.969071860209
0.94669572513
0.90909648388
0.986692658922
0.709440939692
0.900440379722
0.864684904543
0.910925655045
0.98072894905
0.957796067007
0.903538722586
0.949168184353
0.966504475447
0.711061549739
0.860193471125
0.716572467116
0.94669572513
0.709528803678
0.709199542135
0.837173995864
0.977131373124
0.982208669066
0.906026079954
0.9668593871
0.978674457728
0.991398763694
0.890049499209
0.980529884684
0.981629369551
0.938214592475
0.905003964145
0.955490568012
0.973796088826
0.964555541989
0.982560628773
0.956677475278
0.9850477645
0.957627135153
0.971169032977
0.901222505837
0.956942374678
0.987145894483
0.957141506418
0.977812986076
0.712463872773
0.976099716321
0.903894740441
0.988352905473
0.991433544738
0.926628332226
0.713801974998
0.98988010301
0.974032913475
0.982289724883
0.972460276486
0.991433544738
0.707741019163
0.955756548699
0.971475633217
0.949442645986
0.962406282865
0.953691348954
0.948553452629
0.978992836018
0.991891420501
0.992510187022
0.946683244213
0.960437250224
0.970752941806
0.950118149322
0.964517496419
0.986795167682
0.961152288167
0.969657260394
0.986381715775
0.95720556457
0.905943651056
0.959118002033
0.955542275645
0.896020197226
0.988891459729
0.977398613166
0.95798161961
0.980232938922
0.980551439641
0.991719705457
0.725194273021
0.972624756203
0.961085794964
0.904709529511
0.914071584906
0.900592888076
0.978179853116
0.709808731909
0.98072894905
0.956516203077
0.969112780627
0.975837510802
0.939306968917
0.969461264867
0.989622458141
0.989112873065
0.985986687912
0.979264971975
0.97328703524
0.943574301552
0.712373454106
0.95658907589
0.898093944452
0.981209080083
0.972548944479
0.967734908045
0.975871787641
0.98935779559
0.970578527921
0.959053175353
0.943182654256
0.953843156402
0.680322577454
0.994081136512
0.997741870187
0.711544797204
0.917642664029
0.957796067007
0.927651104845
0.715298580647
0.941030899979
0.96537210989
0.969770788242
0.979858850027
0.885266289885
0.732280302117
0.984564185703
0.956521880549
0.939720951253
0.959368101117
0.96808998902
0.900799127515
0.709199542135
0.982022710617
0.990300728806
0.984984906235
0.993732617138
0.916757886175
0.990121214997
0.900592888076
0.952841257739
0.910035614801
0.98602459053
0.977615062741
0.712269331146
0.977615062741
0.927802147571
0.973269584442
0.993677419865
0.946935278383
0.992510187022
0.982028897303
0.990704398947
0.938068753278
0.970314027614
0.957295828055
0.956407681396
0.856349327904
0.94197523345
0.966297725259
0.962767268558
0.975894493799
0.976956126598
0.931995629508
0.908957476263
0.958143664999
0.981581206536
0.959783083886
0.952965809427
0.969071860209
0.71563334032
0.956951631632
0.897147372673
0.902029914822
0.97515369392
0.944071666134
0.991366320306
0.980705936179
0.940899415138
0.989797314526
0.97204635063
0.892875393151
0.893174945887
0.953647299454
0.968700409746
0.957627135153
0.994660271937
0.974200562267
0.970826118973
0.98026877372
0.98112358779
0.948553452629
0.989305799151
0.940979409965
0.733156501349
0.904063524607
0.902520378387
0.975670717641
0.707922023142
0.988891459729
0.90745301704
0.904200674246
0.91077172424
0.89590337248
0.905295592835
0.97993101963
0.972548944479
0.709562908688
0.975607823394
0.934195555555
0.951923598746
0.973592621124
0.971683078626
0.966297725259
0.964448799511
0.992083335339
0.877618180895
0.956194946769
0.687616404077
0.985277074692
0.979910912347
0.981681087733
0.951231879551
0.949452450192
0.93486699676
0.981068802415
0.957937885544
0.965824268259
0.974210662423
0.936680486006
0.982492473187
0.988291415835
0.924082247393
0.986284343078
0.961434812374
0.973119459134
0.963559656452
0.899838651877
0.971970131783
0.969657260394
0.953624260703
0.90489534702
0.954953330932
0.958908024006
0.988585019183
0.979844960297
0.982775232523
0.97205808223
0.982775232523
0.980901023499
0.982775232523
0.974887040669
0.902101193039
0.960437250224
0.954492686897
0.95720556457
0.967157301586
0.975796421291
0.97205808223
0.948553452629
0.93700211617
0.990880204835
0.960185086243
0.980624535746
0.961758307809
0.942655399625
0.956543098355
0.965616955922
0.910731799144
0.956848002763
0.897854620654
0.961202961032
0.985027752626
0.961033420398
0.949472246397
0.983419844711
0.960718619703
0.971683078626
0.900539729328
0.959735328143
0.904709529511
0.972024273497
0.966469429595
0.992843368146
0.975512737465
0.964667845182
0.903461065734
0.980206187908
0.921669540231
0.955450032163
0.926762905717
0.961867624823
0.966779685511
0.995418792912
0.977646489127
0.956467846292
0.937820611269
0.882793601257
0.954492686897
0.954964120727
0.907722724236
0.986386537779
0.948553452629
0.974032913475
0.974010737479
0.720016225002
0.920169241628
0.981547796818
0.970240387552
0.905525772684
0.989788548236
0.718960130327
0.968577395623
0.979887732866
0.993732617138
0.929513059086
0.709235614252
0.911124627537
0.721719083136
0.982028897303
0.960947262717
0.99809969075
0.956882643819
0.963628396798
0.992608615353
0.905624917061
0.961667143856
0.934436350991
0.708340823597
0.715952438388
0.972053227666
0.939169182469
0.908985144444
0.957838479733
0.942262045718
0.711171316969
0.969751807401
0.718034042943
0.953084273704
0.97205808223
0.990015109537
0.948385057925
0.964933854925
0.97205808223
0.989507518816
0.709782873127
0.991121181889
0.901420511168
0.955756548699
0.921553951087
0.984560276587
0.966297725259
0.712116554386
0.952136390311
0.967881781747
0.966779685511
0.962318199893
0.960333349107
0.991034751527
0.979632207099
0.907011760051
0.721466535163
0.970085442463
0.97205808223
0.995418792912
0.906922854723
0.984352549496
0.978835070364
0.971312746313
0.95494702769
0.96397085696
0.709199542135
0.726485148392
0.910736013976
0.967006491869
0.982169556851
0.966410460589
0.90489534702
0.976514964587
0.90315306119
0.985695709199
0.954953330932
0.978285387737
0.967619652221
0.91711898597
0.99565307267
0.937730843342
0.908825781746
0.954987442768
0.961263655102
0.840780947315
0.959368101117
0.978157343323
0.709821972804
0.964517496419
0.986387092438
0.70999020258
0.970848937175
0.985314323826
0.983282720088
0.997288224604
0.710381465535
0.900470121332
0.903145411733
0.972174858049
0.710381465535
0.717023378752
0.917016821033
0.971967453318
0.937820611269
0.960358268707
0.974011889161
0.951434429379
0.870734479595
0.98988010301
0.908332868733
0.971568899307
0.847659572867
0.903262419428
0.967553542688
0.714798027065
0.98325170268
0.96580995879
0.909208037002
0.872796135772
0.967189907023
0.950289555263
0.899549710283
0.991083680413
0.690276651283
0.979057078786
0.968711315706
0.976126671173
0.985032671502
0.96340659616
0.955485581112
0.954002407136
0.929513059086
0.991433544738
0.955004515658
0.713753644297
0.977280131662
0.970385154553
0.956227318877
0.973454365543
0.982341036232
0.988143522136
0.976511930207
0.973587356803
0.71563334032
0.977328066973
0.979796546776
0.985782473265
0.926762905717
0.939361402043
0.948955002916
0.912048830008
0.944441921751
0.935042725293
0.991121181889
0.979910912347
0.720016225002
0.991433544738
0.993590274537
0.974200554198
0.906026079954
0.89116409072
0.953647299454
0.714402995408
0.969112780627
0.980657317188
0.983505834208
0.974308707864
0.98078707068
0.985292693407
0.89590337248
0.953843156402
0.961202961032
0.956298196889
0.951972553576
0.974032913475
0.982775232523
0.987920416425
0.901420511168
0.97765894589
0.921460395464
0.985804714693
0.916064047969
0.711771399801
0.986350851181
0.977430951245
0.85933016621
0.710808921961
0.960501009074
0.978941625108
0.959259929742
0.901636889822
0.961160593075
0.956871968414
0.967912976729
0.96537210989
0.972024273497
0.966362776609
0.988291415835
0.974224942408
0.980674621989
0.710629403273
0.868912565916
0.976966935593
0.969500476433
0.982775232523
0.963729177031
0.903260834199
0.974200999216
0.982080147167
0.948684322723
0.920169241628
0.972969053204
0.960718619703
0.978119708759
0.955657666401
0.934667527891
0.956277265332
0.990121214997
0.946683244213
0.897147372673
0.89685650993
0.913292928923
0.98272203096
0.983377513585
0.931374822135
0.972955672719
0.958269623334
0.965707405543
0.948377337177
0.710742841742
0.899559179037
0.912058893064
0.989622458141
0.99176448583
0.959606828165
0.974835129425
0.975135021216
0.988551585626
0.978992836018
0.711302937737
0.988891459729
0.974200554198
0.964555541989
0.97788887017
0.981878323927
0.953624260703
0.905742643
0.996371592027
0.952810788576
0.90181153944
0.710071030682
0.721179066654
0.956791935741
0.983437039117
0.962570466574
0.956871968414
0.901644045097
0.982080147167
0.981547796818
0.98499771173
0.94755233316
0.991275331228
0.973069540208
0.709551231021
0.940604920491
0.986790836858
0.954964120727
0.967254271484
0.995231207236
0.96737571696
0.711642115334
0.908157784493
0.972460276486
0.996993578701
0.942698308767
0.950655780417
0.996877959567
0.978674457728
0.982558125485
0.983387339041
0.976309194186
0.84356626452
0.973460701326
0.971169032977
0.955450032163
0.957627749642
0.972638911025
0.901947996577
0.939871844854
0.910035614801
0.722508194718
0.970385154553
0.978119708759
0.947546065726
0.979601825951
0.909537074335
0.980705936179
0.709440939692
0.955542275645
0.969770788242
0.972969053204
0.966228080798
0.987073054074
0.961862873817
0.969855201499
0.67643316316
0.960883655418
0.973066558513
0.979818255583
0.972605638701
0.902171008643
0.708808009609
0.951714935776
0.90745301704
0.941505044918
0.982775232523
0.973128785731
0.992608615353
0.713083589092
0.992625468243
0.926762905717
0.961132901867
0.971068767212
0.968100111798
0.961710905247
0.929074542466
0.927939045622
0.966528728299
0.918240491752
0.947546065726
0.931374822135
0.961695674748
0.861982379925
0.975292806091
0.961456099708
0.70999020258
0.988274407063
0.918463318984
0.889123545613
0.708570233399
0.988274407063
0.711813796199
0.937820611269
0.958648762443
0.964555541989
0.976359311881
0.71675011411
0.948258444576
0.974887040669
0.967157301586
0.95658907589
0.905657351727
0.99498637137
0.961695674748
0.962406282865
0.901222505837
0.990045776784
0.979953677017
0.941505044918
0.931918398261
0.97732693589
0.955208990429
0.982129542107
0.903145411733
0.873904475018
0.943724817798
0.983192648703
0.997288224604
0.908825781746
0.825341686174
0.971683078626
0.984282805344
0.90978954239
0.90909648388
0.973460701326
0.96537210989
0.990873852156
0.970752941806
0.71563334032
0.98479638845
0.902578210877
0.957287636855
0.970219167243
0.984560276587
0.986625216689
0.963096221368
0.905943651056
0.974835129425
0.94658257767
0.97768592999
0.976498479114
0.988211775572
0.980706813147
0.972942160834
0.983271786748
0.987545442277
0.954364528718
0.99381818972
0.709681602797
0.948553452629
0.947854986706
