0.920790200582
0.968497259227
0.971566362717
0.911768135752
0.954056749617
0.711651897206
0.90670056859
0.712995667928
0.903748859912
0.978159401176
0.973212570378
0.979987384989
0.965628535811
0.978782970955
0.967546149173
0.955010904273
0.716867687093
0.916475175721
0.889850828084
0.985509088303
0.981730734722
0.919373238469
0.923213656456
0.964817906206
0.956984382733
0.949110136156
0.97705386634
0.917903785683
0.85353639194
0.912319899021
0.911614120638
0.917088307336
0.966121467386
0.934830256403
0.938996542405
0.903254063559
0.972254363125
0.989425639632
0.971065466832
0.721964490595
0.975573205145
0.965428760345
0.971808024866
0.725601797105
0.947024802284
0.966693318394
0.974979583516
0.919803072843
0.949318299112
0.991500702482
0.910277613722
0.734103205789
0.921812986736
0.935967944392
0.953262444804
0.968747418495
0.968590632344
0.979114171241
0.912518633122
0.722015390615
0.964540300313
0.71539071732
0.967903842809
0.709749093653
0.940743860251
0.717858417383
0.719515713323
0.94024418269
0.952855584946
0.964162353312
0.971036503989
0.960301039628
0.963217060262
0.979881390903
0.91791493042
0.984591812705
0.974484389863
0.960568772152
0.983595916056
0.973550130243
0.726251274409
0.713302461477
0.967114526972
0.961535055474
0.97651470961
0.962514076587
0.981775975357
0.917700498915
0.909185682207
0.970251136982
0.974114876217
0.922972870201
0.918649012325
0.967197036677
0.975089297703
0.736288068506
0.918574885312
0.723022599345
0.922795600632
0.979430316557
0.719016184842
0.710151743154
0.971273873985
0.926555713684
0.921573045676
0.708974723613
0.965465157259
0.947663785095
0.914368413729
0.912007915119
0.714036151582
0.967632549175
0.973567271527
0.980659786142
0.967194311213
0.716759873178
0.714308018755
0.717069037314
0.888589874185
0.964105620619
0.948649661427
0.918681398609
0.729011597966
0.974482700212
0.972235779523
0.97846677993
0.724128826516
0.971613006046
0.94970664314
0.923043673738
0.714048634701
0.734108296893
0.956114435291
0.943611301699
0.971390769795
0.972918594828
0.970673987601
0.968530664381
0.967611358636
0.734036229177
0.983063025948
0.950376860338
0.98081039138
0.719545398322
0.977202662334
0.971868159869
0.911854272391
0.978670341177
0.977916267091
0.901335056035
0.918240001738
0.91756213118
0.953324503518
0.714046958483
0.97895450871
0.943210239598
0.916329484445
0.93813781017
0.887009985817
0.924951963502
0.953775448114
0.91545721995
0.97680867869
0.973849492444
0.973305765138
0.934865085112
0.960440575465
0.919301053113
0.953098931252
0.710851957483
0.981319746225
0.957073737653
0.974092857074
0.975929997425
0.940478116698
0.96727656312
0.901930383939
0.926403063543
0.715567622337
0.940754832249
0.718057756717
0.940892250466
0.9620893979
0.714720209274
0.713265804834
0.874491719715
0.970094171271
0.957823096747
0.83271629768
0.913925161215
0.976928956719
0.959848006512
0.971204689395
0.958774220398
0.725485420685
0.983373557634
0.913852194021
0.979770624008
0.927018490607
0.855977609262
0.719470442
0.981938656643
0.942314983286
0.967860618543
0.989840266511
0.944570581835
0.968589395265
0.904807331747
0.975568134264
0.977199419066
0.868891801108
0.976252483522
0.731814778975
0.975550458467
0.985550874963
0.972177016678
0.901304061925
0.7308812693
0.951371368006
0.920755637825
0.963953439009
0.94876288973
0.903054625794
0.708585400932
0.915366292043
0.950154666121
0.712571945501
0.971096227773
0.978666657278
0.914233887601
0.9761491171
0.949340888367
0.966960563454
0.962389526011
0.98127095305
0.974092815336
0.987298123596
0.975847543744
0.987966120101
0.710139487372
0.710810435662
0.979749241481
0.950254042363
0.923408581073
0.980869391674
0.955898819868
0.986100213143
0.718926976531
0.964859399332
0.969103996542
0.86479066822
0.940125510234
0.980077529626
0.734722154375
0.958758374849
0.951944347537
0.976176635948
0.963975055721
0.838923771571
0.980868264706
0.970616151234
0.910636186241
0.964854825015
0.947793242515
0.719741243424
0.966523019483
0.928148157431
0.733468693665
0.966759438218
0.939325141916
0.949758641011
0.927461385907
0.716316447992
0.972230782492
0.952425485081
0.956259718696
0.962757045257
0.977429232015
0.978497971553
0.974340482442
0.964106252775
0.936603612701
0.976781155502
0.965367063676
0.972222379387
0.711103351533
0.975401825356
0.916115537114
0.98082802897
0.977773318637
0.900103076794
0.965024166952
0.965457066407
0.897125330455
0.713100613848
0.922880311901
0.977940439151
0.723734572603
0.715369190108
0.971456629506
0.962177383362
0.713993900464
0.981309348141
0.97335628993
0.723526772167
0.978626037844
0.962753383997
0.90266191784
0.978617103198
0.963588805766
0.95534123958
0.974937741904
0.913221383991
0.971973528838
0.959611140711
0.736301046215
0.969136608893
0.967532749103
0.962877356198
0.751898269796
0.985049582733
0.860353036317
0.681059710292
0.967022078137
0.978968768459
0.957334411757
0.983003170501
0.969870532793
0.960106502237
0.982735364623
0.969763631311
0.717867966224
0.966435096685
0.975535112644
0.967174831182
0.713154516998
0.969612917093
0.960844278219
0.972419365063
0.711544555395
0.938147742607
0.975351439894
0.901496364856
0.956003019316
0.974419184785
0.711105871384
0.96396289733
0.983365383956
0.712941679489
0.982118412702
0.691451591591
0.92856579427
0.9792424702
0.963315687616
0.970228114804
0.923256936411
0.919988051667
0.977295802849
0.957587463378
0.720876966924
0.950868923789
0.924174141872
0.903967587289
0.946840491773
0.96614669564
0.973042831583
0.946939325082
0.967624232652
0.906856562541
0.743691205146
0.958451841471
0.918446286571
0.730548777298
0.92795876245
0.98544567835
0.972977032025
0.99147267967
0.968159047933
0.978897498528
0.970407539617
0.976111233893
0.983525713469
0.908932847585
0.715047621618
0.936990712187
0.728154656885
0.920772833765
0.966326321528
0.968319839227
0.905575990627
0.964898718679
0.970435034297
0.972441099696
0.74114012067
0.961708610953
0.966138463025
0.962321599099
0.956939433043
0.892436360743
0.966699447757
0.965617631667
0.953577577313
0.934513893632
0.957599319492
0.886976057812
0.967473019506
0.874900038521
0.974190122217
0.971119232618
0.958013226804
0.984020403035
0.725274923044
0.92170846669
0.719913868099
0.91279790763
0.911653046954
0.980847264385
0.913288437448
0.950555642881
0.95900190398
0.958509328223
0.975913279886
0.882636404521
0.964331396862
0.730886962564
0.985686397583
0.986359248735
0.896758285496
0.98832401411
0.964045067755
0.951448183965
0.964214207624
0.955950545171
0.965121559077
0.830266921733
0.946618879396
0.961380494241
0.971542005268
0.967487834404
0.925959495623
0.715091386686
0.716550775495
0.963626425731
0.962108079347
0.90111006921
0.985693582916
0.976157648242
0.714950471014
0.885220039967
0.980067285377
0.972422135497
0.970637323415
0.916370345636
0.725750124296
0.972985556732
0.723141219147
0.963356412464
0.916645168397
0.980994406887
0.973622906747
0.97027257555
0.980219648027
0.906303550676
0.984145757778
0.972832099704
0.923330167604
0.970754669027
0.90970468165
0.959351016576
0.979051850399
0.931280999465
0.974005629069
0.965558880822
0.712470847496
0.919236536833
0.722543191863
0.970199272431
0.924363153053
0.924850559673
0.926885999676
0.924646870757
0.969296849611
0.724272695173
0.712057759978
0.947953852113
0.919437095499
0.911879227881
0.978490211482
0.710045599568
0.730151804433
0.982489472952
0.906499617004
0.971885374815
0.943719970983
0.960929081431
0.921546135509
0.969605898708
0.976710074589
0.726727335095
0.987912638428
0.903945703551
0.722621695547
0.910216800046
0.918890266145
0.977964072857
0.976822266842
0.720019130456
0.98056937466
0.907526633704
0.983273858361
0.937487280163
0.719214734775
0.91826445965
0.912943937539
0.968197439829
0.889527470842
0.886239369832
0.972913343154
0.91569410978
0.980760602032
0.871970775026
0.724718058849
0.969818067202
0.974596943125
0.712111141058
0.714687620739
0.974905232911
0.956134130234
0.920329058356
0.964311539249
0.917772669211
0.98146418654
0.965042415438
0.73752330011
0.728798946678
0.91940770994
0.975950777655
0.956687529369
0.93857524666
0.95409309273
0.909365977383
0.967225875452
0.912750912203
0.978738762828
0.956173671554
0.955123300439
0.909088815043
0.969932279562
0.979907500326
0.954353253492
0.712020370728
0.725375435702
0.943444618681
0.969513497887
0.92351811223
0.970864906149
0.946516845194
0.95984895829
0.965953818501
0.725735635104
0.91477742886
0.973786080897
0.721487630409
0.970371804007
0.973225031353
0.727807086831
0.712969845322
0.975433290419
0.972788451295
0.955284306893
0.917071539432
0.71723827959
0.947881701726
0.971870220341
0.87519672789
0.727503099054
0.964814373294
0.966799576472
0.982300035052
0.953282690085
0.95085753363
0.979407319357
0.917213213873
0.974927763555
0.715503138478
0.954151750285
0.979941379486
0.964805060816
0.954932433212
0.69194449938
0.948536144594
0.948159555441
0.979804857891
0.938213611806
0.938825937987
0.685195830778
0.920572039047
0.712517492638
0.973843491153
0.928375863871
0.717766166138
0.981752274874
0.913420279631
0.930417270539
0.979885512315
0.97997586465
0.93307229054
0.964348081338
0.712931118285
0.955436220727
0.715608678102
0.964981654088
0.948898655067
0.964842529163
0.973381372723
0.729299104252
0.882344129186
0.931118912189
0.919963199241
0.984602810936
0.978744719765
0.976295563043
0.966250173895
0.984624485293
0.955495816688
0.716988644706
0.925099240398
0.678424961702
0.949364933481
0.7188888553
0.966879860647
0.949045294413
0.974668227124
0.968057340008
0.965642200336
0.96198446603
0.959562570079
0.712920662336
0.915346600766
0.933519513972
0.946819360873
0.712376856297
0.866877300849
0.713249933062
0.954274861096
0.714585790913
0.912725307819
0.963319040185
0.941819326758
0.968503614331
0.716758773627
0.955437923641
0.971948697552
0.986049168084
0.972397481424
0.74334218515
0.924769597001
0.970310016332
0.978948491783
0.946130392194
0.913706840506
0.915571531885
0.879934547095
0.938871229981
0.960134940217
0.960015436811
0.957027274907
0.735971162345
0.713006220596
0.973662438042
0.92751479732
0.965935530411
0.729046667465
0.966073255581
0.951402608168
0.710750776267
0.910845697311
0.961470720418
0.896362145604
0.909713848177
0.913169696229
0.712354372025
0.97379237229
0.96302122022
0.974080912004
0.986344718659
0.965229462867
0.978940076632
0.916032363977
0.971291605707
0.939273681393
0.978159856059
0.957750610224
0.978441212936
0.917243915624
0.970596557451
0.931838682004
0.955031273765
0.909772276555
0.961690096072
0.915228087119
0.920426285272
0.9560256507
0.902746516816
0.979583708025
0.977979225978
0.962316053252
0.867419317588
0.917757625054
0.961663499183
0.971297428996
0.976264058618
0.921306176716
0.713113555833
0.73957307801
0.959843613524
0.739079283945
0.737055054228
0.975423576439
0.959865708297
0.980794924699
0.97235085409
0.716035702057
0.958451615255
0.953670906611
0.90494608253
0.98184302363
0.963464206145
0.726278874492
0.959855914494
0.948377484872
0.970303150541
0.947936162414
0.824645868152
0.972654472285
0.972585346287
0.949436382218
0.874474000274
0.945790660562
0.686333029204
0.680498364817
0.976243758077
0.979093768157
0.951401726345
0.917942655016
0.924736021224
0.990059230383
0.723579286956
0.916281910802
0.955413866458
0.960293987588
0.982053075196
0.710293124368
0.964373387034
0.909787954595
0.962383850634
0.910766781226
0.972230275847
0.860176015284
0.966782770854
0.719604406272
0.960326809035
0.907839450382
0.942326618967
0.965164319312
0.919589371497
0.722195452287
0.967116954832
0.97126927817
0.904328052642
0.912440575167
0.907969752362
0.970006450807
0.967469309036
0.938179144914
0.985698854409
0.963739361504
0.897720031815
0.974925401555
0.973636707961
0.73310884726
0.966924919127
0.972535889824
0.861412781764
0.923444339066
0.951436186232
0.971685405273
0.947239929129
0.964963085385
0.914052497031
0.730061393883
0.962089671827
0.967855276077
0.941420444077
0.966557057518
0.883971717039
0.980425428429
0.729300442396
0.921878644881
0.721403563289
0.71707141097
0.961845229184
0.916724204363
0.954217349818
0.983035132141
0.95468263654
0.987524866215
0.911018420869
0.933492288005
0.710454209416
0.977595017841
0.893619089209
0.962468114855
0.97747302932
0.718630156383
0.973399690782
0.95904269984
0.920997473829
0.938956503665
0.941859794453
0.973184038998
0.974346059067
0.981449683566
0.952580654041
0.913871846514
0.965098439407
0.934136772925
0.719126557923
0.914983578745
0.974218593096
0.711930203133
0.747581745356
0.713012507751
0.982288444943
0.988605812992
0.711680277139
0.977501497691
0.970031528662
0.961227996692
0.721964490596
0.939182435135
0.953198540761
0.962460288393
0.9605748527
0.934559678996
0.719746073317
0.714543619917
0.727649852856
0.96762517726
0.958036834024
0.919903106989
0.969109903534
0.878859720862
0.912336181745
0.712171476156
0.982658002829
0.971460273538
0.984114350594
0.690562496591
0.900081074992
0.968916166161
0.96447328009
0.714784389797
0.928972856105
0.955340435133
0.981986872465
0.959343048699
0.982734084614
0.722442322565
0.972624158866
0.914597442005
0.714461496185
0.918600282554
0.981353364742
0.966075394919
0.967367156513
0.961445551265
0.962400612631
0.977075020893
0.985193579437
0.923260308664
0.97090276181
0.946501372418
0.944055772272
0.71285440267
0.927559925986
0.717299415512
0.915377664976
0.735377439072
0.960487143656
0.956668916506
0.953645062272
0.713569649717
0.697522377003
0.978907187725
0.937773847456
0.913844055103
0.952423708619
0.717809256634
0.933222064073
0.721704097993
0.96772934016
0.925628314631
0.96282100103
0.717142399481
0.925185111937
0.968304356451
0.981553889305
0.988317966484
0.916095621734
0.882483949725
0.973864705121
0.934898203965
0.913581725057
0.967851232319
0.947115171326
0.951979043095
0.98330644607
0.956693157562
0.96523452915
0.962835409264
0.739304817024
0.720192165176
0.95199728063
0.716198156298
0.986741122624
0.924902836641
0.970503040655
0.719877196466
0.975210081271
0.868879280454
0.967892232169
0.696665642694
0.958401651465
0.92364756419
0.911851369193
0.715863003471
0.961115830835
0.924711150474
0.985862168537
0.708010048687
0.943642768989
0.710921685253
0.714307400072
0.97013852838
0.944704177655
0.711315907366
0.968948558606
0.912600141473
0.959417696135
0.711844257187
0.983529977551
0.906332772281
0.955625232646
0.970047036754
0.979202182263
0.960725338035
0.95669806935
0.971294536046
0.975025750001
0.927026625696
0.724392508493
0.713233337625
0.9550874127
0.96813627486
0.959406775253
0.945044803854
0.961955653568
0.968316197858
0.966944660035
0.951739298097
0.963463945198
0.972488892367
0.840706586295
0.898604510843
0.721727895915
0.913189985596
0.971857404538
0.971466596828
0.910254942966
0.712505939683
0.911144546963
0.972272581275
0.952385374305
0.958004062387
0.974860169607
0.963790584109
0.915433385001
0.979273121375
0.722144289638
0.966518559875
0.73475677969
0.986369119031
0.962977718395
0.975862715733
0.933978049984
0.711921775992
0.919773495438
0.953508517606
0.888653284104
