0.73235637013
0.72382049146
0.965952824531
0.975500970663
0.722483668026
0.971318357096
0.742436618138
0.928718612744
0.732418340728
0.920709217994
0.966932578999
0.978496520287
0.97582440657
0.971759873131
0.931687695663
0.936214943393
0.932455077954
0.70809219403
0.96159744819
0.942890649217
0.947008025162
0.974979604439
0.939080478692
0.889047744764
0.936997072734
0.718927340939
0.97122872568
0.744647122095
0.923952838555
0.711159894573
0.962057644754
0.927719226275
0.979807654048
0.976148334899
0.86980238961
0.987697765657
0.720829576397
0.956036731226
0.733736520242
0.725376255123
0.972770308576
0.928711394052
0.723177986316
0.979879841091
0.955403593043
0.718331749732
0.944286622494
0.956455311605
0.975700388693
0.975398175464
0.721273291949
0.93335294286
0.921915946944
0.980440848896
0.740211919714
0.923103029123
0.973773741841
0.728343452717
0.969034766511
0.961305307103
0.973511447895
0.973857672619
0.970405384206
0.941284774283
0.979208566647
0.953960199015
0.914661450136
0.976765066018
0.963016622485
0.724323947656
0.982041645776
0.957480781763
0.950866711728
0.919904424133
0.930007937145
0.970419197652
0.96936273953
0.970035793394
0.724868251354
0.716674422781
0.977736212571
0.980372888361
0.716129364794
0.973752216215
0.979847256868
0.92771057799
0.977684745637
0.975047507051
0.695642620618
0.961431728786
0.972779545223
0.926127414586
0.936258564063
0.927476283194
0.91793520044
0.902378287373
0.88365402643
0.935961032295
0.940368300386
0.958622444229
0.71302035605
0.946659669881
0.984482067127
0.92909039417
0.716354298694
0.935277723971
0.956318454122
0.959017511099
0.978971525152
0.712883082876
0.965505388192
0.919951492096
0.952284662222
0.983731233912
0.923914784579
0.883479444471
0.903007174929
0.74296617917
0.966767367261
0.72698476125
0.715289096453
0.964946536404
0.722193330482
0.968934491954
0.979501700625
0.949584966442
0.968971282855
0.934052084851
0.976125532173
0.971755889385
0.974756375081
0.975145703202
0.942486972828
0.971132753028
0.757796802652
0.980463472617
0.733532858353
0.943907038797
0.964823228431
0.877390511775
0.910952408909
0.96427377478
0.918234466927
0.976412497855
0.96983521605
0.939193699115
0.976137855056
0.990823718185
0.952269056099
0.959660324316
0.912604851044
0.96619894377
0.749174312829
0.938789732824
0.967009864532
0.953167514425
0.954942769076
0.97403915628
0.71793487303
0.936092735409
0.936140812401
0.980796763982
0.908864471682
0.732778724934
0.883507187582
0.972579638778
0.925405181877
0.738385673448
0.719720515757
0.983697822687
0.950716849922
0.738431071728
0.713476632474
0.941949272055
0.718663735606
0.928094484587
0.967503846088
0.970090637092
0.976287751917
0.717785943259
0.860494498528
0.961312347892
0.95850939706
0.917642409397
0.717820797698
0.972403628919
0.973444736041
0.959132782346
0.957849640988
0.943789441564
0.938118831846
0.904152933194
0.983430274138
0.92174942805
0.869506174898
0.730713104387
0.882576006472
0.751994885753
0.720745227608
0.885639009192
0.902927074752
0.984831372297
0.950040064411
0.716082731112
0.982178132378
0.975132122702
0.957515328127
0.957625224127
0.910390702133
0.692365789721
0.729635800707
0.720232395836
0.977206350216
0.946109026557
0.73986673331
0.965516554142
0.894470398153
0.980340084543
0.744259650933
0.722574060494
0.973505702615
0.714081307108
0.723717935721
0.960908447724
0.970677504721
0.734392817164
0.974498308109
0.974648929101
0.937298086521
0.975187496981
0.970324236553
0.944776858325
0.948414729013
0.961079744056
0.972053819646
0.966300812525
0.975913159132
0.974156946612
0.968970092793
0.919872872037
0.943182061907
0.975820082467
0.738363019764
0.715222663141
0.931605616605
0.720462146048
0.724439018117
0.94657152279
0.722544411939
0.691232716768
0.965471625402
0.964483013958
0.971632558197
0.971767217913
0.752540065054
0.982637702152
0.723935839881
0.947875839199
0.941165597111
0.975424755038
0.714998890018
0.715364759475
0.941091858422
0.752555840547
0.710518607072
0.987827944386
0.918269690144
0.959838193125
0.762831542018
0.727538152107
0.981865820552
0.739026134332
0.97075848058
0.975730089174
0.892726675721
0.747176942977
0.699980087054
0.970960706058
0.739196400873
0.951333636756
0.939899883433
0.971149257128
0.94192953543
0.967069409475
0.922710017291
0.724266913985
0.967231521843
0.970340129437
0.738182249155
0.967311099829
0.953881950773
0.979940765398
0.74749782913
0.980927825437
0.975142327923
0.939294939944
0.93814823818
0.9564056588
0.964334288217
0.965800460288
0.930153659496
0.731365780692
0.975996445145
0.974848309606
0.715873185628
0.96107182962
0.959446623108
0.961995324261
0.985857332444
0.958507561131
0.938821945893
0.731203040662
0.975567901305
0.941398469168
0.716679401125
0.932541895296
0.943946580789
0.945879073383
0.924018312011
0.732026115818
0.92501916407
0.915599107034
0.714028190336
0.90630815388
0.926699845988
0.969752763936
0.966303578675
0.716417564518
0.978732891509
0.970317759117
0.930408671811
0.717053214203
0.966309756713
0.954955574753
0.959132305022
0.980791089685
0.911144887694
0.930404389091
0.923217595512
0.954036078868
0.715055365439
0.714394229101
0.911357715387
0.918813481041
0.956502335424
0.925502205678
0.975844305621
0.980234123545
0.942304511293
0.704896385103
0.982293494619
0.957893417917
0.960638819359
0.975424373983
0.780449755461
0.73248719448
0.987450922098
0.958583959884
0.974048425494
0.904697094225
0.971814544832
0.979724094494
0.971831185648
0.93790870871
0.714735995836
0.960989306761
0.937898491777
0.968654912635
0.922231989375
0.912413460462
0.723099230671
0.910618551379
0.954391059743
0.955979760914
0.951698578078
0.971985542181
0.95002675585
0.941952233168
0.909786900423
0.978148145508
0.939963667184
0.91702466548
0.967005876469
0.720580791303
0.972802661576
0.71769129642
0.970258809855
0.94867505736
0.977982761781
0.761923508994
0.954779595356
0.909039396251
0.723088283523
0.93715765936
0.966763160468
0.953650821051
0.974341585547
0.982111454339
0.976567619188
0.969698142998
0.895824860418
0.968212019759
0.925761708429
0.975445651874
0.933167925665
0.918124513604
0.97641097776
0.93968575385
0.923043364988
0.966924525334
0.91519387113
0.955740083555
0.97681964062
0.961152846712
0.973886635332
0.723621985756
0.985140542829
0.962259142456
0.742537596973
0.723111212577
0.976397157622
0.93343001289
0.96966555688
0.976730449779
0.966833600765
0.973026673108
0.95487763034
0.930907002247
0.973498652557
0.970001606133
0.711996341181
0.961964713598
0.975156080419
0.976043203463
0.979691410514
0.904017242255
0.715777189967
0.942162783332
0.945475759845
0.978470005378
0.923978808015
0.729381822199
0.740765679683
0.989630828261
0.943730417202
0.930995783205
0.95049036794
0.967308032689
0.917755543548
0.713755506183
0.954766713783
0.935914530054
0.714770344554
0.967276818819
0.971248013584
0.943699536159
0.911260885546
0.935128003313
0.945740676266
0.905284941489
0.979234143845
0.732136754924
0.978652268627
0.935524861567
0.71355729237
0.965040026852
0.731969326365
0.969120666395
0.898940577726
0.88660423621
0.945324494777
0.718502725294
0.935420772352
0.973427840688
0.963985518348
0.744025774464
0.972053257476
0.737134383644
0.97010232223
0.977897879829
0.98724809344
0.917297028968
0.928097248851
0.97686539023
0.716891777645
0.983254737897
0.931740341574
0.972982120038
0.925461010906
0.936526508356
0.719239247682
0.752080951985
0.97528122487
0.723289814988
0.690462672426
0.979824827702
0.9734035086
0.964661908638
0.730282298631
0.730882463422
0.975430848018
0.968394633752
0.973703713383
0.969006098833
0.718998351803
0.979645686977
0.978858466214
0.968254117574
0.981803363164
0.931693431966
0.895945707829
0.981793593993
0.962004926973
0.951041360631
0.925107216877
0.733327536585
0.74964015116
0.974393655412
0.936800302768
0.938522432385
0.969695222237
0.903535322325
0.685591441485
0.720937833709
0.959853337649
0.918852602477
0.73811252016
0.965640593273
0.979239225564
0.937372851095
0.952455340364
0.729539250249
0.905547935976
0.727544926485
0.931970829229
0.958968189192
0.735470350077
0.96183694234
0.697041989761
0.980623672351
0.701338249123
0.935411778203
0.962337214077
0.928900331256
0.72662104829
0.981649283077
0.971216038365
0.972809654676
0.923438226596
0.894581152004
0.981349624944
0.955120930058
0.730675343183
0.722221675625
0.970400789718
0.961452406915
0.985361364751
0.924849269226
0.945661892692
0.939364333872
0.924875067868
0.934017339235
0.718603695151
0.964703956291
0.966592572177
0.94188165548
0.937891232256
0.722718841437
0.985318101455
0.941211936672
0.973577460879
0.960193592279
0.942522278124
0.960395312944
0.721839285818
0.95776521811
0.980550105766
0.982240052618
0.715010366036
0.9644226323
0.922158677146
0.944314062309
0.953410553725
0.966525921239
0.962931586895
0.964628481072
0.966032216031
0.917526995551
0.971622823546
0.716027487049
0.931173280355
0.715032954559
0.721854342186
0.963287712926
0.934141555606
0.979672546318
0.952468710956
0.941646819515
0.970210437717
0.970978608593
0.72472800486
0.953497447146
0.962195757623
0.976836533826
0.967779980799
0.93160001338
0.952819043304
0.979234485697
0.96710885457
0.933965494028
0.865364662001
0.948745625021
0.960748181492
0.730787197341
0.917784551707
0.69313668753
0.978653238304
0.972620807716
0.960350935212
0.905132639165
0.948175072301
0.935789355408
0.720857758005
0.734279911863
0.960652134262
0.977752758582
0.732013264707
0.927051771365
0.937773455737
0.967289271001
0.720496827434
0.929308131077
0.972120356821
0.715382001613
0.715456723974
0.961272924722
0.75860012366
0.960726215517
0.962026789778
0.985796482666
0.975572871271
0.976372105451
0.975347242935
0.928392483577
0.964406967284
0.952692684671
0.974284773126
0.944020507091
0.976275773967
0.969033684535
0.92722648918
0.717039586654
0.939330671506
0.950078875057
0.927213163188
0.71936291354
0.972317431134
0.725341724733
0.972599556053
0.970536489387
0.977392984304
0.948097743739
0.718265846405
0.849738467676
0.716088051134
0.972337899326
0.976426114137
0.929266735626
0.969281270656
0.976873377406
0.96882857519
0.739390603607
0.948636909114
0.974206243836
0.966846969193
0.738350604422
0.952145050315
0.947523445274
0.975008740081
0.975929690383
0.876429664436
0.710925406258
0.96986053451
0.957670661118
0.715552925691
0.880847207296
0.931368228234
0.978751190582
0.912193868844
0.886678040822
0.923505655692
0.983597890272
0.97550061673
0.917192716226
0.717183316368
0.729233485555
0.722145421162
0.970395294318
0.720773616509
0.965613208126
0.938198573834
0.909327248927
0.71754081757
0.970445955857
0.91630531309
0.95942201665
0.719969306821
0.976348685256
0.976980688366
0.952384174748
0.721042498895
0.718498093409
0.946156375534
0.951108461921
0.981020116288
0.979424734104
0.961992550426
0.963404602224
0.954860259251
0.979252032807
0.958914210632
0.718197764098
0.71856192752
0.95682509333
0.959896541798
0.918414244225
0.969852704706
0.953354670624
0.917781320386
0.941943484826
0.973337146946
0.974875764732
0.980556846655
0.7292043759
0.980282889682
0.957831111168
0.931224471899
0.956475953084
0.965913365415
0.969908540224
0.929206783702
0.721166673211
0.965647434063
0.71801309485
0.921124291381
0.965939074158
0.960628275303
0.968592784504
0.923502996549
0.959425575357
0.973873614361
0.717989400648
0.974551473626
0.947254701221
0.746483151623
0.978077081807
0.971245887812
0.92165327068
0.915907637
0.95658493436
0.973938678483
0.96467937812
0.984393190105
0.955071990946
0.979032958015
0.686518735159
0.947725354735
0.914939874893
0.965498242973
0.975066243767
0.951288640794
0.964651411045
0.921377455367
0.727042124445
0.942240008177
0.923388290804
0.977223456155
0.958847083763
0.96673787015
0.979295007724
0.731031934941
0.96434188877
0.973008940839
0.722144505757
0.948424949635
0.93352969358
0.966799104079
0.719244120653
0.940073653017
0.746870910591
0.981193580205
0.974949226247
0.7256156851
0.952370756053
0.976474386743
0.974335558812
0.976619308082
0.715422865463
0.731419530843
0.975249472241
0.966329212049
0.98256843441
0.978141090376
0.919633394273
0.972284725546
0.960363571516
0.961966539872
0.944762131488
0.934343941233
0.959315894981
0.987125938213
0.981281831723
0.97262239868
0.948092393075
0.726506923071
0.978988562396
0.965050548393
0.964192486773
0.93257830412
0.967479077038
0.965400599658
0.97323832421
0.956492537038
0.946712238378
0.967030954862
0.958023520248
0.953688374833
0.933603371024
0.722836350285
0.732152740409
0.960920850561
0.921780589585
0.976457071932
0.710159464187
0.977295302311
0.980802623639
0.974699065939
0.722311845899
0.972232222798
0.714331859713
0.953880750486
0.740509036307
0.961366845447
0.965339342027
0.970781929704
0.719204220663
0.968192345128
0.967922880514
0.974389988475
0.720968551585
0.746265071933
0.958006306649
0.919375099501
0.936383322951
0.717061604691
0.934943110044
0.712615695578
0.971904662422
0.723550581706
0.978725374696
0.957580759892
0.717700262702
0.970954348414
0.958722592356
0.951545940052
0.871102808194
0.97271049608
0.973038987237
0.719364703482
0.928043600214
0.976750826538
0.971085799841
0.718766005336
0.971764422217
0.734996082723
0.956958100485
0.978859744693
0.928689987114
0.954187832488
0.711022234625
0.913701164657
0.96633602184
0.920299136243
0.966593245165
0.7167191975
0.97745564657
0.726339231453
0.728845575459
0.977290146033
0.720725350082
0.98085543292
0.965879663735
0.718391935681
0.694737593896
0.974396699528
0.940135223553
0.923120409463
0.724511506572
0.925299796242
0.97787893262
0.979287590767
0.713034372193
0.945565609361
0.962694639264
0.965390038681
0.975270010014
0.961126363244
0.958681321929
0.963002367331
0.961099536077
0.969755739194
0.979027354149
0.73773869349
0.960457950027
0.983581707232
0.963137384444
0.96849372965
0.975164108075
0.96912549592
0.930553140473
0.982247579065
0.968121224492
0.97420999099
0.913391748183
0.719660133534
0.967925548603
0.96672011143
0.938977917602
0.884459179824
0.954263907305
0.979459063064
0.966992109888
0.954135013039
0.719891259661
0.928637414638
0.728610113269
0.959954301046
0.717764009686
0.915448271662
0.966227940851
0.940133047209
0.712960956428
0.973851789408
0.975102793362
0.962138850479
0.950042174014
0.963129508437
0.724908090877
0.923813752571
0.938001405414
0.958566925746
0.973193309401
0.974815578096
0.962572327167
0.935676905241
0.974848264412
0.945808295588
0.989805177127
0.934343644412
0.729954065375
0.886496868147
0.72870776529
0.97660743831
0.968327198891
0.719598148617
0.96252593685
0.913906369394
0.967545105634
0.976558119389
0.939071266605
0.968270767735
0.977665827003
0.731661726792
0.97976992224
0.959257802781
0.96246946765
0.954298468137
0.982104706242
0.931858848304
0.96074784547
0.966701605586
0.944821690818
0.740445765666
0.978806646277
0.939184145859
0.953794943338
0.961664970913
0.74082534254
0.961854791691
0.743226384847
0.981907286292
0.964620522049
0.95023096202
0.748499508164
0.968352502565
0.937331516536
0.974120113931
0.983953794682
0.956091392889
0.972963823265
