0.962251789826
0.731783335622
0.968634835342
0.727951479129
0.973362588915
0.972705700951
0.974155271268
0.936758326841
0.72095391064
0.945055088008
0.716180625882
0.982232824835
0.729443805612
0.738325670289
0.956811964438
0.957398970864
0.736424867517
0.951426106161
0.984806687025
0.721685628938
0.730386318262
0.972060966711
0.716407191354
0.978193605446
0.986601641971
0.981910983166
0.719060785169
0.950733798064
0.953201781188
0.964768342219
0.987448319655
0.728174146548
0.92746530516
0.967886639154
0.983723213733
0.975392718744
0.727237099239
0.941378990604
0.970220522588
0.980120283504
0.730439257992
0.926122243553
0.981752045068
0.737314340143
0.719613702385
0.710658281117
0.760207271981
0.92252183438
0.73201392275
0.976370296047
0.947088039163
0.924865506896
0.977079759334
0.955691949165
0.924354735028
0.77422001357
0.975917912984
0.876524341471
0.965774056571
0.97114161215
0.954087141739
0.947649263894
0.964917195771
0.968277047943
0.960428871058
0.975556977897
0.731185839421
0.727786320824
0.969707483688
0.97406371138
0.964833731315
0.898322479621
0.727461492909
0.715996926179
0.727316885653
0.962450986397
0.718764952405
0.967401724163
0.974074854646
0.939020477805
0.707678945575
0.955425929662
0.979870822904
0.969833658688
0.981979726994
0.966055549298
0.950955313447
0.977059137254
0.966809290007
0.949633252181
0.973668563844
0.977416168877
0.969629561907
0.907274173519
0.937134705505
0.976638989909
0.947639787346
0.734499722766
0.94188307215
0.724363827327
0.959201460824
0.927855952704
0.97686352343
0.94313539256
0.977924135957
0.931753170858
0.936162954043
0.966072204874
0.930889352975
0.720444911195
0.972119986267
0.725553232558
0.718662811639
0.911321185895
0.974328775661
0.94320872416
0.946414186127
0.934984654947
0.979654609633
0.956057450449
0.976115426366
0.977064234995
0.938922265259
0.860107403826
0.978363683381
0.982624367961
0.983563790709
0.976487058878
0.957652008048
0.963005307619
0.959470855218
0.968968051023
0.973419224885
0.76367412622
0.725639012497
0.764638327691
0.949695970036
0.962727030965
0.987925164512
0.931604896892
0.720009871238
0.943245536034
0.757575526653
0.918216272231
0.972702384066
0.968138967884
0.751905646503
0.733284547182
0.728933969757
0.95340972114
0.720736811838
0.968759597786
0.976475152456
0.978510359032
0.975436350468
0.985045983548
0.942986300828
0.895178674356
0.754679410575
0.970457849603
0.724184477857
0.959240396047
0.95630692889
0.717915043201
0.713383075249
0.918569575386
0.978234790637
0.741469779301
0.966316845059
0.959698595355
0.709043581332
0.737231783698
0.73623874546
0.960016306759
0.937705884382
0.911457023309
0.742461984042
0.891474781558
0.978403710272
0.975055734596
0.94786425253
0.980326815415
0.979826856602
0.948955961033
0.950813642582
0.953280807711
0.96098232519
0.740747602201
0.720650707603
0.690078439139
0.968064020445
0.971361900996
0.971152227067
0.759583878022
0.967952034404
0.977833747935
0.963380992779
0.962015765364
0.970983654463
0.742241849002
0.727813886357
0.95056795518
0.980113593016
0.731602055697
0.96871528318
0.741583757553
0.981653744461
0.974141248076
0.973423699867
0.956513076955
0.728780220743
0.973860226373
0.970148340394
0.96246618434
0.973968476155
0.952959338626
0.981012173386
0.73751280534
0.938750186397
0.956995432101
0.969608064292
0.922772938211
0.738346035757
0.964142980407
0.959596634635
0.97164392412
0.934367874847
0.952110664619
0.981518374126
0.746365341511
0.975974490134
0.948109519408
0.953520539101
0.951616278997
0.964664719422
0.738525907007
0.96229942072
0.743669558096
0.96716425236
0.98103492362
0.742839862301
0.942996462776
0.981819512176
0.721610538856
0.977162409472
0.968979694029
0.974884060792
0.97514048192
0.962157838166
0.977326821338
0.964447358286
0.737251067783
0.970517203527
0.719030047289
0.758937799347
0.904138161713
0.964521668961
0.974499854278
0.980510218687
0.733858759709
0.966707977278
0.945989446869
0.974126927428
0.981569960683
0.961901578874
0.729686913164
0.97932856951
0.979438177838
0.758833537254
0.935114551613
0.751717849341
0.966019279787
0.972541686548
0.973817170695
0.931762031616
0.74439683909
0.714942696462
0.946284775463
0.71369353246
0.966572881302
0.94939180155
0.941503129509
0.95244905751
0.97773757916
0.722797282776
0.952919718162
0.941129423696
0.959109208212
0.971686847965
0.739727137347
0.960731758212
0.955499531252
0.968796277929
0.717730212816
0.945931782486
0.983986678879
0.722754868674
0.97556370535
0.980783504722
0.981116921326
0.945058311232
0.970605367841
0.732122148381
0.969371340746
0.8975260657
0.955016707224
0.720530030997
0.968985533955
0.97795590476
0.962676784117
0.970188191606
0.970332932616
0.979263950228
0.722195240759
0.93027209562
0.912118324813
0.9406625435
0.948034470086
0.94702667223
0.969682313439
0.976259597577
0.892588661272
0.743472269797
0.720551206074
0.978734578338
0.968534040167
0.966351845561
0.960065447351
0.971561641736
0.96962794596
0.742128348778
0.768062884084
0.979663242641
0.914827690324
0.969289611824
0.950142328381
0.727868523728
0.975588820905
0.981529676971
0.935375806746
0.937811044769
0.986398573588
0.973121122321
0.758673953219
0.979736760486
0.977160935287
0.878030155973
0.97976564429
0.916966002425
0.954407341301
0.973605341135
0.74364487639
0.938365777416
0.989335891674
0.724504239329
0.938718430915
0.966935428335
0.945806326905
0.734202491079
0.949041541709
0.725651571531
0.935185088813
0.976864586702
0.969951405786
0.977753405903
0.737687396998
0.718599937174
0.91799776147
0.724375811419
0.954878169991
0.723597377607
0.959405016098
0.972354684023
0.731853168682
0.959362817042
0.977701619923
0.716555064027
0.738458056102
0.945784684726
0.944414619312
0.716391540197
0.714447503823
0.954137981732
0.95961368565
0.949744172126
0.971803480233
0.961681672454
0.722627346298
0.733321772512
0.73702670947
0.73462702994
0.933291250597
0.95847439502
0.723420108751
0.931451090867
0.729418274111
0.963293183463
0.973168059049
0.720184595288
0.958668862649
0.976056474117
0.758481980641
0.933889224513
0.892655678763
0.981563740837
0.738174986903
0.923171590105
0.966178447638
0.754470478921
0.745755316191
0.739710700006
0.725277372271
0.734063771322
0.742664132761
0.970036555902
0.940702686548
0.96346738951
0.97990062302
0.93287197995
0.740445192863
0.722817671834
0.925139141288
0.928049436238
0.96989293776
0.980662432799
0.979472729796
0.977613074225
0.978169559725
0.710115059113
0.742018265032
0.733909239804
0.973298974623
0.98140647682
0.979797905436
0.905881702991
0.911596566276
0.945991917689
0.752538321787
0.751843784334
0.730259628076
0.927860344461
0.741411413252
0.980129026196
0.918224248326
0.720033407966
0.973758784981
0.970208776036
0.726615879335
0.976789928339
0.973438874007
0.73662070604
0.904003409258
0.977176941838
0.972318993557
0.956315981338
0.970947311647
0.729098347384
0.948557359184
0.982797628291
0.975973047633
0.964233481561
0.976264350063
0.95807633458
0.846369830346
0.748425591173
0.979082075337
0.943439492604
0.740542870195
0.975118395724
0.969112212932
0.930096439737
0.952156249615
0.907311110846
0.729423341787
0.746131546682
0.726710459016
0.965194636958
0.752996248381
0.969924678628
0.941609612175
0.929971250175
0.718465553486
0.927697520441
0.967398227826
0.963127798132
0.972318883688
0.739941742367
0.956753030677
0.971525270936
0.731233454349
0.713121014094
0.966116062398
0.962551795664
0.945725863506
0.91954770381
0.973701535456
0.733155671939
0.93881955829
0.965021557254
0.951039738934
0.945078056687
0.963495564572
0.983809674378
0.969198623831
0.729932879883
0.9260072995
0.977909234496
0.722941215281
0.973557458095
0.761836849607
0.928965843111
0.972304772212
0.975509911382
0.739767162548
0.728818486099
0.985217772316
0.949809364061
0.966794125293
0.713661878806
0.958316572102
0.978648761804
0.958812829985
0.936535595899
0.732001328997
0.953516181495
0.724408430306
0.965216585742
0.740778152939
0.963261000273
0.973889532308
0.967254018183
0.96815178586
0.754615940085
0.724812031095
0.718601963241
0.946407352271
0.974062151992
0.978704107179
0.941685257644
0.937399507902
0.975505175365
0.972898941121
0.963944381955
0.743362371054
0.723177500268
0.963471843475
0.743203575075
0.724230682693
0.741687983746
0.941614969463
0.965428584853
0.964675216571
0.963785748382
0.949187818986
0.938457584135
0.953823933796
0.947136607067
0.937897453431
0.742399422093
0.988678155979
0.967681143561
0.725671259139
0.978133785051
0.721760986079
0.956802289002
0.97325301154
0.955640935681
0.980670835333
0.984671493405
0.937035757301
0.721082690013
0.952015247641
0.932271104562
0.969225721447
0.969819672564
0.96282312872
0.974164849655
0.941781658029
0.966730452097
0.970492899742
0.706574382414
0.985750476835
0.966763935162
0.984042444276
0.956757718045
0.944829233049
0.979991089388
0.968509191551
0.980589866183
0.933041100765
0.965921988128
0.761335884883
0.724205532964
0.721849679401
0.972855463759
0.975847403134
0.974663945861
0.967093590023
0.755036151045
0.946015379735
0.94913968029
0.916993110252
0.972838918028
0.972991549317
0.920653947534
0.97611655499
0.728167510767
0.963628205415
0.92058563488
0.979245528292
0.979193875781
0.741589685931
0.946202850849
0.930249928456
0.958950142129
0.977864468103
0.975953663332
0.937367330939
0.877048366898
0.903231085383
0.973388962222
0.745747291358
0.980644718281
0.951316216839
0.738457243371
0.979750582842
0.73644549446
0.977237309663
0.749018293502
0.966341723154
0.968851388116
0.699313938316
0.732173662698
0.730674011532
0.969173612026
0.935523659882
0.755317768606
0.933075767101
0.953109559501
0.932200589277
0.725243917571
0.976759453728
0.952763702195
0.970768042746
0.95839118845
0.728310106734
0.932939756997
0.945011925743
0.726853080115
0.949553789048
0.926390929063
0.941283326086
0.956873147378
0.728678834202
0.963106499503
0.977177943524
0.741035424658
0.938057693326
0.738796202322
0.984495764522
0.710903863076
0.966619395596
0.979182644186
0.975622501049
0.958069105966
0.96160830105
0.93842802264
0.982775206708
0.978281155115
0.969798006197
0.934125175478
0.716907872551
0.718245579548
0.901212879715
0.955884592318
0.749066491331
0.723764658685
0.954016393687
0.737930768391
0.720172951889
0.978966709326
0.982918277851
0.979881199983
0.967538114841
0.927559324836
0.982148162136
0.966668855171
0.725764344412
0.723574930671
0.978194629372
0.964878109472
0.976981218081
0.910081910553
0.962302417418
0.938338268152
0.972853968826
0.976214682087
0.740173549085
0.720165424919
0.712131913441
0.96097769679
0.94326465813
0.707715590594
0.953070426796
0.943893231476
0.727904682386
0.963853591901
0.970102196859
0.941697920384
0.737232051645
0.727669605444
0.926892782688
0.704809789069
0.964007813363
0.7226275299
0.980207510545
0.971447145351
0.967172899831
0.734828888557
0.934379737992
0.730146596941
0.734401511639
0.724353656023
0.981716921145
0.965569227904
0.71911644981
0.725013841604
0.983424235384
0.943542941169
0.722018844559
0.971308577968
0.930760371764
0.746238738384
0.970807011541
0.754473278258
0.98109860358
0.984313995621
0.974879193447
0.979550588744
0.979073805875
0.734471507439
0.704936096732
0.978791001416
0.950834949415
0.975723174642
0.963419204764
0.729768295714
0.962915236178
0.986128502149
0.952882840952
0.991016788597
0.9690716602
0.967220888165
0.967095129721
0.909127777091
0.974077806558
0.726075982797
0.72374048738
0.953610884451
0.969355504322
0.716130912544
0.981926025095
0.743041786253
0.985682693681
0.975569831074
0.967537077646
0.951679470506
0.961625792216
0.949290621196
0.968876577745
0.940010228931
0.931747115706
0.718119406949
0.73480439282
0.934724893716
0.961689712369
0.954269612633
0.969321584479
0.977965298796
0.968182856274
0.942410915074
0.97204810562
0.960014490348
0.964314752134
0.965329507024
0.717816806156
0.963787291131
0.91227285113
0.957345641994
0.744060868261
0.976219331855
0.960279346032
0.726238015644
0.764412306052
0.729977687113
0.920292854375
0.738964732454
0.723875950265
0.690599033102
0.953718024144
0.980177124627
0.935865969007
0.723345193277
0.749968723484
0.946525589477
0.734353222281
0.715070829148
0.7425891114
0.969726732193
0.717453433593
0.933209880148
0.752236140481
0.733970716191
0.96532480161
0.956383388006
0.957371177624
0.727376936186
0.737657640886
0.721884197467
0.975770906665
0.971478006167
0.946923498014
0.971134270858
0.948412828507
0.956060911592
0.950255072883
0.979079584829
0.690549390881
0.969606123613
0.932805482614
0.734146092891
0.720756700814
0.97305459995
0.936825523281
0.927419217129
0.733253860991
0.977497873221
0.960611036565
0.917374097151
0.962155062129
0.96115344903
0.973869843521
0.967232710282
0.935110482831
0.977124688518
0.965125656647
0.734746288513
0.737167674992
0.967769331822
0.719906285455
0.894253772888
0.953478221594
0.965831519375
0.970583903523
0.971400837504
0.741340493649
0.971128809344
0.978770412249
0.970757681282
0.957093849149
0.72289569738
0.742880787942
0.971804677112
0.957426035231
0.937458374178
0.750788917692
0.950128752957
0.974754130388
0.732925119693
0.981993874667
0.938443303753
0.750300840216
0.976282047315
0.974507932926
0.718571520686
0.946741171772
0.970036541713
0.95905574309
0.98041583154
0.731916865651
0.955305760108
0.737474497952
0.965213804457
0.982378125475
0.976825349855
0.970673147615
0.722489030119
0.740778915888
0.971567453943
0.729702918
0.933731472179
0.987265111744
0.90544043269
0.960768219858
0.717891966421
0.75747198035
0.934740657619
0.965891641944
0.973244068279
0.961199898879
0.97675454918
0.70635180212
0.744444947973
0.969076447854
0.724213952977
0.944193746366
0.9721903443
0.970594643582
0.961321967904
0.971949919852
0.725922902493
0.932950972504
0.742209781434
0.738443861588
0.977786135206
0.949422333927
0.925480600493
0.981281667156
0.958161415487
0.738186322298
0.965345613389
0.72536566196
0.97281799029
0.751463777588
0.687521348437
0.724802490804
0.897986707657
0.982682456716
0.978793629925
0.730061387001
0.959490699785
0.960421799987
0.964371474134
0.945002211238
0.74192868949
0.976409143835
0.981250574164
0.713662389583
0.738022773078
0.756684273121
0.932939012848
0.738940064856
0.974298284072
0.980503345662
0.957797578602
0.728162822316
0.726511475917
0.933387114253
0.957011085942
0.744725308374
0.96942549672
0.979346372359
0.96056463794
0.975557423709
0.960834748484
0.927072333614
0.982507401842
0.961230984702
0.72383117424
0.957663910408
0.97980511517
0.937682871197
0.73813628742
0.965819076993
0.961381809972
0.728208372147
0.737072471567
0.928345764902
0.946066732736
0.967599743714
0.980127060053
0.973682403987
0.953618722961
0.719093567455
0.726588844531
0.980354290577
0.943458022483
0.977000799983
0.910460544991
0.94819976986
0.970952343559
0.859689341599
0.975539307935
0.745857913612
0.746319070999
0.955039866277
0.945403739476
0.970464663946
0.969616787891
0.963906601971
0.729590244733
0.959280169189
0.725892364315
0.980423880856
0.73141187963
0.971720285887
0.754036890205
0.731912112199
0.964732050024
0.939286262466
