0.723094446765
0.964317716042
0.97062043778
0.969298009828
0.738506816883
0.94042153169
0.989452900474
0.974725351628
0.890096109466
0.971801811783
0.736538947667
0.975493827342
0.969117621627
0.952582856365
0.722416721938
0.966109157399
0.959011294049
0.948147675446
0.963569728329
0.750753914563
0.976041231136
0.954922614463
0.94493321621
0.719042346932
0.971097223722
0.738498614983
0.970143488431
0.971833815705
0.972090447169
0.938302402262
0.957874277627
0.725300168428
0.723874966292
0.722543240165
0.97242079585
0.739470599123
0.729951619027
0.973775610617
0.948803622307
0.972405173771
0.742596669051
0.963083274866
0.958338009358
0.755000088185
0.713357805727
0.968319252432
0.981541860776
0.786209028899
0.980271866007
0.959680647519
0.958120328917
0.926886224995
0.917925108985
0.974787517968
0.983007588253
0.90542324808
0.964186533297
0.963512148024
0.721219696489
0.786676853116
0.968678526732
0.764549078074
0.917013691514
0.725405680091
0.975761208195
0.976814254548
0.969653265503
0.759466730126
0.977563326642
0.939980582648
0.733487498333
0.972298498591
0.724297335186
0.933401476733
0.727403777345
0.962006056171
0.746417259857
0.951236918475
0.977532936147
0.721346415695
0.722860635894
0.968599194489
0.75101286392
0.728190888079
0.959185970735
0.967603608155
0.973531362763
0.7218661841
0.935434263996
0.977511123769
0.975970373348
0.955079830089
0.967296015715
0.952066113453
0.731374624087
0.970148928206
0.957065891896
0.980269504944
0.970068123893
0.974486421215
0.930612798805
0.97645124579
0.952262300871
0.976742797236
0.943320049624
0.960279107981
0.732467189782
0.72521659219
0.97250320336
0.968055790045
0.974251709848
0.965072262419
0.737678823818
0.964411288919
0.73136016118
0.972214065313
0.981436225071
0.969323187544
0.971591351587
0.98013657953
0.744925473116
0.975435927582
0.736342100532
0.745370913071
0.741655556019
0.942380091473
0.7494778919
0.716467628182
0.965705960898
0.734942201784
0.96051829864
0.977543520881
0.965779688472
0.942752097612
0.981464707829
0.71478596841
0.998973330366
0.973297415992
0.745425587687
0.701427914906
0.957962236799
0.974069970126
0.945163128402
0.970768146559
0.957812945669
0.958682583472
0.746455934027
0.908361998466
0.724326798832
0.974451327453
0.973887554234
0.967492017608
0.956893102874
0.960453240524
0.969688081698
0.95486514985
0.974008922626
0.756095542998
0.972753104922
0.74729176231
0.733267902891
0.962612128367
0.969791724573
0.952663823113
0.964841265981
0.978252575062
0.743508037353
0.972227256984
0.969626257952
0.959260882546
0.95217535876
0.724363533872
0.9727032822
0.97210416457
0.964785187495
0.727992994765
0.953194208808
0.9712543022
0.97714593451
0.969358198722
0.967623393215
0.920801334083
0.971412160319
0.986428983361
0.949306364373
0.963871965523
0.73393299895
0.744362387565
0.959196231651
0.739898608424
0.973764010043
0.976019037719
0.747124029691
0.966510606653
0.986672799896
0.972585072564
0.961889379717
0.758415368803
0.974043791358
0.942524994406
0.952750811117
0.955801132509
0.97043248045
0.982799986468
0.749809248255
0.710277251245
0.966875491725
0.972875394559
0.973645078957
0.740208370529
0.702791104757
0.974331001911
0.953005436413
0.712789044521
0.962339913996
0.986711900545
0.743544069512
0.907093696747
0.743780955036
0.969861167157
0.748295188371
0.961943704509
0.968785243245
0.957300223388
0.740387965567
0.731276922557
0.911262790826
0.958188618499
0.93939694323
0.705370003944
0.951034867445
0.975062898652
0.7446713469
0.968257998741
0.943444888251
0.757057309652
0.939329506792
0.959853419137
0.953593760481
0.990075749805
0.98178550163
0.762721912144
0.953073241253
0.942712956353
0.973856383406
0.729108487734
0.93683743642
0.722311358898
0.967088542193
0.967558054247
0.718565176549
0.978045538035
0.973270556487
0.701662197271
0.970789639925
0.957976456823
0.740781595798
0.720167873686
0.957620188816
0.728729950812
0.985623500012
0.977068679261
0.948651949567
0.754415509174
0.965515165638
0.747890335317
0.9378078274
0.976192106201
0.969377188032
0.963664426023
0.979686503293
0.945682776631
0.976554536021
0.97682287575
0.741708578328
0.969428254778
0.945843995065
0.957216107939
0.735312920268
0.953043441645
0.957016879026
0.974588029224
0.736198804068
0.964948037161
0.744894354345
0.735496842992
0.971304144425
0.946215148194
0.76580671264
0.739751001969
0.975661364987
0.929232684096
0.93169832319
0.705078382165
0.734379574906
0.966451393916
0.980135639825
0.962135744479
0.980428601529
0.976158335391
0.949572347357
0.972490399176
0.966499026673
0.964850192316
0.986025365419
0.751789129207
0.76588293733
0.976679060926
0.960688299856
0.92347985766
0.964684723207
0.752935347791
0.97904994378
0.961150221309
0.728229259321
0.970318725001
0.941796422272
0.727794046381
0.973370514346
0.725658812869
0.775143348881
0.762751955017
0.967515665284
0.723003595846
0.95560610524
0.964396603373
0.749359972878
0.731590473182
0.726351472877
0.976920189602
0.963425362906
0.970282923337
0.741075682671
0.950814224446
0.980819192224
0.8838161665
0.98541928357
0.955366423522
0.949686634599
0.969688969866
0.971819489225
0.964498807529
0.966692408264
0.969796839593
0.968441357545
0.950384539147
0.765944007099
0.963233301435
0.979080705795
0.766744462849
0.940012217634
0.980946534004
0.740029360198
0.960858933394
0.735526252207
0.98126153746
0.730955238683
0.919483959229
0.933883627453
0.962923326117
0.970608105894
0.972093074064
0.73318566347
0.980843630403
0.739594688044
0.749845351358
0.96255675223
0.978934003079
0.977402599828
0.988560750104
0.969289682245
0.951890753364
0.954398788025
0.959080447005
0.979114941821
0.975966197113
0.750647806871
0.966432860468
0.74230528966
0.726331680497
0.984729111867
0.979014204631
0.97215150052
0.778855778559
0.977032595821
0.742255617633
0.93193406184
0.965422395355
0.742767882811
0.963993825286
0.967009716192
0.973106762693
0.959932980183
0.770875159343
0.945079907663
0.954321453598
0.766806511296
0.983567278693
0.941367695617
0.94378863152
0.965208307895
0.982315815873
0.772204957177
0.763530365302
0.96428447304
0.964271998457
0.958808602317
0.97615167974
0.955961290713
0.939688871155
0.748190056384
0.949789303322
0.949134300519
0.937837255194
0.953891419154
0.964907823437
0.744234915891
0.692306080751
0.950867516905
0.953509545492
0.943896418697
0.979485731114
0.977932345075
0.940974972714
0.972191385991
0.748489632404
0.975238175704
0.934976917847
0.971250851756
0.946830311809
0.973435375329
0.729301686936
0.982580627728
0.972756721325
0.734395026966
0.95211894205
0.963590600672
0.95199244687
0.976604750283
0.940136925394
0.94031181569
0.723281629336
0.966456169009
0.742504680808
0.750930048839
0.748640991953
0.96694082937
0.939737684689
0.973602603174
0.962902997881
0.723903693868
0.736872637549
0.976833449918
0.967363350595
0.718860606948
0.721492778702
0.949724569793
0.974290539233
0.964500383369
0.711220446536
0.971180826015
0.944517637685
0.965101298401
0.925940648139
0.70710881419
0.968217878821
0.700619700103
0.723131570352
0.9683353209
0.71808375811
0.727184520087
0.736945871493
0.96923449342
0.961719607209
0.957303064741
0.921072888583
0.955589219142
0.955749996585
0.970615098213
0.956686854336
0.96755897432
0.741358740713
0.986026807478
0.931510091972
0.973884483459
0.978634496717
0.757049033822
0.740302440056
0.934413217646
0.731696914817
0.737408218901
0.98049287679
0.736802194165
0.935613137569
0.976037879019
0.964833976592
0.722669305599
0.945790486036
0.934475758486
0.755224194703
0.947427363655
0.738406307553
0.971909202731
0.975486582179
0.966403294529
0.975154511435
0.976159987632
0.986121441989
0.967492595442
0.727380559171
0.736150256814
0.750219654922
0.966411986523
0.972701770117
0.71346910948
0.739338614039
0.755976244049
0.723860680652
0.948944027775
0.962699158021
0.945259396209
0.973318447155
0.972986351201
0.98543353549
0.957961439623
0.972554085654
0.97765982176
0.971149753065
0.971415000707
0.756486759818
0.777542592786
0.961196526723
0.742932702469
0.950351253657
0.977112567236
0.731132942769
0.965565332739
0.980085044954
0.965882021231
0.969338626437
0.727222838592
0.961642551252
0.945168604753
0.73759214077
0.728078628077
0.978551100583
0.977686342804
0.73046017819
0.761026543696
0.977337043981
0.748544930553
0.737934160494
0.735153530071
0.954913832474
0.930869364008
0.952823579416
0.939669814085
0.9532813771
0.732577032458
0.734846791184
0.743506343486
0.966103128543
0.949695237019
0.754157925342
0.971972543352
0.967851249704
0.975854788972
0.927329912027
0.971262769329
0.735393328068
0.981604803686
0.97515643726
0.739569678549
0.766776883234
0.925995933916
0.735404390772
0.982330453763
0.967355594073
0.946996899298
0.967523735314
0.877392769976
0.729955137686
0.961133352015
0.968853300577
0.971880461128
0.751258583872
0.961797314443
0.732801745852
0.757843999432
0.964466950907
0.966989700383
0.728741042644
0.739970594493
0.970267907839
0.93540618615
0.95082133493
0.966599223174
0.743250051254
0.974113712393
0.973526961418
0.97562679421
0.727825042444
0.977505739837
0.731378069744
0.738450017829
0.763956458584
0.972130200336
0.978499817372
0.954065067735
0.956811926942
0.730235765331
0.978976461945
0.977467624908
0.960066978809
0.977242638222
0.737661895663
0.749985972355
0.755763909424
0.98079650675
0.947529911586
0.928401250718
0.726468766084
0.755404021943
0.97210737749
0.970856874695
0.967763263994
0.742204678412
0.976937139023
0.947093055155
0.966450809559
0.967752953932
0.964983231266
0.975653901261
0.949868665854
0.721429776818
0.969685766958
0.724305907155
0.949916396654
0.973350403758
0.960440232238
0.971206196977
0.966011150992
0.976842296843
0.961096525055
0.978751713552
0.976445679887
0.731583431145
0.91766326434
0.732151146964
0.958795664388
0.976140095085
0.930987626087
0.957675673754
0.723491811412
0.973213301376
0.951486203019
0.974365264189
0.950208149418
0.95008055534
0.978633477945
0.961997860257
0.967507273548
0.976605500751
0.970556431286
0.728314668426
0.71989418885
0.970087521712
0.980239156164
0.958439429995
0.978274237925
0.895377751551
0.948886030178
0.763723460495
0.986019938975
0.936072081453
0.9553670787
0.982058379812
0.971381625616
0.972621057264
0.743825436419
0.727532920248
0.981500627025
0.957709949988
0.969373278329
0.732792805687
0.95786506735
0.746694031284
0.961453413638
0.963637624849
0.974346171479
0.961131169861
0.969463740656
0.946673570442
0.730716240471
0.98120747297
0.973335920911
0.760097013629
0.762569562803
0.720959799808
0.730940090663
0.97510867563
0.977794918743
0.973050281534
0.746385591053
0.977163783556
0.962114302998
0.932461817461
0.721094265881
0.978163868696
0.902074642968
0.73182273641
0.733391767356
0.963496583516
0.949697991172
0.975712124568
0.969131506884
0.980836008395
0.960398403255
0.981473522152
0.968851492454
0.730473708526
0.752898196691
0.94431263197
0.966518708784
0.720111050724
0.752863802009
0.965689426399
0.729142528737
0.976332445821
0.960945429563
0.967711672412
0.986953989182
0.932239848052
0.902722620268
0.972125496695
0.931306332262
0.968736758823
0.985572608315
0.733057934099
0.97067922406
0.979812198961
0.719770949397
0.965862127143
0.750606512319
0.749060085258
0.942930735476
0.935743457329
0.938873825179
0.961943309591
0.949807040821
0.968212571097
0.98478482124
0.971973639444
0.948958723673
0.969911221014
0.972190741166
0.734548516944
0.960390583542
0.947186277745
0.969499071601
0.961265960009
0.93533110072
0.952245931355
0.738035024042
0.967391417316
0.970484739736
0.728322599151
0.982877544182
0.973976336093
0.955307848043
0.973866104389
0.721584683831
0.730993437517
0.732463088917
0.980822778238
0.739129167715
0.973334891346
0.97828534124
0.761215848653
0.740134972729
0.974070818218
0.975933195984
0.967929156851
0.752057442764
0.972907937556
0.973278836126
0.975174070483
0.975433037057
0.964484896385
0.757443162728
0.72477250036
0.739890643769
0.73046236652
0.720105792077
0.9864834201
0.977633966212
0.984823372926
0.951596077937
0.735712367289
0.962925172985
0.956289166673
0.757694986339
0.765283524907
0.730615483268
0.759776594249
0.9904251951
0.961467038444
0.98184525062
0.703679621504
0.984522775231
0.739824296028
0.723107214765
0.95203155438
0.966238128305
0.728085726709
0.708827460069
0.757883600863
0.730862246037
0.951643953406
0.696709693283
0.984137344707
0.941161662656
0.958415176894
0.733370419645
0.939328774075
0.753569887226
0.966812863783
0.942241897562
0.973869304346
0.972214464359
0.973384137572
0.973853557872
0.98192770109
0.931212716475
0.741314132468
0.737874810389
0.96101006924
0.732378253791
0.983076503161
0.9804330084
0.971663132426
0.960103695566
0.754432302894
0.737354857754
0.736700218075
0.959362475966
0.953411043456
0.736322309376
0.966441012032
0.978386579006
0.743113014383
0.751640045216
0.76193146029
0.972888520489
0.966422399989
0.940896655853
0.972913875978
0.751934201825
0.960935487737
0.98798604253
0.733250612685
0.968467243513
0.91972607374
0.723582211062
0.968141952532
0.970173552971
0.730579627362
0.956351105507
0.955123252442
0.977814161236
0.72039556602
0.958755370972
0.973970019985
0.755146915022
0.707983070576
0.95311908235
0.975700165511
0.974823791279
0.977128827082
0.976350486965
0.975207840196
0.969785098702
0.732298757098
0.968264252301
0.978598246671
0.752627839758
0.962472920778
0.741017015219
0.736299274245
0.76908035534
0.748307769016
0.956366427751
0.960750579621
0.968070677822
0.755677574977
0.934698811784
0.961297440753
0.74648598634
0.760400404353
0.95444397523
0.971806184469
0.722403464069
0.975932517877
0.945030242347
0.974986469366
0.752367613089
0.723889461643
0.732889944377
0.721491220218
0.770307288948
0.976796744541
0.962962982966
0.708451650723
0.961865328702
0.738280780717
0.745367304602
0.964523684235
0.96989487167
0.981944861158
0.968156910867
0.982596065017
0.966899322169
0.93746738122
0.74399723671
0.922164423833
0.704201482068
0.980275073929
0.942626575077
0.927483006257
0.975945879311
0.943257228879
0.72109164353
0.95746940414
0.963198619131
0.984472410429
0.948573220158
0.981784307784
0.733091994458
0.977195977077
0.983144370371
0.706711433992
0.976815588713
0.966570841313
0.976920414549
0.718020360611
0.962951587462
0.749556875462
0.983682191303
0.980680226699
0.942803335729
0.732506698243
0.746071520218
0.959107585073
0.766761574297
0.967392673583
0.693467584818
0.945785321931
0.969310510766
0.733370497674
0.972937311488
0.94617115463
0.934043374515
0.983527940573
0.974265152239
0.733430452124
0.98022956032
0.741857539582
0.781743564343
0.958388473778
0.95063346882
0.971109838688
0.950032490297
0.722574837378
0.973641324599
0.972088179126
0.967061315807
0.940954639086
0.934849521227
0.956728419926
0.973080598813
0.742375811896
0.976401688047
0.731330986637
0.938604786963
0.949505229435
0.939452702689
0.972780307183
0.964104961958
0.978373606624
0.970281179982
0.970601814249
0.761051925534
0.947300566861
0.939350401717
0.941256166043
0.984351478329
0.715309467887
0.945991535625
0.717068968905
0.969998852618
