0.967106506904
0.739648697937
0.962498806328
0.978370127347
0.960536078274
0.740627707723
0.965930291966
0.753300439998
0.9830237315
0.730788680726
0.972393155204
0.973417039179
0.966237423161
0.74313350312
0.957558472377
0.980452990711
0.970726544192
0.976335848706
0.96417350513
0.745672968772
0.750596038093
0.731097878073
0.973208732739
0.978923512247
0.967873242042
0.967235194388
0.779950479036
0.742857280963
0.736698296724
0.940693479432
0.759856916814
0.769051171508
0.968713554603
0.989536065222
0.759904986601
0.961909935339
0.741586457291
0.955842842802
0.973755085744
0.735366064854
0.963390196917
0.940504950957
0.976394548427
0.726899708103
0.951285021663
0.978030153614
0.896679467269
0.976377437938
0.750766778402
0.72766798416
0.970279292493
0.962911610775
0.987325648766
0.964198438954
0.992110100713
0.951306406217
0.946708768057
0.985674104231
0.759842074932
0.743588242578
0.936918914422
0.972819233115
0.972627390472
0.973644554194
0.962794450646
0.969258194244
0.731709705215
0.743738284498
0.716069542958
0.739513140587
0.963201329886
0.904781251541
0.748007801134
0.957964859228
0.977783869777
0.73934743823
0.965491119365
0.969006420274
0.794293188108
0.732886106474
0.963078584382
0.951930408024
0.978524360079
0.74604859715
0.739033273047
0.977831127874
0.96765579727
0.975687976902
0.968978221047
0.961265450368
0.938851165679
0.950833024787
0.744139517317
0.977855306394
0.740683414944
0.974641881029
0.963427122581
0.95645936566
0.968979998299
0.742891866919
0.971942250039
0.974916753389
0.727089823438
0.706387216199
0.987965912002
0.967933492119
0.985143186339
0.742318328236
0.745395793762
0.979993317953
0.979059383923
0.736050585356
0.968786318078
0.978438656133
0.970180091782
0.958673665602
0.751452976156
0.734758454
0.756389856899
0.722431494609
0.975084177913
0.71233466711
0.779278145576
0.977064710948
0.978396867027
0.742642662684
0.726021418149
0.955969133004
0.957607483418
0.96259877155
0.969226601012
0.736522020852
0.937390440994
0.748707608147
0.984529228243
0.978485526891
0.981622028132
0.750758235038
0.97964425761
0.749019113816
0.953209527968
0.968830320386
0.978476011591
0.985198010387
0.979672548711
0.974711724846
0.973745272057
0.976763997441
0.744013714076
0.966106225066
0.950645098338
0.756452315099
0.972580290806
0.768481828349
0.985695783876
0.952589685581
0.966483851911
0.738907433933
0.749069644939
0.972510181371
0.735947122854
0.704419218963
0.973805607781
0.981522647038
0.96753483149
0.736527110148
0.985637200511
0.725756378183
0.773603396043
0.754067022535
0.756719920419
0.975316805368
0.984789754913
0.973826968594
0.965667404157
0.923303416762
0.728813899836
0.945016723469
0.914450370037
0.971477296335
0.950419157692
0.740461326861
0.965846607363
0.985555204594
0.955986594938
0.981726387981
0.715253674986
0.971785037482
0.735417208958
0.961461622435
0.973885689627
0.961834228489
0.97228479886
0.703765966609
0.742615669728
0.746257032502
0.979902114958
0.970092573483
0.741469591993
0.751788793574
0.750929454934
0.733445787743
0.723416453474
0.74248132581
0.913937478452
0.740310156575
0.754687848694
0.98144670272
0.96834159505
0.970388917533
0.97636153097
0.748438233672
0.721984121148
0.734423093584
0.738464911711
0.765664205774
0.975568199081
0.971117930824
0.75056626422
0.730651524058
0.961520127779
0.9660107522
0.735935060502
0.738145716455
0.764444584006
0.746856424153
0.729253004867
0.967213103255
0.977309196253
0.752247791167
0.729930220084
0.968538988604
0.739253416533
0.957087263307
0.74547317737
0.963875363113
0.967063000185
0.741295050474
0.963013739108
0.973978374722
0.730756340595
0.770043910265
0.743720762449
0.743407615163
0.984387519567
0.947859891326
0.734711298062
0.734008662426
0.961266383859
0.967194952094
0.960513922825
0.982812811826
0.721287027945
0.970321851801
0.727175043815
0.971604567206
0.972054908448
0.97231473878
0.77251320704
0.974451336792
0.981774900357
0.965238609913
0.947302738023
0.741040169745
0.758958246885
0.96735367035
0.733132797687
0.757785461806
0.980784911048
0.977740698224
0.726538201591
0.979341469334
0.736008771585
0.932855942821
0.742794324463
0.741248064705
0.712153181527
0.976950445772
0.760172763925
0.958286510655
0.97644097197
0.733617328785
0.752600638707
0.749557537017
0.714555711051
0.956215898827
0.743678928834
0.754670718098
0.982745734809
0.743211558758
0.748743856006
0.976971826769
0.97099018165
0.954314293471
0.930559058863
0.986722485695
0.974352030258
0.97992085813
0.919752905278
0.955780710228
0.934009080753
0.962131228368
0.757765128298
0.973145845142
0.983297189187
0.744139935265
0.933467519884
0.949852649273
0.914036639792
0.967709479954
0.967330458926
0.742134819675
0.968557027837
0.984127664178
0.759101627762
0.728373271607
0.972254855239
0.976237054789
0.986460322304
0.756107426417
0.936317681237
0.976153322434
0.981265151961
0.934685973949
0.974522567594
0.94669824693
0.943088142461
0.712093888704
0.721548248364
0.709277666644
0.927482600905
0.945277011308
0.744757240831
0.937465510913
0.742083830286
0.719896403137
0.730072640051
0.960011858141
0.985032709094
0.975675176992
0.976843587152
0.969857368754
0.710480414895
0.970249007908
0.749423140883
0.983074925837
0.974943078424
0.743081132413
0.980300259061
0.957677189169
0.749067914204
0.963919699124
0.735016730597
0.948250390069
0.978635158915
0.977019190654
0.966768264632
0.978391632704
0.748758610969
0.749425348388
0.758701326692
0.750435514994
0.986593766943
0.916242904466
0.972028035506
0.754973798236
0.978397068876
0.942124297842
0.73981419335
0.984338759676
0.958673234729
0.751635250238
0.748048056321
0.711125192869
0.746786475374
0.979285245075
0.97635225625
0.730442973226
0.972732564619
0.966939756696
0.724876112714
0.736490082462
0.737620036898
0.967835604239
0.982164039602
0.954650486018
0.954976239581
0.72392361522
0.967646666066
0.957866941248
0.751829415149
0.974919011468
0.976231794174
0.930460042095
0.949005609626
0.95861734255
0.950003566219
0.9680663736
0.757229728381
0.968300137177
0.731754434367
0.718228907649
0.749812742485
0.729789511123
0.754621630108
0.95058050658
0.762410472167
0.969003912965
0.976085417892
0.726364713612
0.740127258809
0.97179678772
0.96694313261
0.979114323666
0.970841243096
0.743554226758
0.96605017402
0.969494283377
0.948129282376
0.746223845125
0.732841400151
0.977519929341
0.966616426941
0.962925830149
0.975755484715
0.722337249394
0.947317801943
0.946884511208
0.740047952238
0.971457075337
0.977219948138
0.743281388551
0.994386235729
0.726017365163
0.97237581817
0.949273064963
0.966928362135
0.959524953986
0.967022049334
0.977174993075
0.977093312162
0.979573930485
0.766353278055
0.965126145825
0.726953971565
0.956830851078
0.945557541648
0.97194881906
0.971576781667
0.968888454783
0.946142916134
0.971579962485
0.983266975104
0.762407557064
0.749891629892
0.74838092204
0.746784101498
0.743701583211
0.96844260633
0.942798461221
0.968598329714
0.983485488284
0.973323509756
0.971684793344
0.747334691247
0.9313176486
0.957990651389
0.994357198823
0.988282094278
0.730432361787
0.976093778704
0.967986549233
0.748759889245
0.731598338234
0.963677042655
0.972752660711
0.971258564181
0.938279721851
0.983204324424
0.745265743077
0.958014308927
0.720997540215
0.761421743968
0.970146496301
0.973634144865
0.972456701527
0.768578778238
0.973558842623
0.982878754518
0.776497654155
0.958197955714
0.972074005688
0.964700526593
0.756345949471
0.731264913858
0.985509886178
0.986833575525
0.980814217842
0.976766890514
0.97195811884
0.963793851333
0.972694395089
0.728049415238
0.969614553844
0.983434519381
0.730330475162
0.733634267692
0.742479288051
0.784674420701
0.972855476912
0.976187586507
0.970457613988
0.967346279284
0.742252644131
0.736452732893
0.941857951656
0.971266610209
0.948954131136
0.967875577767
0.974293276437
0.74479447144
0.98577260903
0.740369579068
0.977691668202
0.956229755632
0.965014844042
0.749987419411
0.967725125291
0.966379935037
0.982397102115
0.985439707691
0.760992004043
0.977099398306
0.989014073477
0.721146798714
0.958191243871
0.979038706467
0.967039083727
0.749553397211
0.740509716978
0.96478767441
0.955673647925
0.734811969496
0.73841689707
0.963417351287
0.967651032611
0.725950627847
0.972524221939
0.958431364384
0.925880872413
0.968824930026
0.934507306667
0.729260043806
0.962478403919
0.725693809039
0.984889990906
0.739742756704
0.724660637906
0.970725490941
0.982329291442
0.974387982736
0.754839255284
0.952676865585
0.735572526614
0.709660990077
0.761039744889
0.729094612935
0.948276065948
0.895481675182
0.725825195135
0.980452398709
0.976979859574
0.756853874613
0.954385373157
0.735802882394
0.744585415004
0.734125101899
0.761580518661
0.763475763268
0.741798235807
0.725169012618
0.749112520515
0.975950911491
0.966444009811
0.973759338199
0.721850056973
0.749951030185
0.763633912338
0.726769811845
0.956732409765
0.970390060762
0.763310414371
0.940825399611
0.734868451516
0.984506162038
0.974240953338
0.961291799898
0.973905444543
0.718441361883
0.962134388456
0.727710539128
0.985733257456
0.754338631897
0.960184593812
0.747170476973
0.928177059086
0.749719355537
0.720390336786
0.991072168121
0.969007378382
0.982691163636
0.984863586185
0.965060495935
0.946862830925
0.748085003123
0.74883054825
0.739288999424
0.945583856266
0.973824851907
0.703160636005
0.766432425529
0.964340941607
0.982499223141
0.980684281125
0.969240449186
0.751393395041
0.748148778703
0.973602375997
0.982662709353
0.977431196633
0.94718008807
0.978800992195
0.759212263958
0.721296246152
0.739024290551
0.739704211977
0.969948883613
0.749022405692
0.961671758579
0.941727861041
0.934039404221
0.981890044586
0.981769464209
0.975190792542
0.976966557475
0.975018189015
0.7275068815
0.953298386599
0.723514734302
0.969343584434
0.96577558496
0.963568689037
0.766387926376
0.753746739034
0.749164826078
0.9737402233
0.736306752804
0.948832854396
0.969854543419
0.968382146486
0.745974245371
0.753650769546
0.964899840765
0.971183460067
0.722593595342
0.947623600186
0.966730315931
0.975125810336
0.963415802508
0.731875647537
0.979363997133
0.962626352005
0.969345040903
0.713277865936
0.981501136483
0.980780567849
0.754656998481
0.974841761749
0.988329076753
0.969629115369
0.974145746862
0.963249875774
0.955032577943
0.967482409675
0.927784181205
0.753389737042
0.961610979266
0.934561566166
0.912235308621
0.973782804575
0.965640434995
0.971600210307
0.756689380696
0.971498303357
0.985479165455
0.769132896362
0.727667361448
0.972911817923
0.982453389496
0.972646584243
0.968379527093
0.96404139262
0.972048690973
0.938172498757
0.958489082456
0.733200871347
0.756238241449
0.979638113339
0.70502180673
0.710761604542
0.748531959083
0.974412786221
0.945497263763
0.962614757321
0.966651322687
0.970271686517
0.959766242498
0.968612129089
0.984628848178
0.990039100522
0.977107926975
0.970591480607
0.966870602853
0.742122312936
0.771321810311
0.757715154117
0.950665929091
0.742787613113
0.952637567
0.968384270861
0.982299015744
0.954243654113
0.970747542654
0.964294212044
0.979058472868
0.972134412936
0.966911806846
0.978924596831
0.728877012072
0.715850849429
0.725295553821
0.739258689793
0.735303695089
0.99180473102
0.971075415456
0.747333917693
0.975284424927
0.96566514926
0.982539377117
0.733242743734
0.969971878574
0.977864873937
0.96883729563
0.954448410551
0.969825353719
0.967210630425
0.97158262222
0.723952192463
0.960442300132
0.744805402554
0.726129250974
0.761580522987
0.973155724799
0.73966247002
0.948799329624
0.941328125651
0.923416369685
0.972044006859
0.9663880609
0.708103984873
0.959849237946
0.749034829337
0.969592907714
0.948458354828
0.736592268824
0.97824070738
0.986233650277
0.970385285933
0.967934184137
0.970375880587
0.972734177769
0.765291720091
0.966872887687
0.980284727135
0.967680386137
0.727315448365
0.751885041852
0.968876360892
0.721321115695
0.741996788028
0.733036821893
0.744483007808
0.954678289734
0.966629055152
0.94735909546
0.72267499814
0.722717614931
0.982444834792
0.748438814766
0.967270522172
0.728534217182
0.975795845506
0.960456462962
0.936093583669
0.731720691728
0.712152381124
0.747692831262
0.976896931989
0.734043791394
0.735354802071
0.754867582946
0.954315968926
0.750379280016
0.995058858504
0.976635350085
0.99042617205
0.930700423189
0.757877769972
0.768033005659
0.961881258986
0.747105024709
0.97105571802
0.958998051071
0.73227043648
0.772242026827
0.713930409165
0.735945876228
0.73270628229
0.764732322569
0.730495161276
0.965956931773
0.765666862787
0.950412801923
0.968663048875
0.726307560183
0.979169624189
0.97711584542
0.96161739636
0.975385909417
0.973812747265
0.722370877052
0.981454862183
0.958131367952
0.722578167272
0.968793136106
0.981176181317
0.96665113044
0.946748277862
0.929366713147
0.953730198543
0.97199694722
0.745716895612
0.986884891284
0.974579721287
0.719466868481
0.955883269819
0.975540556106
0.982082419281
0.969883516931
0.975276273619
0.969015611983
0.742327594566
0.971315180549
0.959062822504
0.744453576752
0.966937323142
0.970168282726
0.979568702009
0.974971166569
0.750278806487
0.750111852288
0.977310996869
0.955981118533
0.973376079703
0.979583813727
0.726429355124
0.984665759443
0.900101834372
0.756983335608
0.777774167239
0.762211430911
0.980717468676
0.981344234079
0.737394503737
0.760999046062
0.962933507453
0.961855235803
0.945301875695
0.970836293111
0.741549833527
0.971470193395
0.984897918893
0.967769940348
0.973486861714
0.743707131609
0.736724777149
0.963338874776
0.748267850388
0.969565873909
0.983899194795
0.748622400981
0.747854040043
0.975983675771
0.978449653053
0.76778437555
0.948232183082
0.970834899237
0.975453432159
0.744048276523
0.951298506096
0.731828401465
0.980117484338
0.975993649252
0.963315719485
0.935653402723
0.954819827834
0.971391133705
0.729296322444
0.969958626364
0.948862113239
0.732458964423
0.971738379108
0.977805909704
0.736194522309
0.72399194656
0.972988777889
0.711324047281
0.794858063882
0.9732011439
0.971952344466
0.946469392935
0.946531592518
0.962717071428
0.745631346816
0.975863808085
0.968437016124
0.960129512211
0.979818779369
0.960993643217
0.750887947893
0.972811093254
0.727327256782
0.986504976069
0.956188891301
0.976273215226
0.741072034533
0.969867168435
0.982043624555
0.970716675311
0.960295308395
0.732778745575
0.747870066012
0.741208722538
0.754142559093
0.970336016219
0.7545339943
0.734828708682
0.742774537625
0.74582580705
0.969903407216
0.95829317998
0.968882584172
0.98693956436
0.970445695585
0.973280222692
0.731089694495
0.960764812753
0.979191961319
0.989018354779
0.723599454051
0.718403529378
0.715425819918
0.946285652356
0.731655526506
0.987489545323
0.713140788646
0.949054092524
0.766326882168
0.97665581793
0.740664954366
0.727462593752
0.754549585615
0.973599864668
0.971456319299
0.979515462838
0.970213300208
0.994863118501
0.735723606576
0.971747918498
0.978520038052
0.95837947406
0.737338372878
0.976565200534
0.734156654388
0.953659495825
0.957812020295
0.962194089915
0.72921238563
0.9723565495
0.744145166494
