0.975181962091
0.98718430002
0.92924100799
0.969374135565
0.759897436848
0.751389108389
0.737391835405
0.977750875158
0.747373396063
0.981432687431
0.955771363699
0.734816530905
0.978956899026
0.990331888915
0.741688908556
0.754961309741
0.973439363974
0.984890222636
0.973761383996
0.972385311693
0.98216745836
0.989286916558
0.796755736841
0.967040058037
0.746555086421
0.75734338989
0.729866902092
0.764368484566
0.734580092988
0.979698416391
0.976612866299
0.948670468857
0.753026879035
0.739165275232
0.983792703549
0.954184875166
0.738331839353
0.979886219853
0.97777195162
0.755571587674
0.7270577478
0.973256713089
0.770143269779
0.732982941844
0.973953735059
0.779187063643
0.741134646662
0.760592566367
0.958737694201
0.985102285312
0.758357780393
0.718893968103
0.744911940162
0.784686602537
0.753303058951
0.735314620978
0.749724595054
0.97890055589
0.977562496967
0.734246762346
0.746991976036
0.744162985872
0.96889849967
0.758864204302
0.98559349875
0.742753468869
0.970230571946
0.968792506451
0.730653279576
0.968538564041
0.736349422716
0.978704102717
0.983977813489
0.965109566594
0.744023744462
0.737149144699
0.969003997708
0.767819869921
0.972694450545
0.983781641079
0.762077159694
0.97432331098
0.975318975208
0.987186460717
0.959084147253
0.971303996547
0.960994580284
0.965073148553
0.734943124025
0.965373486707
0.719770297546
0.985283544183
0.967537761537
0.963083597257
0.980018422337
0.962309041341
0.965302085197
0.768860536053
0.970063251357
0.96447516597
0.743033165828
0.736079704715
0.981208112771
0.945783583366
0.98919194337
0.729844263142
0.764421707041
0.976258035547
0.965641928713
0.97842072185
0.981762726646
0.746664833359
0.983814139787
0.736948388671
0.771102419527
0.736408886307
0.981267455158
0.978947967767
0.749678790885
0.974802350438
0.975116163353
0.978145238866
0.972073037436
0.965377496129
0.735284775892
0.772231974734
0.738128700007
0.742874821741
0.977878051452
0.964139110319
0.972954668054
0.970580956109
0.780723152634
0.980280453574
0.968077362062
0.758542574184
0.720800031126
0.977452452333
0.979208410012
0.952123175006
0.738630124757
0.965953690503
0.743760888084
0.966403298292
0.722503034588
0.986923584781
0.981866585474
0.746527585813
0.967188906221
0.974198648691
0.727125258976
0.969240929193
0.749288220579
0.960000881189
0.976458150756
0.780162034767
0.75451488208
0.757591751135
0.745422680608
0.980260128954
0.979620980358
0.757636309685
0.93467044448
0.982423629738
0.980948661313
0.984659674444
0.962347725544
0.98044392697
0.731504409321
0.748747695267
0.753321028247
0.980930203644
0.962041181695
0.957195204812
0.934297649871
0.975812776239
0.975922329085
0.991726880758
0.970181158727
0.743789902096
0.981081324592
0.738786403765
0.755241995439
0.89967407939
0.737692292865
0.980441767049
0.968911496096
0.747880816276
0.733483117137
0.969760527266
0.98717031056
0.976772151375
0.978428398883
0.975199114205
0.976187610394
0.98648986172
0.984968781447
0.980005266568
0.976130755747
0.987121057005
0.982828558136
0.939117255882
0.747919143856
0.989478039617
0.955748167937
0.712562390837
0.981605517084
0.963814864589
0.981976000663
0.977370537083
0.995021202125
0.964326742912
0.727013768849
0.811591547277
0.975396079778
0.744256603952
0.962162122766
0.982202314537
0.983167558089
0.733124986069
0.96908798469
0.764616170206
0.961556266698
0.753272909804
0.972864287894
0.749469761617
0.742403805438
0.965699908779
0.969898783573
0.976289317547
0.97349331399
0.97317171538
0.985548364973
0.753795046282
0.972692857504
0.979310160562
0.976026922523
0.978423842592
0.985372748327
0.754663280324
0.774402116062
0.97227179603
0.968636566992
0.97367963515
0.73650302452
0.736236771077
0.969919892518
0.970794534927
0.740386866259
0.734113950176
0.752258011473
0.98316542955
0.978459737826
0.768274296543
0.9793839936
0.752532692642
0.970869526066
0.741513166413
0.973047517459
0.982740558171
0.740127285737
0.731325016217
0.963172865215
0.741274157668
0.979052515585
0.976153183573
0.984606761052
0.97220381649
0.971989378221
0.982598704509
0.972883309489
0.965483306813
0.977622531916
0.752294370025
0.753080892025
0.760661953892
0.969406475989
0.974112218453
0.746325454881
0.980015064666
0.746717782253
0.967980780753
0.98776625449
0.716367778203
0.746111737841
0.741340029596
0.74644601907
0.791146936218
0.981761368794
0.726458905853
0.746965278794
0.953009224094
0.976466823937
0.731053435941
0.971764602097
0.974518608814
0.972895115779
0.982227586436
0.739459789446
0.974133005188
0.791186848546
0.949381245239
0.970166617361
0.730083067315
0.97221884653
0.766079154193
0.962146165366
0.744761043583
0.748877982446
0.976262415155
0.975103387054
0.978139899699
0.7374171018
0.738237376723
0.962387626965
0.97982272072
0.978835693236
0.973637699502
0.977198830629
0.976377799157
0.977926533631
0.735934496757
0.725197407212
0.746639455457
0.723845870859
0.961578069311
0.748503114412
0.98113414207
0.731242758487
0.775926934928
0.764380263908
0.980311008733
0.986310696897
0.742765214862
0.967320592521
0.958627226787
0.744426136953
0.974824731105
0.980758387843
0.971833439377
0.975164743453
0.74599429431
0.985604163408
0.972345525742
0.980172636714
0.967670347892
0.955416411455
0.982930705228
0.982324708108
0.978078852998
0.988464560921
0.979457689669
0.758507861333
0.730286677227
0.736168470811
0.764131598036
0.730294641279
0.748718793197
0.771262784299
0.986041814047
0.976949126642
0.753605816068
0.74516700021
0.973531974915
0.991397097218
0.967076346924
0.975105971641
0.968443533788
0.962092132253
0.973245521939
0.763899659152
0.97579366741
0.979660426351
0.983058579752
0.969186723256
0.971775490231
0.981306507147
0.755600361168
0.745731499217
0.739898428043
0.975229795658
0.979125424873
0.974986301309
0.710045628338
0.745288282811
0.742213585488
0.743438157156
0.980353889922
0.974941228286
0.972455930538
0.94782867931
0.723379075134
0.743451958302
0.972885823666
0.737371100943
0.730556178376
0.763141834576
0.970062979297
0.984356395409
0.964307783885
0.70783671044
0.980109155372
0.747495311627
0.959643656717
0.750807154198
0.979988324121
0.981358787178
0.990367682022
0.73178436185
0.985076756669
0.966509738868
0.98091100522
0.762941980671
0.974373167372
0.743117238583
0.752331349722
0.971147065052
0.978727084574
0.954567005576
0.976257200433
0.993047018972
0.970509854057
0.977625766391
0.747847328433
0.971298241825
0.975081944538
0.968838014842
0.725627876642
0.74574349602
0.967172126451
0.752238878954
0.747729229582
0.973074654455
0.961449082511
0.970811000371
0.760022935928
0.768231363976
0.731746732088
0.985916556088
0.725635770568
0.757619309922
0.747469519838
0.920212325701
0.994409322958
0.983915651893
0.741290741908
0.734213101884
0.740288433186
0.748102463197
0.746463997794
0.753006759007
0.978836768852
0.747305166655
0.974908167516
0.978416748284
0.982890254562
0.961097192133
0.738860165104
0.985518263561
0.965890819359
0.971701612928
0.972268794051
0.956546333901
0.756414289751
0.976422433012
0.960178147334
0.978423604744
0.753836287811
0.778356437217
0.752955649408
0.982841698324
0.984747185827
0.975239920772
0.970360993516
0.738521177409
0.960506986418
0.982400258042
0.754261493596
0.758046051163
0.97674474231
0.753359805333
0.984802698178
0.972160284127
0.990872652954
0.738598046172
0.769938969672
0.727728747278
0.983070685419
0.96090140353
0.981392433109
0.754593792822
0.969996391447
0.985124275953
0.73150642492
0.737780613079
0.975008005515
0.775091165703
0.979935334184
0.963128344792
0.973889346771
0.977101556003
0.972341082854
0.782832534398
0.760942504668
0.949778078241
0.746279813301
0.967850463566
0.943671226789
0.989588622142
0.976128242846
0.964687500918
0.769807861257
0.960021079577
0.781175129101
0.972794439553
0.742798937239
0.968582109183
0.978169919016
0.934566890887
0.979527436632
0.941219165152
0.740457082738
0.747914737621
0.977528234085
0.739510481816
0.947023382239
0.806768204176
0.745328323441
0.960564112994
0.980133208653
0.977279766083
0.976527074278
0.733247262125
0.932909205361
0.991440451085
0.742950750897
0.747950287451
0.73222940552
0.781350622557
0.719575372028
0.969914042757
0.968069689578
0.980691446114
0.967501460498
0.970764001808
0.958386369797
0.975475559026
0.974405149915
0.980070030687
0.983854233435
0.736408634772
0.99074755538
0.749515146817
0.744904563885
0.720523463142
0.973446148939
0.973134232973
0.952595394209
0.979883755717
0.770242249937
0.970955058913
0.748552159561
0.974548220192
0.740252628268
0.985911071016
0.735301485515
0.737090838197
0.724154968084
0.97684293923
0.96747465858
0.966093658827
0.735071387036
0.974475497864
0.75925003561
0.979343955598
0.733697634199
0.73286784504
0.979379944832
0.955682056483
0.971999938621
0.970354770952
0.726143023026
0.97729005595
0.981930914724
0.970871652947
0.982048068906
0.971821698369
0.770600386987
0.737096605685
0.974346188885
0.987921287226
0.976568560135
0.975801602789
0.979947469605
0.738492639264
0.967373598859
0.733211186345
0.98359705493
0.984814158668
0.754041765866
0.97045664941
0.968758918486
0.978453508555
0.990723721622
0.749280446519
0.973654057019
0.907424682832
0.719626642884
0.971823607578
0.949260973839
0.953449044945
0.97485125478
0.744328205377
0.974386014828
0.980995597553
0.98393780406
0.723387530941
0.973689817498
0.98092213522
0.732417028115
0.966135684769
0.750408705488
0.755176082833
0.961676367971
0.736687894995
0.964663709066
0.75362767537
0.985931180224
0.976734992498
0.729882266733
0.977969864851
0.7547823185
0.971266430103
0.717259610282
0.759127593093
0.75302275555
0.971858713433
0.984020987077
0.974996572596
0.965744624374
0.96240572698
0.736815172526
0.747510568967
0.753380753683
0.97729448385
0.731012727799
0.961077964432
0.969156502932
0.974788246618
0.987057415257
0.742401003867
0.723001865537
0.733290866544
0.727206465525
0.754737600319
0.963969777545
0.758918658166
0.966053433038
0.973652718451
0.967627778401
0.75026519588
0.747355827133
0.73250976712
0.963175506747
0.981634880501
0.759556510727
0.973950505832
0.763747748182
0.951275346054
0.967762659301
0.966548802428
0.742804819486
0.971351505636
0.750571880445
0.758270487612
0.977626523023
0.96891016785
0.988801988384
0.966025016483
0.983403427169
0.981045994252
0.763564834125
0.734680354657
0.971341217373
0.729549347452
0.999555280748
0.75082579147
0.968262462625
0.728800809563
0.753223370242
0.961907531939
0.727337986168
0.749800432644
0.970638756062
0.967141521314
0.974055539861
0.738026204351
0.761257548649
0.959669437203
0.757933452957
0.99026867705
0.935658057093
0.95207976978
0.753079071909
0.728909970857
0.983153495442
0.761708082838
0.979959212196
0.980627551046
0.980371947418
0.731440929578
0.959615484227
1.0
0.745277589403
0.98101072462
0.761123927095
0.966062893236
0.978557125724
0.991611420121
0.724820799571
0.7357328292
0.986161328988
0.978317713506
0.962360407428
0.76654433453
0.732201576631
0.947999070551
0.97982978119
0.750407325002
0.77139779592
0.974536116584
0.983008467196
0.745661722482
0.755683503271
0.750549376625
0.739107986522
0.730134623276
0.968743651754
0.763765806043
0.712368669579
0.968958496866
0.785281067605
0.73937555218
0.751359057044
0.747216684745
0.718619519853
0.715320097746
0.972577417551
0.976256835069
0.783845646338
0.978506381193
0.97317299371
0.964692267859
0.76911869022
0.736115891965
0.974421289168
0.749658043133
0.971520154442
0.979705204028
0.952924083222
0.751168546105
0.722357706574
0.97783696103
0.978995866977
0.757909492577
0.745648387889
0.751507763694
0.974337081457
0.755462357742
0.704358375584
0.972139644558
0.969944019829
0.959634368995
0.96448356594
0.729288725977
0.741842276092
0.752252329537
0.738895434312
0.972841276012
0.731818386445
0.982089427615
0.750362421946
0.979198370533
0.973170922246
0.752768773198
0.758055434722
0.797584406239
0.981276584135
0.963750341508
0.749238848617
0.974667081538
0.975682153714
0.739577866363
0.742016169451
0.985932818704
0.744143576023
0.74208600194
0.764354003177
0.97501772911
0.944730062055
0.97980747139
0.982812842107
0.96616383903
0.96162302355
0.973191284011
0.95978401806
0.968086610058
0.984052071295
0.96062486954
0.978968471519
0.970637414118
0.977592068866
0.976738369635
0.972069733614
0.974180433352
0.981219882536
0.978738495487
0.755958299114
0.982765836822
0.774456358314
0.977041136679
0.971509359674
0.966209163343
0.741883470795
0.75233196745
0.982564028209
0.961064350127
0.753851030587
0.972603622568
0.967187401669
0.721804081918
0.768215349666
0.742197575471
0.969593930888
0.788416757989
0.744758122627
0.759324546295
0.741315845101
0.98109481704
0.980324426292
0.928500696599
0.765174324575
0.736071762187
0.760489420676
0.741005643482
0.970064578466
0.734437834555
0.973800433596
0.750307540396
0.738563142251
0.982520464462
0.972758099737
0.764466319751
0.984944861288
0.976031390592
0.980301655616
0.778206019397
0.987598995393
0.970300962356
0.731390901226
0.753359494097
0.964063160162
0.987398794548
0.977543452641
0.743254971176
0.745819895298
0.981977947224
0.781886032877
0.759671508432
0.969218677207
0.741114809624
0.980650351009
0.97811714634
0.747173401127
0.750000067036
0.972733644888
0.977221618906
0.752580871806
0.77346213801
0.965097415987
0.982684003234
0.964970743936
0.979338189391
0.971476708577
0.97506202368
0.757515282051
0.969420740908
0.97039239265
0.975839095083
0.748422329647
0.934825307197
0.737972408361
0.764541424366
0.968628382437
0.732106325218
0.97847686026
0.742123531457
0.760121787701
0.971670369262
0.972544632142
0.75530579831
0.743194361009
0.706977259467
0.958700260518
0.762386130488
0.757685175396
0.983541371569
0.750956625871
0.770374081701
0.742553676164
0.982104267043
0.962968474008
0.759439258245
0.973443444923
0.742951944863
0.769933429334
0.971858477793
0.968132711395
0.787730231147
0.743429726594
0.976485847638
0.731686543867
0.973153036902
0.97738429415
0.97243535977
0.97397860732
0.984041252998
0.717676320039
0.745087205005
0.978617887549
0.726803059198
0.724626329276
0.746488119327
0.954320696756
0.973540793908
0.96880869133
0.734826869612
0.951926883583
0.978175646592
0.764126061188
0.980338932047
0.767410560783
0.970858678801
0.9880303776
0.765953265815
0.944034813016
0.982238541351
0.984779071755
0.976029976187
0.974088745124
0.960352349128
0.979033608366
0.982393446251
0.7450553572
0.737273625988
0.745385751308
0.755895081357
0.970631991662
0.727952128128
0.979269444662
0.978390844774
0.970774681971
0.730307273478
0.9815681096
0.983492444721
0.976654199435
0.753279727997
0.984270917751
0.736552806003
0.981067535323
0.956757316958
0.977113296241
0.744979386154
0.990982555808
0.972296072878
0.974604125091
0.979174019047
0.753845100599
0.972670306046
0.971230890986
0.737264720983
0.74316333882
0.741709754287
0.969100009726
0.973746678851
0.975894506104
0.978359437053
0.71716515874
1.0
0.952611601013
0.72331857084
0.980541936202
0.97593060117
0.746161424027
0.982266802465
0.774368599102
0.970603060538
0.969866315873
0.74254374621
0.979436008765
