0.771211094621
0.978470595227
0.980393639105
0.984466225308
0.979513834175
0.969945587914
0.980258848976
0.735465612654
0.980293213822
0.970737938009
0.974908472173
0.973973582997
0.758276924937
0.759207169544
0.986221838999
0.747649615538
0.976313033573
0.746979631979
0.979079021553
0.753463422657
0.971902453104
0.754829555479
0.758455002068
0.976562437713
0.735807729171
0.988730167886
0.7514140035
0.7534327536
0.926669274581
0.97673243727
0.753291443336
0.7661219709
0.761123842145
0.74339098112
0.975360519661
0.99106412083
0.732691424206
0.767232653486
0.967383684956
0.738633212914
0.98931592329
0.7341778607
0.974840946097
0.986148136943
0.757599221756
0.748106429212
0.739905376687
0.981410390648
0.780240332643
0.982495839112
0.973171058856
0.989014691706
0.752381355971
0.979581712383
0.771963843063
0.978712242924
0.735621595607
0.974899330604
0.982069717473
0.76100948654
0.733009446142
0.74482432875
0.990794989414
0.99855997002
0.957176539497
0.749192681589
0.978759547129
0.986020818902
0.719114779442
0.982639934561
0.741956342333
0.969797795265
0.747366538642
0.965547897596
0.968604594388
0.989720386241
0.790515555506
0.745052123735
0.986724017076
0.976896081445
0.735129429725
0.762233910199
0.991935518328
0.977491037906
0.965693541443
0.759153796021
0.949113637015
0.975589454175
0.751371196518
0.788568467404
0.973803432928
0.774702161127
0.966501094847
0.767408551447
0.968697297661
0.75555624091
0.981544557692
0.986283447618
0.976097628325
0.974215024492
0.975160407115
0.973341497627
0.986467368022
0.978848269088
0.775257044468
0.976877688394
0.968675673951
0.801054386698
0.979701865404
0.97717705088
0.969861952956
0.975161994736
0.986161265905
0.971918948607
0.961449583915
0.760319791452
0.751615976419
0.744783268835
0.719565736512
0.748153106706
0.735510907648
0.768882621148
0.713122584986
0.976540900833
0.977030334964
0.977457112045
0.981219902183
0.738440810519
0.738347429052
0.762244220598
0.976508269748
0.986365616652
0.747975331109
0.969594097645
0.727408049946
0.972659966891
0.752356567168
0.746417076504
0.980789467647
0.976748046001
0.75849029511
0.754817435082
0.983371185357
0.985097775476
0.969685483722
0.759688582093
0.960829168473
0.738945036002
0.968070533613
0.979514169033
0.739874076614
0.973641845728
0.750601755169
0.974038453155
0.985621149176
0.981092833944
0.969854042897
0.743954101754
0.969716148238
0.972426906159
0.97302147975
0.977076408936
0.977035847216
0.76013561807
0.744200181676
0.978332987158
0.768200230673
0.759193992996
0.983895360314
0.970550901703
0.985288097476
0.755619498953
0.726269107176
0.764872364441
0.972899185517
0.741287815053
0.971732059475
0.781467769177
0.767712060922
0.971253748003
0.989415638409
0.75045149932
0.771618775248
0.968515203794
0.761866691911
0.957030417343
0.974065193969
0.969006307095
0.758705561023
0.758558392761
0.752277740831
0.751194392066
0.7533997772
0.97701282112
0.980160109664
0.763205468807
0.803547262223
0.990984821663
