1.0
1.0
1.0
0.92936775132
1.0
1.0
1.0
1.0
1.0
1.0
1.0
1.0
1.0
0.0
1.0
1.0
1.0
1.0
0.0
1.0
1.0
1.0
1.0
0.992157130071
1.0
1.0
1.0
0.986954657418
1.0
0.964547904446
1.0
0.712132731259
1.0
1.0
1.0
0.0
1.0
1.0
1.0
1.0
1.0
1.0
1.0
1.0
1.0
0.999152297327
1.0
1.0
1.0
1.0
1.0
1.0
0.970352524961
1.0
1.0
1.0
0.958380459313
1.0
1.0
0.0
0.718456369579
1.0
1.0
1.0
1.0
1.0
1.0
1.0
0.868587812424
1.0
0.992230060074
1.0
1.0
1.0
1.0
1.0
1.0
1.0
1.0
0.979521331627
1.0
0.725530122636
0.969350789142
1.0
1.0
1.0
1.0
1.0
1.0
0.98385741242
1.0
1.0
1.0
1.0
1.0
1.0
0.0
0.944779490968
0.927376136699
0.985711312498
1.0
1.0
0.0
0.921605556631
1.0
1.0
1.0
0.723209265268
0.98945442927
1.0
0.0
1.0
1.0
