1.0
1.0
0.98637941157
0.0
1.0
1.0
0.0
1.0
1.0
1.0
1.0
1.0
0.737540251922
1.0
1.0
0.0
0.981375220949
1.0
1.0
1.0
1.0
1.0
1.0
1.0
1.0
1.0
1.0
1.0
1.0
1.0
1.0
0.999092585588
1.0
1.0
1.0
1.0
1.0
1.0
1.0
1.0
1.0
0.945400579588
1.0
1.0
1.0
0.991466483684
1.0
1.0
1.0
1.0
0.986252493529
0.946934941032
1.0
0.916666694332
0.890086151156
1.0
1.0
0.988781487254
1.0
0.0
1.0
0.970950011188
1.0
0.719986664419
1.0
1.0
1.0
0.93019780874
1.0
1.0
0.965692221039
1.0
1.0
1.0
1.0
0.930434769143
1.0
1.0
0.972330012734
1.0
1.0
1.0
0.93301741472
1.0
0.0
1.0
1.0
0.998688437189
1.0
0.999751186809
1.0
1.0
1.0
0.714843313338
0.996575620213
0.967380480323
0.930569569492
1.0
1.0
1.0
1.0
0.983339354053
1.0
0.0
1.0
1.0
1.0
1.0
1.0
1.0
0.993056484346
1.0
1.0
0.99103729096
0.963474508498
0.735058974001
0.913114814139
1.0
0.712931885602
0.0
0.711104920323
1.0
1.0
1.0
0.992392229455
0.972457973632
0.892541815494
0.714427895433
1.0
0.719571304081
1.0
0.911913902762
1.0
1.0
0.957349483722
1.0
1.0
1.0
1.0
0.0
0.0
1.0
1.0
1.0
0.0
1.0
0.749573417675
1.0
1.0
0.924675137605
1.0
0.917327861338
0.860385325378
1.0
1.0
1.0
1.0
0.718938158357
1.0
0.729577568988
0.928005936343
1.0
1.0
0.928053156828
0.974867821987
1.0
0.0
0.0
1.0
1.0
1.0
0.997890814176
0.711284698736
1.0
1.0
1.0
1.0
0.0
0.974211190286
0.717588314247
0.0
0.713050202226
1.0
1.0
1.0
1.0
1.0
0.0
1.0
0.952481102669
1.0
0.0
1.0
0.816485365243
0.711027273939
1.0
1.0
0.998254687184
1.0
0.99077417033
0.709866803694
1.0
1.0
0.942567234874
1.0
0.0
1.0
0.913446908972
1.0
1.0
0.931905381548
0.928387219917
0.0
1.0
0.966523058911
0.981939834142
0.972461649093
1.0
1.0
0.932850902184
1.0
1.0
0.0
1.0
1.0
0.915765885272
1.0
1.0
1.0
1.0
1.0
0.985465821013
0.932836913114
0.0
1.0
1.0
1.0
1.0
0.978425270983
0.0
0.961001589632
1.0
1.0
1.0
0.0
1.0
0.954082758927
1.0
1.0
1.0
1.0
0.713254572006
0.718651318453
0.987669636236
1.0
0.989836963332
0.958043878302
1.0
1.0
1.0
0.714817115963
1.0
1.0
1.0
1.0
1.0
0.0
1.0
0.994335783679
0.0
1.0
0.941858957522
0.973478995464
1.0
1.0
0.981103510826
1.0
0.998244513236
0.954997788687
0.712663835944
0.974832770764
0.995599700924
1.0
1.0
1.0
0.0
1.0
1.0
1.0
1.0
0.983665030098
1.0
1.0
0.981705862296
1.0
0.969228977675
1.0
0.925619596
0.0
0.982946043718
1.0
1.0
1.0
0.748444922936
0.909144611586
0.905090219793
1.0
1.0
1.0
1.0
1.0
0.993236125097
0.0
1.0
1.0
0.990343150791
1.0
1.0
0.98998956295
0.717510541812
1.0
1.0
0.990904068576
1.0
1.0
1.0
1.0
1.0
1.0
0.934525943696
1.0
1.0
1.0
1.0
1.0
1.0
1.0
1.0
0.994639304316
1.0
0.983670052158
0.9005719331
1.0
0.0
1.0
1.0
0.866430520847
1.0
0.975313334728
0.715965252602
1.0
1.0
1.0
1.0
1.0
0.917464934407
0.963489922598
1.0
1.0
1.0
0.0
0.719366515304
1.0
1.0
1.0
1.0
0.941929241281
1.0
0.990080955379
1.0
0.979420359181
1.0
1.0
1.0
0.0
0.9891712014
0.927683005885
1.0
1.0
0.726421236934
0.746698450916
0.0
0.936070901687
0.961020772987
1.0
1.0
1.0
0.988008793448
0.996799208698
1.0
1.0
0.0
1.0
1.0
0.987521156507
1.0
0.929148377011
1.0
1.0
1.0
0.710370586488
1.0
0.710624576957
0.0
1.0
1.0
0.993081545452
0.933931207845
1.0
0.966632934814
1.0
0.987478041993
0.983364187711
1.0
0.971113607332
0.0
0.981867512156
0.0
0.940734325248
1.0
1.0
1.0
1.0
0.984675961436
0.0
0.918371701855
1.0
1.0
1.0
0.998507895653
1.0
1.0
0.0
0.998348906084
0.922736622784
1.0
0.896318433944
0.996304624408
1.0
0.922852608404
0.916816655402
0.717104735275
0.979764109802
1.0
0.991034922197
1.0
1.0
1.0
1.0
0.979988183613
1.0
1.0
0.951722934976
1.0
0.71202570601
1.0
1.0
1.0
1.0
0.71186391256
1.0
1.0
0.968236317386
1.0
0.0
0.979400208918
1.0
0.981715217606
1.0
1.0
0.711184565953
1.0
1.0
0.999575997407
1.0
1.0
0.97770523554
1.0
0.99725565939
0.991606693053
1.0
0.90932788346
0.0
1.0
1.0
0.946240966091
1.0
1.0
0.960368461809
1.0
1.0
1.0
1.0
1.0
1.0
0.0
0.903825327394
1.0
1.0
1.0
0.0
0.711023265196
0.0
1.0
0.0
0.993415406566
0.0
1.0
0.715367114226
0.992176515656
1.0
0.981631576894
0.930003363939
1.0
0.924484374916
1.0
1.0
1.0
1.0
0.940668728365
0.0
1.0
0.0
1.0
1.0
0.729336650079
1.0
1.0
0.996576852919
0.712541622611
0.979894761548
1.0
1.0
1.0
0.991556701048
0.0
1.0
0.955199597461
0.91863498986
1.0
1.0
1.0
1.0
1.0
1.0
1.0
1.0
1.0
1.0
1.0
1.0
0.992313326318
1.0
1.0
0.991076972919
1.0
1.0
1.0
1.0
1.0
1.0
0.0
1.0
1.0
0.99713560514
1.0
0.905554978622
1.0
1.0
1.0
0.977950379405
0.924778775337
0.90924904893
1.0
1.0
0.0
1.0
0.989560752978
0.916751571414
1.0
1.0
1.0
1.0
1.0
1.0
1.0
0.995725814384
1.0
1.0
0.982091345286
1.0
1.0
1.0
1.0
0.976673882938
1.0
1.0
1.0
1.0
1.0
0.0
1.0
1.0
0.98385037374
1.0
1.0
1.0
1.0
1.0
0.91119671118
1.0
1.0
1.0
1.0
1.0
0.987702514765
1.0
0.709586062306
1.0
0.0
1.0
0.998520893148
1.0
0.0
0.0
1.0
1.0
1.0
1.0
1.0
1.0
1.0
0.0
0.910051519961
0.987493416808
1.0
1.0
1.0
0.0
0.738839628029
1.0
0.966468582162
1.0
1.0
1.0
0.0
1.0
0.723873379474
1.0
1.0
1.0
1.0
0.991967016152
1.0
1.0
1.0
0.983689940774
1.0
1.0
1.0
1.0
0.716819200198
0.990255917859
0.99051688371
1.0
0.0
1.0
1.0
1.0
1.0
1.0
1.0
1.0
1.0
1.0
1.0
0.914018584182
1.0
0.990879559653
1.0
0.976562514295
1.0
0.710818361121
1.0
1.0
1.0
1.0
1.0
1.0
0.907002858882
1.0
0.933572612461
0.0
0.0
1.0
1.0
0.940565984869
0.716870034202
0.9224690102
1.0
1.0
1.0
1.0
0.981143468853
0.91931293386
1.0
1.0
0.930564241884
1.0
1.0
0.905739101582
1.0
1.0
1.0
1.0
1.0
0.89901706704
1.0
0.0
0.951606422658
1.0
0.0
0.709936521769
1.0
1.0
1.0
0.852569486083
1.0
1.0
1.0
1.0
0.99428203107
1.0
1.0
0.950229221015
0.710570105523
1.0
1.0
1.0
0.985735832855
1.0
1.0
0.916294133386
0.951455781575
0.0
1.0
1.0
1.0
0.723820952591
1.0
0.988236478656
0.0
1.0
0.971986123689
1.0
1.0
1.0
1.0
1.0
1.0
1.0
0.862837620145
0.987738454255
1.0
1.0
1.0
0.0
1.0
0.979982887513
0.97427014972
1.0
1.0
0.972344767351
0.944410420586
1.0
0.981280095778
1.0
1.0
1.0
1.0
1.0
1.0
0.966431197642
0.925700959385
0.712426456151
1.0
1.0
0.919509183917
0.717220906854
1.0
1.0
0.881187066577
1.0
1.0
0.715584420385
0.95885947599
1.0
1.0
1.0
1.0
0.976180555751
1.0
0.989529567593
1.0
1.0
1.0
0.711910917822
1.0
1.0
1.0
1.0
0.0
0.913897094109
1.0
1.0
0.710431353718
1.0
1.0
1.0
0.0
1.0
1.0
1.0
1.0
1.0
1.0
1.0
1.0
0.990440491146
1.0
1.0
1.0
1.0
1.0
1.0
0.0
1.0
1.0
1.0
0.978743871016
1.0
0.96550502309
0.984509000629
1.0
1.0
1.0
1.0
1.0
0.999236938483
1.0
1.0
1.0
1.0
1.0
0.912163804987
1.0
1.0
0.983126350713
1.0
0.995421029419
1.0
0.712345819199
1.0
0.712207807738
1.0
1.0
1.0
1.0
1.0
0.964090653297
1.0
1.0
1.0
1.0
1.0
1.0
1.0
0.978522215303
1.0
1.0
1.0
0.0
0.923429881362
1.0
1.0
0.980424367282
1.0
0.994400609589
1.0
1.0
0.953906192708
1.0
0.938030712466
0.996643912753
0.944492067645
1.0
1.0
1.0
1.0
1.0
1.0
1.0
1.0
1.0
1.0
0.73388684307
0.709870655645
1.0
0.923213221761
0.993024739566
1.0
0.0
1.0
0.974366181701
1.0
1.0
0.0
0.0
1.0
0.831068440424
1.0
1.0
0.994393628355
1.0
0.99354892423
0.92942912814
1.0
1.0
1.0
0.996308778199
1.0
0.729768223426
0.985276373158
1.0
0.0
1.0
1.0
0.992759826599
0.714012253236
0.0
0.955007836481
0.0
1.0
0.0
1.0
0.739547861511
1.0
0.992766351532
0.0
1.0
1.0
0.961369616207
1.0
1.0
1.0
1.0
1.0
1.0
1.0
1.0
1.0
0.0
0.0
0.967756573302
1.0
1.0
0.933536405595
1.0
1.0
0.978410466923
0.925421797391
0.722725511168
1.0
1.0
0.922479581662
0.926383815966
0.964582098335
1.0
0.963221955325
0.85948542642
0.9961365147
1.0
1.0
1.0
1.0
1.0
1.0
0.990111699716
1.0
1.0
1.0
1.0
1.0
0.711936011198
0.991054830783
1.0
0.975071302206
1.0
1.0
1.0
0.936424552561
0.947412439726
0.977407241796
0.988686350673
1.0
1.0
1.0
1.0
1.0
1.0
0.928893959199
1.0
0.998228131264
0.747476862559
0.718031908623
0.960576805242
0.913335219265
0.955481705959
1.0
0.711609874009
0.0
0.724312520801
1.0
1.0
1.0
1.0
1.0
1.0
1.0
1.0
0.980677588965
0.992938617475
1.0
1.0
1.0
1.0
1.0
1.0
0.987452292631
1.0
1.0
0.962375504455
1.0
1.0
0.92467474433
1.0
1.0
1.0
1.0
0.0
1.0
0.964843246482
0.714199117396
1.0
0.979255367536
1.0
1.0
1.0
0.713309997029
1.0
0.923771639142
1.0
1.0
0.0
1.0
1.0
0.0
1.0
1.0
0.948671573606
0.968975959454
1.0
1.0
1.0
1.0
1.0
1.0
0.939954621396
1.0
0.888842793379
0.914523397077
1.0
1.0
1.0
1.0
1.0
1.0
0.908686667316
1.0
0.0
1.0
1.0
0.914088836198
0.990375838426
1.0
0.980194920435
1.0
1.0
0.976111144796
0.721593962755
1.0
0.996530781954
1.0
0.917463525449
1.0
1.0
0.973263095465
1.0
1.0
1.0
1.0
1.0
0.0
1.0
1.0
0.0
1.0
1.0
0.981077255401
1.0
1.0
1.0
1.0
0.0
1.0
1.0
0.93370394593
1.0
1.0
1.0
0.932480511272
0.994018101843
0.960604567199
1.0
0.714503656562
1.0
1.0
1.0
0.0
1.0
1.0
1.0
1.0
1.0
0.916500901604
1.0
0.925139949694
1.0
1.0
0.984100036406
0.0
0.923005024639
0.984080285492
0.73268631697
1.0
1.0
0.996753779113
1.0
1.0
1.0
0.884559245175
1.0
0.932105392173
1.0
1.0
0.0
0.984723986346
0.0
1.0
1.0
1.0
0.95206018084
0.970328819449
1.0
0.720866004738
0.712571473292
1.0
1.0
0.997676011038
1.0
0.930271856206
0.999148587792
0.988659762471
1.0
0.0
1.0
1.0
1.0
1.0
0.998549398051
1.0
0.0
1.0
1.0
0.966230189256
1.0
0.0
1.0
0.715853386125
1.0
0.961070150811
1.0
1.0
1.0
0.900816672402
1.0
1.0
0.0
1.0
0.947134236711
0.963243401361
1.0
1.0
0.951726422579
1.0
1.0
0.985800812867
1.0
0.981378336034
1.0
1.0
0.977921345756
1.0
1.0
1.0
0.996931670146
0.995978249981
1.0
1.0
0.0
1.0
1.0
0.958467741729
0.979105244102
1.0
0.981320813776
0.993119462915
0.712156225879
1.0
1.0
0.717424828748
1.0
1.0
1.0
0.713627633079
0.967030164117
1.0
1.0
0.996301220759
1.0
1.0
0.713175604352
1.0
1.0
1.0
1.0
1.0
0.923365037211
1.0
0.993968876155
0.91643438753
0.722899795259
1.0
0.983040687064
0.97556642778
1.0
0.974820657489
1.0
0.969421287706
1.0
1.0
0.730421274804
1.0
1.0
0.973531384558
0.986664873868
1.0
1.0
1.0
1.0
1.0
1.0
0.0
0.975842142142
0.943014937478
1.0
1.0
0.927124960741
1.0
1.0
0.891122588731
0.918331583589
1.0
1.0
1.0
0.991125025346
0.987371972264
0.969388110501
1.0
1.0
1.0
1.0
1.0
0.915281208443
1.0
1.0
1.0
0.946834400155
1.0
1.0
1.0
0.720518658827
0.715108063995
0.716955281214
1.0
1.0
0.996137039616
1.0
0.925665869152
1.0
1.0
0.995313998644
1.0
0.991799945956
0.0
1.0
0.0
1.0
0.728675778652
1.0
1.0
0.737625262049
1.0
0.937586179147
1.0
1.0
1.0
1.0
0.909029960029
0.0
1.0
1.0
1.0
1.0
1.0
1.0
0.710516491477
1.0
1.0
1.0
0.731911232374
0.973090652689
1.0
1.0
0.901520324849
0.999075094274
1.0
1.0
0.982177840522
0.932423629467
0.925978496073
0.93974523906
1.0
0.99508969368
1.0
0.92775824382
0.991331507823
0.969174983908
1.0
1.0
1.0
1.0
1.0
1.0
0.0
1.0
0.74278494761
1.0
0.987691838154
0.72575808105
1.0
0.917761069685
1.0
0.684425511326
1.0
0.715400399871
1.0
1.0
0.961444388409
0.0
0.959961661246
1.0
1.0
1.0
1.0
0.957279025176
0.961148364982
1.0
0.973448306079
1.0
0.713579990709
1.0
0.710020483806
1.0
0.96967806525
1.0
1.0
0.993395848665
1.0
1.0
0.0
1.0
1.0
1.0
0.710602005613
1.0
0.963419238024
1.0
1.0
1.0
0.0
1.0
1.0
1.0
0.0
1.0
0.880248237859
1.0
1.0
1.0
0.998887776368
0.715271392749
1.0
0.975444654364
1.0
1.0
1.0
1.0
1.0
1.0
1.0
1.0
0.99845362274
0.97156638894
1.0
1.0
1.0
1.0
0.0
1.0
0.981428067878
1.0
0.995538772292
1.0
1.0
1.0
1.0
1.0
0.939221217822
1.0
0.984539608198
1.0
0.0
1.0
1.0
0.981364736248
1.0
0.740678610551
1.0
0.733978298112
1.0
1.0
1.0
0.908758237577
0.71594383919
1.0
1.0
1.0
1.0
0.971174293585
1.0
1.0
0.96420500649
1.0
0.0
0.924475084757
0.921469449427
1.0
1.0
1.0
1.0
0.998580751397
0.727014136588
1.0
1.0
1.0
0.98434531299
1.0
0.970407132356
0.0
0.994947561428
1.0
1.0
0.0
1.0
1.0
1.0
1.0
1.0
0.976999362755
1.0
1.0
1.0
0.934684991439
0.979468079891
0.927809438494
0.749281273281
0.960427362036
0.918760152653
1.0
0.722808571275
0.0
0.950343496151
0.930890660804
1.0
0.915016737935
1.0
1.0
0.945860025692
1.0
0.0
0.995320076176
1.0
1.0
1.0
1.0
1.0
1.0
1.0
0.910417474176
1.0
1.0
0.987293414402
1.0
1.0
1.0
1.0
1.0
1.0
1.0
1.0
1.0
0.84956392743
1.0
1.0
0.981473036329
0.0
0.977167481766
0.985725852882
1.0
1.0
0.0
1.0
0.980368345802
1.0
1.0
1.0
1.0
1.0
0.914569042268
0.977416923491
0.712057839684
0.993524707274
1.0
1.0
1.0
1.0
0.0
1.0
1.0
0.0
1.0
0.0
1.0
0.965957899596
1.0
0.987194918837
0.911894956672
1.0
1.0
1.0
0.976477782672
1.0
1.0
0.0
0.893861209164
0.917576162466
1.0
1.0
1.0
1.0
1.0
1.0
1.0
1.0
1.0
0.94008444436
1.0
1.0
0.966865615614
1.0
0.742405312693
0.982879539053
1.0
0.927537301399
0.977121259924
1.0
0.710037205001
1.0
0.990839718313
1.0
1.0
1.0
0.0
1.0
1.0
1.0
1.0
0.713760263748
0.972411205276
0.0
0.973093414476
1.0
0.981898246305
1.0
1.0
0.970116941255
0.955845683295
0.72198921731
1.0
1.0
0.721324724116
1.0
1.0
0.981934969578
1.0
1.0
1.0
1.0
0.0
0.972568631949
0.713269674291
1.0
1.0
0.990942870166
1.0
1.0
0.978784574303
0.991822969633
0.940195785585
1.0
0.941383514307
0.985187018375
1.0
0.949225161892
1.0
1.0
1.0
1.0
1.0
0.708891663004
0.0
0.96156700201
1.0
1.0
1.0
0.996090772395
0.0
1.0
0.989122171469
1.0
1.0
1.0
1.0
1.0
1.0
1.0
1.0
0.980625678515
1.0
1.0
0.0
0.991905233639
1.0
1.0
1.0
1.0
0.0
1.0
1.0
0.942482743784
1.0
0.0
0.717023043613
1.0
1.0
1.0
1.0
0.888674938225
0.0
0.958236256451
1.0
0.903082438897
1.0
1.0
1.0
0.936071668196
1.0
0.945005286357
0.902291433455
1.0
1.0
0.951859035601
1.0
1.0
1.0
1.0
1.0
0.711001860416
1.0
0.0
0.993364661872
0.940826095871
1.0
1.0
1.0
0.9116502801
1.0
1.0
0.931261531434
1.0
0.969869975542
0.940335826702
0.980098339766
1.0
1.0
1.0
1.0
0.928121563167
1.0
1.0
1.0
0.991857059146
0.0
1.0
1.0
0.986988811432
1.0
1.0
1.0
1.0
0.986568795441
1.0
1.0
0.999597881311
0.729448961328
1.0
0.958028849487
1.0
1.0
1.0
1.0
0.981110155772
1.0
0.973734445945
1.0
0.958945623847
1.0
0.994772538436
1.0
1.0
0.0
1.0
0.968844807596
1.0
1.0
0.924751572745
0.889405816371
1.0
0.906428399537
0.981347191499
1.0
1.0
0.923492048747
0.745859903996
1.0
1.0
1.0
0.93625888099
1.0
1.0
0.994546375484
0.974936218404
1.0
1.0
1.0
1.0
1.0
1.0
0.909959515907
0.987049549494
1.0
1.0
0.711079949971
0.965749769331
1.0
0.981515523284
1.0
0.715883970994
1.0
1.0
1.0
1.0
1.0
0.989401618961
1.0
1.0
1.0
1.0
1.0
0.947710873807
1.0
1.0
1.0
1.0
1.0
1.0
1.0
1.0
1.0
0.924415065862
1.0
1.0
0.688114012601
0.0
1.0
0.716013720877
0.940544043999
1.0
1.0
1.0
0.0
1.0
1.0
1.0
0.978090513077
1.0
0.919408656612
1.0
1.0
0.974768990583
1.0
1.0
1.0
0.953538064797
0.989116823281
1.0
1.0
1.0
1.0
1.0
1.0
1.0
1.0
1.0
1.0
1.0
1.0
0.922230732024
1.0
0.966806246841
0.709724760706
0.977650581005
0.745999126909
1.0
0.888973493804
1.0
0.719842438301
1.0
0.980448648304
1.0
1.0
1.0
1.0
1.0
1.0
0.983925523386
1.0
1.0
0.711163780016
0.0
0.715941693189
1.0
1.0
0.995363972744
1.0
0.980103752905
0.989298068028
0.0
1.0
1.0
1.0
0.97063894431
0.922507356386
1.0
0.724463630462
1.0
0.717192536174
1.0
0.924950451904
1.0
0.928671592649
1.0
0.71213127585
1.0
1.0
1.0
1.0
1.0
1.0
0.975571646038
0.989111802336
0.92840627801
1.0
0.985542563937
0.0
1.0
1.0
1.0
1.0
1.0
0.0
0.98128636012
1.0
0.923665792389
0.99089745958
0.0
0.711057750421
1.0
1.0
0.887805541557
1.0
0.970562093138
1.0
1.0
1.0
1.0
1.0
1.0
0.0
1.0
0.720960219035
0.918698489341
1.0
1.0
1.0
1.0
1.0
0.717312870706
1.0
1.0
1.0
1.0
1.0
1.0
0.972155441402
1.0
0.915869432974
0.736417895981
0.0
1.0
1.0
1.0
1.0
0.923388255054
1.0
1.0
1.0
1.0
0.735763108779
1.0
0.985051543992
1.0
1.0
1.0
0.806457229853
1.0
0.978855935356
1.0
0.711911113505
1.0
0.0
1.0
0.917263244925
1.0
1.0
1.0
1.0
1.0
1.0
1.0
0.977703926733
0.97994023369
1.0
1.0
1.0
0.731662385966
0.969043509958
0.989596600647
1.0
0.931405931047
1.0
1.0
0.906665342088
0.971278408614
1.0
1.0
0.999005036488
1.0
1.0
1.0
1.0
1.0
0.946903778825
1.0
0.969872527314
1.0
0.982648143117
0.724920488926
0.914060206644
1.0
0.951027946612
0.723050542439
1.0
0.720044728806
1.0
1.0
1.0
1.0
1.0
1.0
1.0
1.0
1.0
1.0
0.993298776409
1.0
0.0
0.737414694275
1.0
1.0
1.0
1.0
1.0
1.0
1.0
1.0
1.0
1.0
1.0
0.986926924357
0.822876406731
1.0
1.0
0.974156692727
1.0
1.0
1.0
1.0
1.0
0.0
1.0
0.976400637046
1.0
0.723892401743
1.0
1.0
1.0
1.0
1.0
1.0
0.97451285854
1.0
1.0
1.0
1.0
1.0
0.0
0.920163178406
0.741138975223
1.0
1.0
1.0
1.0
1.0
1.0
1.0
0.744952776909
1.0
1.0
1.0
0.0
0.998155003513
1.0
1.0
1.0
1.0
0.712579058117
1.0
1.0
0.0
0.0
0.988332365279
1.0
1.0
0.995227105804
0.7122205115
0.994010723641
1.0
1.0
1.0
0.712005679724
1.0
1.0
1.0
0.716884019731
0.987875007711
1.0
0.963921896212
0.863092440496
0.968427440649
1.0
0.981786484136
1.0
0.932384095638
1.0
0.0
1.0
1.0
0.817580304922
1.0
1.0
0.714499561261
0.979040838734
1.0
0.991311319007
1.0
1.0
1.0
1.0
0.714330156999
0.989491140358
0.974591219593
0.98334026202
1.0
1.0
0.932771228359
1.0
1.0
0.998143136197
1.0
1.0
1.0
1.0
1.0
0.967738771065
0.929787974117
1.0
0.983816636705
1.0
0.967889654268
1.0
0.981640129555
0.977860295299
0.987210607902
1.0
1.0
1.0
0.0
0.92759103566
1.0
1.0
0.981452457798
1.0
1.0
0.971838551023
1.0
0.922775502352
1.0
1.0
1.0
1.0
1.0
1.0
1.0
1.0
1.0
0.998863488882
0.93972426549
1.0
0.99838161554
0.709923701108
1.0
1.0
0.991304973588
0.975677890737
0.968643924249
0.971848449074
1.0
1.0
1.0
1.0
1.0
0.984041633381
0.994989948775
1.0
1.0
1.0
0.909679760824
0.713237387371
1.0
1.0
1.0
0.956527424912
1.0
0.980119601418
1.0
0.890940810356
0.992288108765
1.0
1.0
0.985379813397
1.0
1.0
1.0
0.716947276747
0.71599797891
1.0
1.0
0.977645836267
0.978872334954
1.0
1.0
1.0
0.982958419269
1.0
1.0
0.983814825054
1.0
0.992873880587
0.993117788159
0.958840136752
1.0
1.0
0.99771856824
0.725506631013
0.907602169384
0.0
1.0
1.0
1.0
1.0
1.0
1.0
1.0
1.0
1.0
1.0
1.0
0.0
1.0
1.0
1.0
1.0
1.0
1.0
1.0
1.0
1.0
1.0
0.936246708571
1.0
1.0
0.918383514653
0.0
1.0
1.0
0.0
0.925876020638
1.0
1.0
0.0
1.0
0.0
1.0
1.0
1.0
0.0
1.0
1.0
1.0
1.0
1.0
1.0
1.0
0.0
0.717893967553
0.0
1.0
1.0
1.0
0.967250882733
1.0
1.0
1.0
0.0
0.0
0.735293712865
1.0
1.0
0.96260760733
0.689028788668
1.0
0.998218499365
1.0
1.0
1.0
0.920735675879
1.0
1.0
1.0
0.998269212117
1.0
0.985389472567
0.988877212869
1.0
1.0
1.0
1.0
1.0
1.0
1.0
1.0
0.938943480068
0.983992348905
1.0
1.0
0.919963958385
0.988724090729
1.0
0.979244426214
0.971310843461
1.0
1.0
1.0
1.0
0.993997539795
1.0
1.0
0.934188866714
1.0
0.0
1.0
1.0
1.0
1.0
0.970336467796
1.0
1.0
1.0
1.0
0.0
1.0
1.0
1.0
1.0
0.741205350476
1.0
1.0
0.98826199643
0.992590010742
1.0
1.0
1.0
1.0
1.0
1.0
1.0
1.0
0.91615398629
1.0
0.973230951399
1.0
0.0
1.0
0.734562916897
1.0
1.0
0.987559129414
1.0
1.0
0.0
1.0
1.0
1.0
1.0
1.0
1.0
0.992454296388
1.0
1.0
1.0
0.956479737268
1.0
0.0
1.0
1.0
1.0
1.0
1.0
1.0
0.991801788612
1.0
1.0
1.0
1.0
1.0
1.0
1.0
0.712273387484
0.99562755266
1.0
1.0
1.0
0.0
1.0
0.982432585901
0.937059629667
0.0
0.998019574407
1.0
1.0
1.0
1.0
0.965687009079
1.0
1.0
0.937199276146
1.0
1.0
1.0
1.0
1.0
1.0
1.0
0.916887758101
1.0
0.0
1.0
1.0
0.995026084132
0.984362555449
1.0
1.0
1.0
1.0
1.0
1.0
0.991702070074
1.0
1.0
1.0
0.986176426456
1.0
1.0
0.92563668859
0.891168314778
1.0
1.0
1.0
1.0
1.0
0.711794244042
1.0
0.988294506209
1.0
0.0
1.0
1.0
1.0
1.0
1.0
0.697358659597
1.0
0.0
1.0
0.981595549652
1.0
0.985629631104
1.0
0.945524479668
1.0
1.0
1.0
0.96298505567
1.0
0.740777460336
1.0
1.0
1.0
0.98375450572
1.0
1.0
1.0
0.724984310215
1.0
1.0
0.989698519081
1.0
0.998763521707
0.944648042212
1.0
0.973517205223
0.975132689478
0.983613074379
0.985967536156
0.913451137777
0.0
1.0
1.0
0.942026155294
0.925652451674
1.0
1.0
1.0
1.0
0.734126124913
1.0
1.0
0.910556727173
1.0
0.990398370404
1.0
1.0
1.0
1.0
0.71315138555
0.974093931491
1.0
1.0
1.0
0.981249360263
0.911497383298
1.0
1.0
0.759692318026
0.712396340496
1.0
0.992248519667
1.0
0.0
1.0
1.0
1.0
0.898512292602
0.960160243283
1.0
1.0
0.0
0.0
1.0
1.0
0.710866546197
1.0
1.0
1.0
0.712358074093
0.0
0.0
1.0
1.0
0.997283314329
1.0
1.0
1.0
0.712866824
1.0
1.0
1.0
0.993395986891
1.0
0.978807666421
1.0
0.0
0.984946804492
1.0
0.99813742053
0.953760623639
1.0
1.0
1.0
1.0
0.983738716459
1.0
0.966469173092
1.0
1.0
1.0
1.0
1.0
0.728982574899
1.0
1.0
1.0
1.0
1.0
1.0
0.956628387764
1.0
1.0
1.0
0.978122240444
1.0
1.0
1.0
1.0
1.0
1.0
1.0
1.0
1.0
1.0
1.0
1.0
1.0
1.0
1.0
1.0
1.0
0.987073803625
1.0
0.996899079503
0.983283730064
0.993184994251
1.0
0.997394233271
1.0
1.0
0.999861554054
1.0
1.0
1.0
0.972894116487
0.858904044049
0.922929684325
0.0
0.995403915765
1.0
1.0
1.0
1.0
0.941923282914
1.0
1.0
1.0
1.0
0.0
0.715909836168
0.904564257527
1.0
1.0
1.0
1.0
0.983832523105
0.997490808339
1.0
0.0
0.713816301969
1.0
0.997141479871
0.976675115377
1.0
1.0
0.0
1.0
1.0
1.0
1.0
1.0
1.0
1.0
1.0
1.0
1.0
0.718817751097
0.971194054935
1.0
1.0
1.0
1.0
1.0
1.0
0.937672857801
0.971590350487
1.0
1.0
0.953868501164
0.935683501175
1.0
0.714421934429
1.0
0.908909889238
0.96939866523
1.0
1.0
0.943793536928
1.0
0.712519967201
1.0
1.0
1.0
0.0
0.711783734249
0.994182511878
1.0
0.986879423161
1.0
0.969911816552
1.0
1.0
1.0
0.733955227142
1.0
0.93625054894
1.0
1.0
0.733709274444
1.0
0.950079207335
1.0
0.921087270816
1.0
0.970046671864
1.0
0.992504110597
1.0
0.0
1.0
1.0
1.0
0.899299889281
0.722405405648
1.0
1.0
1.0
0.910139180471
1.0
1.0
0.994667450881
0.722729502366
1.0
0.996752759892
0.920178684944
1.0
1.0
0.946922562448
1.0
0.947035702676
0.0
0.727164401764
1.0
1.0
0.996323783317
1.0
1.0
1.0
1.0
1.0
1.0
1.0
1.0
1.0
1.0
0.982457638669
1.0
0.981975852058
0.982366702042
0.0
1.0
0.907990942131
0.728213714831
0.975361149029
0.717678024359
0.991669626162
1.0
0.0
1.0
0.732447218514
1.0
0.0
1.0
1.0
0.980448388437
1.0
0.720604199955
1.0
0.711979642476
1.0
1.0
0.914287415789
1.0
1.0
0.984223668532
1.0
1.0
1.0
0.982246736726
0.98587787988
1.0
0.728842081322
1.0
0.721721633093
1.0
1.0
0.981659053065
1.0
1.0
1.0
0.995704901667
1.0
1.0
0.0
0.0
1.0
1.0
0.864614938817
1.0
0.993516973486
0.848410620455
0.0
1.0
1.0
0.920427769962
0.978105666733
1.0
1.0
0.980134345685
1.0
0.956254217776
1.0
0.886989764995
0.971098371733
1.0
0.993490752977
0.944261552137
0.931266986913
0.0
0.0
0.711298500366
0.920027893661
1.0
0.71832638754
1.0
0.987929377941
0.928510464934
0.903668643132
1.0
1.0
1.0
1.0
0.0
1.0
0.930465813712
1.0
0.996952410531
