0.934869529686
0.872968564388
1.0
1.0
0.953522266296
0.994532716593
0.932196454323
1.0
1.0
1.0
0.936033997792
0.93767478851
0.992374355236
1.0
1.0
0.964038664266
1.0
1.0
1.0
1.0
0.999499686014
1.0
0.994705689769
0.0
0.989894130337
1.0
1.0
0.842389471908
1.0
1.0
0.975584738613
1.0
0.950805162451
0.983953429624
0.993537353992
0.952626286076
0.93563098761
1.0
1.0
0.969289203928
1.0
0.708472456531
0.951425886295
1.0
0.950483381843
1.0
1.0
0.98594398043
1.0
0.997328691729
0.950675158229
0.986358827232
1.0
0.946165113455
1.0
0.966568612394
1.0
0.961165334514
0.0
1.0
0.977551708462
0.974410499452
1.0
1.0
1.0
1.0
1.0
1.0
0.990932763594
0.900471106823
1.0
1.0
1.0
1.0
0.0
1.0
1.0
0.897594860319
0.973074850568
1.0
0.977615102926
0.966176213869
0.93128282916
0.997214522085
1.0
0.0
0.970990178145
0.992499979102
1.0
0.968430558303
1.0
1.0
0.930033603761
1.0
0.975833433218
1.0
1.0
0.976882506892
1.0
0.918915191399
1.0
1.0
1.0
1.0
1.0
0.94436948303
0.906468771524
0.960138892841
1.0
1.0
0.95510043961
1.0
1.0
1.0
1.0
1.0
0.0
1.0
1.0
0.997265785328
0.992270688757
1.0
0.972315627179
1.0
1.0
0.964965442296
1.0
1.0
1.0
1.0
1.0
0.903967116233
1.0
1.0
1.0
1.0
0.979577616807
1.0
1.0
1.0
1.0
0.992508641885
1.0
1.0
1.0
1.0
0.969135741631
1.0
1.0
0.998819614267
1.0
1.0
0.94489337758
1.0
1.0
1.0
1.0
0.99206765077
1.0
0.948555678763
1.0
0.98106458804
1.0
1.0
0.968513859205
1.0
0.961719873934
0.969443978707
1.0
0.920493976003
1.0
0.0
0.969633400975
0.979990675494
1.0
0.962655078232
1.0
0.988924375865
0.97481625897
0.956191387013
0.96430882958
1.0
1.0
0.991305847466
1.0
1.0
0.961274410144
0.992911968896
0.981107785232
0.939025836918
1.0
0.989058494557
0.990569250266
1.0
0.959346898917
1.0
1.0
1.0
0.952039594091
1.0
1.0
1.0
0.998730606695
1.0
1.0
0.973873213988
1.0
0.988119034063
1.0
0.997684577104
0.951535768873
1.0
0.95136547302
1.0
0.960051597136
0.0
0.0
0.876806174584
0.997161936734
0.921715391823
0.917425806184
1.0
0.940842119718
0.966415103843
0.986321611858
1.0
0.979287611346
1.0
1.0
0.990630502219
0.986645525742
1.0
1.0
1.0
0.999122516187
0.957098980115
0.999373710218
0.0
0.931434101638
1.0
1.0
1.0
1.0
1.0
0.989182880959
1.0
1.0
1.0
1.0
1.0
1.0
0.99260138041
1.0
0.962792981302
1.0
0.946767144279
0.943040397942
0.0
1.0
1.0
1.0
0.956338437615
0.99858378909
1.0
1.0
1.0
1.0
0.909154207644
0.967008730741
1.0
1.0
1.0
0.957958508015
1.0
1.0
1.0
0.99025105023
0.969833906451
0.975480920435
1.0
1.0
1.0
0.992756091822
1.0
1.0
1.0
1.0
1.0
1.0
0.987541192828
1.0
0.984840851946
0.710111990635
1.0
0.98865573738
1.0
0.972028208092
0.970132000626
0.988571761232
1.0
1.0
0.909913737756
1.0
0.966045229378
0.996553834277
0.847396323448
1.0
1.0
1.0
1.0
1.0
1.0
1.0
1.0
0.944216351161
0.982237103762
1.0
0.708476452118
1.0
1.0
0.0
1.0
0.884299445349
1.0
0.903668555476
0.807253907858
1.0
1.0
1.0
0.986851191442
0.979366263079
1.0
0.991553456601
1.0
0.983655936014
1.0
1.0
0.932350121244
0.987534479522
0.973380476434
1.0
1.0
0.932961234724
0.978585130814
1.0
1.0
1.0
1.0
0.971481438526
1.0
1.0
0.982864456727
0.957921342511
0.96056707791
0.981639537796
0.986084244471
1.0
1.0
1.0
1.0
1.0
0.994689373108
1.0
1.0
1.0
1.0
1.0
0.959890771002
1.0
1.0
0.978465796704
1.0
1.0
0.975283386445
0.982181736563
1.0
1.0
1.0
0.952937283371
1.0
0.994645212523
1.0
0.983853839802
1.0
0.993748916513
0.980943751346
1.0
1.0
0.976883132951
1.0
0.95164516051
0.994473978845
0.972939871063
1.0
0.966028772458
0.999785458749
1.0
0.707709056591
0.0
1.0
1.0
0.898732733391
1.0
0.998367755629
0.954062357072
0.0
0.948269294454
1.0
1.0
0.981536492968
1.0
0.0
1.0
1.0
1.0
1.0
0.971415872497
1.0
0.855096290519
0.982055712921
0.997449144521
0.987279570552
1.0
1.0
0.987205356889
1.0
0.950720704121
0.988977861852
1.0
1.0
0.908591751957
0.928169904325
0.997945698762
0.989710030304
1.0
1.0
0.0
0.927521939127
1.0
1.0
0.953803416207
0.977388975961
0.988094818464
1.0
1.0
1.0
1.0
0.711532385112
1.0
0.991583498788
0.963161049319
0.962652882373
1.0
1.0
1.0
1.0
0.95862529105
0.960487551008
1.0
0.937778393403
0.878209734323
1.0
1.0
1.0
1.0
1.0
0.998675543152
0.861485071143
1.0
1.0
0.965376635807
1.0
1.0
0.92572886013
1.0
0.974677753642
1.0
0.938890599867
0.997514747294
0.93372697325
0.0
0.985792828524
0.985209256152
0.99609966823
1.0
1.0
1.0
1.0
0.995043706163
1.0
0.988736270653
0.983846190359
1.0
0.0
0.973156490617
0.938579909299
1.0
1.0
0.95965465595
1.0
0.91628989122
0.979303835247
0.931514038557
0.9971040399
1.0
1.0
0.0
0.997251889807
1.0
1.0
1.0
0.898657588005
1.0
0.905433747402
0.988266623178
0.995485781422
1.0
0.953120247119
0.973826032893
1.0
1.0
0.98476091563
1.0
1.0
0.980922535998
1.0
0.978564648143
1.0
0.708640038521
0.973047245623
0.992035484105
1.0
1.0
1.0
0.953543369999
1.0
1.0
1.0
1.0
1.0
1.0
1.0
1.0
1.0
1.0
0.907654482941
1.0
0.990988427888
0.994782482424
1.0
1.0
1.0
0.927756629048
1.0
0.95922818483
1.0
0.94987039866
1.0
0.98042811763
0.90588134945
1.0
1.0
1.0
0.949520025493
1.0
0.968027659709
0.944250174119
1.0
0.943810843842
1.0
1.0
1.0
0.944030641107
0.917302621646
0.890306547556
0.953489046787
1.0
1.0
0.986363962959
1.0
1.0
0.97505305452
0.993751985621
0.973470762208
1.0
0.97663307137
0.998903415517
1.0
1.0
1.0
1.0
1.0
0.930950271997
1.0
0.923349625684
0.973798645014
0.99230134192
1.0
1.0
1.0
1.0
0.933277922859
1.0
0.71176225068
0.961376121701
1.0
1.0
1.0
1.0
1.0
1.0
0.959076059265
1.0
1.0
0.0
1.0
0.998790780919
1.0
1.0
0.998755004857
1.0
1.0
1.0
0.71050211219
1.0
0.0
1.0
1.0
0.973973133458
1.0
0.0
0.956037086408
1.0
1.0
0.955483785576
0.987531434544
1.0
0.0
0.959245146334
1.0
1.0
0.996797939866
1.0
1.0
1.0
0.957052395457
0.937675486829
1.0
0.987063034778
1.0
1.0
0.0
1.0
0.956120750425
0.978532777774
0.989828865245
1.0
1.0
0.953392111162
0.954042306123
0.996488318338
1.0
0.992418717775
0.926925040852
1.0
1.0
1.0
1.0
0.986021208108
0.915183165352
0.708426005237
1.0
1.0
1.0
0.956646390096
1.0
1.0
1.0
1.0
1.0
1.0
0.980569867529
1.0
1.0
1.0
0.956157928267
1.0
0.988564804227
1.0
0.962325087998
1.0
0.982459776027
1.0
0.0
1.0
1.0
1.0
1.0
0.973208803616
1.0
0.996189174239
0.872523996043
0.985242047225
1.0
1.0
0.979995479875
1.0
0.938925542312
1.0
0.966528195906
0.974970793767
0.0
1.0
1.0
0.0
0.984821246118
1.0
1.0
1.0
1.0
0.996721403984
1.0
1.0
1.0
0.965016065355
0.0
0.988854480641
1.0
1.0
0.993826289148
1.0
0.986518728169
0.716138876844
0.990912520448
1.0
1.0
0.0
0.952214560166
0.982554852412
0.992583137294
0.995518929116
0.997549635366
1.0
0.991001005178
1.0
1.0
0.915793776354
1.0
1.0
1.0
1.0
0.897433181674
1.0
0.971086383557
1.0
1.0
0.936986099517
1.0
1.0
0.708755530381
0.975663982717
1.0
0.976636037327
1.0
1.0
1.0
1.0
0.981861144807
1.0
0.997508559584
0.979636050782
1.0
1.0
0.979289396918
0.986081437691
0.984039752022
1.0
0.996002137692
1.0
1.0
0.902407710499
0.987107910274
0.0
0.977639651441
1.0
0.956760216239
1.0
1.0
0.970618833729
1.0
0.992401571737
1.0
1.0
0.959905133816
1.0
1.0
0.985561863081
0.957604134672
0.904536133859
0.966131603312
0.972212778066
1.0
0.903629359298
0.992530651557
0.946396635047
0.890175710445
1.0
1.0
0.89955147888
0.946424789594
1.0
0.906561663854
1.0
1.0
1.0
1.0
0.908243092137
1.0
1.0
0.96322285901
0.959311300822
1.0
0.877043568262
1.0
0.984738297429
1.0
1.0
1.0
1.0
1.0
0.967140741414
0.988902740513
0.708484320641
0.966332698793
0.949002638809
1.0
1.0
0.914395815261
1.0
0.964011272729
1.0
1.0
1.0
1.0
1.0
0.903966079088
1.0
0.977888781272
1.0
1.0
0.989747350369
0.953974941266
1.0
0.99666210439
1.0
0.712267115535
1.0
1.0
0.952539352919
1.0
1.0
0.91186227627
0.994790238654
1.0
1.0
0.980279013895
0.922777501026
0.974247095564
1.0
0.982628010464
1.0
1.0
1.0
0.985557388924
0.986572786533
0.989726365551
1.0
1.0
1.0
1.0
0.991570293738
0.992152608963
1.0
0.996468752298
0.708739388888
0.9982462746
1.0
0.985122186347
0.950351975222
0.944969548285
0.926956070555
0.98608625947
1.0
0.716166586588
1.0
1.0
0.986168077757
0.905747462544
0.0
1.0
0.977187697559
1.0
0.952178009388
1.0
1.0
1.0
1.0
1.0
0.0
1.0
0.986930106854
0.954612654743
0.992253747254
0.972308441787
1.0
1.0
0.708239429202
0.980790374773
1.0
1.0
0.980473809596
0.99512008118
1.0
0.999249693012
0.927023589206
0.947824935535
1.0
1.0
1.0
1.0
0.951264116762
1.0
1.0
1.0
1.0
0.947368468264
1.0
0.996430264701
1.0
0.907264021891
0.955780363418
1.0
1.0
1.0
0.0
1.0
0.70839895954
0.991592801068
0.979620733696
1.0
1.0
0.973419813511
1.0
0.984490555272
0.97459828259
0.899952540172
0.954971704907
1.0
1.0
1.0
1.0
1.0
1.0
0.925622201199
1.0
1.0
0.845453034698
1.0
0.929521332537
0.994507650999
1.0
1.0
0.970831595437
1.0
1.0
1.0
1.0
1.0
1.0
0.988259511043
0.0
1.0
1.0
1.0
1.0
1.0
1.0
1.0
1.0
0.959891004946
1.0
0.976091230509
1.0
0.995424301617
1.0
0.963146316335
1.0
1.0
1.0
0.91339338944
1.0
1.0
0.725443421045
0.978096092597
0.980399799966
0.941982200376
0.711133033135
1.0
0.989394575277
1.0
1.0
0.962875891053
0.985869371508
1.0
1.0
0.998639667502
0.960134248917
1.0
1.0
0.978272908801
0.710904195137
0.986090601912
1.0
0.975181741113
1.0
0.996884056897
1.0
1.0
0.915072159503
0.99757396462
1.0
1.0
1.0
1.0
1.0
0.974105390419
0.94272366912
0.0
1.0
1.0
1.0
1.0
1.0
1.0
0.973130661344
1.0
0.997302785203
0.99885915643
0.926673027816
0.901685790896
0.98977291353
0.993235742214
1.0
0.965335005399
0.982863298959
0.984950892932
0.709036207038
0.984901487276
1.0
0.895702593747
1.0
0.983956289894
0.932546946642
1.0
1.0
0.974419985944
0.97911558194
0.974436851958
0.904747273844
0.976842473452
0.0
1.0
0.90301663419
1.0
1.0
0.980103898638
1.0
1.0
0.954759243073
1.0
1.0
0.99843880385
1.0
1.0
0.981736902569
1.0
1.0
1.0
0.995515251769
0.978199637489
0.867367135784
1.0
1.0
1.0
1.0
1.0
0.931008066213
0.958356147775
0.955432976109
1.0
0.985717108123
0.957634472762
1.0
1.0
0.975960773697
1.0
1.0
1.0
1.0
1.0
0.962446967589
1.0
1.0
1.0
0.983996757853
1.0
1.0
0.898732538613
1.0
1.0
1.0
1.0
1.0
1.0
1.0
1.0
1.0
1.0
1.0
1.0
0.98245922543
0.990722233923
0.722047933862
0.910282535039
0.896658267151
1.0
0.90542383758
1.0
1.0
0.912860959382
0.900661176509
1.0
1.0
0.0
1.0
0.952987077541
0.99483909699
1.0
0.708235072044
0.930760967444
0.969397617352
0.976065268898
1.0
0.983344021618
1.0
0.998181866624
1.0
0.941553841711
0.993943786931
1.0
0.0
1.0
0.977141996976
0.959562660507
1.0
1.0
1.0
1.0
0.982693556723
0.990445013863
0.807796905596
1.0
0.98814203056
0.982081353771
0.938037406683
1.0
0.953613298002
1.0
1.0
1.0
1.0
0.985743688628
1.0
0.978181053851
1.0
1.0
1.0
1.0
1.0
0.961450842858
0.851110682063
1.0
0.968894134498
1.0
0.972640485511
1.0
1.0
1.0
1.0
0.966966075005
1.0
0.988802264978
1.0
0.951597604855
1.0
0.0
1.0
0.963626898668
1.0
1.0
0.947135498505
1.0
1.0
0.993938494828
0.929443938278
0.957514702626
1.0
1.0
0.994606082437
0.960306837143
0.985072995099
0.995662826906
0.0
0.940650094741
0.709530676272
0.963680430014
1.0
1.0
0.0
1.0
1.0
0.974322334514
0.974770701482
0.0
1.0
1.0
0.991100035315
1.0
1.0
1.0
0.970863808711
0.945576828665
0.943501631984
0.981232354363
1.0
1.0
1.0
1.0
1.0
1.0
0.994744194334
0.819798178127
1.0
1.0
0.976790774741
1.0
0.947967854785
1.0
1.0
1.0
1.0
0.9110686917
0.966655869946
1.0
0.965363745322
0.972497878541
0.989308981283
0.970980030726
0.982175662508
1.0
1.0
0.0
0.975371940436
0.952169024073
0.956945769977
1.0
0.989610805403
1.0
1.0
1.0
0.991305894971
0.9418595718
0.993867683792
0.982783968307
1.0
1.0
0.901125160819
1.0
1.0
1.0
1.0
1.0
1.0
1.0
1.0
0.0
1.0
1.0
1.0
0.978730432626
1.0
0.0
1.0
0.995001424541
1.0
1.0
0.887839338062
0.994724631218
1.0
1.0
0.956711726032
0.983130464739
0.983920254187
1.0
1.0
1.0
0.0
1.0
1.0
1.0
0.989683103007
0.981080677587
0.948019686509
0.942540251901
1.0
0.937017372348
1.0
1.0
1.0
1.0
1.0
0.963197700386
0.983478926894
0.89752820254
0.942498164561
1.0
1.0
0.998954651648
0.95227633344
0.992660272744
1.0
1.0
0.964091843675
1.0
1.0
0.936272019962
0.0
0.986485493096
1.0
0.946255206774
1.0
1.0
1.0
1.0
0.862566206257
1.0
1.0
0.971605253592
0.999209923154
1.0
1.0
0.901596062588
0.895050395964
0.951867411356
1.0
0.994903447695
0.991281775977
0.707999056788
1.0
1.0
1.0
1.0
1.0
1.0
1.0
1.0
1.0
1.0
1.0
0.985045670811
0.960599728648
1.0
0.975652596389
0.953769562969
1.0
0.994376214336
0.95779132552
1.0
0.70833886895
0.933134812706
1.0
0.963515417115
1.0
1.0
0.947475501194
1.0
1.0
0.935137198545
1.0
1.0
0.708107120429
0.970806923713
0.956459282268
1.0
1.0
1.0
1.0
0.980112101108
0.967854768663
0.0
1.0
0.0
1.0
1.0
0.978962005653
1.0
0.970226052134
0.989680610073
1.0
1.0
1.0
1.0
1.0
0.930209311053
1.0
1.0
0.956601330684
0.961311790961
0.966295311612
0.709546363856
1.0
0.919151385706
0.998751504589
0.958145654616
0.987030460743
1.0
0.0
1.0
1.0
1.0
0.979223095597
0.984430336624
1.0
0.97182923911
1.0
1.0
0.984061548671
1.0
1.0
1.0
1.0
1.0
1.0
0.979579078232
1.0
1.0
1.0
0.709619066477
1.0
1.0
1.0
0.934927017321
1.0
1.0
0.962679860835
0.965988820914
0.979670561413
0.999245468155
1.0
0.927746220099
0.994407777129
1.0
1.0
0.937113309145
1.0
1.0
1.0
1.0
0.996160544865
0.908251320363
0.987749019494
1.0
1.0
1.0
0.940691262664
1.0
0.711980132795
0.996740574117
1.0
0.0
0.992540627579
1.0
1.0
1.0
1.0
1.0
0.0
1.0
0.955862510062
1.0
1.0
1.0
1.0
1.0
1.0
0.897187402694
0.715926085712
0.986516781337
1.0
1.0
0.0
1.0
1.0
0.896556897341
1.0
0.873425569072
1.0
0.925676767542
1.0
0.980389928108
1.0
1.0
0.988547646301
1.0
1.0
1.0
0.949859563264
0.963318849581
1.0
0.992140422954
0.977815785608
1.0
0.709929906283
1.0
1.0
0.954490226376
0.832694227027
1.0
1.0
0.991612203246
1.0
0.983762984143
0.951249810184
0.0
1.0
0.708188042622
0.988247332955
1.0
0.938433405746
0.945862406622
1.0
1.0
1.0
1.0
0.984158572261
0.887514573668
0.0
0.0
0.983126077438
1.0
0.708627523599
0.994924965292
0.958610511867
0.964494065723
1.0
1.0
0.0
1.0
0.915127802761
1.0
0.990065635047
1.0
0.978223155104
1.0
1.0
0.961077385047
1.0
0.734170568648
1.0
1.0
0.994303878662
1.0
1.0
1.0
1.0
1.0
0.994652544407
1.0
1.0
0.96198319728
1.0
0.989005687643
1.0
1.0
0.982509230729
1.0
1.0
1.0
1.0
1.0
0.950322033341
0.983301786792
0.970414101235
1.0
1.0
1.0
1.0
0.987002430771
0.708435283479
0.998344294478
1.0
0.993083239716
1.0
1.0
0.991020097771
1.0
0.955220634208
0.94929517605
1.0
0.942738812837
0.971797402442
1.0
0.986697367326
0.977008243032
1.0
0.983135360547
0.995060875032
0.958456330243
1.0
1.0
1.0
0.9781739569
0.0
0.971483197452
0.901233321027
0.951901490315
0.899652858793
0.0
0.995788385287
1.0
1.0
1.0
0.915215477325
1.0
1.0
1.0
0.992872877518
1.0
0.985155664093
1.0
1.0
1.0
1.0
0.916613756679
0.976653029091
0.886115087616
1.0
0.97910734756
0.899087141535
0.992459149159
0.874321016199
0.946529514126
1.0
1.0
0.99684082213
0.953482895877
1.0
1.0
1.0
0.934254615022
0.961178683357
0.930940401427
0.947699207268
0.987852471515
1.0
0.904402165171
1.0
1.0
1.0
0.9627991724
0.993987808397
1.0
1.0
1.0
1.0
0.89658958556
0.0
0.978328872577
0.983322380367
1.0
0.971799173554
1.0
1.0
1.0
1.0
1.0
0.992149806345
1.0
0.948397113131
1.0
0.955728627062
0.971512870102
1.0
1.0
0.911433526086
0.988104720834
1.0
1.0
0.989421473772
1.0
1.0
0.960254860108
0.951308075872
1.0
1.0
1.0
1.0
0.990113333875
0.96984472184
1.0
0.975059716312
1.0
1.0
0.969911149577
0.708376248658
1.0
0.984550204615
0.970602293174
1.0
1.0
0.0
1.0
1.0
0.994801252066
0.902635419608
1.0
1.0
0.89784086601
1.0
1.0
1.0
0.937522537818
0.973149499891
0.992285160635
1.0
0.989410773269
1.0
1.0
1.0
0.961702347611
1.0
1.0
0.971587869647
1.0
0.904800483975
1.0
1.0
1.0
0.904113851116
1.0
0.96818673006
0.981075173041
1.0
0.863897657733
0.84992696616
1.0
1.0
1.0
1.0
0.994608557556
1.0
0.976189264817
0.990159441246
1.0
0.992160659834
0.0
1.0
1.0
0.0
0.954444092576
1.0
0.71182186207
0.980468679379
0.991267994858
0.959285969922
0.998316089279
1.0
1.0
1.0
0.998842301292
0.71105220899
1.0
1.0
1.0
1.0
1.0
1.0
1.0
1.0
1.0
0.967667909564
0.984655311194
0.980724496216
0.935719089042
1.0
0.94649256176
1.0
1.0
1.0
1.0
1.0
1.0
1.0
0.99407444561
1.0
1.0
0.721851192406
0.958780621189
1.0
0.985358924575
1.0
0.0
0.0
0.990840226296
1.0
0.914251835023
1.0
0.91888102627
1.0
0.0
0.920129300363
0.991091266309
1.0
1.0
0.985177161915
1.0
0.901570829475
0.970240643733
1.0
1.0
1.0
0.925934858524
1.0
0.986223048951
1.0
0.960881854778
1.0
1.0
1.0
0.983124036132
0.919702631917
1.0
1.0
1.0
0.96401835145
0.947829100207
1.0
1.0
1.0
0.972912810715
0.97922543577
1.0
1.0
1.0
0.709205026867
0.936055446231
0.937352157834
1.0
1.0
1.0
1.0
0.881678117637
0.982302178402
0.956486390101
0.903550341215
1.0
0.997693076706
0.0
1.0
1.0
1.0
0.854523530879
1.0
0.903639614551
0.975811002303
1.0
1.0
0.999157122966
0.998520567082
1.0
1.0
0.955751223459
0.98884115157
0.969205449698
1.0
1.0
1.0
0.996125163929
1.0
1.0
1.0
0.997457064081
1.0
0.969542251507
1.0
1.0
1.0
1.0
1.0
1.0
0.974025080461
1.0
0.937201076569
0.993273632851
1.0
0.989432468137
1.0
1.0
1.0
1.0
1.0
1.0
0.94094052384
0.942288037319
0.943594958401
1.0
0.948245013947
0.941786390393
0.888068747015
0.899874037269
1.0
0.9682804416
1.0
0.968051256223
0.943830431963
1.0
0.934298962991
1.0
0.980230753408
1.0
1.0
1.0
0.987558174173
0.940655896492
1.0
1.0
0.0
1.0
1.0
1.0
0.987051276789
1.0
0.903194156211
0.869591716258
0.93521921129
1.0
0.997094721787
1.0
1.0
1.0
1.0
1.0
1.0
1.0
0.714130025081
0.997799200642
1.0
0.900329682773
1.0
0.962280310256
0.949024882183
1.0
0.980105520416
1.0
0.918054406733
0.707353583798
1.0
1.0
1.0
0.961349152376
1.0
1.0
1.0
1.0
0.89869492162
0.989084391525
1.0
1.0
1.0
1.0
1.0
0.997148468183
1.0
0.959240473312
1.0
1.0
0.708375353461
1.0
0.960027317922
1.0
1.0
0.0
1.0
1.0
0.896829803014
1.0
1.0
1.0
1.0
0.952446035112
0.97680303266
1.0
1.0
0.995464528271
1.0
1.0
1.0
0.937265457355
0.984045146341
1.0
0.977683874724
0.92728398123
0.976772618532
0.917588417968
0.903651613116
1.0
1.0
1.0
0.997833491364
1.0
1.0
1.0
0.93288748453
1.0
0.994983854958
0.983341792624
0.93990293401
0.991820708809
1.0
1.0
1.0
0.900537246832
0.95465881451
1.0
0.987785934988
1.0
0.971453692992
0.981422179225
1.0
0.70945804596
1.0
0.977876029188
1.0
1.0
1.0
1.0
0.969993225873
1.0
1.0
0.90492629433
1.0
1.0
1.0
1.0
0.991192767482
1.0
0.899974886799
0.958623947493
1.0
0.897861391279
0.992256460693
0.944734022999
0.996400124594
1.0
1.0
1.0
1.0
1.0
0.0
1.0
1.0
0.963466118819
1.0
0.980119975635
1.0
0.999058609676
1.0
0.974220028003
1.0
1.0
1.0
1.0
1.0
0.994899466763
0.977790493978
1.0
1.0
1.0
1.0
0.0
0.713585400449
0.981217867047
1.0
1.0
1.0
1.0
0.0
1.0
1.0
0.979894077202
0.99517421619
1.0
0.97374791778
1.0
1.0
0.983721927894
1.0
1.0
0.915124791982
0.974706445176
1.0
1.0
0.992182727805
1.0
1.0
0.964900848348
1.0
0.982161723806
0.988258580672
0.9871030156
1.0
0.710521834316
1.0
1.0
0.985264209672
0.866737194724
1.0
1.0
1.0
0.0
1.0
1.0
1.0
0.0
1.0
0.973315533017
1.0
0.980999633114
1.0
0.965436586945
1.0
0.948245536907
0.904446378312
1.0
1.0
0.0
0.985161479858
0.994885518771
1.0
0.0
1.0
1.0
1.0
1.0
0.992834764963
1.0
0.957488249222
0.999566361806
0.974627846393
1.0
1.0
0.0
1.0
1.0
1.0
0.987129436633
1.0
1.0
0.998571911836
1.0
1.0
0.993366884541
0.904786428797
0.941142098364
0.905861509625
0.992407403047
0.953789488063
1.0
1.0
0.974651367097
1.0
1.0
0.0
0.877565749696
0.962583616541
0.708736437665
0.0
1.0
0.980961110896
0.0
0.888673545763
0.995200171864
0.944850372303
1.0
0.976704527498
0.896282053264
0.719685974034
0.986733020644
1.0
0.0
0.989555071492
0.709354338122
0.969024447152
1.0
0.990790936612
1.0
1.0
0.938288119838
1.0
1.0
0.979735715054
1.0
0.982346998887
0.708955457015
0.990448989464
1.0
0.967675677857
1.0
0.951420723792
1.0
0.973029175116
0.931069214385
1.0
1.0
0.710140037975
0.981396370206
1.0
0.967735524997
1.0
0.96927165965
1.0
0.973429345648
1.0
0.942339388458
1.0
0.917045440725
0.959702860448
1.0
0.958095019005
0.707451139666
0.965858469728
1.0
1.0
0.987599936106
1.0
0.713290331959
1.0
1.0
0.994063940289
1.0
0.709754303983
0.914397088371
0.957203085888
0.975606334923
0.920009060752
1.0
1.0
1.0
0.983553619803
1.0
1.0
0.944676830369
0.948765405509
0.884079005333
1.0
1.0
0.975187497153
0.977100365042
0.976351160801
1.0
0.968595912683
1.0
1.0
1.0
0.898905420245
0.950549648398
1.0
0.95186450799
1.0
0.708663840068
0.964880515707
1.0
0.992695556621
0.708050141236
1.0
1.0
0.998265643406
1.0
1.0
1.0
1.0
0.709470330577
1.0
0.971834699138
0.986914326942
0.946831292038
0.991922092092
0.710824152693
0.984917048561
1.0
0.960217463398
0.977893056921
0.953532248757
0.957569702831
1.0
1.0
0.995803271048
0.961672405514
1.0
1.0
0.984009389671
0.954569896774
1.0
1.0
0.939104368007
0.954252633546
0.937191665773
0.974392589583
0.899132861601
1.0
0.939794048938
0.970502209412
0.99627978838
0.837272685147
1.0
1.0
0.965171531279
1.0
1.0
1.0
0.0
0.724529422897
0.874239297447
1.0
0.917275132443
0.984601276539
1.0
1.0
0.899201629189
0.971111350922
0.994359669096
1.0
0.897797372017
0.922875023006
1.0
1.0
1.0
1.0
0.950920636607
1.0
0.926824192857
1.0
0.989977703241
1.0
1.0
0.901589800692
1.0
1.0
1.0
1.0
1.0
1.0
0.0
1.0
1.0
1.0
0.976198947516
1.0
0.718192546559
0.900393833935
1.0
0.991354264636
1.0
0.909427902911
1.0
0.953801389429
0.964477472321
0.965212352549
1.0
1.0
1.0
0.953844196483
1.0
0.982827731731
1.0
1.0
1.0
1.0
1.0
0.896500888172
0.985109705414
1.0
1.0
1.0
1.0
0.95232979702
1.0
0.964065535756
1.0
0.999213036132
0.967202034209
1.0
0.985704480615
1.0
0.980187161646
0.978246115073
1.0
0.972781459173
1.0
0.99280910482
0.996961373778
1.0
0.993046530581
0.971950596209
0.986202590208
1.0
0.98725185532
1.0
0.711203590053
1.0
0.955533156815
1.0
0.957851075287
0.964717411388
1.0
1.0
1.0
0.899696882135
0.928151454349
1.0
0.991563384101
0.976226354051
1.0
1.0
1.0
1.0
0.0
1.0
0.99221950787
0.899156705827
0.996770959997
0.952957296801
1.0
0.933416221634
0.98284965761
1.0
0.955898609449
0.0
0.97563614765
1.0
1.0
0.709196330575
1.0
1.0
0.977456639861
1.0
0.968417589093
1.0
1.0
1.0
1.0
0.971712270246
0.709161636911
1.0
0.987255003753
0.974555917059
1.0
1.0
1.0
1.0
0.964019590471
1.0
0.96008413045
1.0
1.0
0.973821207085
0.93236300068
1.0
1.0
1.0
1.0
0.969587286637
0.898752307606
0.90527296663
1.0
0.997352691782
1.0
1.0
0.985330054501
0.707936955749
0.896840329928
0.976997343969
1.0
0.99100453933
1.0
1.0
1.0
0.970293741202
1.0
1.0
1.0
1.0
1.0
1.0
1.0
0.990298558131
0.960877311934
0.709344548004
0.996422374228
0.998725108934
0.942799470863
1.0
1.0
1.0
0.972506669872
0.0
0.941158325101
0.981840313127
1.0
1.0
1.0
1.0
0.901585688439
1.0
1.0
1.0
1.0
0.941655767259
1.0
1.0
1.0
0.996266008691
1.0
0.872643185525
1.0
0.710365224567
1.0
0.934621494952
0.951947715907
1.0
0.955616548648
1.0
1.0
0.975560658244
0.991298837085
1.0
1.0
0.707849569678
1.0
0.992214882893
1.0
1.0
0.90006788661
0.993466929141
0.707830558911
0.973958270367
0.95041835739
1.0
0.899340521858
1.0
0.938797532789
1.0
1.0
0.981832508022
1.0
0.955024346191
0.982562657273
1.0
1.0
1.0
1.0
1.0
1.0
1.0
1.0
1.0
1.0
1.0
1.0
0.983124415714
1.0
0.993572681605
0.98532170745
1.0
0.955405830931
1.0
0.996607885675
1.0
1.0
0.873524775431
0.0
1.0
0.96952507547
1.0
1.0
0.953089527272
0.934771677584
1.0
1.0
1.0
1.0
0.989910943138
1.0
0.0
0.99833483521
0.995362544146
1.0
0.980027909581
0.93090787817
1.0
0.996383287122
0.923741488973
0.860281020542
1.0
1.0
1.0
1.0
0.914338151296
0.986034289116
1.0
0.994861074152
1.0
0.961858913168
1.0
0.0
0.70876217212
0.951936262497
1.0
1.0
1.0
0.988609729024
1.0
0.841783317386
1.0
1.0
1.0
1.0
1.0
0.860368451552
0.998000754643
1.0
1.0
0.984420376521
1.0
1.0
0.994364001275
1.0
1.0
1.0
1.0
0.707530845246
1.0
0.957884035989
0.978598266965
0.0
0.898886811716
0.968342064569
0.990374180152
0.930851655624
0.976779811433
0.918769567901
0.993271080846
1.0
0.984082679445
0.9668364848
0.983154718359
0.989442360776
1.0
0.958235189853
1.0
0.981926225779
1.0
0.923049501957
0.981620294163
1.0
1.0
1.0
0.990313739256
0.953537436107
0.991678511136
1.0
0.926501256156
0.936066171639
1.0
0.928553085636
1.0
0.880387889027
1.0
0.994668198855
0.942732352638
0.970380961699
0.975942195569
0.975918154342
0.952126877312
1.0
1.0
1.0
0.96742102904
0.679950438367
1.0
1.0
0.962823943224
0.0
0.969754591871
1.0
1.0
0.0
0.89389390336
0.942596851622
1.0
0.993908491437
1.0
1.0
0.994415220629
0.961734799683
1.0
1.0
1.0
1.0
1.0
1.0
1.0
0.957424977172
1.0
0.996543917813
0.96398561781
1.0
1.0
1.0
1.0
1.0
0.989853529762
0.925588704135
0.986406567097
1.0
1.0
1.0
1.0
0.926950856504
0.975211111838
1.0
1.0
1.0
0.918914494904
1.0
1.0
1.0
1.0
1.0
0.979227708846
1.0
0.959963950422
0.955941809674
1.0
1.0
0.973007476749
0.951673221918
1.0
0.958990810853
0.0
1.0
1.0
1.0
1.0
0.981953405794
0.975556972247
0.999590495401
0.899184886897
1.0
0.896613209743
0.957826701492
0.99139160786
1.0
0.982350237695
0.976851629738
1.0
1.0
0.710539308165
1.0
0.961220495052
0.98180837615
1.0
1.0
1.0
1.0
0.988397538786
0.968694966936
0.973333988498
1.0
0.978446745436
1.0
0.947190734048
1.0
1.0
1.0
0.94761213244
1.0
0.924392621741
1.0
1.0
1.0
1.0
1.0
0.953139673356
1.0
1.0
1.0
0.928599831603
0.981700968404
0.942362153939
1.0
1.0
1.0
1.0
0.945830170794
0.942239909327
0.985954409869
1.0
1.0
1.0
1.0
0.989763128319
1.0
1.0
0.976737618438
1.0
0.896887996202
0.996888519833
0.0
0.953851651417
1.0
0.972804918799
0.951679591755
1.0
1.0
0.949687077745
0.981817565804
1.0
1.0
0.988797274452
0.952575584807
0.0
0.94540540378
0.709467474988
1.0
0.896178569708
0.981140992165
1.0
0.994176472118
1.0
0.985332155057
1.0
1.0
1.0
0.995163991351
1.0
0.934969062678
0.953885361624
0.98910651048
0.998322034312
1.0
1.0
1.0
0.978846049055
1.0
1.0
1.0
1.0
0.0
0.97498194042
1.0
1.0
1.0
0.984681779883
0.70886887958
1.0
1.0
1.0
0.978690316874
0.935811613423
1.0
1.0
0.966402818804
0.986634409558
0.989831544294
0.99651312996
1.0
0.947516264075
0.95655804731
0.707751914313
1.0
0.990419663166
1.0
1.0
0.957532149534
0.958862462734
1.0
1.0
1.0
1.0
0.889165574803
1.0
1.0
1.0
0.99579931956
1.0
1.0
1.0
1.0
1.0
1.0
0.982198809256
1.0
0.947058170462
1.0
1.0
1.0
0.932568582211
1.0
0.980897042612
0.0
0.717564996825
1.0
0.950266567547
0.98436703064
0.981368217282
0.7092550349
1.0
1.0
0.935056555635
0.971919540041
1.0
1.0
0.0
0.950161465563
0.961392402639
1.0
0.916927921876
1.0
1.0
1.0
1.0
1.0
1.0
0.967413887202
1.0
0.980666954212
1.0
1.0
1.0
1.0
0.999052350494
1.0
1.0
0.710568462398
1.0
1.0
0.911537243543
0.963670548127
1.0
1.0
1.0
1.0
0.985519314747
0.99534052359
0.898079201482
1.0
0.967018821485
0.977647936742
0.0
0.943488474279
1.0
0.944283053655
0.929855629523
1.0
0.971003206348
0.962467167655
0.998487258258
0.909750088041
0.903594033883
1.0
1.0
0.995669565193
1.0
0.95112435176
1.0
1.0
0.992502332587
0.984468130556
1.0
0.93724792087
0.98344839075
0.71116807605
0.99263382795
1.0
0.985626985687
1.0
0.990344040035
1.0
1.0
0.985588880049
1.0
1.0
0.993694970314
1.0
1.0
1.0
1.0
0.902546135706
0.973598817185
0.857407837665
1.0
1.0
0.916653039905
0.708008397741
1.0
1.0
1.0
1.0
1.0
0.711230215528
1.0
0.902995801679
1.0
0.983271127384
0.984200691986
1.0
0.707861085073
0.982975560627
0.907032671735
0.96858783312
1.0
1.0
1.0
0.973055819631
0.967957078746
0.973173504805
1.0
1.0
0.992759238406
1.0
1.0
0.996456628561
0.0
1.0
1.0
0.942411101998
1.0
0.708859002024
0.963902433062
1.0
1.0
1.0
0.973008147914
0.950631814783
1.0
0.96718256013
1.0
1.0
1.0
1.0
0.71361107567
0.0
1.0
1.0
0.986758343016
1.0
0.951538757063
0.729541935698
0.0
0.0
0.986389143589
1.0
1.0
0.954816641733
0.723673330631
0.975753611162
1.0
1.0
0.900964740747
1.0
0.984929460257
1.0
1.0
1.0
0.98526260291
1.0
0.961787877443
0.896154415297
1.0
0.998638154932
0.991372664766
0.987617722089
1.0
1.0
0.997068936305
1.0
0.97026913736
0.9874123865
1.0
0.992212452824
1.0
1.0
1.0
1.0
1.0
0.708744611385
1.0
1.0
1.0
0.928320913851
0.89775371604
0.708980973516
0.926463963226
1.0
1.0
1.0
1.0
0.978332960924
0.998356288737
1.0
1.0
0.0
1.0
1.0
1.0
0.99778044778
1.0
0.981969272824
1.0
1.0
0.988267099425
1.0
1.0
1.0
1.0
0.978579858175
0.997976295423
1.0
1.0
1.0
1.0
1.0
0.943756413165
0.982760847928
1.0
1.0
0.964195648063
0.918538640846
1.0
1.0
1.0
0.995394548414
0.8948423989
1.0
0.906009029897
1.0
0.0
0.0
0.899947738085
0.95006628166
1.0
0.99795418308
0.0
1.0
0.992646960658
0.935265860321
0.957023990684
1.0
1.0
1.0
1.0
1.0
0.983197721042
1.0
1.0
1.0
0.957447140673
1.0
1.0
1.0
0.708919824428
1.0
1.0
0.997157167465
1.0
1.0
0.0
0.988574057242
0.976314471316
1.0
0.961039114945
0.989395648695
1.0
0.98379908587
1.0
1.0
0.897138947287
1.0
0.992080247882
0.974309634514
0.983057513064
1.0
0.956976902369
1.0
1.0
0.975658173223
1.0
1.0
1.0
1.0
1.0
1.0
0.975615771894
0.997321194986
0.914993325871
0.670071103172
1.0
1.0
1.0
0.97221805696
1.0
0.989850733033
1.0
0.957491485381
1.0
0.887852797649
0.997445051233
0.992538112279
0.935195221222
1.0
0.913639996633
1.0
1.0
0.968332545676
0.966390035295
1.0
1.0
1.0
1.0
1.0
1.0
1.0
1.0
1.0
1.0
1.0
1.0
0.985091956131
0.960396119443
1.0
1.0
1.0
0.988857860312
0.0
0.992111085022
1.0
0.941969936075
1.0
0.969164377183
1.0
0.962122909072
1.0
0.953020836381
0.0
0.896986232168
1.0
1.0
1.0
0.924178761932
0.956295595185
1.0
1.0
1.0
0.971362356078
0.0
1.0
0.962467275068
1.0
0.967430590939
1.0
1.0
1.0
1.0
1.0
0.976433194892
0.94803878038
1.0
1.0
0.981881126581
1.0
1.0
1.0
0.942407537668
1.0
1.0
1.0
1.0
0.982176124757
1.0
1.0
0.986025980763
1.0
1.0
0.974915960941
0.0
1.0
1.0
1.0
0.99341860689
0.989192090769
1.0
0.980948047323
1.0
1.0
0.969608114274
0.922329747307
0.709275726559
0.0
1.0
0.900984680374
1.0
1.0
0.984573858251
1.0
0.948646797948
1.0
1.0
0.0
0.967463353316
1.0
1.0
0.93612183035
1.0
0.965831255731
1.0
0.912232604301
0.992263590939
1.0
1.0
1.0
1.0
1.0
0.99973914743
1.0
1.0
1.0
1.0
0.989643548502
0.996813815716
1.0
1.0
0.981013544741
1.0
1.0
1.0
1.0
0.941933151384
0.94343337944
0.967402359798
1.0
1.0
1.0
0.983983842762
1.0
1.0
0.999117292428
1.0
0.994073358012
1.0
1.0
1.0
1.0
1.0
1.0
0.90347417424
1.0
1.0
1.0
1.0
1.0
1.0
1.0
1.0
1.0
1.0
0.991823578268
1.0
1.0
1.0
1.0
0.973707665145
0.971784164581
1.0
0.981386093564
0.958036277062
0.953156297844
0.934605929293
0.974751032078
1.0
1.0
0.993909816523
0.964757481855
1.0
1.0
0.902125445143
0.952523996161
0.995722791332
1.0
1.0
0.942618901788
1.0
1.0
1.0
0.987409746884
0.985908151005
0.958537254847
1.0
1.0
1.0
0.989417660428
0.89841843615
1.0
1.0
0.976995894083
1.0
0.0
1.0
0.987047280744
1.0
1.0
0.709261809158
0.927317619874
1.0
0.942470138359
1.0
1.0
1.0
0.998772827057
0.990181265399
1.0
0.853996346549
1.0
1.0
0.94793787687
1.0
1.0
1.0
1.0
1.0
1.0
1.0
1.0
1.0
0.998563213554
0.875740917458
1.0
1.0
1.0
1.0
0.975318290852
0.986981281543
1.0
0.943447872706
1.0
1.0
0.995547243331
1.0
1.0
0.0
0.908820161976
0.994782552018
0.943514272994
0.997926242995
1.0
1.0
0.992740421706
0.709412705106
1.0
1.0
0.980295644739
0.996788717047
1.0
0.983572196727
1.0
1.0
1.0
1.0
0.982563519725
0.969938386207
1.0
1.0
0.95887389503
0.94888150973
1.0
1.0
0.98608871454
1.0
1.0
0.992458286249
1.0
0.895153420635
0.709849391972
1.0
0.988620453895
0.979960127055
1.0
1.0
1.0
0.965816740185
0.999065086379
0.960237657302
1.0
0.92828712097
1.0
1.0
0.949041674239
0.923365343669
0.891643641619
0.947005614672
1.0
0.989185018949
1.0
0.996052985174
0.961450483411
1.0
0.915394050339
1.0
0.0
0.95657752436
1.0
0.941501363262
0.980569412096
1.0
0.950689226379
0.953339413553
1.0
1.0
0.937468414693
0.961131207326
1.0
1.0
1.0
0.950479139789
1.0
1.0
0.959815371311
1.0
1.0
0.955535985738
0.997768483805
1.0
1.0
1.0
0.978320556363
1.0
1.0
0.984057869118
0.980482453442
1.0
0.989984987237
0.998740348171
1.0
1.0
0.0
1.0
0.987536161818
0.930142975067
0.979905253131
1.0
0.985659947729
1.0
0.980534660945
0.984216419298
1.0
1.0
0.709706917307
0.708054577983
1.0
0.98593972199
1.0
1.0
1.0
1.0
0.71501587871
0.985332237119
0.954128172323
0.91123904334
1.0
0.986525218839
1.0
0.999705657126
0.991177421168
1.0
1.0
1.0
1.0
1.0
1.0
1.0
0.900584173767
1.0
0.70826392399
1.0
0.995737186269
0.961205002145
1.0
0.936444096989
1.0
1.0
0.970850245297
0.882396804736
0.957549940764
0.959669883996
1.0
1.0
0.980030554616
0.908005683066
1.0
1.0
0.9928249861
0.0
1.0
0.707616907711
0.954603927894
1.0
0.98451017802
0.948273570236
0.931477233833
1.0
1.0
1.0
1.0
1.0
1.0
1.0
1.0
1.0
1.0
0.988484155132
1.0
0.98664391319
0.96032769449
0.969625723519
0.998130238946
0.994436478626
0.99183633102
1.0
1.0
1.0
0.90351979414
0.985292835208
0.97004829848
0.976188235801
0.967983679142
1.0
1.0
1.0
1.0
1.0
1.0
0.708316946518
1.0
0.957102715916
0.97273979319
0.975035483987
1.0
1.0
0.975626880386
0.957422882736
1.0
0.993714048664
0.981702748245
1.0
0.993489405117
0.999683336901
1.0
1.0
1.0
1.0
1.0
0.898920909964
1.0
0.98280793634
0.90230267882
1.0
0.937228693652
1.0
0.982264354885
0.956955191444
1.0
0.707947201187
1.0
0.937846880797
1.0
1.0
0.816661447677
0.977081776733
1.0
0.972283410686
1.0
1.0
0.708588082476
0.933428564062
0.722396278097
0.973706172719
1.0
0.996210270043
0.986756792418
1.0
1.0
1.0
1.0
1.0
0.938724423483
1.0
0.975772706508
0.973561223303
0.920841516807
1.0
1.0
1.0
1.0
1.0
0.929636696061
1.0
0.982915036351
1.0
1.0
0.99292667035
0.995198803047
1.0
0.901092107025
1.0
0.977334109474
1.0
0.994867251681
1.0
1.0
1.0
0.994413283815
1.0
1.0
1.0
0.976566918384
1.0
1.0
0.987684947673
1.0
1.0
0.0
0.999562099054
1.0
1.0
0.987046281114
1.0
0.989876083635
0.968261846452
1.0
0.981714108081
1.0
1.0
0.952105084406
1.0
0.981522885042
1.0
1.0
1.0
0.987102803808
1.0
1.0
1.0
1.0
0.0
1.0
1.0
0.924680364119
1.0
1.0
1.0
0.981591843395
1.0
0.946283810893
0.90766494325
0.997435122247
0.98221350714
1.0
1.0
0.932047378282
1.0
0.998568855889
0.967360387027
0.983364767492
1.0
0.994430418429
1.0
1.0
0.902163975498
1.0
1.0
0.96845974452
1.0
1.0
1.0
1.0
0.992954353881
0.0
1.0
1.0
0.0
1.0
1.0
1.0
1.0
1.0
0.964260643846
1.0
0.985615252799
0.990254275938
0.967431277434
0.992662936553
1.0
0.884733552992
0.957165610213
0.972633837968
0.994316225604
0.984426194709
1.0
1.0
0.97011346708
0.973508376143
1.0
1.0
0.944191761935
0.995378300215
1.0
1.0
1.0
0.975202197481
1.0
1.0
0.991040944859
0.995466418465
0.953491986543
1.0
1.0
0.926336560186
1.0
1.0
0.906963116481
0.992256350625
0.958328408295
1.0
1.0
0.969664428509
1.0
1.0
0.98318257466
0.942321165565
0.977428542223
1.0
0.995729850924
0.95549958345
0.978695985651
0.996101490595
0.967158176742
1.0
1.0
1.0
1.0
0.958121639055
0.983723724757
1.0
1.0
1.0
1.0
1.0
1.0
0.980738221877
1.0
0.982767959661
0.992093336726
0.985311389039
0.989065135677
1.0
1.0
1.0
1.0
0.959706806332
0.994348864986
1.0
1.0
0.999054185419
1.0
1.0
1.0
0.711612849263
0.970910714282
0.896377690798
1.0
0.973280497634
0.0
1.0
1.0
0.708459829828
1.0
1.0
1.0
0.708336433794
0.981077311633
1.0
1.0
1.0
0.990105579806
0.0
0.993135823521
1.0
0.980650681262
1.0
1.0
1.0
0.956100196278
1.0
1.0
1.0
0.97814998027
0.993309730627
0.988443045532
1.0
1.0
0.962957859791
1.0
1.0
1.0
0.716838063926
0.986110104751
1.0
1.0
0.995591606379
0.987834616316
0.965142492884
0.954527040012
0.788868206821
1.0
1.0
1.0
1.0
0.97870021675
0.992190092273
1.0
0.707571627895
1.0
1.0
1.0
0.708932463485
0.975343444053
0.898356859093
0.896086940832
1.0
1.0
1.0
1.0
1.0
1.0
0.837652189706
0.988433101124
1.0
0.965045192963
0.978123074315
1.0
1.0
1.0
1.0
1.0
0.98316624078
0.932536705556
0.983163089229
1.0
1.0
1.0
1.0
0.981086216489
0.981887713179
0.94909696887
0.962113043742
1.0
1.0
1.0
0.982696798411
0.952502216096
1.0
1.0
1.0
0.996703823759
0.994482410021
1.0
0.0
1.0
1.0
0.97632527096
0.983394196551
0.972669448093
0.914652470434
1.0
0.915995784793
0.789115023998
1.0
0.977097678977
1.0
0.900576539459
1.0
1.0
0.995118319308
1.0
1.0
0.998978941733
0.0
0.954940279965
0.98317841159
1.0
0.986916202509
0.973982558221
0.979270593325
0.975083778345
0.929569913105
1.0
0.943710115048
0.970788794062
0.943072581292
1.0
1.0
1.0
0.971127916146
1.0
1.0
1.0
1.0
1.0
0.968207535782
1.0
0.966943089009
0.974218671209
1.0
0.996970587712
0.992471009825
1.0
0.947791354394
0.710671069579
0.958098536508
0.979633370338
0.993178966011
1.0
0.918703496573
0.97037627426
1.0
0.988715174357
0.954608247942
1.0
1.0
0.958045453327
0.981287200658
1.0
0.964481979461
0.958665746941
1.0
0.988973819323
0.952409078587
1.0
1.0
1.0
1.0
0.711315181147
1.0
0.997863512299
0.938314883742
0.933799657324
0.958436527747
1.0
1.0
0.998923276409
1.0
0.987400871757
1.0
0.995110853079
1.0
1.0
0.973231524611
0.988650801466
0.995386855236
0.986100770316
0.996501091624
0.893623344591
1.0
1.0
1.0
0.942619713731
0.995334722587
1.0
1.0
1.0
0.977453019049
1.0
1.0
0.978374913157
0.913115294032
0.900326284631
1.0
1.0
1.0
0.999146306403
1.0
0.907328220756
0.708515604865
0.976493901764
0.923496494652
1.0
0.998616322536
0.994587465988
1.0
0.933004354555
1.0
0.948333363002
0.996287190101
0.709381172088
1.0
1.0
1.0
1.0
1.0
1.0
1.0
0.995593346789
1.0
0.94556159377
0.986437849859
1.0
0.791693780092
0.955192693622
1.0
1.0
1.0
1.0
0.982734786021
0.708132517448
0.0
1.0
1.0
0.904895936795
0.987351954069
0.992842103329
1.0
1.0
1.0
0.961817869678
0.981390569147
0.974656778011
1.0
0.974649347105
1.0
0.926541388473
0.991894594502
1.0
0.0
1.0
1.0
0.988025602424
1.0
1.0
0.96917374583
1.0
0.941749758606
1.0
1.0
0.887932180286
0.957031815211
0.955768155659
1.0
1.0
1.0
0.972766224207
1.0
1.0
1.0
1.0
0.969801199769
1.0
1.0
0.97510783853
1.0
0.987449328856
1.0
1.0
0.947544468467
0.964380657778
0.982548437924
0.724899920893
0.997597422645
0.0
0.966228853218
1.0
0.970484894583
0.99970967937
0.993669487657
0.0
1.0
1.0
1.0
1.0
0.955214163703
0.949192717005
1.0
0.910721133184
1.0
1.0
1.0
1.0
1.0
1.0
1.0
0.968893100837
1.0
0.952794353747
1.0
1.0
0.976963347115
1.0
1.0
0.986759869791
1.0
1.0
0.965217965743
0.978505606869
1.0
1.0
0.897718320772
0.0
0.90551337383
1.0
1.0
1.0
1.0
0.941861871185
0.957214137221
0.978654779181
0.872138335133
1.0
0.942594372952
0.963945541497
1.0
1.0
1.0
1.0
1.0
1.0
1.0
1.0
1.0
1.0
0.981624927042
0.886496685858
0.964326603659
1.0
0.970662588906
1.0
1.0
1.0
1.0
0.96132752777
1.0
0.927547144229
1.0
0.980413898542
1.0
0.998212376657
1.0
0.994346838968
1.0
1.0
1.0
0.90437005775
1.0
0.893875994354
0.967603509745
1.0
0.98760482064
1.0
1.0
0.988294894806
1.0
1.0
0.721513956041
1.0
0.972385494946
0.970881470861
0.735121252537
0.972414183834
1.0
1.0
0.960773261972
0.964610392672
0.987086003109
1.0
1.0
0.716882395751
1.0
1.0
0.914509192829
1.0
1.0
1.0
0.837270538626
0.970410092891
1.0
1.0
1.0
1.0
1.0
0.99749930463
1.0
1.0
1.0
1.0
1.0
0.966512468651
0.97221417919
1.0
0.939222203946
0.918503388826
0.989626259033
1.0
1.0
1.0
1.0
0.975881627008
0.98641523468
1.0
1.0
0.958939452376
0.932318280808
1.0
1.0
0.943147284088
0.980301603228
1.0
0.997271535959
1.0
0.89152506839
1.0
0.954664881845
1.0
0.962230098235
1.0
0.980139739875
1.0
0.902472585831
0.962481618203
1.0
1.0
0.981544246944
0.971089668907
0.89774746954
0.98577361229
0.0
1.0
1.0
0.990334867042
0.991630341496
0.947803632858
1.0
1.0
1.0
1.0
1.0
1.0
0.996534714732
0.999020911519
0.999269642181
1.0
1.0
0.934049758407
1.0
1.0
1.0
0.989206537305
0.966990174602
1.0
1.0
1.0
1.0
1.0
1.0
0.93589550162
0.9266855139
1.0
1.0
1.0
0.954064348528
1.0
1.0
1.0
1.0
0.957825170451
1.0
1.0
0.988442548769
0.977143622455
0.988802578785
0.990858770103
0.961056188053
1.0
1.0
1.0
0.941089928642
1.0
1.0
1.0
0.978330055126
1.0
0.951935842562
1.0
1.0
1.0
0.708277257728
0.951710778708
1.0
0.972150343971
1.0
1.0
0.93396430753
1.0
1.0
1.0
1.0
0.962393530693
0.990933750924
0.979537587068
1.0
1.0
1.0
0.881228274231
0.0
0.993526009302
0.996210832936
1.0
0.910190478519
0.0
1.0
1.0
0.969052601987
0.8706032264
0.0
1.0
0.89511319789
1.0
1.0
0.0
0.976937747232
1.0
1.0
1.0
1.0
0.994910254089
1.0
0.98763338825
0.711746362482
0.984715354197
1.0
0.996168801447
1.0
1.0
1.0
1.0
0.994302248923
0.944727533461
1.0
1.0
0.900406426223
1.0
1.0
0.986551267204
1.0
1.0
1.0
1.0
0.896282275531
0.982071000094
0.932704324922
0.985287832221
0.930353797802
1.0
1.0
1.0
0.958256739897
1.0
0.0
0.999902323634
1.0
1.0
0.983872366134
1.0
1.0
0.929494769381
1.0
1.0
0.990092414935
0.89788053799
0.974636356227
0.956229361261
1.0
0.0
1.0
0.998667624992
1.0
1.0
0.978141687687
1.0
0.950223909753
1.0
1.0
0.997528565079
0.994145310929
0.90066543177
1.0
1.0
1.0
1.0
0.0
1.0
1.0
0.981547774403
0.974078794751
0.943143795287
1.0
1.0
1.0
0.962262083925
0.989801285141
1.0
0.995431174843
0.995017789833
0.70805014193
1.0
1.0
1.0
1.0
0.967358873338
0.998891443875
0.970904306549
0.961415954092
1.0
1.0
0.957756661838
1.0
1.0
1.0
0.970238576541
1.0
1.0
0.961447204283
0.988365146734
1.0
1.0
1.0
0.917692753585
1.0
1.0
1.0
0.983667669253
1.0
0.718902325684
1.0
1.0
1.0
0.708059808455
0.948235213722
0.986794564956
0.841748841123
0.978820366455
1.0
0.709479451953
0.970731341235
0.71340961789
1.0
0.985724494499
0.98346673106
0.994906959991
1.0
0.973958126846
0.898460847238
1.0
0.971439666553
1.0
1.0
1.0
0.961910993715
1.0
1.0
1.0
0.984819565208
0.987278911223
1.0
0.982177705184
1.0
0.709725554308
0.970101375806
0.984498659636
1.0
1.0
0.977469328281
0.993137612391
0.999085327155
1.0
1.0
0.994741570839
0.0
0.99024986166
1.0
0.951741000272
1.0
0.964355176339
0.952313722869
0.992170562623
1.0
0.962015071487
0.912326763398
0.974110589611
0.970543593077
1.0
0.708138184363
1.0
1.0
0.982461586957
1.0
1.0
0.707590990375
1.0
1.0
0.953084018378
0.96654465373
0.970459544497
1.0
0.9173691882
1.0
1.0
0.708473284973
0.0
1.0
1.0
1.0
1.0
1.0
1.0
0.899673345426
0.953025777138
1.0
0.717941731235
0.992378850047
1.0
0.989494430492
1.0
1.0
1.0
0.934688656108
1.0
0.941834313535
0.940776500119
0.961965465391
0.991884685091
0.999931561231
1.0
0.987866330817
1.0
0.96312070909
1.0
0.981947041541
1.0
1.0
1.0
1.0
0.974226720127
1.0
0.997970677283
1.0
1.0
1.0
0.709232341004
0.994204610311
0.886099563261
1.0
1.0
1.0
1.0
1.0
0.97288594622
0.881358292755
1.0
1.0
0.89989424798
1.0
1.0
1.0
1.0
1.0
1.0
1.0
1.0
1.0
1.0
1.0
1.0
0.998388766211
0.989798547677
1.0
1.0
1.0
1.0
1.0
1.0
1.0
1.0
1.0
1.0
0.945404660341
1.0
0.952871696906
1.0
1.0
0.95558648655
0.963625542776
1.0
1.0
1.0
0.99007755413
1.0
0.98908354049
0.973304680315
0.967760298696
1.0
1.0
0.984893929171
0.973228985607
0.950948915848
0.971049739622
0.889786955882
0.973881113925
0.993751353311
1.0
1.0
0.951717788437
1.0
1.0
0.930621743529
0.969035519005
1.0
1.0
0.975585240161
1.0
1.0
1.0
1.0
1.0
0.960585077961
0.998866158247
0.0
1.0
1.0
1.0
1.0
1.0
0.934602625159
1.0
0.882720571067
0.994979478527
0.979397379073
1.0
1.0
1.0
1.0
0.712280731874
1.0
1.0
0.966634856339
1.0
1.0
0.953672041587
0.979325344507
0.942887492448
1.0
0.954913536773
0.991737542808
0.964388854347
0.973394945452
1.0
0.99266417902
1.0
1.0
0.972704701418
1.0
1.0
0.955350114424
1.0
0.99339738922
0.0
1.0
0.942479472919
0.978973563033
0.986268057448
1.0
0.897777565295
1.0
1.0
0.910897145685
1.0
1.0
1.0
1.0
0.936816871169
0.991590796743
1.0
1.0
1.0
1.0
0.992338746537
1.0
1.0
0.896837609665
1.0
1.0
0.974066266704
1.0
0.708725634543
1.0
0.932719058118
0.709347322608
0.999032347873
1.0
1.0
0.954064081119
0.980052688306
0.833673394631
1.0
1.0
1.0
1.0
1.0
1.0
1.0
0.996148148079
1.0
1.0
0.897119673929
1.0
0.963001827115
1.0
1.0
0.957501329889
0.905070767104
1.0
1.0
1.0
0.988830870196
0.979499327186
1.0
1.0
0.98983578965
0.994155756512
1.0
1.0
1.0
0.992308175902
0.94912682768
0.98597205276
0.942305580887
1.0
0.948553824125
0.96044799428
1.0
1.0
1.0
1.0
0.987719612266
0.898681089947
0.980851311898
1.0
0.985878457528
1.0
0.736086093993
1.0
0.992231565074
1.0
1.0
0.948012898966
0.965890966185
1.0
0.951905714203
1.0
0.94215143708
0.0
0.998533817115
0.707620023847
0.7083064908
0.97730617506
1.0
1.0
0.0
1.0
1.0
1.0
1.0
0.708278981315
1.0
0.989300745165
0.971089394151
0.978770115021
0.920823586217
1.0
0.923562709977
1.0
0.971154430164
0.0
0.954121550572
1.0
1.0
0.707323235833
1.0
0.978202666603
1.0
1.0
0.951995410258
0.980590355184
1.0
0.958953617688
1.0
1.0
1.0
1.0
1.0
0.994666550708
1.0
0.0
1.0
1.0
1.0
1.0
0.894236019984
0.881913705807
1.0
0.9113157621
0.983664457631
1.0
0.944146883372
0.906473493014
1.0
1.0
1.0
1.0
0.0
0.990907402006
0.978900945792
0.977643091412
0.960186871582
1.0
0.975494033693
0.951929358996
1.0
1.0
1.0
0.953052819246
0.959731306077
1.0
1.0
1.0
0.0
1.0
1.0
0.962220589621
0.976399498733
0.993838250902
0.996142909694
1.0
0.994291804042
1.0
1.0
1.0
1.0
0.956218283338
0.975865630867
1.0
1.0
1.0
0.98337635234
1.0
0.951030453738
1.0
0.713020197912
1.0
0.977479169547
1.0
0.965302680677
0.98094194637
0.930998375644
0.967556329648
0.967345463898
1.0
0.708940246285
1.0
1.0
1.0
1.0
1.0
0.994256345581
1.0
0.969154835634
0.974498253774
0.990427896105
0.975107679654
0.967296941197
0.956866854817
1.0
1.0
1.0
0.98485747191
1.0
0.954597202268
1.0
1.0
1.0
0.950780981921
1.0
0.670205318768
1.0
0.0
0.962872208632
0.729140209913
0.961523461773
1.0
0.993421158307
1.0
1.0
0.962454337235
1.0
0.991549556339
0.993303520158
0.955963539894
1.0
1.0
1.0
0.947757739346
1.0
0.957624905665
1.0
1.0
1.0
1.0
1.0
0.975144420343
1.0
1.0
1.0
1.0
0.9153204573
0.917550926729
0.963262543226
0.921479428877
0.900053097017
0.92837648916
1.0
0.708247993422
0.96240162863
0.911578391718
1.0
1.0
0.994754841342
1.0
1.0
1.0
0.910082507573
0.708211964754
0.988180211467
0.922852713389
1.0
0.936479271594
1.0
1.0
1.0
0.942793245337
0.911173830563
1.0
1.0
0.996951069314
0.972465702633
1.0
1.0
1.0
1.0
1.0
0.964347206003
1.0
1.0
1.0
0.991688232372
1.0
0.711859866804
0.968888036573
1.0
0.0
1.0
1.0
0.989881256737
0.983729888129
0.96297275312
1.0
1.0
0.952924896988
1.0
0.979206690118
0.974233582553
1.0
1.0
0.913205427531
0.926562749295
1.0
1.0
1.0
1.0
0.992361230395
0.974835790032
0.709125753497
1.0
0.969040971894
0.0
1.0
0.995786344473
0.966214516694
0.992323051966
1.0
1.0
0.983078095123
1.0
0.0
0.975471853515
1.0
0.905465781236
1.0
0.987536879888
1.0
1.0
0.997842766569
1.0
1.0
1.0
1.0
0.974703033627
1.0
1.0
0.98935165553
0.960486108466
0.974609651911
0.953109938066
0.995403459959
0.709774531644
0.965965067283
1.0
0.934036470509
0.947168348259
1.0
1.0
0.971674850736
0.948864616766
1.0
1.0
0.955702313645
0.952514318228
1.0
1.0
0.953188524907
1.0
0.995152039998
1.0
1.0
0.986182756699
1.0
1.0
1.0
0.956970868036
1.0
1.0
1.0
1.0
0.995881450323
0.981021279184
0.986673133776
0.988880687659
1.0
0.988171169233
0.994943756591
0.989354146743
1.0
1.0
0.0
0.707595827292
0.981892958095
0.971612690858
1.0
0.979820878401
1.0
1.0
0.708799968814
1.0
1.0
0.0
0.985418043223
0.99655760818
0.994031924975
1.0
1.0
0.984978207137
1.0
0.982861573886
1.0
1.0
1.0
1.0
1.0
1.0
1.0
0.958366133357
0.995931235043
0.997458231264
1.0
1.0
1.0
1.0
0.943972908171
0.975605876501
0.996145636433
1.0
1.0
0.947743366092
1.0
1.0
0.0
0.991437945198
0.979541793412
0.899157725827
0.889588070549
0.967299681219
0.950557730457
1.0
1.0
1.0
1.0
1.0
0.0
0.979773735472
1.0
0.877559661245
0.984623552774
0.907850839027
1.0
1.0
1.0
0.967696380489
1.0
1.0
1.0
0.999152917003
0.990191880119
1.0
0.996139753565
0.95794882577
0.895571892368
0.970829744868
0.0
1.0
0.713654452401
0.986946026531
0.91211025075
0.95884450193
1.0
0.949783016611
0.958355149233
1.0
1.0
0.98808146335
0.708639255132
0.999495156262
1.0
0.898664906046
0.972025746195
1.0
1.0
1.0
0.988038447468
1.0
0.945965352215
1.0
1.0
0.708879940476
1.0
0.979522682945
1.0
0.961053776368
1.0
0.983431681599
1.0
1.0
1.0
1.0
1.0
0.0
0.977533877577
1.0
0.896812273889
0.977249072741
1.0
1.0
1.0
0.708040137443
0.897702037271
0.966055296698
1.0
1.0
1.0
1.0
0.970778284247
1.0
1.0
0.985122203085
0.977786575113
1.0
0.918010227743
1.0
1.0
0.973760313237
1.0
0.901343793253
0.982815115529
1.0
1.0
0.922709982502
0.969654068546
0.979725566174
0.934987476811
1.0
1.0
0.978121436675
0.951794727044
0.0
0.986968281291
0.990791340295
0.909746773644
0.999594306905
0.980145729065
1.0
0.0
0.904707844244
1.0
1.0
1.0
1.0
0.946315189806
1.0
0.977360584582
1.0
0.970436396881
0.96509408908
0.70889491401
0.964106811402
1.0
0.9258004277
1.0
0.708297470449
0.986689486165
1.0
0.975641599641
1.0
1.0
1.0
0.899744071254
1.0
1.0
0.729562985246
1.0
0.896287131329
1.0
1.0
0.946350363132
0.99541037173
0.968928851526
1.0
1.0
1.0
1.0
1.0
1.0
1.0
0.943003582492
1.0
0.949843114826
1.0
0.96854844245
1.0
1.0
1.0
0.0
1.0
0.708375374306
1.0
0.956774458265
1.0
1.0
0.982941346013
0.985962840726
0.928116252557
1.0
0.980924559904
1.0
1.0
0.0
1.0
1.0
0.996051279741
1.0
0.949253146273
0.993815286484
0.929242287842
1.0
1.0
1.0
1.0
1.0
1.0
0.917921894487
0.996865560039
0.972126391584
1.0
0.995277984008
1.0
0.0
0.948606603337
0.975757288249
1.0
1.0
1.0
0.969428327291
1.0
0.954805341166
0.861052417517
1.0
0.988093980664
1.0
1.0
1.0
0.8988889329
0.0
1.0
1.0
1.0
1.0
0.976891172736
1.0
1.0
1.0
1.0
1.0
1.0
0.975574909375
1.0
0.993695163883
1.0
1.0
0.864547492039
0.959323909148
1.0
1.0
0.982960880568
1.0
0.0
0.936385611989
1.0
0.93746558342
0.988647409022
0.927486749034
0.996418203452
1.0
1.0
1.0
0.992088801927
1.0
0.881443686514
1.0
1.0
1.0
1.0
1.0
1.0
1.0
1.0
1.0
0.0
0.984822371826
1.0
0.997406167691
1.0
1.0
0.970239538919
0.980996777221
0.990456343282
1.0
1.0
1.0
1.0
1.0
1.0
0.995668531735
1.0
1.0
1.0
1.0
1.0
1.0
0.984783595808
1.0
1.0
1.0
0.984771677267
1.0
0.93442826815
0.0
1.0
1.0
0.996861135632
1.0
1.0
0.983465025481
1.0
0.962067393563
0.986464098599
1.0
1.0
0.0
0.995596464106
0.985755457609
1.0
0.967618026514
0.971578399594
1.0
1.0
0.997808950345
0.965059388989
0.953814137642
1.0
1.0
0.709162968705
1.0
1.0
1.0
0.922578324346
0.961851901297
0.925887280091
0.985723526164
1.0
0.992904565936
1.0
1.0
0.928011745957
0.910690846237
0.982166977106
1.0
1.0
1.0
1.0
0.708401813469
1.0
0.991689230055
0.988648318307
1.0
0.978686477354
0.993166570675
1.0
1.0
1.0
0.950695595674
1.0
0.98000248865
1.0
0.714265216883
0.9007463997
1.0
1.0
0.70791539586
0.940282170977
0.991368291838
1.0
0.90842313847
1.0
1.0
0.88817917451
0.0
0.901871741786
0.955558660593
1.0
0.966809669778
0.974997860271
0.978093082546
1.0
0.975181848901
1.0
0.974211636781
1.0
1.0
1.0
1.0
1.0
0.981475729529
1.0
1.0
1.0
1.0
1.0
0.937716822671
1.0
0.957871956336
1.0
1.0
0.963624912566
1.0
1.0
0.956498291302
0.95952709787
0.977787464338
0.0
0.988595761159
0.973557501476
0.997823776762
1.0
1.0
0.988658996247
0.952598055176
0.897442486037
1.0
0.0
0.951154971273
1.0
1.0
1.0
0.980542595228
1.0
1.0
0.975383495628
1.0
0.835774529003
1.0
0.948109980222
0.988247382381
1.0
0.911180446665
0.0
1.0
1.0
1.0
1.0
1.0
0.927295554293
1.0
1.0
1.0
1.0
1.0
1.0
0.991066649191
0.952479246043
1.0
1.0
0.947961386118
1.0
1.0
1.0
1.0
1.0
0.991338557582
1.0
0.963602987827
1.0
0.887290149787
0.924040336336
0.920833325431
1.0
0.708153066747
1.0
1.0
0.0
1.0
1.0
1.0
0.929489477489
1.0
1.0
1.0
1.0
1.0
1.0
0.997235746504
1.0
1.0
1.0
0.895981036502
1.0
0.975802850267
0.944756852611
0.967565890111
0.903920320456
0.977215866526
1.0
1.0
0.973001742888
1.0
0.977213641736
1.0
1.0
1.0
1.0
0.0
1.0
1.0
0.950459620441
1.0
1.0
0.929419900558
1.0
1.0
1.0
1.0
1.0
0.993434122425
1.0
1.0
1.0
0.994637858658
1.0
1.0
0.0
0.934126413421
0.996217710672
1.0
1.0
0.994735208604
1.0
1.0
1.0
0.965416656845
0.986813689846
0.709917954925
1.0
1.0
0.91533047323
0.934253664819
1.0
0.967545002681
0.980624270736
0.969787527609
0.708345480338
1.0
1.0
0.965432179242
0.96285246664
0.937519783589
0.993236861907
1.0
0.957075714995
1.0
0.958026139783
0.998274593843
0.979579401367
0.997901870763
1.0
1.0
1.0
1.0
0.99523864578
1.0
1.0
1.0
0.903235721142
1.0
0.94521976197
0.898047814559
0.959495772244
0.987880234821
1.0
1.0
1.0
0.978312745609
1.0
0.902315095493
1.0
0.927977589365
0.991748251402
0.996853596941
1.0
0.986415024355
1.0
0.0
0.998514170474
1.0
1.0
1.0
0.999471301775
0.974796554106
1.0
1.0
0.998260255192
0.956420309826
0.960206707098
1.0
1.0
0.9069385604
0.982772262629
1.0
0.985636837334
1.0
1.0
1.0
0.0
1.0
1.0
1.0
1.0
0.993993629467
0.926316851373
1.0
1.0
0.0
1.0
1.0
1.0
0.980415402128
1.0
1.0
0.9902991956
1.0
0.0
0.893929988036
0.981103614102
1.0
0.988569229307
0.978513999656
1.0
0.979542477814
0.976017117792
0.714230627097
0.979946838622
0.0
0.992675598843
1.0
0.997028989418
1.0
0.980315965727
1.0
0.967783569644
1.0
1.0
1.0
1.0
0.950966182025
1.0
1.0
0.983318028973
1.0
0.974976706399
1.0
0.929415527114
0.943601686002
0.989095853451
0.976403571834
1.0
0.970202532191
1.0
0.99862864128
0.957496738188
0.994045632035
0.988128988412
1.0
1.0
0.957372670555
1.0
0.0
1.0
1.0
0.726038882459
0.991835620312
1.0
1.0
0.959675656208
1.0
1.0
1.0
0.990978687109
0.958107040803
0.974053528386
1.0
0.990361893008
0.975325392371
1.0
0.714356728209
1.0
1.0
0.896736729841
1.0
1.0
1.0
0.968476205278
0.0
1.0
1.0
0.987134459233
1.0
0.0
0.0
0.976925599826
1.0
0.991198819458
1.0
1.0
0.985780757607
1.0
1.0
0.98311264156
0.956667926726
1.0
1.0
0.975210891573
0.925427491695
0.932493939841
1.0
1.0
0.974794911075
0.969725563443
1.0
1.0
1.0
1.0
1.0
0.979435175708
1.0
1.0
0.978856968836
0.981585851882
0.968891052528
0.987825960222
1.0
1.0
0.971094658334
1.0
1.0
0.0
1.0
1.0
1.0
1.0
0.967565905658
1.0
0.930250204432
1.0
0.892076791656
1.0
0.954282922584
0.904637425578
1.0
1.0
1.0
1.0
0.982595794394
0.899627889606
1.0
0.993109749066
0.878964757376
0.713704646585
1.0
0.977906373123
1.0
1.0
0.981347584519
1.0
1.0
0.971908963473
1.0
1.0
1.0
0.998309772043
1.0
0.938052626717
1.0
1.0
0.707914491517
1.0
0.973280549936
0.910750136762
1.0
0.980808085537
1.0
1.0
1.0
1.0
0.953280539607
0.917423937511
0.99839365101
1.0
0.957181125946
1.0
1.0
1.0
1.0
0.997853833576
0.992431508594
1.0
1.0
0.950370170963
1.0
1.0
1.0
0.978277418999
0.993558773076
1.0
1.0
1.0
0.957722134593
1.0
0.935286119371
0.707722687962
1.0
0.981363501808
1.0
0.708121232865
1.0
1.0
0.70815267867
1.0
1.0
1.0
0.995442233416
1.0
0.937458698192
0.897553036517
1.0
0.87210542517
0.9999047668
0.954499229024
1.0
0.898482856265
1.0
1.0
0.844734477626
0.899593419471
1.0
0.985150704664
0.896767336429
0.982109665842
0.992319577184
1.0
1.0
0.907810436962
0.896742148741
1.0
1.0
1.0
1.0
1.0
1.0
1.0
0.993854752064
1.0
0.716550794821
1.0
0.986265679389
1.0
0.943334893696
0.899670633829
1.0
0.819252722328
0.910046762135
1.0
1.0
1.0
0.0
1.0
0.0
1.0
1.0
0.966813432074
0.983616910164
1.0
1.0
0.0
1.0
1.0
1.0
1.0
1.0
1.0
1.0
1.0
0.996932791348
0.991286102192
0.975399605907
0.953836532629
0.97933666302
0.982954550059
0.980471550297
1.0
1.0
1.0
0.985955659144
0.0
1.0
0.999938826446
0.0
1.0
0.970715116882
0.97308197236
1.0
0.984224126112
1.0
1.0
1.0
1.0
1.0
0.969658123402
1.0
1.0
0.997007053591
0.0
1.0
0.976112457975
1.0
1.0
1.0
1.0
1.0
0.962909989013
0.947180106494
0.968552273259
0.985903977556
0.98042737714
1.0
0.979581738391
0.9630697636
1.0
0.993623827864
1.0
1.0
1.0
0.955173631828
0.0
0.961781511825
0.966396375997
1.0
1.0
1.0
0.981736616393
1.0
0.0
0.716370985946
1.0
0.985349975942
0.884205870116
1.0
1.0
1.0
1.0
0.976035110053
1.0
1.0
1.0
0.982684113952
1.0
0.952533175579
1.0
0.95882310875
1.0
1.0
0.99025042392
0.960223556922
1.0
0.0
0.0
0.947666544125
1.0
0.993055224288
0.974751637398
1.0
1.0
0.0
1.0
0.994572486831
0.952552182966
0.981747262983
0.986332556478
1.0
1.0
1.0
1.0
0.0
1.0
1.0
1.0
1.0
1.0
1.0
1.0
1.0
1.0
1.0
0.996161844466
0.989042084269
1.0
0.94717574004
1.0
0.903651161622
0.994276686925
0.995348270598
0.955925215657
0.967197182249
0.963489596071
1.0
0.953141115885
1.0
1.0
0.985893535493
1.0
1.0
0.97679397146
0.969840886318
1.0
0.989132290813
0.964427709377
1.0
1.0
1.0
0.929551065861
1.0
0.990028373274
0.995961125355
0.711636229008
1.0
1.0
0.964957986157
0.975788020282
0.921401414304
1.0
1.0
1.0
0.913055765324
0.983926482337
0.959572060975
0.97473827588
1.0
1.0
0.926739042461
1.0
0.944651657224
1.0
0.997608824747
1.0
1.0
0.925157360256
1.0
1.0
1.0
0.923883774399
1.0
0.942735229901
1.0
0.90063557587
1.0
1.0
0.947445392058
0.988339951917
1.0
0.995103603388
1.0
0.915340102984
1.0
0.960636396163
0.0
0.993337690174
1.0
1.0
0.710367996414
0.999057670085
0.972992870529
1.0
0.71068176162
1.0
0.992482080641
1.0
1.0
1.0
0.985568976218
1.0
1.0
1.0
0.0
0.988325399888
0.917891604773
1.0
0.941461073651
0.941902393772
1.0
0.707796167166
1.0
0.985192537109
0.968546023753
1.0
1.0
0.950639257136
1.0
1.0
1.0
1.0
0.938437627586
1.0
1.0
1.0
1.0
1.0
1.0
0.917274718581
0.0
1.0
1.0
0.957518068808
0.978155669937
1.0
1.0
0.975725524173
1.0
1.0
0.999810361737
0.0
1.0
0.986807744406
1.0
0.714053068845
0.709984586583
0.994951682254
1.0
0.986599633748
0.960884708083
0.99054938555
1.0
0.926447270983
0.94660488162
0.714094137189
0.954966446564
1.0
1.0
0.994339184571
1.0
1.0
1.0
1.0
0.990942307717
0.998275990477
1.0
1.0
1.0
0.879436186725
1.0
1.0
0.989121558732
0.960768706637
0.96687742089
0.900070495085
1.0
0.982746079877
0.0
0.991318474617
0.962464125472
1.0
0.990073708933
1.0
1.0
0.994790697676
1.0
0.98965218177
1.0
1.0
0.935482826105
0.978232131127
0.957865643023
0.0
1.0
0.0
1.0
1.0
1.0
1.0
1.0
1.0
0.938780528124
0.984743040374
1.0
1.0
1.0
0.987173067575
1.0
0.976294636303
1.0
1.0
0.711682157443
0.955786519757
0.948804218165
0.993799952615
1.0
0.923988234164
0.979958992037
1.0
1.0
0.997249635279
1.0
0.707724633132
1.0
0.97728430753
1.0
1.0
1.0
1.0
1.0
1.0
1.0
1.0
1.0
1.0
1.0
0.707946297625
1.0
0.993178505429
1.0
0.994340105044
0.959896596154
1.0
1.0
0.950098004371
1.0
1.0
0.977390648497
1.0
1.0
1.0
1.0
1.0
0.977840256333
1.0
1.0
0.961247128005
1.0
0.98066419037
1.0
0.971276707534
0.89741684295
0.997465931386
0.985719342301
0.986779161216
1.0
0.979646007332
1.0
1.0
0.986300965665
0.978879977915
1.0
0.959694363835
1.0
1.0
1.0
1.0
1.0
1.0
1.0
1.0
0.92993007811
1.0
1.0
0.973371850675
0.912314768707
0.984535413982
0.910740125583
1.0
0.968968931481
0.908099708621
0.993685467273
1.0
0.95706111999
1.0
0.967344545003
0.925122906601
0.897121804894
0.971566879024
1.0
0.996440731527
1.0
1.0
0.958406708639
0.933085527161
1.0
0.986346370721
0.873340863176
0.9757425904
1.0
0.97828872794
1.0
1.0
0.990578551942
1.0
1.0
1.0
1.0
0.961624676214
1.0
1.0
0.707902427788
1.0
1.0
1.0
1.0
1.0
0.939934831627
0.935199891528
1.0
1.0
1.0
1.0
0.987590854106
1.0
1.0
1.0
0.993150359564
1.0
0.96142408137
1.0
1.0
1.0
1.0
0.998783869637
0.924740950199
0.99148275043
0.708780271939
0.99585601017
0.963806463658
1.0
1.0
1.0
1.0
1.0
1.0
1.0
0.963308310974
0.992955140691
1.0
0.955855582357
0.96850127729
0.996550117402
0.992754983834
0.942453539741
1.0
1.0
0.973740574109
0.93549893195
1.0
0.920169300896
0.958025776143
0.993062500153
1.0
1.0
1.0
0.719188270092
0.967644301544
0.996003344839
1.0
0.997012090679
1.0
0.955850564829
1.0
0.9406839416
1.0
1.0
0.972078283714
1.0
0.955811929164
1.0
1.0
0.992155262515
0.981258213537
0.986395808817
0.991620180769
0.979957408991
0.931194810815
0.995117339165
1.0
0.990223145965
0.996048813021
1.0
0.987550135548
0.0
0.9961494967
1.0
1.0
0.972844924844
0.992978817917
1.0
1.0
1.0
1.0
0.997272225967
1.0
1.0
1.0
1.0
0.971487093781
0.966739303561
0.985106807547
0.98088465626
0.980240608461
1.0
0.986007260991
0.910243313774
1.0
1.0
1.0
1.0
0.925528075455
1.0
0.970969123965
1.0
1.0
0.919958050805
1.0
1.0
0.999507450242
0.990225314635
0.991025484425
0.957336855274
0.962963477109
1.0
0.856490789216
1.0
0.0
1.0
1.0
0.989771669961
1.0
0.993173029746
0.996849944836
1.0
1.0
1.0
0.979861833439
1.0
1.0
1.0
0.944269059211
0.963782682466
0.9403662507
0.934467893872
1.0
1.0
1.0
0.936496166035
1.0
1.0
1.0
1.0
0.978230158592
1.0
1.0
0.954487196682
1.0
0.993729024163
0.0
0.952042396052
0.707414486935
1.0
1.0
0.977392858741
1.0
0.904278155369
1.0
1.0
0.0
1.0
0.982139941829
1.0
0.950030008303
1.0
0.710756695206
0.973891383221
1.0
1.0
1.0
1.0
1.0
1.0
0.963617707939
0.791480902108
1.0
1.0
0.977047859726
1.0
1.0
1.0
1.0
0.0
1.0
0.708766955832
1.0
0.99388367948
0.985248521464
1.0
1.0
1.0
0.974360200106
1.0
1.0
1.0
0.0
1.0
1.0
0.0
0.974976206813
1.0
1.0
1.0
0.911977082227
1.0
1.0
1.0
1.0
1.0
0.955677283806
1.0
0.974262722387
1.0
0.99351293759
0.708747562448
0.0
0.0
1.0
1.0
1.0
1.0
1.0
0.994471422603
0.0
0.997348407044
1.0
0.931639272502
1.0
0.980648622554
0.933927194314
1.0
0.967197872591
1.0
0.94379216994
1.0
1.0
1.0
1.0
1.0
1.0
1.0
0.956685454062
1.0
0.947441026737
0.966369192618
1.0
0.998031361342
0.969643392758
1.0
1.0
1.0
1.0
1.0
0.994017157107
0.905447208793
0.708745788331
1.0
0.709247939942
1.0
1.0
0.900076312052
0.98145711003
0.951843640298
0.960582110061
0.975701338404
1.0
1.0
0.713462031327
0.956523978829
1.0
1.0
0.995821632341
0.938402411358
0.982207426479
0.978247467615
1.0
0.709325517206
1.0
0.927221858928
0.0
0.930386722924
0.708922055562
1.0
1.0
0.982703595582
1.0
1.0
1.0
0.940318514915
0.708445775458
1.0
1.0
0.945740239749
1.0
1.0
1.0
0.969504486736
1.0
1.0
1.0
1.0
0.97963329292
1.0
1.0
1.0
0.982365142401
1.0
1.0
1.0
0.884282166371
1.0
1.0
1.0
1.0
1.0
0.972089527501
0.0
0.976610236577
0.97877148405
0.97769770509
0.993505331126
0.964871170104
0.98213382607
0.962024014296
1.0
1.0
0.918809882768
0.720297137049
1.0
1.0
0.994055104683
1.0
0.0
1.0
1.0
0.954503116444
0.963802443739
1.0
1.0
0.964401258322
0.957369506693
0.968817351675
0.931280660057
0.0
1.0
0.979540158992
0.957104667998
1.0
1.0
0.963414008932
1.0
0.999619921436
0.931720614607
1.0
0.90102976573
1.0
0.994268338679
0.856683778596
0.975940198551
0.940774840022
0.98166858212
1.0
0.0
1.0
1.0
1.0
0.0
0.986473641201
1.0
1.0
1.0
1.0
0.933264893094
1.0
1.0
0.972230523102
1.0
1.0
1.0
1.0
0.956968946621
0.99867683844
1.0
0.966629864506
1.0
1.0
0.0
0.984982785542
0.708017076846
0.989685999626
0.979887885358
1.0
1.0
1.0
1.0
0.985881163246
0.898478347402
1.0
1.0
1.0
1.0
0.895651094322
0.898203084449
0.0
0.849341584808
0.84914744999
1.0
1.0
1.0
0.997971022446
0.708464129802
1.0
1.0
1.0
1.0
0.970451273103
1.0
0.984016666998
1.0
1.0
1.0
0.977210689606
0.99798043444
0.985957353287
1.0
1.0
0.971351376232
1.0
0.948956985268
0.903888248047
0.990431515945
0.891358977866
1.0
1.0
1.0
0.998367477361
0.949448694109
1.0
0.904403946718
0.987247862457
0.934866425344
1.0
1.0
1.0
1.0
0.0
1.0
1.0
0.0
0.976661624383
1.0
0.987070413261
0.713605776731
0.957703060401
0.978974767798
1.0
0.993948823637
0.979489546776
1.0
0.990560253623
1.0
0.993941450469
0.0
0.93519784886
1.0
1.0
1.0
0.988794271703
1.0
1.0
0.948398320701
1.0
0.935014022026
1.0
1.0
0.978802899658
0.979820354968
1.0
0.996955830362
1.0
1.0
1.0
0.948833854827
0.945485724983
0.951916081453
0.992724281478
1.0
1.0
0.954580651555
1.0
0.95119478757
0.959224763131
1.0
1.0
1.0
0.983421849707
0.992465618226
1.0
0.95411479785
1.0
1.0
1.0
0.971226543667
1.0
0.0
0.989562465602
1.0
1.0
0.999234538975
1.0
1.0
1.0
0.953355847783
0.0
1.0
0.978462285155
1.0
0.0
0.971844913704
0.961870662495
0.0
0.961183860477
0.0
1.0
1.0
1.0
1.0
1.0
0.710503867193
1.0
1.0
0.897992313596
0.968990701233
1.0
1.0
1.0
1.0
0.918079719306
1.0
0.983768436419
1.0
0.969562190667
0.962842739745
1.0
0.958020521054
0.989014272538
0.962912881167
0.998024000148
1.0
0.97913521297
1.0
1.0
1.0
0.928568784268
1.0
0.899584634257
1.0
1.0
0.972294007704
0.997467952719
1.0
1.0
0.0
0.852537063798
1.0
0.9797173086
0.963756901209
1.0
1.0
1.0
1.0
1.0
0.976811674501
0.981504275882
0.899774277399
1.0
0.0
1.0
0.972276249165
1.0
0.878024028626
1.0
1.0
1.0
0.960821734664
1.0
0.975767847909
0.978952439793
1.0
1.0
0.994092696344
0.70908828482
1.0
0.980564309364
1.0
1.0
1.0
0.959540656956
0.946945949274
1.0
1.0
0.991583687915
0.0
0.983292605543
0.0
0.0
1.0
0.981613988587
0.967850181141
1.0
1.0
0.958999960542
1.0
1.0
1.0
1.0
1.0
0.798743329169
1.0
0.986238768003
1.0
1.0
1.0
0.902332559456
0.0
1.0
1.0
1.0
0.961090308653
1.0
1.0
0.982199079562
1.0
0.94377002245
1.0
0.968251533495
1.0
0.987532744576
0.972325735414
1.0
1.0
1.0
0.979146266275
1.0
1.0
1.0
1.0
1.0
1.0
0.947979099403
1.0
0.954949959086
1.0
0.9598313183
0.928074155393
0.954427534075
1.0
0.976711914933
0.969583258981
1.0
0.947253821755
1.0
1.0
1.0
0.963236595625
1.0
1.0
1.0
1.0
1.0
0.999112007114
0.0
0.722068891413
1.0
1.0
1.0
0.93360447171
0.944960969307
0.0
1.0
1.0
1.0
0.712262940569
1.0
1.0
1.0
1.0
1.0
1.0
1.0
1.0
0.972351459113
1.0
1.0
1.0
0.935817754563
0.997371583501
0.989363485513
0.986580441916
1.0
1.0
1.0
1.0
0.960430543941
0.951223228669
0.993843618058
0.997281216661
0.965714233534
1.0
0.952339942366
0.963105369399
0.709326482955
0.712379187953
0.994625142374
0.999047939787
1.0
0.953428471874
1.0
1.0
1.0
1.0
0.957270574463
1.0
0.998578905092
0.824263750224
1.0
0.904918486521
1.0
1.0
1.0
1.0
1.0
1.0
1.0
1.0
1.0
0.951622846828
0.992460060142
1.0
0.981903477517
1.0
1.0
0.886663571253
1.0
0.989484354705
0.99059922902
0.933599540482
0.951559861762
1.0
0.989655944209
0.954457052617
1.0
0.904723251762
1.0
0.997796628983
1.0
0.998596988964
1.0
0.7088313331
0.941667935245
0.97565966991
0.710277096376
0.998947529468
1.0
0.970889769244
1.0
0.0
0.984347761385
0.90019519438
1.0
1.0
0.989475442532
1.0
0.989618521909
0.986354922398
0.920299270525
1.0
0.98583627312
1.0
1.0
0.977027569267
1.0
1.0
0.99008809718
1.0
0.0
1.0
0.974875200275
1.0
1.0
1.0
0.997356456964
1.0
1.0
1.0
0.899742034872
0.0
0.952213415357
0.974389342915
1.0
1.0
1.0
1.0
1.0
1.0
0.938155074651
1.0
1.0
1.0
1.0
0.96996572049
1.0
1.0
1.0
1.0
0.70847473033
0.961352348834
0.981983420102
0.993938896115
1.0
1.0
0.914042663039
1.0
0.948491023458
0.935958967926
0.990384282473
0.985566736015
1.0
1.0
0.946677374617
1.0
0.711618130141
1.0
1.0
0.940118289361
0.990045534977
1.0
1.0
0.960472772239
0.955586258988
0.963845651437
0.979005292268
1.0
1.0
0.958151296026
1.0
1.0
1.0
1.0
0.968270943859
1.0
1.0
0.986458283158
1.0
0.989477872067
0.966572033687
0.900601381232
0.0
0.951167068166
1.0
0.991960356302
1.0
1.0
1.0
0.961190910886
1.0
1.0
0.975512637203
1.0
0.900856296809
0.999242726015
0.978480585003
0.0
1.0
0.99862740083
0.0
1.0
1.0
0.897258949954
0.9897617551
1.0
0.971309562698
1.0
1.0
1.0
1.0
0.977914965556
1.0
1.0
1.0
0.999680978187
1.0
0.992478363422
1.0
0.708979889972
0.98189648759
1.0
0.941538530662
0.977596474491
1.0
1.0
1.0
1.0
0.99852670254
1.0
0.968275010188
1.0
0.0
1.0
1.0
1.0
0.94356519359
1.0
0.0
1.0
0.966558113709
1.0
1.0
1.0
0.856031212499
1.0
0.0
0.968076849489
1.0
1.0
1.0
1.0
1.0
0.960070840058
0.898580541929
0.956237057238
1.0
1.0
0.899313649901
1.0
0.709901730068
0.957549300875
0.906575004598
0.901950264876
1.0
0.976108891126
1.0
0.956877147026
1.0
0.985009771827
1.0
0.980688096848
0.90323344213
0.94418168022
0.91696900533
1.0
0.946848068561
1.0
0.922132867031
1.0
0.921688464008
1.0
0.983594374141
0.979268816156
1.0
1.0
1.0
0.997731678621
0.903696890368
1.0
0.978239080258
1.0
0.923585486291
0.950429512141
1.0
1.0
0.994718460785
0.998843099836
1.0
0.974947782222
0.999285980246
0.946673270627
1.0
1.0
1.0
0.898148366997
0.95487575646
1.0
1.0
1.0
1.0
1.0
0.9280168124
0.955654760534
1.0
0.941468860034
1.0
1.0
0.979131178809
1.0
0.957181916007
0.985778127586
1.0
0.879338986216
1.0
0.903019357411
0.0
0.978305125855
1.0
1.0
0.98890147935
0.964815106168
1.0
1.0
0.942934848927
1.0
1.0
1.0
1.0
0.89658322276
0.957611573775
0.979662817693
1.0
0.981433476796
0.911337365827
0.983968064349
0.973840538511
0.0
0.990658784173
0.713109314223
0.934690809519
0.813707372423
0.97345098148
0.989551208177
1.0
1.0
0.978448040873
1.0
1.0
0.956583446158
0.951071592403
1.0
1.0
1.0
0.958096097075
1.0
0.939661454507
0.956557917343
0.928306347932
1.0
0.996065163882
1.0
1.0
1.0
0.984293817066
0.902268395469
0.935385148919
0.971608321628
0.923477791721
0.716117743052
1.0
1.0
1.0
0.993067556236
0.928820490706
1.0
0.970163357824
0.977688069555
1.0
1.0
0.940831552798
0.986762568835
1.0
1.0
1.0
0.980131527548
1.0
0.94853092726
1.0
1.0
1.0
1.0
1.0
1.0
1.0
0.956453115588
1.0
0.996915242026
0.980246656626
1.0
0.948899114307
1.0
1.0
1.0
1.0
1.0
0.988719944808
0.978288521652
1.0
1.0
0.937240437595
0.999091883845
1.0
1.0
0.908418080875
0.0
0.962468924195
1.0
1.0
0.999400858398
1.0
1.0
1.0
0.799714332732
1.0
1.0
1.0
1.0
1.0
1.0
1.0
0.953710763138
1.0
1.0
0.994779475227
1.0
0.9431271261
1.0
1.0
1.0
0.969263939602
1.0
0.970865774862
0.897416818301
1.0
0.911200633325
0.977552842562
0.94355243625
0.994815722677
1.0
1.0
0.891982322503
0.997357045298
0.708514388864
1.0
1.0
1.0
0.983820931526
1.0
1.0
0.956441075753
0.0
0.991529018119
0.710694675878
0.0
1.0
1.0
0.970012021358
1.0
1.0
0.707607257281
0.966394365301
0.972236926751
1.0
0.978885052303
1.0
0.986115215013
1.0
1.0
1.0
0.973768195164
1.0
1.0
1.0
0.914540448943
1.0
0.980157981519
0.9268963424
1.0
1.0
1.0
1.0
1.0
1.0
1.0
0.937076251917
0.953544017129
0.0
1.0
0.942030277288
1.0
1.0
0.950857919383
0.857715190434
1.0
0.986870309701
0.90805618845
1.0
1.0
1.0
0.926805953748
1.0
0.99005434096
0.981074367546
0.989549097909
0.966771239277
1.0
1.0
0.975430610753
1.0
0.987456651881
0.951437869145
1.0
0.987294505966
1.0
1.0
1.0
1.0
0.959200675237
0.897334231891
1.0
1.0
1.0
1.0
0.91141284788
0.955556271857
1.0
0.894881947808
0.99625381537
1.0
1.0
1.0
1.0
1.0
1.0
0.980407288696
0.0
1.0
1.0
0.0
0.994531809841
1.0
0.976321771565
1.0
0.998481556951
0.985670910747
1.0
1.0
0.929156964222
1.0
1.0
0.953619489493
0.990573505027
1.0
0.952158127361
1.0
1.0
0.988279640982
1.0
1.0
0.976553054748
1.0
0.980459390404
1.0
1.0
1.0
1.0
0.972146375754
1.0
0.984209381728
0.97704850719
0.971750808724
1.0
1.0
1.0
0.873330348663
1.0
1.0
1.0
1.0
0.984595215654
1.0
0.996032290182
1.0
1.0
1.0
1.0
0.923873685848
1.0
1.0
1.0
0.936167742135
1.0
0.994073128233
1.0
1.0
1.0
1.0
0.906587681467
1.0
1.0
1.0
1.0
1.0
1.0
1.0
1.0
1.0
0.99721925895
1.0
1.0
1.0
0.985297786143
1.0
0.71586746503
0.95908182026
0.918940608978
1.0
1.0
0.950613625667
0.0
0.984948458775
0.0
0.910445007186
1.0
1.0
1.0
0.987351588993
1.0
0.990217160754
1.0
0.936417973516
1.0
0.972213887439
0.85664394789
0.977873694961
0.965963708069
1.0
1.0
0.945679394483
0.981042709464
1.0
1.0
0.901193279037
1.0
1.0
1.0
1.0
0.0
0.933116251511
0.990692358062
0.925026306036
1.0
1.0
1.0
0.994233070057
1.0
1.0
0.978254901744
1.0
0.98247829617
0.93745193922
0.993722909552
0.708499199914
1.0
1.0
0.989659592329
1.0
0.92150861162
0.993168598249
1.0
1.0
1.0
1.0
1.0
0.88158154362
1.0
1.0
0.978306763892
1.0
1.0
1.0
0.897600438808
0.989603117316
0.972972875791
1.0
1.0
1.0
0.970263215954
0.992842087973
1.0
1.0
1.0
0.996138055486
1.0
1.0
1.0
1.0
0.96099198367
0.951162743276
0.0
0.900907002718
0.89574222629
0.984097451483
0.914900799531
0.984987454388
1.0
0.708472062361
1.0
1.0
1.0
0.977637622923
1.0
0.711129524946
0.988947025067
1.0
0.970714144484
1.0
1.0
0.963584944365
1.0
0.996871546237
1.0
1.0
0.9427887052
0.0
1.0
1.0
0.977637449022
0.956802557994
0.973137219019
1.0
0.997642215386
0.998759485179
0.956930559284
1.0
1.0
0.709007478551
0.946435281105
1.0
0.986541889477
0.954943216915
0.995990438524
1.0
0.993011486352
1.0
1.0
0.997700732906
1.0
1.0
1.0
0.989555048104
1.0
