0.959140389529
0.998637948287
1.0
0.997102819337
1.0
0.946074345784
0.709250202338
0.989504372029
1.0
0.0
0.967906630918
0.949095524276
1.0
1.0
0.988454027244
1.0
1.0
0.99491930153
0.982804771034
1.0
1.0
1.0
1.0
1.0
1.0
1.0
1.0
0.997362631465
0.882713508227
1.0
0.984501745076
1.0
1.0
0.711219603272
1.0
1.0
1.0
1.0
0.964172866654
1.0
1.0
1.0
1.0
1.0
1.0
0.0
1.0
0.990188393547
0.987477316685
1.0
0.994494509729
1.0
0.987505315706
1.0
0.996370676671
1.0
0.964978497799
0.0
1.0
1.0
0.985671559372
0.0
1.0
1.0
0.0
1.0
1.0
1.0
0.9989126458
0.93602805723
0.986651467045
0.97599433931
0.951565566587
1.0
0.977180225042
0.0
0.0
1.0
1.0
0.0
0.941740995981
0.991757744308
1.0
1.0
0.930612446288
0.994099810525
0.956051066697
1.0
0.967916601133
0.991918779785
1.0
1.0
1.0
1.0
1.0
1.0
0.969923901426
1.0
0.995482339206
1.0
0.898798434505
1.0
0.865127574353
1.0
0.972066694971
1.0
1.0
0.908903034386
0.710266192321
1.0
1.0
1.0
1.0
1.0
1.0
0.947403572298
1.0
1.0
1.0
1.0
1.0
0.934378046519
1.0
1.0
0.901655307318
0.97874181383
0.906114776605
0.959187674712
1.0
1.0
0.710918108072
1.0
0.99408350096
1.0
0.898717605994
0.0
0.97910234826
0.993170969001
1.0
0.979879864151
1.0
1.0
1.0
0.991002472372
1.0
0.953168358611
1.0
1.0
1.0
1.0
0.998711585801
1.0
1.0
0.999318277864
1.0
0.711339959555
0.711355804444
0.997884227744
1.0
0.992985289435
0.970000078181
0.974310259335
0.946019300329
1.0
0.921581506991
1.0
1.0
0.909909969931
0.715027041394
1.0
0.992223596915
1.0
1.0
0.998772913796
1.0
1.0
1.0
1.0
1.0
0.946983932803
0.994888350531
1.0
1.0
0.904906911137
1.0
1.0
1.0
1.0
0.715492619545
0.901174794928
0.952940276169
1.0
0.962574263314
1.0
0.0
0.980989596512
0.961051264308
1.0
1.0
1.0
1.0
0.999120617603
1.0
1.0
0.999073598885
0.992091765522
0.723129417899
1.0
1.0
1.0
0.99639748756
1.0
1.0
1.0
0.984355743248
0.0
1.0
0.0
0.908931052672
0.994147434214
0.97077154605
1.0
0.0
0.989873837598
1.0
0.995585313001
0.969967087751
1.0
0.974647120301
0.993245120489
0.0
1.0
0.910158605823
1.0
1.0
1.0
0.965257395322
0.946722031372
1.0
1.0
0.980628166886
1.0
1.0
1.0
1.0
1.0
1.0
0.710976342492
0.921632390697
1.0
0.949707498608
0.945022987192
1.0
1.0
1.0
0.963416654087
1.0
1.0
1.0
0.85214132624
1.0
1.0
1.0
0.90598490339
0.978223532576
1.0
1.0
1.0
1.0
0.990750329288
1.0
0.966682105361
0.965795672013
1.0
0.0
0.929488583579
1.0
0.961259300685
1.0
1.0
0.971501261816
1.0
1.0
1.0
0.981336024679
1.0
0.996137974337
0.0
1.0
1.0
1.0
1.0
1.0
1.0
1.0
1.0
0.959955778608
0.713386907204
1.0
1.0
0.997065409541
0.993868290434
0.711598139411
1.0
1.0
0.708861996722
0.944216115499
1.0
0.963044338347
0.963339939067
1.0
1.0
0.954737150262
0.988745208142
1.0
0.716916658032
1.0
1.0
1.0
1.0
0.986427205074
1.0
0.710070552032
1.0
0.720438845227
1.0
1.0
0.962727157787
0.947418351056
0.725498427478
1.0
1.0
0.97906092308
0.932601028593
1.0
0.994233780225
0.912306394389
1.0
0.712416150765
1.0
0.921003605752
1.0
1.0
1.0
1.0
0.972926613718
0.91607506365
0.999048722584
0.972726726155
1.0
1.0
0.967645502727
0.993643390743
0.976469604168
1.0
0.710967430713
0.938677631959
1.0
1.0
0.934598387418
1.0
0.979871955897
0.982100079056
1.0
1.0
1.0
1.0
1.0
0.948612634709
1.0
0.0
0.920352864232
0.0
0.997970508614
1.0
0.959426477359
0.952541504589
0.969417034093
1.0
1.0
1.0
0.990998340234
0.98635512137
0.993142248727
0.903938363654
0.960933171166
1.0
1.0
0.0
0.708679890149
0.975392957593
1.0
0.98555749676
0.971226121628
0.969192583058
0.957242412496
0.999413264388
1.0
1.0
0.974299135126
1.0
0.969198258185
0.990902583337
0.710560726693
1.0
0.92277183003
0.970287660914
0.998263072371
0.0
1.0
0.961635355112
0.0
1.0
0.988439639496
0.887865027088
1.0
1.0
0.953697068997
0.991902373491
0.716318803807
0.974441071199
1.0
1.0
0.940347298569
1.0
1.0
1.0
1.0
0.914300093142
1.0
1.0
1.0
1.0
0.976633927848
1.0
0.916733611337
1.0
0.734269866102
0.962511904826
1.0
0.0
0.983120604326
1.0
1.0
0.980874625458
0.995002459375
1.0
0.0
1.0
1.0
1.0
1.0
0.99542953911
1.0
0.71560174088
1.0
1.0
0.972586276658
1.0
0.914595210511
1.0
1.0
0.95080014548
1.0
1.0
1.0
0.0
1.0
0.944178796932
1.0
1.0
0.925128162926
0.907559651357
1.0
1.0
0.0
1.0
1.0
1.0
0.925763742116
1.0
1.0
1.0
1.0
1.0
1.0
0.933414491424
0.946930356701
0.0
0.979188527806
1.0
0.900940812939
1.0
0.961577444627
1.0
1.0
0.941530508648
0.909881673738
0.955100191133
1.0
0.0
1.0
1.0
1.0
0.980468436451
1.0
1.0
1.0
0.958596832709
0.0
0.944419903332
0.0
0.987655910679
0.974090555182
0.922019562034
0.725594879111
1.0
1.0
1.0
1.0
0.931335505824
0.951881856892
1.0
1.0
0.0
0.952390143165
0.0
1.0
0.974220673148
0.0
0.958721696207
1.0
1.0
0.900675229113
0.951111140483
0.998980662786
0.980690421511
0.977906945255
1.0
0.710905570083
1.0
0.965805565445
0.710490989048
1.0
1.0
1.0
0.960546289703
0.999205039652
1.0
1.0
1.0
1.0
0.951577474594
1.0
0.964456846577
1.0
1.0
0.958103518787
0.0
1.0
1.0
0.997265030461
0.850325867953
0.988053060686
1.0
1.0
0.979179316095
0.0
1.0
0.969660306356
1.0
1.0
0.987600604869
1.0
0.984893508938
1.0
1.0
1.0
1.0
0.992235117447
0.959807713279
0.977753558214
0.709832500008
0.903995159323
1.0
0.942869187254
0.939396953529
0.951011935655
0.725429674999
1.0
1.0
1.0
0.991973791893
0.992869090341
0.987029490638
0.895311446272
0.716539627605
0.715353349598
1.0
0.90916776313
0.985883171169
1.0
0.976012763341
1.0
1.0
0.962380639804
1.0
1.0
1.0
1.0
0.993076203065
0.0
0.933864353868
1.0
1.0
0.0
1.0
0.910243637113
0.98570751022
0.916493850932
1.0
0.994343777687
1.0
1.0
0.972650570811
1.0
0.988465057191
0.721996864871
1.0
0.709808365112
1.0
1.0
0.73736483717
1.0
0.951247010192
0.0
1.0
1.0
0.900803027151
1.0
1.0
0.987877259272
0.93226579286
1.0
0.94553053758
0.931085985922
1.0
0.986316478345
1.0
1.0
1.0
1.0
1.0
1.0
0.998189444059
0.954334928823
1.0
1.0
0.963474954124
1.0
1.0
0.735387156554
0.962882290775
0.99788041201
0.997433899894
0.0
1.0
0.924793225178
1.0
0.898244786606
0.942240250642
0.995530529027
1.0
1.0
0.998661756842
1.0
0.996309892588
1.0
1.0
1.0
0.979535322901
1.0
1.0
1.0
0.947993094664
0.0
0.716591771263
0.902703987098
1.0
0.927277346034
1.0
1.0
0.0
1.0
0.90331666525
1.0
0.964425890861
1.0
0.988113321217
0.961030877821
1.0
0.911660364801
0.976768193624
1.0
0.946644368301
0.0
1.0
0.953187148365
1.0
0.985078324766
0.0
0.0
1.0
0.904609877256
1.0
0.988500618377
0.0
1.0
0.0
1.0
1.0
0.916504723458
0.99906655193
1.0
1.0
1.0
1.0
0.978041285617
0.935592798815
0.98520777351
0.911817567792
1.0
0.908506748829
0.998429962257
0.713185361383
1.0
1.0
1.0
0.9662080401
0.969020827962
0.973175355789
0.934518120779
1.0
0.986479287798
0.933313096388
0.988866790634
1.0
1.0
1.0
1.0
0.990694578357
0.977799949557
1.0
0.906691376612
0.915666075425
0.0
1.0
1.0
0.904721283671
1.0
1.0
0.983467637054
0.0
1.0
1.0
0.965987495615
1.0
1.0
0.964213231016
0.973188573142
0.731100936148
0.970632231969
0.984283269106
1.0
0.0
0.977944278565
0.979159356573
1.0
0.978152573828
1.0
1.0
0.716187360098
1.0
1.0
0.990550560393
0.994256697393
0.99684631537
0.979177288369
0.990312046592
0.97228297829
1.0
0.971700705572
0.918305876736
1.0
0.909058600275
0.932737651293
0.975322993377
0.0
0.991799793082
0.718658331677
0.92325337808
1.0
1.0
1.0
1.0
0.997262516285
1.0
0.96624512284
1.0
0.991523547486
1.0
0.971323874614
1.0
1.0
0.944284228808
0.971888609928
0.994829650559
0.959448692005
1.0
1.0
1.0
0.990852841441
1.0
1.0
0.714767058641
1.0
0.984563868944
0.963920663663
1.0
1.0
0.938853277459
0.715218019588
1.0
1.0
0.997466791705
1.0
0.713660409351
1.0
1.0
1.0
1.0
0.0
1.0
0.911550950124
1.0
0.906129692509
1.0
0.721114415967
0.994762949303
1.0
1.0
1.0
0.922488019946
0.998905298662
1.0
1.0
0.9954341605
0.967514608242
0.926193934485
0.997428867442
1.0
0.711897541402
0.0
1.0
1.0
0.916232441668
1.0
1.0
1.0
1.0
1.0
1.0
1.0
1.0
0.0
1.0
1.0
1.0
1.0
1.0
1.0
0.973669476154
1.0
1.0
0.933620456751
1.0
1.0
1.0
1.0
0.0
1.0
1.0
1.0
1.0
1.0
1.0
1.0
1.0
0.979597676346
0.976646819832
1.0
1.0
1.0
1.0
0.994157839488
0.982898494179
1.0
0.963235683219
1.0
0.971133627951
1.0
0.963546337667
1.0
0.930434748341
1.0
0.975460225926
1.0
0.0
1.0
1.0
0.98650848303
1.0
0.91763904013
0.993232962545
0.993819019907
1.0
0.921757457212
0.932146276737
1.0
1.0
1.0
0.953288667835
0.980729275196
1.0
0.973109304469
0.995953743737
1.0
1.0
0.718974279245
0.957835854092
1.0
1.0
0.947750280787
1.0
1.0
1.0
1.0
1.0
1.0
1.0
0.987192032365
1.0
1.0
0.722647395336
1.0
1.0
0.997135762323
1.0
1.0
1.0
1.0
1.0
0.996851847612
1.0
0.95978133153
0.975680451699
1.0
0.708510434313
0.938782864126
0.91455280671
0.979054404192
0.959199122384
1.0
1.0
1.0
0.0
1.0
1.0
1.0
1.0
1.0
0.9224609624
0.0
0.95941469348
1.0
1.0
0.97398056599
0.995755102827
1.0
1.0
1.0
0.0
0.0
1.0
1.0
0.999430759999
1.0
0.991575219243
1.0
1.0
1.0
0.976493694759
0.986997808004
1.0
1.0
1.0
0.967488229329
0.911604792226
0.973970438288
1.0
1.0
1.0
1.0
0.994085606422
0.999318446174
0.966328187753
0.719986552231
0.0
0.910237616134
0.986513193554
0.985654599192
0.0
0.992846723898
0.914008955865
0.943003267611
1.0
0.990316096732
1.0
0.995638088039
1.0
1.0
0.976929568409
1.0
0.95021550103
1.0
1.0
1.0
0.926223193173
1.0
1.0
1.0
1.0
1.0
0.0
1.0
0.969028048179
0.914585139158
0.92086697831
0.976151229809
0.996546516413
0.944833200562
1.0
1.0
0.993204204182
0.0
0.0
0.968066314262
0.715044535241
1.0
1.0
0.0
1.0
0.973383925786
1.0
0.97776666242
1.0
0.975031324057
0.716206400423
0.989761543017
1.0
0.968304150755
0.0
0.981833250598
1.0
1.0
0.964623060448
1.0
1.0
0.710840261308
1.0
0.989917902491
1.0
0.944724839839
0.944339105098
1.0
0.984130911202
0.966643648328
1.0
1.0
0.935795444656
1.0
1.0
0.967911340737
1.0
1.0
1.0
0.931206086859
0.90100455577
1.0
0.710380599414
0.955887328521
1.0
0.996202210185
0.910176573001
0.943602751519
0.998760488719
0.0
0.992494468915
1.0
0.997631643917
1.0
0.708759122834
1.0
0.98145978312
1.0
1.0
1.0
1.0
1.0
0.915868972231
0.886517326088
0.967203929592
0.983047412965
0.99141464552
1.0
1.0
1.0
0.929838671787
1.0
0.985702614303
0.965755508855
1.0
1.0
0.986595409709
0.940019558786
1.0
1.0
1.0
0.962262914927
1.0
1.0
0.984256182029
1.0
1.0
0.962889777273
0.0
1.0
0.961757222715
1.0
1.0
0.961630294442
0.939418219484
1.0
0.973175306219
1.0
0.709647255744
0.96023002073
1.0
0.980079529493
0.887643339316
0.975931454908
0.988679290378
0.991942735495
1.0
0.978268436645
1.0
1.0
0.990430155359
0.947769859732
0.972617512335
1.0
0.995495547464
1.0
1.0
1.0
1.0
0.951047623986
1.0
1.0
1.0
1.0
0.964474745858
1.0
1.0
0.957840409292
1.0
0.986465131932
0.674649930223
0.998434154295
0.709274929445
1.0
1.0
1.0
1.0
1.0
0.912840316109
0.989601640797
0.980217254448
1.0
1.0
1.0
1.0
1.0
1.0
0.714284178163
1.0
1.0
1.0
1.0
0.964035346805
0.962234108152
1.0
0.958906772608
1.0
1.0
1.0
0.0
0.989567455698
1.0
1.0
1.0
0.904761953045
0.0
0.965166154736
1.0
0.708756778803
1.0
0.999366042638
1.0
1.0
1.0
1.0
0.0
0.984027055754
1.0
1.0
0.97677857535
0.91968228494
1.0
1.0
1.0
1.0
1.0
0.962866938891
1.0
0.948576785672
1.0
0.977833180669
1.0
0.911411182985
0.999428580242
0.979617758714
1.0
1.0
1.0
0.990630762593
0.986772514802
0.977906880886
1.0
1.0
1.0
1.0
0.971146916562
1.0
1.0
0.98453972744
1.0
1.0
1.0
0.916005215113
0.903239065309
1.0
1.0
1.0
1.0
0.934966995932
1.0
1.0
0.868691711678
1.0
0.888226446095
1.0
0.957936290271
0.921600751643
1.0
1.0
0.965880907157
0.947147711675
0.927571565773
0.923516445421
1.0
0.0
1.0
1.0
0.0
1.0
0.0
0.964317877071
1.0
1.0
0.97200051107
1.0
0.902188057131
0.920635247629
0.952192100441
0.934890082102
1.0
1.0
0.976666317876
0.0
1.0
0.977431602003
0.968898703269
0.971733041108
0.967632991748
0.92926958301
1.0
0.713538111765
1.0
1.0
1.0
1.0
1.0
0.907592951602
1.0
0.9940409826
1.0
0.988483899478
1.0
1.0
1.0
0.995428177825
1.0
0.711478854256
1.0
1.0
0.954287677057
1.0
1.0
1.0
0.983554582697
1.0
0.721056917642
1.0
0.999631045787
1.0
0.972121802763
0.710107261112
1.0
1.0
1.0
1.0
0.904190899059
0.978990974398
0.0
1.0
0.0
0.997918454211
1.0
0.899785995581
0.0
1.0
1.0
1.0
0.999462769261
1.0
0.98904779816
1.0
0.95809013602
1.0
1.0
0.911794026545
0.940270495165
0.973914664152
1.0
0.979761182255
1.0
1.0
1.0
0.961308861537
0.989650256171
0.929826668353
1.0
1.0
0.0
1.0
1.0
1.0
1.0
0.992727298453
0.913440747358
0.980248415689
0.994557622422
1.0
0.0
0.926230841011
1.0
0.980517792625
1.0
0.968962976935
0.99779724159
0.953389204043
1.0
0.992103684516
0.714773681927
0.97020604216
0.933343323973
0.986243211627
0.870156953615
0.976397823756
0.0
0.964569521317
0.965594692316
0.958190233621
0.974636483179
1.0
1.0
0.710138423853
1.0
0.985097314136
1.0
1.0
1.0
1.0
1.0
1.0
1.0
1.0
1.0
0.0
1.0
0.956886311206
1.0
1.0
0.980965847512
1.0
1.0
1.0
0.992932215464
1.0
1.0
0.0
0.984896098517
1.0
1.0
1.0
1.0
1.0
1.0
0.717193245156
0.95158860522
1.0
1.0
1.0
0.9787175181
0.972973391446
1.0
1.0
1.0
1.0
1.0
0.0
0.96343619137
0.979134538157
1.0
0.995671046235
1.0
1.0
0.985080639932
0.971004414449
0.993085056159
0.985255511752
0.994482252077
0.991214803696
1.0
0.741574299907
0.924809218411
0.0
1.0
1.0
0.991994497633
0.980608481575
0.976667597368
1.0
0.931025757442
1.0
0.920373541113
1.0
0.965590258266
0.724765283558
1.0
1.0
1.0
1.0
1.0
1.0
0.965644175293
0.0
1.0
1.0
0.947772933998
0.985408344517
0.978419752731
0.994406222993
0.711543460217
1.0
0.913419382457
1.0
1.0
1.0
1.0
0.971842801572
0.990992544386
0.955339066601
0.90472588391
0.715705297638
0.0
1.0
0.994208837133
1.0
1.0
0.944206328819
1.0
0.968259722742
1.0
0.971503659863
1.0
1.0
1.0
0.954100997348
1.0
1.0
0.941023910524
1.0
0.983681850963
0.96267991228
1.0
1.0
0.948111832207
0.957656904875
0.982141755963
1.0
0.955927561756
1.0
1.0
1.0
0.954302208295
1.0
1.0
0.0
0.967453161917
0.991932964623
1.0
0.953033467191
1.0
0.0
0.98524779572
0.916096485603
1.0
1.0
0.904012388023
0.955166499752
0.978616234416
1.0
0.711482779106
1.0
1.0
1.0
0.99641407391
1.0
0.709862317551
0.0
1.0
0.93690826884
1.0
0.978620095519
1.0
0.989904630474
0.966947148507
0.972538453519
1.0
1.0
1.0
0.989518614287
0.885065598806
0.993353897733
0.938922863778
0.895765617705
0.981743434334
1.0
1.0
1.0
0.972162328205
1.0
1.0
1.0
1.0
1.0
1.0
0.906939784559
0.964097269597
1.0
1.0
0.983803090365
1.0
1.0
0.98544451216
1.0
1.0
0.907362098602
1.0
1.0
0.982918834163
1.0
0.996866709788
1.0
1.0
0.727662699891
0.963883364374
1.0
1.0
1.0
1.0
1.0
1.0
0.993700628844
1.0
0.995572533811
1.0
0.948742582979
0.719823151365
0.970358915088
1.0
1.0
1.0
0.99634081985
0.979714061839
0.978077747764
0.979850667178
1.0
1.0
1.0
0.935611090203
1.0
0.969971867668
1.0
1.0
0.997774498236
1.0
1.0
1.0
0.93699772459
0.971265628784
0.99403203867
1.0
0.976622642478
1.0
0.989731677194
0.965580821759
0.991284346242
1.0
1.0
1.0
1.0
0.939258421503
1.0
1.0
1.0
0.959224066713
0.941258817963
1.0
0.711400829605
0.990233694307
0.988045384819
0.969297838853
1.0
0.860640541086
1.0
1.0
0.0
0.737791077969
0.858016306137
0.708391461311
1.0
0.986633081116
0.928194009992
1.0
0.991759339698
0.994506280084
0.999918121085
1.0
1.0
1.0
1.0
1.0
1.0
0.957760364009
1.0
1.0
0.974718189744
0.979073749266
1.0
0.985638053747
0.994440631637
0.0
1.0
1.0
0.988598072978
0.961553764998
0.928125233787
1.0
1.0
1.0
0.976913630516
0.98478681259
0.986050287029
1.0
0.979632319071
0.945936674741
1.0
0.998973139419
1.0
0.870426152294
1.0
0.0
1.0
1.0
1.0
1.0
1.0
1.0
0.976649462704
0.978099471994
1.0
0.947185987999
0.94113912376
0.718356483622
0.816195635233
0.0
1.0
0.880660271929
1.0
1.0
1.0
0.986900297422
0.982273625626
1.0
0.915208158167
1.0
1.0
0.977985835079
1.0
1.0
1.0
0.992696470046
0.0
1.0
0.981515090532
0.991772936024
1.0
0.71323230885
0.999578460831
0.997297201831
0.949143020883
1.0
0.964675339452
1.0
1.0
1.0
0.996571380155
1.0
1.0
0.730736894364
0.918026193945
1.0
1.0
1.0
1.0
0.99304003939
0.943710298298
0.995142060015
1.0
1.0
0.963543050384
1.0
1.0
0.971060862679
1.0
0.0
1.0
0.956848948838
0.0
1.0
0.961349452893
0.986956163723
0.910476334764
0.993407773183
1.0
1.0
0.708796252821
0.986725851206
0.973390173859
0.984917734197
0.992327847187
0.995548324914
0.988976487238
1.0
1.0
1.0
0.989026617571
1.0
0.962427679643
1.0
0.969134307967
1.0
1.0
0.981043468652
0.996179658059
0.710597399755
1.0
0.966503766497
1.0
0.999080167121
1.0
1.0
1.0
1.0
1.0
0.962787729151
0.991552046776
0.0
1.0
0.984806851515
1.0
1.0
1.0
1.0
1.0
0.0
0.99649583833
1.0
1.0
1.0
1.0
1.0
0.708585177835
1.0
1.0
1.0
0.919965402678
0.973339726119
0.0
0.988357456185
1.0
0.938289455694
0.974905228624
1.0
0.966961421563
1.0
1.0
0.932544631064
0.962615685362
1.0
0.97689853796
1.0
0.957257631605
0.983536541151
0.970077011218
0.985486722509
1.0
1.0
1.0
1.0
0.986326250008
0.932220863993
1.0
1.0
0.999998537912
0.736129791773
1.0
1.0
0.971844170764
1.0
1.0
1.0
1.0
1.0
1.0
0.710291737849
0.710832089093
0.712756820155
1.0
0.992681270356
1.0
1.0
0.92711739552
1.0
1.0
0.97554651984
1.0
1.0
1.0
0.916250486068
0.0
1.0
1.0
1.0
0.96545435164
1.0
1.0
0.0
0.906634603608
1.0
1.0
1.0
1.0
1.0
1.0
0.909299216593
0.890323530812
0.0
0.996463462219
0.957129334878
1.0
0.937479454007
0.994313958845
0.99125948089
1.0
1.0
0.0
0.908696211561
1.0
0.982000215919
0.970383530795
1.0
1.0
0.97598991015
1.0
0.938260169402
1.0
0.970459942879
0.90601122741
0.946070425641
0.927510360543
1.0
0.98295489758
1.0
0.988980107683
0.0
1.0
1.0
1.0
1.0
0.976869255789
1.0
0.709397534437
0.992305264706
0.973032937544
1.0
1.0
0.709319578241
1.0
1.0
1.0
1.0
1.0
0.875659575908
1.0
0.96248298699
0.984253006714
1.0
0.910580859351
1.0
1.0
1.0
1.0
1.0
1.0
0.990572488285
1.0
1.0
0.978632007664
1.0
1.0
0.990210334558
1.0
1.0
1.0
0.712914563642
1.0
0.90754024612
1.0
1.0
1.0
0.985629172913
0.931157715872
1.0
1.0
0.710217010318
0.9259143943
0.997324446598
1.0
0.845853653022
1.0
1.0
1.0
0.70966102606
0.0
1.0
1.0
1.0
1.0
0.902155329595
1.0
0.0
1.0
1.0
1.0
1.0
0.989949503221
1.0
1.0
1.0
1.0
0.962910368363
0.0
1.0
0.961421651543
0.989532664757
1.0
1.0
1.0
1.0
1.0
1.0
0.718654971829
0.747632664611
1.0
0.985850254354
1.0
0.953450081137
0.943526147587
0.992956310617
1.0
1.0
0.944638476729
1.0
0.976124574734
0.0
1.0
1.0
1.0
0.0
1.0
1.0
0.0
1.0
1.0
0.955429900248
1.0
0.889502363331
1.0
0.960779512035
0.992887745773
1.0
0.716409968598
0.999225273973
0.995529793212
1.0
0.993229655668
1.0
1.0
0.0
0.710743280134
0.996366865645
0.99047927476
1.0
1.0
1.0
1.0
0.903420497843
0.994943288993
0.99318273144
0.982381406387
1.0
0.953872731258
0.998403250659
1.0
1.0
0.715866042701
0.955157163648
0.946381040524
1.0
1.0
0.919470983133
1.0
1.0
1.0
0.978725412046
0.712388152584
1.0
0.0
1.0
1.0
1.0
1.0
1.0
1.0
1.0
1.0
1.0
0.981577411338
0.0
0.957982057074
1.0
0.97065744381
1.0
0.709296010282
1.0
0.905377411115
1.0
1.0
0.966004284196
1.0
1.0
1.0
1.0
1.0
1.0
1.0
1.0
0.0
1.0
1.0
1.0
1.0
0.910331399314
1.0
1.0
0.998871263333
1.0
0.974280619048
1.0
0.97911020138
0.95122874556
0.999833682169
1.0
0.987886497538
1.0
0.991581921344
1.0
1.0
0.0
0.931528334318
1.0
0.981843435381
0.992673467345
0.925825834946
1.0
1.0
0.997611053797
1.0
1.0
1.0
0.981001743793
1.0
0.932858869023
1.0
1.0
1.0
0.976134005477
0.961545853093
0.968991917717
0.993099278537
0.714460547658
1.0
1.0
1.0
1.0
1.0
0.960094396268
1.0
0.99931160115
1.0
1.0
1.0
1.0
1.0
0.865607652911
0.0
0.935704630612
1.0
1.0
1.0
1.0
1.0
0.913180670723
1.0
1.0
1.0
0.996730015308
1.0
0.933326590997
1.0
0.996104630019
0.0
0.710053636829
1.0
1.0
1.0
0.996165056988
0.95807007097
0.0
0.987635417893
0.722120424741
0.954453665184
1.0
1.0
1.0
1.0
1.0
0.957839060925
1.0
1.0
1.0
0.980556839899
1.0
1.0
0.999057019057
0.9084805205
1.0
1.0
0.959030479824
1.0
0.968978837966
1.0
0.911907072924
1.0
0.983516590443
1.0
1.0
1.0
1.0
1.0
0.990798168101
1.0
1.0
1.0
0.891141122897
1.0
1.0
1.0
0.952908809253
0.94803680447
1.0
1.0
1.0
1.0
0.847430405197
1.0
0.966958161993
1.0
0.710946099126
1.0
1.0
1.0
1.0
0.871098817939
1.0
1.0
0.97047696275
0.975652246308
0.913878890236
0.989755629658
1.0
1.0
1.0
0.979589681475
0.976924468744
0.73502018129
0.915004728744
0.932470657327
1.0
0.965983998508
0.994205674855
1.0
0.982133642721
1.0
0.954522504195
0.995142095892
1.0
0.672043431473
0.720167343587
1.0
1.0
1.0
1.0
0.0
1.0
1.0
1.0
0.718455269542
1.0
1.0
1.0
1.0
0.949857778585
1.0
1.0
1.0
0.976245869074
1.0
1.0
1.0
0.967781506475
1.0
0.998045746542
0.983543841929
1.0
1.0
1.0
1.0
0.716561555432
0.896257935136
0.0
1.0
0.99169745572
0.981033619135
0.716324918226
1.0
1.0
1.0
0.978871847773
1.0
0.98908258741
1.0
1.0
0.988054753524
1.0
1.0
1.0
1.0
0.992345495353
1.0
1.0
1.0
1.0
1.0
0.0
1.0
1.0
1.0
1.0
1.0
0.914128204873
1.0
0.925076704019
1.0
1.0
1.0
0.960757739266
1.0
0.990257724878
0.950618049648
0.886529770972
1.0
0.969342750616
1.0
0.938120731906
0.986170378614
1.0
1.0
1.0
0.985082762078
1.0
1.0
0.0
1.0
0.967946545467
1.0
1.0
1.0
1.0
0.958141374765
1.0
0.991635298557
1.0
0.957671469052
1.0
1.0
1.0
0.977747988792
0.966203412245
0.924766686216
1.0
1.0
0.975597437998
1.0
0.711252037135
0.985287367536
0.711244342899
0.947829275034
0.926466891354
1.0
0.963367269715
0.921945156587
1.0
0.967981653101
1.0
0.988939634686
0.995871479355
0.0
0.0
0.946520572437
0.981700875494
0.9753457912
0.934908047975
1.0
0.986867071565
0.951288261528
0.969716122791
1.0
0.940701449241
1.0
0.710843883125
1.0
0.909403724365
1.0
1.0
0.938886490982
1.0
1.0
0.0
0.714755360647
0.72151769167
1.0
1.0
0.989716284025
1.0
0.0
1.0
0.990397005222
1.0
1.0
1.0
1.0
1.0
0.969689802698
0.999999917692
0.895214716097
1.0
0.999298450295
1.0
0.906964734294
1.0
0.991892733886
0.0
0.984233799032
0.999224291975
0.96128029778
1.0
1.0
0.0
0.913936632618
0.870713892413
0.96364804923
1.0
1.0
1.0
1.0
1.0
1.0
1.0
0.988392652459
0.899668508384
1.0
1.0
1.0
1.0
1.0
1.0
0.979694211064
0.965741144546
1.0
0.994974503558
1.0
1.0
1.0
1.0
1.0
0.995951644706
1.0
0.993961645756
0.0
0.966575767538
1.0
1.0
0.0
1.0
1.0
0.961051149365
1.0
0.972849622215
0.965339848273
0.0
1.0
0.998215995908
1.0
1.0
1.0
0.944914210931
1.0
1.0
1.0
1.0
0.994187212225
0.94719027557
1.0
1.0
1.0
0.973507555144
1.0
1.0
1.0
0.911850312963
0.983425918661
0.992135097713
1.0
1.0
1.0
1.0
1.0
0.719894104189
0.909766656705
0.994168674206
0.714696749427
1.0
0.943815379732
1.0
0.944060388967
1.0
0.876526319204
1.0
1.0
1.0
1.0
0.0
0.962590476009
0.989082469374
0.971044209417
1.0
0.0
0.0
1.0
0.926506343665
0.991589683855
0.923081194186
0.988590773548
1.0
1.0
0.930367343473
0.928177852682
1.0
0.0
1.0
0.988677975184
1.0
1.0
1.0
0.990406747807
1.0
0.942779966503
1.0
1.0
0.977250687169
1.0
1.0
1.0
0.985940184608
1.0
1.0
1.0
1.0
1.0
1.0
0.921312556805
1.0
1.0
1.0
1.0
1.0
0.99376405141
0.0
0.993782391525
1.0
1.0
1.0
1.0
0.709091967756
0.914895916921
1.0
1.0
1.0
1.0
1.0
0.0
1.0
0.963866447722
1.0
0.974153033196
1.0
1.0
1.0
1.0
0.972347168495
1.0
0.986215322202
0.956431823464
0.992114974485
0.980539595175
1.0
1.0
0.977853657037
1.0
1.0
0.0
0.901969531933
1.0
1.0
0.986757494738
1.0
0.984199066387
1.0
1.0
0.891222945771
0.0
1.0
1.0
1.0
1.0
0.996340547354
0.709843783586
1.0
1.0
1.0
1.0
1.0
0.937436436748
0.989617092112
1.0
0.708888908963
1.0
0.839546556938
1.0
0.903949324355
1.0
1.0
0.99651198494
1.0
1.0
1.0
1.0
1.0
1.0
0.990531768256
0.883644054261
0.987958044659
1.0
0.920834889325
0.980036736777
1.0
0.968229401983
1.0
0.99851970189
1.0
0.914526349772
0.973084015762
1.0
1.0
0.991398419633
0.0
0.899926543153
1.0
1.0
1.0
1.0
1.0
1.0
1.0
1.0
1.0
1.0
1.0
1.0
1.0
1.0
0.979182355735
1.0
1.0
1.0
1.0
1.0
1.0
0.96457874014
0.984109210091
0.996606098168
1.0
1.0
1.0
1.0
0.911204116394
0.900425801641
0.83227794353
0.954508275597
0.719047278478
0.888511749231
1.0
0.732988024646
0.909995489744
1.0
1.0
1.0
0.980972337883
1.0
0.954670357026
0.96773310316
0.985874234817
0.710457285315
1.0
1.0
0.985226604649
0.965497399141
1.0
0.987059323949
1.0
0.972012590213
1.0
1.0
0.877405213267
0.99384179188
1.0
1.0
1.0
1.0
0.708655270151
0.894655493823
1.0
0.974910591225
0.918266503649
0.0
0.992797033875
0.993454650255
0.999550969869
0.997791415156
0.988425824966
0.937524564952
1.0
1.0
0.0
1.0
1.0
0.920070281333
0.714058214508
0.961510425793
0.887046912279
0.966587860623
0.727063451414
0.951203684294
1.0
1.0
1.0
0.0
0.0
0.994279069538
1.0
1.0
0.956822770679
0.93043059995
0.968892462876
1.0
0.97698667949
1.0
1.0
0.961444795549
0.985565141774
1.0
0.0
1.0
1.0
1.0
0.896444595576
0.913607014147
1.0
0.990111135361
0.974800073671
1.0
1.0
0.9239652311
0.950640558638
0.957376936703
1.0
0.985609685175
0.98463602509
1.0
1.0
0.997873009149
0.975760140076
0.989633376668
1.0
0.877023558219
0.989352003603
1.0
1.0
1.0
0.975117720984
1.0
0.942847095142
0.0
1.0
0.965327641709
0.0
0.975560849873
0.708847091714
0.90087692542
0.942360581896
0.964111494618
1.0
1.0
1.0
0.995058453666
0.999403097994
0.709839977078
0.0
0.0
0.0
1.0
1.0
1.0
1.0
1.0
1.0
0.97841192411
1.0
0.709597824584
1.0
1.0
0.968979939034
1.0
1.0
0.942983096942
0.726635855284
1.0
0.714737417552
1.0
0.712955984093
1.0
1.0
1.0
0.955605734094
0.978108902118
1.0
0.961464477184
1.0
1.0
0.921785611215
0.715658603383
0.962001874467
0.0
1.0
0.91770244642
0.940882336977
1.0
0.973899227239
1.0
1.0
1.0
1.0
0.962899243924
1.0
1.0
1.0
0.724662108874
0.0
1.0
1.0
1.0
1.0
0.894415019694
1.0
1.0
0.981687505207
1.0
0.994130839117
1.0
1.0
0.932151207889
0.710555038803
0.991137348388
0.983926748611
1.0
0.935799888096
1.0
0.940861896223
1.0
1.0
1.0
0.956438700565
0.9552452038
1.0
1.0
1.0
0.952020784025
0.994164309985
1.0
1.0
0.996211022834
0.986428688165
1.0
0.971787979757
1.0
0.92377038388
0.946654570124
1.0
0.984570723145
0.982268484557
1.0
0.92168089323
1.0
1.0
0.708699688703
1.0
0.982087051993
1.0
1.0
1.0
0.980701449953
1.0
1.0
1.0
1.0
1.0
1.0
0.965448143383
1.0
1.0
1.0
0.994274265329
0.975992187895
0.99521941974
0.975768903109
0.964319984252
0.991704789494
0.0
0.979496916742
0.911946403989
0.952923216179
1.0
1.0
1.0
0.967758314874
1.0
1.0
1.0
1.0
1.0
0.972038712288
0.983165700625
1.0
1.0
1.0
1.0
1.0
1.0
0.987247399653
0.957350901098
0.983228337062
1.0
0.988914455131
1.0
1.0
0.988354739266
1.0
1.0
1.0
0.939164164208
0.980558800703
0.976118249285
0.0
0.708990852006
0.99485107929
0.991285598249
0.962240020193
1.0
0.944416685879
1.0
0.0
1.0
0.976959940657
0.99472310743
1.0
0.992775724922
1.0
0.993574865975
1.0
1.0
0.709465496462
1.0
1.0
0.881522074063
0.99253514465
0.961976047982
1.0
0.0
1.0
0.983015174603
1.0
0.984139191926
0.992548969827
0.987258950452
1.0
0.718358619072
0.988869201331
1.0
0.968714803119
0.964346761317
1.0
1.0
1.0
0.88465761396
1.0
1.0
1.0
0.998468730507
0.0
1.0
0.911365397231
1.0
1.0
0.708492613994
1.0
0.983359606082
0.934256879935
0.953849057299
1.0
1.0
1.0
0.988376273093
1.0
0.970675730344
1.0
0.979547718496
1.0
1.0
1.0
1.0
0.986487522173
1.0
1.0
1.0
1.0
1.0
0.0
0.971118995672
0.914490557027
0.0
1.0
0.912087905988
0.910792413625
1.0
0.717338278442
0.983824880737
0.99992160397
0.0
0.988140314744
0.92400617214
0.969391614163
1.0
1.0
0.708511842785
0.871952810279
1.0
1.0
1.0
0.0
0.998522759495
1.0
1.0
1.0
1.0
1.0
1.0
0.916920590501
1.0
1.0
0.984121961859
1.0
1.0
1.0
1.0
1.0
1.0
1.0
0.974851226069
1.0
0.946125988546
0.998312600524
0.709970796239
1.0
0.713117252951
1.0
1.0
1.0
0.945155196818
0.967712816966
0.711512491743
1.0
0.93514776728
1.0
1.0
1.0
0.96976149196
1.0
0.941812627859
0.928095574898
1.0
1.0
1.0
1.0
0.962111774254
0.862763697645
1.0
1.0
1.0
0.907683167949
1.0
1.0
1.0
0.989147070765
0.0
1.0
1.0
1.0
1.0
0.987968558337
1.0
1.0
0.0
1.0
1.0
1.0
0.943908975096
0.974914839688
1.0
1.0
0.998645639608
0.98502619686
0.970862977007
0.984627617367
0.954786049949
1.0
1.0
0.710915541862
1.0
1.0
1.0
1.0
1.0
1.0
0.971232412727
0.0
1.0
0.983980637693
0.910859602758
0.955090009312
1.0
1.0
0.990120117556
1.0
0.980503058049
1.0
1.0
1.0
0.995215896036
0.92633478413
1.0
1.0
1.0
1.0
1.0
1.0
0.0
0.0
1.0
0.984324814609
0.977295083014
0.995140604692
1.0
0.956720694172
0.969211394075
1.0
1.0
0.716466416882
1.0
0.0
0.999096734566
1.0
1.0
1.0
0.983331600305
1.0
0.999687782349
0.971124788087
0.986677242632
0.839528110089
1.0
1.0
1.0
1.0
0.911128626696
0.916688206217
1.0
0.719828430162
1.0
1.0
1.0
1.0
0.994614508998
1.0
0.899948514164
0.0
0.940215244977
0.0
1.0
1.0
1.0
1.0
1.0
0.97267677069
1.0
1.0
1.0
1.0
0.965104891244
1.0
1.0
0.907869035075
0.811165815075
1.0
0.990005642739
1.0
1.0
1.0
0.710100643226
1.0
1.0
0.983162938111
1.0
1.0
1.0
0.96772746646
1.0
1.0
1.0
0.994279477933
0.978210296917
1.0
0.985633189242
0.955556286574
1.0
1.0
0.979882196579
1.0
0.98423969931
1.0
1.0
0.685715235031
1.0
1.0
0.998296617628
0.0
1.0
1.0
0.0
1.0
1.0
0.987585780112
1.0
1.0
1.0
1.0
1.0
1.0
1.0
1.0
1.0
1.0
1.0
0.989850580434
0.904487235034
1.0
0.709144317729
0.934517508117
1.0
1.0
0.917047244281
0.953488202916
0.962228632631
0.933867747663
1.0
0.949035353429
1.0
0.914715735702
0.936966345873
0.911944848688
0.989202550327
1.0
1.0
1.0
0.951210808989
0.94100394539
1.0
0.962752267445
1.0
1.0
0.970703366937
1.0
1.0
0.993386441439
1.0
1.0
1.0
0.984434059404
0.994085385531
0.981521354055
0.957952821755
0.996772389219
0.957836439918
1.0
0.988595819414
1.0
1.0
0.996261029269
1.0
0.943114024431
1.0
1.0
1.0
1.0
0.995645188317
1.0
0.990077913815
1.0
0.914184739727
0.956456337822
1.0
1.0
0.958039453701
0.947436805871
1.0
1.0
1.0
1.0
1.0
1.0
1.0
1.0
0.713148893022
0.962149392914
1.0
1.0
1.0
1.0
1.0
0.964628441067
0.712551447899
1.0
1.0
1.0
1.0
1.0
1.0
0.710204102437
1.0
0.909471189061
1.0
0.991662231174
1.0
1.0
0.924286916904
0.996463802858
1.0
1.0
1.0
1.0
1.0
1.0
1.0
1.0
0.967734630948
1.0
0.916800916154
0.908280701449
1.0
0.710364694587
0.989197903796
0.986398019508
1.0
1.0
1.0
1.0
1.0
1.0
1.0
1.0
1.0
0.0
0.710613158104
1.0
0.970562415694
0.96848483483
0.990104375256
0.892258330618
1.0
0.0
0.9051888054
0.993960751472
1.0
1.0
1.0
1.0
1.0
1.0
0.966953018432
1.0
1.0
0.991661757815
0.997207188998
1.0
1.0
1.0
1.0
1.0
1.0
1.0
0.0
0.988351562938
0.865323887777
0.970935321778
1.0
1.0
0.994540385967
0.968667449491
0.709853361649
1.0
0.978271715358
0.825021218053
1.0
1.0
0.90847505681
0.869791690152
1.0
0.914697525793
1.0
1.0
1.0
1.0
1.0
0.716027564279
1.0
1.0
1.0
0.930058435944
1.0
0.0
0.975004652745
0.87090297177
0.988521465211
0.987677775637
1.0
0.798339819694
1.0
0.0
1.0
0.940383320641
1.0
0.993743951452
0.716066223735
0.710905705701
0.986296490965
1.0
1.0
1.0
1.0
0.984526237596
0.95235729744
1.0
1.0
0.914576624832
1.0
0.96912724305
1.0
1.0
1.0
1.0
1.0
0.894505944342
1.0
0.0
0.0
0.962469794665
0.995967689459
1.0
1.0
1.0
0.989128174371
1.0
0.709388883304
0.944699326506
1.0
1.0
1.0
0.972290692545
0.0
1.0
0.999587376077
1.0
1.0
0.968605685919
0.977812267527
0.98379181815
0.950566334552
0.946725457505
0.97769312794
0.902351253056
0.953182825604
0.948998120828
0.988776702093
1.0
1.0
1.0
1.0
1.0
0.722565719369
1.0
0.964954243914
1.0
1.0
1.0
1.0
1.0
0.976694830518
1.0
1.0
1.0
0.981921024725
0.938081070145
0.710313687748
1.0
0.968124903846
0.998469077245
1.0
1.0
1.0
1.0
0.856377547128
1.0
1.0
0.906940188058
0.989333138498
0.995535331133
0.904981768923
1.0
1.0
0.97808674033
0.987182358849
1.0
0.951295011504
0.715280910459
1.0
1.0
1.0
1.0
0.986363820307
1.0
1.0
0.0
1.0
1.0
1.0
1.0
1.0
1.0
0.711323067937
1.0
1.0
0.974023240247
1.0
1.0
1.0
0.973732829769
0.996212661669
1.0
0.927448560372
1.0
0.0
1.0
1.0
1.0
1.0
1.0
0.99238195752
1.0
0.938126138471
0.0
0.721960587495
1.0
1.0
1.0
1.0
0.982892657485
1.0
1.0
0.971116365452
1.0
1.0
1.0
0.958443559462
0.987882567886
0.0
1.0
1.0
1.0
1.0
1.0
0.98669980265
0.986941678942
1.0
1.0
0.984774748996
1.0
1.0
0.941285450839
0.710380403039
0.957479973739
1.0
1.0
1.0
1.0
1.0
1.0
0.996352764875
1.0
0.996546299811
0.905254524093
1.0
1.0
0.959153221045
1.0
0.936894705616
0.994069492827
1.0
0.0
0.987468383605
0.976636087719
1.0
0.987133509103
1.0
0.999241201004
0.992866977828
1.0
1.0
1.0
1.0
0.970315670039
0.990221388548
0.0
1.0
1.0
1.0
1.0
0.984475048596
1.0
1.0
0.972952887312
1.0
1.0
0.992804602705
0.933744249248
1.0
1.0
0.0
0.0
1.0
0.996049493091
0.737656963225
1.0
1.0
0.979350593709
1.0
0.99778774928
0.903934799542
1.0
1.0
1.0
0.961960996571
1.0
0.934475821101
1.0
0.999587049234
0.947996121173
0.903702300311
0.995833435808
0.721701910932
1.0
0.986952550016
0.908312276517
0.0
1.0
0.972613592362
0.0
0.709380320158
0.949071921443
1.0
0.918332960515
0.712505147067
0.956076939078
0.974610345118
0.976095887779
1.0
1.0
0.959380918143
0.992973023365
1.0
0.0
1.0
1.0
0.907031598769
0.86427930979
0.99463298969
1.0
1.0
0.950748333849
1.0
0.96128906714
1.0
0.998948285686
1.0
0.98945423137
1.0
1.0
0.989179488709
1.0
1.0
0.0
1.0
1.0
0.731101861847
1.0
0.949903767383
0.89612258873
1.0
0.902849520223
1.0
1.0
1.0
1.0
0.998220142146
0.930148527547
1.0
0.995348157534
1.0
0.995628617446
0.0
0.906555541953
0.718124173672
1.0
1.0
0.961980265831
0.972824859438
1.0
1.0
0.991161706294
1.0
0.925497885021
1.0
0.911921589861
1.0
0.98173496161
0.962622046281
1.0
1.0
1.0
0.94590921138
1.0
1.0
1.0
0.731934815932
0.0
0.0
1.0
0.959241820654
0.962773541048
1.0
1.0
0.0
0.92828202844
1.0
1.0
0.925791662469
1.0
1.0
0.994959488916
0.926064479732
1.0
1.0
1.0
0.989138825852
0.990742414733
1.0
0.978385103661
1.0
0.914903624211
0.972767457128
1.0
1.0
0.965834362089
1.0
0.976112559336
0.967426517345
0.9213443537
1.0
1.0
0.981371528521
1.0
1.0
0.96755048602
1.0
0.90317027394
1.0
0.710080040422
1.0
0.0
1.0
1.0
1.0
1.0
1.0
1.0
1.0
0.710111572347
0.99112144975
1.0
1.0
0.85184127815
1.0
0.975983283129
1.0
0.928047802181
1.0
0.988241709014
1.0
1.0
1.0
1.0
1.0
1.0
1.0
1.0
0.960045189765
0.962804508048
0.995514084558
1.0
1.0
0.99181721203
1.0
1.0
0.998317942959
1.0
1.0
1.0
0.99818634612
0.0
1.0
1.0
1.0
1.0
0.917515431485
0.0
1.0
0.990793029993
0.973699745893
1.0
0.982823078616
1.0
0.985135869542
1.0
1.0
1.0
0.718711906911
0.964635442232
1.0
1.0
1.0
1.0
1.0
0.899355111567
1.0
1.0
1.0
0.96226389351
0.935114355421
0.978347580935
1.0
1.0
0.0
0.0
0.966723361354
1.0
0.0
0.987782109878
1.0
1.0
1.0
0.987786415283
0.711513029336
1.0
0.950029820557
0.962776145375
1.0
1.0
0.997472838366
1.0
0.0
1.0
1.0
0.718746912854
1.0
0.946483760959
0.0
0.0
1.0
1.0
1.0
0.915828903866
1.0
1.0
1.0
1.0
1.0
0.976101425692
0.0
0.988641042806
1.0
1.0
1.0
0.983587679782
0.895819538759
0.0
1.0
0.0
0.951071796105
1.0
1.0
0.977101825264
0.986035555292
0.959156077266
0.954198567973
1.0
0.959123364973
0.910811101275
1.0
1.0
1.0
0.710607577299
1.0
1.0
0.708985358981
0.95379438595
1.0
1.0
1.0
1.0
0.914100484011
1.0
0.0
0.979510363651
1.0
1.0
1.0
1.0
1.0
1.0
1.0
1.0
0.904008493097
0.97683527691
1.0
0.0
0.921103599685
1.0
1.0
0.962507267922
1.0
1.0
0.939788776273
1.0
1.0
0.95614701331
1.0
0.908760488586
0.965675655425
0.858385974114
1.0
1.0
0.960414569897
1.0
0.987634173602
0.998968761272
0.921907675898
1.0
0.988621471229
0.982349926698
1.0
0.974425071409
0.937119330103
0.999830555812
1.0
0.993888741287
1.0
1.0
1.0
1.0
1.0
0.710065265382
0.716278930883
1.0
0.953785181841
1.0
0.936014077959
1.0
0.865421513483
1.0
0.969081927871
0.982900470747
0.93897626192
0.96817196815
0.975900579259
1.0
0.992065807914
0.94693249813
1.0
1.0
1.0
1.0
1.0
1.0
0.968575223987
0.0
0.996370888129
1.0
0.998421488546
0.969374819304
0.964706023122
0.913469419622
1.0
0.997947583541
0.0
1.0
1.0
0.969637440356
1.0
1.0
1.0
1.0
1.0
0.981034800862
0.714033036359
1.0
1.0
1.0
1.0
1.0
1.0
1.0
0.903677616962
1.0
0.985637499409
0.932231613387
0.0
1.0
0.0
0.98667612068
0.966721321735
0.970606961563
1.0
0.962176900128
1.0
1.0
1.0
1.0
1.0
1.0
1.0
1.0
1.0
1.0
0.995601641921
1.0
1.0
0.984745300952
0.970762390545
1.0
1.0
1.0
1.0
1.0
1.0
0.0
1.0
0.936818781021
0.997744765009
0.992587833847
1.0
1.0
1.0
1.0
1.0
1.0
1.0
1.0
0.988477715952
0.712868530055
0.962962345993
1.0
1.0
1.0
1.0
1.0
1.0
0.998443162855
1.0
1.0
1.0
1.0
1.0
1.0
1.0
0.959310752418
1.0
0.950589086028
1.0
1.0
1.0
1.0
0.986006879806
0.970673127725
0.982776373437
1.0
1.0
0.963094704704
0.989033454255
0.939917129149
1.0
0.96616016513
0.981342576178
0.977280302478
0.977253922026
1.0
1.0
1.0
0.0
0.909918647577
1.0
1.0
0.0
1.0
0.991521689847
1.0
0.925121432091
0.997100691686
0.99654901081
0.988531934894
0.953684355255
1.0
0.914611848833
1.0
1.0
1.0
0.905828993366
0.98418157725
1.0
0.955166546618
1.0
0.0
0.0
1.0
1.0
0.973827018321
0.986538086833
1.0
1.0
0.903370044274
0.946621128928
0.952961767066
1.0
1.0
0.973797373734
1.0
0.965671247878
1.0
1.0
1.0
0.950672014219
1.0
1.0
1.0
0.993971184715
0.964098156127
1.0
0.963218849014
1.0
0.708960587173
1.0
1.0
1.0
1.0
1.0
0.916771743855
0.970883880765
1.0
0.709607523109
0.998795134016
0.989423491335
0.987791056889
0.96270023684
0.0
1.0
1.0
1.0
1.0
0.912831963254
1.0
1.0
1.0
1.0
0.981951989946
0.898342417027
0.996989829
1.0
0.0
0.999391922608
0.984900721121
1.0
0.96542470757
0.96069358216
1.0
1.0
0.987288423729
0.0
1.0
0.95010431927
1.0
1.0
1.0
1.0
0.95346939422
0.990541102993
0.0
1.0
0.989071131977
1.0
0.0
1.0
0.979434880225
0.996464690731
1.0
0.831220193997
0.98909906749
0.996445853446
0.98312817947
0.998103456239
1.0
0.997741698974
1.0
1.0
1.0
1.0
1.0
0.984888477626
1.0
1.0
1.0
0.996878924877
0.994680544096
0.98140804305
0.998888469326
0.981644013244
1.0
0.943366101785
1.0
0.961532164427
0.725793487935
1.0
1.0
1.0
0.981785057369
1.0
1.0
1.0
1.0
0.990232069452
1.0
1.0
0.975863750131
1.0
1.0
0.973297339405
0.948238055797
1.0
0.710079871171
1.0
0.979076062347
0.945952664913
0.97728291844
0.942486213883
1.0
0.991897802371
0.956543377917
0.882285962527
1.0
1.0
0.913040853679
0.0
0.714212214816
0.0
0.711953803173
0.0
0.971905339285
0.0
1.0
1.0
1.0
1.0
0.916105157955
1.0
0.994849430484
1.0
1.0
0.960221883871
0.0
0.911427915238
1.0
1.0
0.0
1.0
1.0
0.98161311374
1.0
0.989824923255
1.0
1.0
0.974993476438
1.0
0.981014839186
1.0
1.0
0.708875979363
0.7112900694
0.957669904793
0.980595116279
0.980489986107
0.975695060201
1.0
1.0
0.930071407572
1.0
0.987074362175
1.0
1.0
0.910516613753
1.0
0.981692441545
0.994506921057
0.738436983911
0.905383557769
0.994123006512
0.0
1.0
1.0
0.952713556149
0.87684011456
0.997038512874
1.0
0.974975058134
1.0
1.0
0.95234301559
1.0
1.0
0.0
1.0
0.998925497757
0.959634295834
0.9711027229
0.938498215262
1.0
1.0
0.970436297695
1.0
0.970422026399
1.0
1.0
0.963517390586
0.0
1.0
0.925830152237
0.980999626327
1.0
0.957017987246
1.0
0.951159296016
0.984046657894
1.0
1.0
1.0
0.716385683488
1.0
0.719872625902
1.0
1.0
1.0
1.0
0.912361809918
1.0
1.0
1.0
0.0
0.901525825347
1.0
1.0
0.999342880479
0.993157613964
1.0
0.984197364228
0.930527507583
0.708948617454
0.981656756277
1.0
0.0
0.968803418663
0.891384289818
1.0
1.0
1.0
0.979637430486
0.980170408502
1.0
0.967710694707
1.0
1.0
1.0
0.995973059513
1.0
0.998945158555
0.948198994648
0.867093276454
0.95765118617
0.975529507757
0.948272915895
1.0
1.0
0.966455495935
0.98614729858
1.0
1.0
1.0
0.968441830689
0.938690103685
1.0
0.998078249561
1.0
0.710915005871
0.903834990859
0.95585291803
0.985771776232
1.0
1.0
0.981147663558
0.977318230998
1.0
0.714968448543
0.9606965495
0.0
1.0
0.887207619754
1.0
1.0
0.0
0.937502293614
0.0
1.0
1.0
0.708340223266
0.944054631451
0.0
1.0
0.961600160539
1.0
0.0
0.999172953106
1.0
1.0
1.0
0.957034936911
1.0
1.0
0.982863229118
0.912402101836
1.0
0.91158016316
0.967496797931
1.0
0.0
0.709722134247
1.0
1.0
1.0
1.0
0.980780298467
0.967016791412
1.0
0.949966553333
1.0
0.948473957766
1.0
1.0
1.0
1.0
0.991534595385
1.0
1.0
1.0
0.975006738957
1.0
1.0
0.960148660374
0.720930467899
1.0
1.0
0.979645693102
1.0
0.861025823226
1.0
0.972528026219
1.0
0.991422146561
0.970320009709
1.0
1.0
1.0
0.981144500497
1.0
1.0
0.8414126321
1.0
0.987799182258
0.986787719465
0.940631569023
0.981343877275
1.0
1.0
0.981252080593
0.716091836968
1.0
1.0
0.0
0.980545140469
0.71004707595
0.991909492261
0.982040427275
1.0
1.0
0.935429496869
0.963198590184
0.967673458047
1.0
1.0
1.0
1.0
0.978163239453
0.993340897072
1.0
0.954231153614
0.999743016986
0.708814742196
1.0
1.0
0.92638854147
1.0
1.0
0.910870530904
0.933587249888
0.938686103131
0.709958775737
0.0
1.0
1.0
0.923419797358
0.964322370193
0.966945744894
1.0
1.0
0.958824428632
1.0
0.0
1.0
0.942242254074
1.0
1.0
0.915492774258
1.0
1.0
1.0
0.0
0.912032269649
1.0
1.0
0.713754347252
1.0
0.718941912117
1.0
1.0
0.98022907253
0.956677895265
0.95796643378
1.0
0.932398115524
1.0
1.0
0.982363184689
0.0
1.0
0.0
1.0
0.901004127995
1.0
0.976341113481
0.992909368622
0.985517709987
0.942248362187
0.921572145346
0.997115375265
0.982175022118
1.0
0.982713105862
1.0
1.0
1.0
1.0
1.0
1.0
0.952170431595
0.978780395849
1.0
1.0
1.0
1.0
1.0
0.940445764264
1.0
1.0
1.0
1.0
0.950139148166
0.981351978812
1.0
0.923414614774
1.0
1.0
0.95828195552
1.0
0.945054245248
0.875805647042
0.929031335098
0.952288397014
1.0
0.978938122204
1.0
1.0
1.0
1.0
0.945156283816
0.898541252554
1.0
0.987678346839
1.0
1.0
1.0
0.98496584016
1.0
1.0
0.98350784236
1.0
0.986078000719
1.0
0.0
0.974922501374
0.98246607679
1.0
0.994557120703
0.920874323348
1.0
0.915333910557
1.0
0.982980637812
1.0
1.0
0.0
0.954138272796
0.993659603307
0.986436548055
1.0
0.975849192959
0.99843079421
0.971869611385
0.960517421992
0.958211283786
0.855864621289
1.0
1.0
1.0
0.961751397795
0.709786127935
1.0
0.896334777988
0.987171945101
1.0
1.0
1.0
1.0
1.0
0.988023970751
1.0
1.0
0.0
1.0
0.969238434523
1.0
0.908369269459
0.905131753404
1.0
0.907326197067
0.98379258163
0.910902113407
0.942224137423
0.853549754199
0.709520165252
0.961131834096
0.973062553851
0.993749337226
0.965038912422
1.0
0.710273392493
1.0
0.970710157954
0.981640948268
0.988839284466
1.0
1.0
0.986361450067
0.97656624975
0.98402310078
1.0
1.0
1.0
1.0
1.0
1.0
1.0
1.0
0.0
0.0
1.0
1.0
1.0
0.997622656355
0.0
1.0
1.0
1.0
0.959411904615
1.0
0.943717829619
0.958259862337
0.0
1.0
0.0
1.0
0.984482237734
1.0
1.0
0.990072098897
1.0
0.985620350533
1.0
0.979549707976
0.974129626341
0.968641931727
0.98837574549
1.0
1.0
0.0
0.710798629741
0.963942181372
0.938622698665
0.962401009994
1.0
1.0
0.968444652721
1.0
1.0
0.943064639699
0.996109058343
1.0
1.0
0.982872322066
1.0
1.0
1.0
0.964549962357
1.0
0.916143043707
1.0
0.968798799547
0.993446654238
0.970970453272
1.0
0.716026033053
1.0
1.0
1.0
1.0
1.0
0.914816960093
1.0
1.0
1.0
0.994270559656
1.0
1.0
0.920909056775
0.984358245392
1.0
0.995003891237
1.0
0.945353842717
1.0
0.946191679247
1.0
1.0
0.911871340166
1.0
1.0
0.969277381874
0.962723533796
1.0
0.991523036712
0.72396037163
1.0
0.977541572805
1.0
1.0
0.984168654004
0.709459471179
0.974882529637
0.979053258651
0.966560142897
1.0
1.0
1.0
1.0
0.894695783642
0.920377693053
1.0
1.0
1.0
1.0
0.935759176733
1.0
1.0
1.0
0.95424271301
1.0
0.994914963283
0.973737794146
1.0
0.925061485827
0.89457953486
1.0
1.0
0.980513422459
1.0
0.991248732505
0.726693917826
1.0
1.0
1.0
0.998906897317
1.0
1.0
0.98192790335
0.71892338474
1.0
0.0
0.897760017782
1.0
0.928131512642
1.0
0.0
1.0
1.0
0.987504560892
1.0
1.0
1.0
0.904622193668
1.0
0.712865985537
1.0
0.961062340097
1.0
1.0
0.935182821378
1.0
1.0
1.0
0.980054240923
1.0
1.0
0.979455238661
1.0
1.0
0.0
0.710869743027
1.0
0.730380348785
0.976056846073
0.94924637791
0.901140842845
0.927528854335
1.0
0.96300188199
1.0
1.0
0.912281470813
0.968696610793
1.0
1.0
0.959776114447
0.950806744666
0.989889568812
0.979372671564
0.966754144072
1.0
0.964164567408
1.0
0.0
1.0
1.0
0.951449544263
1.0
1.0
1.0
0.98643338327
1.0
0.965029949095
1.0
1.0
0.72441646173
1.0
1.0
1.0
0.977787739358
0.709054284023
1.0
1.0
1.0
0.0
1.0
0.718289568079
0.900426774842
1.0
1.0
1.0
1.0
1.0
1.0
1.0
1.0
1.0
1.0
0.927019918738
1.0
1.0
0.940898778181
1.0
1.0
0.986437255114
0.904360763525
0.968749022264
0.957203526469
1.0
0.903963088526
1.0
0.944313043104
1.0
1.0
0.948037568597
1.0
0.0
0.961337104997
0.931006416544
0.995824327391
0.0
1.0
1.0
0.709303700833
1.0
1.0
1.0
0.99184104548
0.977892277906
1.0
1.0
0.0
0.711891974774
0.90498933166
0.948350523366
1.0
1.0
0.718065901158
1.0
0.973947963914
0.969100003752
1.0
1.0
0.91573419596
0.0
1.0
1.0
1.0
1.0
1.0
1.0
0.98451514324
0.95622103416
1.0
0.709171812687
1.0
0.926337966877
1.0
1.0
1.0
0.966451797573
1.0
0.985441946352
0.709145303957
1.0
1.0
1.0
1.0
1.0
1.0
1.0
1.0
0.98058091508
1.0
0.708697422391
1.0
0.714553667604
0.986045858577
0.969669247849
0.988793123963
1.0
0.716795161608
1.0
1.0
0.852918664552
1.0
0.975562949249
0.912779444913
0.968330650545
0.726364610112
1.0
0.0
0.93308825523
0.998453704439
1.0
1.0
1.0
0.900276087323
1.0
1.0
0.710988412696
0.972847431874
0.996736409233
1.0
1.0
0.958093836734
1.0
1.0
0.982180268807
0.0
0.966625466285
0.984888381089
1.0
1.0
1.0
1.0
1.0
0.969240317512
0.985255677413
0.992559184573
1.0
0.988842316313
0.957444055431
1.0
1.0
1.0
1.0
1.0
0.993654521194
0.983353442786
0.980766538498
1.0
0.995605974009
1.0
0.960978201047
1.0
0.916350270284
0.975052421948
1.0
0.953010749406
1.0
0.0
1.0
0.988935189195
0.992621864905
1.0
0.882865071372
1.0
0.981805421836
0.985901195018
1.0
1.0
1.0
0.998042666344
1.0
0.921546845473
1.0
1.0
0.0
0.983040585356
0.890717820769
0.959913560881
0.0
0.989074787129
1.0
1.0
1.0
1.0
1.0
0.0
1.0
0.0
1.0
0.963465275721
1.0
0.0
1.0
0.906403064438
0.951543887462
0.983394388107
0.973763242048
1.0
1.0
1.0
1.0
0.956582459455
1.0
0.973207655124
1.0
0.970758295299
1.0
1.0
1.0
0.976348668876
0.913229295648
0.952403359197
1.0
0.973189329635
1.0
1.0
1.0
0.966048350218
1.0
0.986336891068
0.709192199839
1.0
0.95731943916
0.984079090183
0.990772456283
1.0
0.994231289301
1.0
1.0
0.996578704501
0.0
0.997872058862
0.0
0.973118960389
1.0
0.970728368117
0.0
1.0
0.991956010322
0.991436549402
1.0
0.713079309391
1.0
0.940046835283
1.0
1.0
0.917843967338
0.991962930426
0.931828607858
0.95288040764
1.0
1.0
1.0
0.917183035277
0.975554230727
1.0
0.926333456174
0.0
0.711295971589
0.947678416829
0.739283239882
0.9775310309
1.0
1.0
1.0
0.994271521656
1.0
0.0
1.0
1.0
1.0
1.0
1.0
0.961313136269
1.0
1.0
0.0
0.0
1.0
1.0
1.0
0.9987960333
0.981911689164
1.0
0.988187083067
1.0
1.0
1.0
1.0
0.720109125121
1.0
0.912669085871
1.0
0.712556401905
1.0
0.983661608123
1.0
1.0
1.0
1.0
1.0
1.0
1.0
0.991752234302
0.974487864698
1.0
1.0
0.950011274658
1.0
1.0
0.996289259241
0.946370701435
0.973135902531
1.0
0.945585979407
0.0
1.0
0.949366880132
1.0
0.709191475156
0.936042229265
0.0
0.981151974152
1.0
1.0
0.969655334478
0.904036969076
1.0
1.0
0.0
1.0
1.0
0.983879087802
0.994977462949
1.0
0.99753107438
0.896318314559
1.0
1.0
0.0
1.0
1.0
0.724281849093
1.0
0.994450520231
1.0
0.962577802543
1.0
1.0
1.0
0.964761405023
1.0
0.886243102763
1.0
0.978673801556
1.0
1.0
0.71232576055
0.965673087852
0.909854371706
1.0
1.0
1.0
1.0
0.964908747617
1.0
0.97098805782
0.972537234083
1.0
1.0
1.0
1.0
0.998933613766
1.0
1.0
0.987131995737
1.0
0.975014919407
1.0
1.0
1.0
0.0
1.0
0.714003159576
1.0
1.0
0.993642021574
0.973036451462
0.978684699491
1.0
0.0
1.0
0.0
0.998884885285
0.0
1.0
0.719442664163
1.0
0.978549433844
1.0
1.0
0.998086732035
0.99088937849
1.0
0.915853370571
0.909390300747
0.974375628536
1.0
0.911583283405
1.0
0.0
0.983723609812
0.986538370256
0.993978850593
1.0
1.0
1.0
0.997944568058
0.0
1.0
1.0
0.983006435984
1.0
1.0
1.0
0.9730989886
0.987572357145
0.0
0.994567709161
0.0
1.0
1.0
0.966215464479
0.901920661935
1.0
0.714232749912
1.0
1.0
0.925001445982
1.0
0.996399755445
0.966262665899
0.999967893285
0.950299760089
1.0
0.947262688725
0.985764010647
1.0
1.0
1.0
0.960969955289
1.0
1.0
0.987210886705
1.0
1.0
1.0
1.0
0.0
1.0
0.983024418692
1.0
1.0
0.996785033484
0.996029649837
0.899043262631
0.951619503899
0.938536517203
0.9954974057
1.0
0.943709707075
