1.0
1.0
0.0
0.908611329176
0.950594057642
1.0
1.0
1.0
0.716573750582
1.0
1.0
1.0
0.923348703338
1.0
1.0
0.717132087039
1.0
0.0
0.718812373437
1.0
0.943628987718
1.0
1.0
0.992156423051
1.0
1.0
1.0
0.0
0.73998795489
0.0
1.0
1.0
0.72907041905
1.0
0.0
1.0
1.0
0.716205884185
1.0
1.0
1.0
1.0
1.0
1.0
1.0
1.0
0.993990750568
1.0
1.0
0.935089312662
1.0
1.0
0.710832881832
0.984447504473
1.0
1.0
0.997641424445
1.0
0.941169181436
1.0
1.0
1.0
1.0
0.984650271627
1.0
1.0
1.0
0.954404689265
0.970824551902
1.0
1.0
0.937742931284
0.717801650561
1.0
1.0
1.0
0.722678374835
1.0
0.718985674832
1.0
0.0
1.0
1.0
1.0
1.0
0.979391133361
0.713338995305
1.0
0.714847771747
1.0
0.976327212104
1.0
1.0
0.961237163319
1.0
1.0
1.0
1.0
1.0
1.0
0.924031169556
0.931116870748
0.95495522125
1.0
1.0
1.0
0.930024303742
1.0
1.0
1.0
0.915274642974
0.0
1.0
1.0
0.734790763682
1.0
1.0
0.960833134889
1.0
0.976724903896
0.0
0.0
1.0
1.0
0.9398892231
0.92643556452
0.969528946737
0.991142511837
1.0
1.0
1.0
0.0
0.0
0.0
1.0
1.0
1.0
1.0
1.0
1.0
0.0
1.0
1.0
1.0
1.0
0.93167452001
1.0
0.717672060805
1.0
1.0
1.0
1.0
1.0
1.0
1.0
1.0
1.0
0.923848111913
0.0
1.0
0.991490425121
0.93080980031
0.976485032906
0.0
0.997520820549
1.0
0.998156638384
1.0
0.0
1.0
0.0
0.980376750412
1.0
1.0
0.9577666312
1.0
0.998382095613
1.0
1.0
0.971159369414
1.0
1.0
1.0
0.727274724837
0.717364777488
0.947566582154
0.740661750078
0.958398678788
1.0
0.86750467757
0.0
0.926984429773
1.0
1.0
1.0
0.98576528712
1.0
1.0
0.716818600858
0.987306712814
1.0
0.971941167905
0.99391642573
1.0
0.994529347518
0.812028757396
1.0
0.0
0.0
0.71844506756
0.949309572385
1.0
0.978303599905
1.0
1.0
1.0
0.712386371069
0.0
0.942283129993
1.0
1.0
1.0
1.0
0.0
1.0
1.0
1.0
0.980388994285
1.0
1.0
1.0
1.0
1.0
0.941935118845
1.0
1.0
1.0
1.0
0.87689812221
0.0
1.0
0.939820604097
0.996767959946
1.0
0.956983079277
0.0
1.0
1.0
1.0
1.0
1.0
1.0
1.0
0.998021328469
1.0
0.998328310509
1.0
1.0
0.916747219621
1.0
1.0
1.0
1.0
1.0
1.0
0.995625063023
1.0
1.0
0.920160218425
0.999730675066
1.0
0.0
1.0
1.0
1.0
0.97969722938
0.98597138133
0.899556478389
0.910111838447
1.0
1.0
1.0
1.0
1.0
1.0
1.0
1.0
1.0
0.97990367952
1.0
1.0
1.0
1.0
0.71270796914
1.0
1.0
1.0
1.0
0.689743913594
1.0
1.0
1.0
1.0
0.990078587395
1.0
1.0
0.913283741208
0.992256180791
0.989773041703
0.941127185015
1.0
1.0
1.0
0.0
0.902702281299
1.0
1.0
1.0
1.0
0.730949602659
0.986801630683
1.0
0.997006328846
0.724001021219
1.0
1.0
1.0
1.0
1.0
1.0
0.986184648217
0.0
0.935867068177
1.0
1.0
1.0
1.0
1.0
0.995050338079
1.0
0.918887342595
1.0
0.957832705082
0.989525372377
1.0
1.0
1.0
0.997689798551
0.0
0.955224786744
0.877980806867
1.0
0.947427016724
1.0
1.0
1.0
0.998143987811
1.0
0.721762753081
0.0
0.969297975351
1.0
0.0
1.0
0.719800806474
0.971705104911
1.0
1.0
1.0
1.0
1.0
1.0
0.997434822233
1.0
1.0
1.0
0.997458006517
1.0
1.0
1.0
1.0
1.0
1.0
1.0
1.0
0.728047789517
1.0
1.0
1.0
1.0
0.901513562983
1.0
1.0
0.981419014649
0.943100914539
1.0
0.935742294969
1.0
1.0
0.966069019952
1.0
0.998386005206
1.0
1.0
1.0
1.0
1.0
0.99634090962
1.0
0.923452407898
1.0
0.99262958708
1.0
1.0
1.0
0.917431808026
0.996058422407
1.0
0.974492664854
1.0
0.0
1.0
1.0
0.71832867792
0.958500626737
0.0
1.0
1.0
1.0
1.0
1.0
1.0
1.0
1.0
1.0
1.0
0.714252671125
1.0
1.0
0.0
0.0
1.0
1.0
0.713213480258
1.0
1.0
1.0
1.0
1.0
1.0
1.0
1.0
0.946913974501
0.927957457587
1.0
1.0
0.0
0.992473029087
0.977145449193
1.0
0.999749744663
1.0
1.0
1.0
0.0
1.0
0.0
1.0
1.0
0.961109167002
0.969471736013
0.934611059699
0.933004280415
1.0
0.0
1.0
1.0
1.0
1.0
1.0
1.0
1.0
0.720138627742
1.0
1.0
1.0
1.0
0.960531977704
1.0
1.0
0.951138859997
0.0
1.0
1.0
0.0
0.0
1.0
0.999817712809
0.716052480109
1.0
1.0
1.0
1.0
1.0
1.0
0.717240949315
1.0
0.0
0.9932333779
1.0
0.99421277068
0.929776678343
1.0
1.0
1.0
1.0
1.0
1.0
1.0
0.983386911479
1.0
0.981077206609
0.714189923621
0.726408064752
1.0
0.992444272845
1.0
0.985299928123
1.0
0.0
1.0
1.0
1.0
1.0
1.0
1.0
1.0
1.0
1.0
1.0
1.0
1.0
1.0
0.0
1.0
1.0
1.0
1.0
0.922486050303
1.0
1.0
0.99137910124
1.0
0.0
1.0
1.0
1.0
0.947912418588
1.0
0.71667423171
1.0
1.0
0.999459548748
1.0
1.0
0.0
1.0
0.910134183626
1.0
1.0
0.712094462398
1.0
1.0
0.968834708142
1.0
1.0
1.0
1.0
0.973416614908
0.723715419802
0.980769861409
0.0
0.724109143217
1.0
0.942833192597
1.0
0.985888904624
1.0
1.0
0.0
1.0
1.0
1.0
0.730082121153
0.730893363658
1.0
1.0
0.0
0.987947872925
0.994517870625
1.0
1.0
1.0
0.0
0.0
0.939083440763
1.0
1.0
0.985158425117
0.961443024379
0.747518480258
0.730679834606
1.0
1.0
0.981283846198
1.0
1.0
1.0
1.0
1.0
1.0
0.989938314902
0.0
1.0
1.0
0.0
0.95076506756
0.985960990754
1.0
1.0
0.0
1.0
0.0
1.0
1.0
1.0
1.0
1.0
1.0
0.0
0.0
1.0
1.0
1.0
1.0
1.0
0.956147972309
1.0
0.0
0.717017431338
1.0
0.98000854015
1.0
0.986405259926
1.0
1.0
1.0
1.0
1.0
1.0
1.0
0.716651331954
1.0
0.0
1.0
0.0
1.0
1.0
1.0
0.715511912124
0.967852868621
1.0
0.0
1.0
1.0
1.0
0.995277500304
1.0
1.0
0.0
1.0
0.899680165829
1.0
1.0
1.0
0.98336750308
1.0
1.0
0.993883772846
1.0
0.0
1.0
1.0
1.0
1.0
1.0
1.0
1.0
1.0
1.0
1.0
1.0
1.0
0.985323575706
1.0
1.0
1.0
0.736913774763
0.714618602742
1.0
1.0
1.0
1.0
0.0
1.0
0.99541755278
1.0
1.0
1.0
1.0
1.0
1.0
1.0
1.0
1.0
1.0
1.0
1.0
0.954031647164
1.0
1.0
0.95003023314
1.0
1.0
0.721113066034
1.0
1.0
0.711777627822
0.980772972638
1.0
0.0
1.0
1.0
1.0
1.0
1.0
1.0
1.0
0.962093564032
0.941055618778
0.933234686116
1.0
1.0
1.0
1.0
1.0
1.0
1.0
0.0
1.0
1.0
1.0
0.0
1.0
1.0
1.0
1.0
1.0
1.0
0.754086992979
0.728230912945
0.984011171703
1.0
1.0
1.0
1.0
0.933605968441
1.0
1.0
0.71240070465
1.0
1.0
1.0
1.0
1.0
1.0
1.0
0.0
1.0
1.0
1.0
1.0
1.0
1.0
1.0
1.0
1.0
0.961699939995
1.0
0.922834923514
1.0
1.0
1.0
1.0
0.725287317538
1.0
1.0
1.0
0.0
1.0
1.0
0.981199773536
1.0
0.710120819734
1.0
1.0
1.0
1.0
0.7122587916
0.973800028775
1.0
0.927561894997
0.758919830446
1.0
0.723262470124
0.715262916035
0.973600493313
1.0
1.0
1.0
1.0
0.979026390594
1.0
0.0
1.0
0.729335615357
0.976994316999
1.0
0.0
0.997305758589
0.739632757913
1.0
1.0
1.0
1.0
0.935651618467
1.0
1.0
0.731674699856
0.0
1.0
1.0
1.0
1.0
0.0
0.994282544754
1.0
0.937234989809
0.909624165294
1.0
0.990580636988
1.0
0.716873108023
0.727405757782
1.0
1.0
1.0
1.0
0.996580059739
0.944145189301
1.0
1.0
1.0
1.0
1.0
0.968385342463
1.0
0.913515573196
1.0
1.0
1.0
1.0
0.721479235848
1.0
1.0
0.923852584543
0.949190897643
1.0
0.0
1.0
0.874476642765
0.980970352006
0.846515393457
1.0
1.0
1.0
0.993256435903
1.0
1.0
1.0
1.0
1.0
1.0
1.0
1.0
0.995908264632
1.0
1.0
0.996748828662
1.0
1.0
1.0
1.0
0.993036674437
0.0
1.0
0.9958987008
1.0
0.0
0.0
1.0
1.0
1.0
1.0
0.983796365401
1.0
1.0
1.0
1.0
1.0
0.976862624974
1.0
0.991660899383
0.0
1.0
1.0
1.0
0.984591442764
0.0
1.0
0.969401057502
0.916571235035
1.0
0.714112226505
0.97776618231
0.92537461949
1.0
1.0
1.0
1.0
1.0
1.0
1.0
1.0
1.0
1.0
0.973473846008
1.0
0.996965320852
1.0
0.964426000514
0.0
0.981891817019
1.0
1.0
1.0
1.0
1.0
0.0
0.976894440829
1.0
1.0
1.0
0.0
1.0
1.0
1.0
1.0
1.0
1.0
1.0
1.0
1.0
1.0
0.97219212755
1.0
0.970143114762
0.963770956849
1.0
1.0
0.993028327914
1.0
1.0
1.0
0.68195550072
1.0
0.712947474595
1.0
1.0
1.0
0.978371360132
0.996865306927
1.0
0.980199204505
1.0
0.981313199942
1.0
1.0
1.0
1.0
1.0
0.0
1.0
1.0
1.0
1.0
0.995301871884
1.0
1.0
1.0
1.0
1.0
1.0
0.0
1.0
1.0
0.996437491029
1.0
0.987747532794
0.985043011469
1.0
1.0
0.901877647459
0.979044194936
1.0
1.0
1.0
0.0
0.98768414992
1.0
0.931231167826
1.0
1.0
1.0
1.0
1.0
0.0
1.0
1.0
1.0
0.0
1.0
1.0
1.0
0.721785279858
1.0
1.0
1.0
0.717863366005
0.985859809089
1.0
1.0
1.0
1.0
0.972143572147
1.0
0.94551160303
1.0
1.0
1.0
1.0
1.0
1.0
0.0
0.99866456998
0.934826401043
0.727869554397
0.687275704192
1.0
1.0
0.720883677491
1.0
1.0
1.0
0.0
0.966333070311
1.0
0.0
1.0
1.0
1.0
0.923749436584
1.0
1.0
1.0
1.0
1.0
1.0
1.0
0.939276892188
1.0
1.0
1.0
0.991728190569
1.0
1.0
1.0
1.0
0.925451906432
0.0
0.0
1.0
0.919411342407
0.0
1.0
1.0
1.0
1.0
1.0
1.0
1.0
1.0
1.0
1.0
1.0
0.974896727942
0.74014311782
0.862532334947
1.0
0.0
0.716769371102
0.0
1.0
0.896604128734
0.933531163481
1.0
1.0
1.0
0.998571425475
1.0
1.0
0.996348760693
1.0
1.0
1.0
1.0
1.0
1.0
1.0
1.0
0.925211404595
1.0
0.895526583152
1.0
1.0
1.0
0.994921940035
1.0
1.0
0.946088801242
0.730405885816
1.0
0.0
0.876108909387
1.0
1.0
1.0
1.0
1.0
1.0
0.927863334236
0.0
0.970814765295
0.943964382445
1.0
0.932051252698
1.0
1.0
0.982824358541
1.0
1.0
1.0
0.0
0.97682934794
1.0
0.721771432094
1.0
0.994220830272
1.0
0.722277280015
1.0
1.0
0.91757704778
0.987382738043
0.717731094897
0.0
0.711231797822
1.0
0.972687535399
1.0
1.0
1.0
1.0
1.0
0.919961922757
0.0
1.0
1.0
0.991982951729
0.719365610852
1.0
0.0
1.0
0.0
0.993488170794
1.0
0.992020515165
1.0
1.0
1.0
1.0
0.0
0.0
1.0
1.0
1.0
0.977790809531
1.0
0.719176283775
1.0
1.0
0.939814667544
1.0
1.0
1.0
0.969580407621
1.0
1.0
0.742710117986
1.0
0.731191585999
1.0
1.0
0.974423335711
1.0
1.0
0.0
0.928604429975
1.0
0.952527998576
0.889816736227
0.0
1.0
1.0
1.0
0.925204174644
0.986318564161
1.0
1.0
0.0
1.0
0.956016805403
0.73296767743
1.0
1.0
0.982826878891
0.0
1.0
0.72513966316
0.99830411972
1.0
1.0
1.0
1.0
1.0
1.0
1.0
0.91641077508
1.0
1.0
1.0
1.0
1.0
0.965177528519
1.0
1.0
1.0
0.0
1.0
1.0
1.0
0.969129810755
0.0
1.0
0.0
0.983124694408
1.0
0.971552336109
1.0
1.0
1.0
0.0
1.0
1.0
1.0
0.818338756195
0.0
1.0
0.0
1.0
1.0
1.0
1.0
0.712701585066
0.910680861216
0.980920946952
1.0
1.0
1.0
1.0
1.0
1.0
1.0
0.908583716769
1.0
0.976030048726
1.0
1.0
1.0
1.0
1.0
1.0
0.918961238094
1.0
0.731486801932
1.0
1.0
1.0
1.0
1.0
0.0
1.0
1.0
0.94807730534
1.0
0.713221860442
1.0
1.0
1.0
0.99502463047
0.914126646162
1.0
1.0
0.0
1.0
1.0
1.0
1.0
1.0
1.0
0.974985696941
1.0
1.0
1.0
1.0
1.0
1.0
1.0
1.0
0.0
0.914661267924
1.0
1.0
0.0
1.0
0.972169295324
1.0
0.713072168101
1.0
1.0
0.931252305256
1.0
1.0
0.922618333928
1.0
0.996448152351
1.0
1.0
1.0
1.0
0.909878403293
1.0
0.0
1.0
1.0
0.998004779924
0.996732274084
1.0
0.999843544945
1.0
1.0
0.910169613761
0.996229900178
0.717871233906
0.969025142488
1.0
1.0
1.0
1.0
0.0
0.754792207561
1.0
1.0
1.0
1.0
1.0
0.992687787941
1.0
0.963590236589
1.0
0.98071101044
1.0
1.0
1.0
0.719396994265
1.0
1.0
1.0
1.0
1.0
1.0
0.0
1.0
1.0
0.967066673146
1.0
0.997053713985
0.720565017906
1.0
0.0
1.0
1.0
1.0
0.721339687927
0.999023865757
1.0
1.0
0.996347285771
1.0
1.0
1.0
1.0
0.933353512741
0.926537034273
0.953845932881
1.0
1.0
0.944884223061
0.715446212474
1.0
1.0
1.0
1.0
0.958120806966
0.730025220731
1.0
1.0
1.0
0.991189755771
1.0
1.0
0.987839363945
1.0
0.970594994875
1.0
1.0
1.0
1.0
1.0
1.0
1.0
1.0
1.0
1.0
1.0
1.0
1.0
1.0
0.982738605145
0.988558263186
1.0
0.995275778851
0.99674962958
0.969376681373
0.999675241646
1.0
0.99972545053
1.0
1.0
1.0
0.996945198053
1.0
1.0
1.0
1.0
1.0
0.985167703643
1.0
1.0
0.717212508555
0.0
1.0
0.917444307254
1.0
1.0
1.0
1.0
1.0
0.917757366092
1.0
0.0
0.980105579656
1.0
1.0
1.0
1.0
0.0
1.0
1.0
1.0
1.0
0.744424032178
1.0
1.0
1.0
1.0
1.0
1.0
1.0
1.0
1.0
1.0
1.0
1.0
1.0
1.0
0.0
0.953080454574
1.0
1.0
0.97765190389
1.0
1.0
0.994380547097
0.993773872455
1.0
1.0
1.0
0.0
1.0
1.0
1.0
0.714158675289
0.0
1.0
1.0
0.936445582859
1.0
1.0
1.0
1.0
0.98010068153
1.0
1.0
1.0
1.0
1.0
0.967365607355
1.0
1.0
1.0
0.998500303768
0.974843539936
1.0
1.0
0.986973484527
0.0
1.0
0.969922587673
0.995837759049
1.0
1.0
0.0
1.0
0.985239274344
1.0
0.0
0.713530752201
1.0
1.0
0.87820240932
1.0
1.0
1.0
1.0
1.0
0.0
0.989789840548
0.715882277182
1.0
1.0
0.952562442365
1.0
1.0
1.0
1.0
1.0
1.0
0.99743161695
1.0
1.0
1.0
1.0
1.0
0.742412610435
0.921916807593
1.0
1.0
1.0
1.0
1.0
1.0
1.0
1.0
0.0
1.0
1.0
0.732592994625
1.0
1.0
1.0
0.969427375249
0.720083344752
1.0
1.0
1.0
1.0
0.907492649371
1.0
1.0
1.0
1.0
0.836802822012
1.0
0.914253456076
0.996324310882
0.0
0.0
1.0
1.0
0.0
1.0
1.0
0.987474598317
1.0
1.0
1.0
1.0
1.0
0.716470125259
0.997496727646
1.0
1.0
1.0
0.992567326712
1.0
1.0
1.0
1.0
0.921682984269
1.0
0.0
1.0
1.0
0.718656270179
0.0
1.0
0.0
1.0
1.0
0.91053885904
1.0
0.711825292942
1.0
1.0
0.0
1.0
1.0
0.977959310965
1.0
0.984179992608
1.0
1.0
1.0
0.935389710733
1.0
1.0
1.0
0.940870170427
0.0
1.0
1.0
1.0
1.0
0.911444074858
0.995534036682
0.995573757814
1.0
1.0
1.0
1.0
1.0
0.999520129672
0.980564688862
1.0
1.0
0.999293259492
1.0
1.0
1.0
1.0
0.0
1.0
1.0
0.0
1.0
0.921431983777
1.0
1.0
0.942311888755
0.977992592677
1.0
1.0
1.0
1.0
0.926111015598
1.0
1.0
1.0
1.0
1.0
0.0
1.0
0.0
1.0
0.955274405043
0.0
0.986574146175
1.0
1.0
0.0
1.0
1.0
1.0
0.993405484538
0.711279188003
0.0
1.0
1.0
0.729620935922
1.0
1.0
1.0
1.0
1.0
1.0
1.0
1.0
0.99612392119
0.934380072507
0.0
1.0
0.0
0.994362798919
1.0
1.0
1.0
0.72491055776
0.738639776418
1.0
1.0
1.0
1.0
0.923337005919
1.0
0.913213061635
1.0
0.999959563344
0.932028535534
1.0
1.0
1.0
0.0
0.93873604424
1.0
0.99451956465
1.0
