1.0
0.0
1.0
1.0
0.987318081866
1.0
1.0
0.733024286208
0.981025778176
1.0
1.0
0.717169047934
0.985913094487
1.0
1.0
0.996722430998
1.0
1.0
1.0
1.0
0.92431118887
1.0
0.0
1.0
1.0
0.0
1.0
1.0
0.720464600842
1.0
1.0
0.723000225489
1.0
1.0
1.0
1.0
1.0
1.0
1.0
1.0
0.992680904154
0.974673701706
1.0
1.0
0.717835687997
1.0
0.9503726159
1.0
1.0
0.919301364817
1.0
0.980212354847
1.0
1.0
0.0
1.0
0.902636422235
1.0
0.98230937447
0.918742110257
0.956757639551
1.0
1.0
1.0
1.0
1.0
1.0
1.0
1.0
1.0
1.0
1.0
0.99960136948
0.0
1.0
1.0
0.0
0.0
0.720633121872
0.715940888101
0.989963858412
0.912863687401
1.0
0.0
1.0
1.0
1.0
0.720314535025
0.71421198185
0.91569583609
1.0
0.0
1.0
1.0
0.980028142975
1.0
1.0
0.918459489413
1.0
1.0
1.0
1.0
0.720382210392
1.0
1.0
1.0
0.97432579473
0.0
1.0
1.0
0.0
1.0
0.966535579013
0.979733313741
1.0
1.0
1.0
1.0
0.906161488311
1.0
0.920256420535
0.977843319496
1.0
0.0
1.0
1.0
1.0
0.695946279309
1.0
1.0
0.729224714277
0.998075691455
1.0
1.0
1.0
1.0
1.0
1.0
1.0
0.0
1.0
1.0
0.999366218495
1.0
1.0
1.0
0.720135550727
1.0
1.0
0.714872012246
1.0
0.987243574757
0.722791075402
0.97766579277
1.0
1.0
1.0
1.0
1.0
1.0
0.76446489587
0.95305203404
0.971788024849
1.0
0.0
1.0
0.997711858107
0.911785799103
1.0
1.0
1.0
1.0
0.911101276462
1.0
1.0
1.0
1.0
1.0
1.0
1.0
1.0
0.0
1.0
0.0
0.0
0.996445409383
0.716389060207
1.0
1.0
1.0
1.0
0.0
1.0
0.0
1.0
1.0
1.0
0.0
1.0
1.0
1.0
1.0
0.98532228696
1.0
1.0
1.0
1.0
1.0
1.0
1.0
1.0
1.0
0.0
1.0
1.0
1.0
1.0
1.0
1.0
1.0
0.0
1.0
0.730991164198
1.0
1.0
1.0
1.0
0.0
0.931519552711
0.710861005746
1.0
0.907321648299
1.0
1.0
1.0
0.0
0.944721179737
1.0
0.701663228503
1.0
0.932618586748
0.971847380338
0.0
0.957199172078
0.971865646514
1.0
1.0
0.966299553555
0.92056295152
1.0
1.0
0.990337372606
0.0
0.0
1.0
1.0
1.0
0.0
0.991412154555
1.0
0.72720314848
1.0
1.0
1.0
1.0
1.0
1.0
1.0
1.0
1.0
1.0
1.0
0.945740208346
1.0
0.970748707339
0.996528342879
1.0
1.0
1.0
0.952962495441
1.0
1.0
1.0
1.0
0.718413802392
0.725446900896
1.0
0.0
1.0
1.0
1.0
0.982871314813
1.0
0.72474561248
1.0
1.0
1.0
1.0
1.0
1.0
0.723103339692
1.0
0.748379109617
0.0
1.0
0.0
0.975712539909
1.0
1.0
1.0
1.0
1.0
0.716522041459
0.975172058753
0.722759908542
1.0
1.0
0.984587464988
1.0
1.0
0.975046570036
1.0
0.939820838843
1.0
0.71454736196
0.962195335148
1.0
1.0
0.962383810964
1.0
1.0
1.0
1.0
1.0
1.0
1.0
1.0
1.0
1.0
1.0
1.0
1.0
1.0
1.0
1.0
1.0
0.715164170267
1.0
1.0
1.0
1.0
1.0
0.0
1.0
0.0
1.0
0.0
1.0
1.0
1.0
1.0
1.0
1.0
1.0
1.0
1.0
0.973157106081
1.0
0.0
1.0
0.947891503511
1.0
0.740603962782
1.0
0.998043851025
1.0
1.0
1.0
0.921771142675
0.715180774249
1.0
1.0
1.0
1.0
1.0
1.0
0.0
1.0
0.940165316398
1.0
1.0
1.0
1.0
1.0
0.999458191901
0.969068506442
0.683347399763
1.0
0.711961565109
1.0
0.966902545573
0.0
1.0
0.0
1.0
1.0
0.0
0.996712877901
1.0
1.0
1.0
0.936489798094
1.0
0.985673403818
1.0
0.939699735994
0.976496696324
1.0
1.0
1.0
0.985286250171
1.0
1.0
1.0
1.0
1.0
0.0
0.0
1.0
1.0
1.0
1.0
1.0
1.0
1.0
1.0
1.0
1.0
0.979575531534
1.0
0.0
1.0
1.0
1.0
1.0
0.992187742172
1.0
0.912342511022
0.713132347549
1.0
1.0
0.720305355928
0.710625056227
1.0
1.0
1.0
1.0
1.0
0.986432043157
1.0
1.0
0.945951896525
0.0
1.0
0.978465470182
1.0
0.977433478174
1.0
0.942625914225
0.987181614367
1.0
1.0
1.0
1.0
1.0
0.720065310313
1.0
1.0
1.0
1.0
1.0
1.0
0.913863745932
1.0
1.0
1.0
1.0
0.973668587585
1.0
0.714034845801
1.0
0.0
1.0
0.722888608939
0.959612244347
1.0
1.0
1.0
1.0
1.0
1.0
1.0
1.0
0.935112655919
1.0
1.0
1.0
0.919135994618
1.0
1.0
1.0
1.0
1.0
1.0
1.0
1.0
0.0
0.946173488673
1.0
0.0
1.0
1.0
1.0
0.964625652308
1.0
1.0
1.0
1.0
1.0
0.725507291561
1.0
1.0
1.0
0.952462705336
1.0
1.0
1.0
1.0
0.93884690063
1.0
1.0
1.0
0.973488535142
0.0
0.723515474744
1.0
0.945775461402
0.981453032701
1.0
0.917744619379
1.0
1.0
0.0
1.0
0.715399413963
1.0
1.0
1.0
0.731276471725
0.718829533628
0.727491547479
1.0
1.0
1.0
1.0
1.0
1.0
1.0
0.998633633871
1.0
1.0
1.0
1.0
1.0
1.0
1.0
0.944859781021
1.0
1.0
0.764201197152
0.724602982482
1.0
1.0
1.0
1.0
1.0
1.0
1.0
1.0
1.0
0.932170357922
0.955639137143
1.0
0.98695385127
1.0
1.0
1.0
0.705598398687
1.0
0.718056021525
1.0
1.0
1.0
1.0
1.0
0.936378354455
1.0
1.0
1.0
0.997220731137
0.725311071465
0.0
0.0
1.0
0.960543373286
0.725237785291
1.0
1.0
1.0
1.0
0.0
1.0
1.0
1.0
