0.9972925291
0.7071428535
0.9865951876
0.9930376956
0.9899505243
0.9930376956
0.970170339
0.9806306989
0.9865951876
0.9806306989
0.9486886755
0.9940646222
0.970170339
0.9950392207
0.9985705527
0.9865951876
0.8944385983
0.9972925291
0.970170339
0.9950392207
0.9865951876
0.8944385983
0.9899505243
0.970170339
0.9950392207
0.9985705527
0.7071428535
0.9865951876
0.9972925291
0.7071428535
0.970170339
0.9899505243
0.9999489835
0.9972925291
0.9899505243
0.970170339
0.9806306989
0.9972925291
0.9486886755
0.9486886755
0.9940646222
0.9486886755
0.9940646222
0.9972925291
0.7071428535
0.970170339
0.7071428535
0.9961152992
0.970170339
0.9972925291
0.9999489835
0.9486886755
0.9806306989
0.8944385983
0.9806306989
0.9806306989
0.9899505243
0.9950392207
0.9961152992
0.9985705527
0.9940646222
0.9950392207
0.9899505243
0.9940646222
0.9940646222
0.9961152992
0.9985705527
0.9865951876
0.9865951876
0.9940646222
0.9930376956
0.9985705527
0.970170339
0.8944385983
0.9985705527
0.9972925291
0.9985705527
0.9940646222
0.9999489835
0.9865951876
0.9930376956
0.9940646222
0.8944385983
0.9865951876
0.8944385983
0.9985705527
0.9899505243
0.9899505243
0.7071428535
0.9961152992
0.9806306989
0.9985705527
0.9972925291
0.9899505243
0.9950392207
0.9961152992
0.9806306989
0.9961152992
0.9930376956
0.9961152992
0.9985705527
0.9899505243
0.9486886755
0.9972925291
0.9950392207
0.9865951876
0.9940646222
0.8944385983
0.9985705527
0.9985705527
0.9865951876
0.9950392207
0.9961152992
0.9972925291
0.9950392207
0.9999489835
0.970170339
0.9806306989
0.9930376956
0.9899505243
0.9972925291
0.9972925291
0.9486886755
0.9972925291
0.9865951876
0.9930376956
0.9985705527
0.9940646222
0.9865951876
0.8944385983
0.9940646222
0.9950392207
0.9486886755
0.7071428535
0.9950392207
0.9865951876
0.9985705527
0.9940646222
0.9930376956
0.9985705527
0.9972925291
0.9972925291
0.970170339
0.7071428535
0.9950392207
0.970170339
0.9950392207
0.9961152992
0.9806306989
0.9961152992
0.9999489835
0.9930376956
0.9950392207
0.9930376956
0.9985705527
0.970170339
0.9985705527
0.9999489835
0.9950392207
0.9940646222
0.9930376956
0.9985705527
0.9999489835
0.9961152992
0.9865951876
0.970170339
0.9930376956
0.9972925291
0.9961152992
0.9972925291
0.9999489835
0.970170339
0.9985705527
0.970170339
0.9999489835
0.9486886755
0.970170339
0.9930376956
0.9899505243
0.9950392207
0.9972925291
0.9999489835
0.9961152992
0.7071428535
0.9486886755
0.7071428535
0.9972925291
0.9865951876
0.9950392207
0.9985705527
0.9865951876
0.7071428535
0.9961152992
0.9999489835
0.9806306989
0.9930376956
0.9486886755
0.9985705527
0.9486886755
0.9940646222
0.9950392207
0.9950392207
0.9950392207
0.8944385983
0.7071428535
0.7071428535
0.8944385983
0.970170339
0.970170339
0.7071428535
0.9950392207
0.9999489835
0.7071428535
0.7071428535
0.9972925291
0.9961152992
0.9950392207
0.8944385983
0.9899505243
0.970170339
0.9865951876
0.9865951876
0.9972925291
0.9950392207
0.9999489835
0.9930376956
0.7071428535
0.9972925291
0.8944385983
0.9972925291
0.9806306989
0.9972925291
0.9972925291
0.9930376956
0.9865951876
0.7071428535
0.8944385983
0.9865951876
0.7071428535
0.8944385983
0.970170339
0.7071428535
0.9972925291
0.9985705527
0.9999489835
0.9950392207
0.9940646222
0.9999489835
0.9950392207
0.9806306989
0.9972925291
0.9865951876
0.9972925291
0.9999489835
0.9972925291
0.9972925291
0.9950392207
0.9972925291
0.9950392207
0.9972925291
0.7071428535
0.9899505243
0.9865951876
0.9930376956
0.7071428535
0.9899505243
0.9940646222
0.9972925291
0.970170339
0.9972925291
0.7071428535
0.9930376956
0.9806306989
0.9806306989
0.9961152992
0.9999489835
0.9950392207
0.9961152992
0.9806306989
0.9985705527
0.9940646222
0.9930376956
0.8944385983
0.9865951876
0.9899505243
0.9486886755
0.9972925291
0.9486886755
0.970170339
0.9806306989
0.9999489835
0.9899505243
0.9972925291
0.9865951876
0.9899505243
0.970170339
0.8944385983
0.9950392207
0.9972925291
0.9486886755
0.9930376956
0.8944385983
0.9930376956
0.8944385983
0.9899505243
0.7071428535
0.9961152992
0.9972925291
0.9985705527
0.9899505243
0.9985705527
0.8944385983
0.9865951876
0.9806306989
0.9865951876
0.9961152992
0.7071428535
0.9985705527
0.9999489835
0.9940646222
0.970170339
0.970170339
0.9940646222
0.9899505243
0.9985705527
0.9806306989
0.9930376956
0.9899505243
0.9999489835
0.9486886755
0.9985705527
0.9950392207
0.9865951876
0.9985705527
0.9930376956
0.9972925291
0.9486886755
0.9930376956
0.9940646222
0.9865951876
0.9940646222
0.9999489835
0.7071428535
0.9865951876
0.8944385983
0.9985705527
0.8944385983
0.9972925291
0.9930376956
0.9950392207
0.9486886755
0.970170339
0.9486886755
0.970170339
0.9486886755
0.9486886755
0.9865951876
0.9999489835
0.9999489835
0.970170339
0.970170339
0.9899505243
0.9486886755
0.9950392207
0.9961152992
0.970170339
0.970170339
0.9930376956
0.8944385983
0.9985705527
0.9972925291
0.9999489835
0.9972925291
0.9806306989
0.9486886755
0.970170339
0.8944385983
0.9930376956
0.9899505243
0.7071428535
0.9950392207
0.9985705527
0.970170339
0.9806306989
0.9940646222
0.970170339
0.9950392207
0.970170339
0.9999489835
0.970170339
0.970170339
0.9930376956
0.970170339
0.7071428535
0.9899505243
0.9950392207
0.7071428535
0.8944385983
0.9806306989
0.9865951876
0.9940646222
0.8944385983
0.8944385983
0.9972925291
0.9985705527
0.9806306989
0.9985705527
0.9940646222
0.9985705527
0.9930376956
0.9930376956
0.9486886755
0.9486886755
0.9899505243
0.9940646222
0.9961152992
0.9930376956
0.9961152992
0.9486886755
0.9486886755
0.8944385983
0.9950392207
0.9899505243
0.9961152992
0.9972925291
0.9899505243
0.9985705527
0.9999489835
0.9940646222
0.9865951876
0.8944385983
0.9940646222
0.9486886755
0.9865951876
0.8944385983
0.9930376956
0.9961152992
0.9999489835
0.9950392207
0.9961152992
0.9930376956
0.9950392207
0.9985705527
0.9961152992
0.9972925291
0.9985705527
0.8944385983
0.9806306989
0.9899505243
0.9486886755
0.8944385983
0.9972925291
0.9899505243
0.9999489835
0.9806306989
0.8944385983
0.9985705527
0.9930376956
0.9985705527
0.8944385983
0.9985705527
0.9486886755
0.7071428535
0.8944385983
0.9950392207
0.9999489835
0.9985705527
0.9486886755
0.9486886755
0.9806306989
0.9950392207
0.9486886755
0.9940646222
0.9486886755
0.9930376956
0.9940646222
0.9899505243
0.7071428535
0.9999489835
0.7071428535
0.9950392207
0.8944385983
0.9865951876
0.9999489835
0.9865951876
0.9999489835
0.970170339
0.970170339
0.9961152992
0.9972925291
0.9961152992
0.9930376956
0.9961152992
0.9985705527
0.9999489835
0.8944385983
0.9486886755
0.9486886755
0.9985705527
0.9985705527
0.970170339
0.9486886755
0.9985705527
0.9486886755
0.9961152992
0.9950392207
0.9961152992
0.9865951876
0.9930376956
0.9486886755
0.9999489835
0.9940646222
0.7071428535
0.9999489835
0.9940646222
0.7071428535
0.9972925291
0.970170339
0.9486886755
0.8944385983
0.9865951876
0.970170339
0.9985705527
0.9999489835
0.9999489835
0.9899505243
0.9806306989
0.9999489835
0.8944385983
0.9899505243
0.9486886755
0.9961152992
0.9999489835
0.9930376956
0.8944385983
0.9961152992
0.9985705527
0.9806306989
0.8944385983
0.7071428535
0.9865951876
0.9961152992
0.9865951876
0.9930376956
0.9972925291
0.9899505243
0.9930376956
0.970170339
0.9899505243
0.9985705527
0.9865951876
0.9940646222
0.8944385983
0.9985705527
0.9950392207
0.9950392207
0.9930376956
0.7071428535
0.9865951876
0.970170339
0.8944385983
0.9930376956
0.8944385983
0.9806306989
0.8944385983
0.9486886755
0.970170339
0.8944385983
0.8944385983
0.7071428535
0.9972925291
0.9950392207
0.9999489835
0.9999489835
0.9486886755
0.9899505243
0.9486886755
0.8944385983
0.9961152992
0.9999489835
0.9999489835
0.9486886755
