0.9131366575
0.9528951751
0.9034387563
0.9930334722
0.9959472785
0.7081048828
0.9689635587
0.9523378198
0.9885191231
0.9794298024
0.7087046694
0.9115065536
0.986895707
0.9707908168
0.9832827263
0.9933911121
0.9841781319
0.9571623025
0.9097949835
0.9506701039
0.9940435965
0.9099319338
0.9843308106
0.7107515366
0.9946729457
0.971012922
0.9189387578
0.9698922032
0.9804559738
0.9801707254
0.9808900701
0.9610370177
0.987213351
0.9838111943
0.9887164003
0.995707252
0.9871009348
0.9856108567
0.9698020248
0.9705600396
0.998618571
0.8973900968
0.9518766989
0.9893556526
0.9681982002
0.9512178748
0.9983811629
0.9372313812
0.9893264477
0.9835885598
0.9414539972
0.9993779636
0.9869448724
0.9982932146
0.9765074299
0.8948738261
0.9753178253
0.9978086391
0.9955325637
0.9945384668
0.9645850214
0.9420250711
0.9614103305
0.9559442676
0.9150614605
0.939310293
0.8837103712
0.9463522067
0.9260037543
0.9920130765
0.9842646305
0.9623230631
0.9804836232
0.9801806278
0.964658733
0.9824027364
0.9978802184
0.9502856961
0.9683323638
0.8964841676
0.9923185579
0.989228217
0.9975938514
0.9872083558
0.9841788026
0.9528429703
0.9834517276
0.996975797
0.963783324
0.9321606373
0.7075914032
0.7074599264
0.9502057307
0.9355158229
0.9958384842
0.7341855112
0.982790161
0.9705886188
0.9870669504
0.8966039095
0.9840179875
0.9817272026
0.9970339153
0.9378927585
0.9745795808
0.9890596054
0.992584001
0.9928908995
0.9886602867
0.9731612974
0.9074380765
0.7074966358
0.9877046582
0.9819395543
0.9445962078
0.9990322761
0.9472321471
0.9484684753
0.9028062821
0.89643375
0.9647092975
0.9798862725
0.7098027754
0.9252025187
0.9874981082
0.8507816433
0.9830261388
0.9231003801
0.9965566958
0.9766717803
0.9933172406
0.9703412517
0.9937974793
0.9860424648
0.9520257089
0.9953639172
0.9948407593
0.9511062012
0.9867771329
0.9467532903
0.9822462426
0.950158843
0.9910474715
0.9993966084
0.9020494003
0.9991292356
0.8616862342
0.9892600041
0.9670170185
0.995451299
0.9955920619
0.95441443
0.9521782511
0.971247794
0.9921971192
0.9822925995
0.9877930779
0.9940595001
0.9289959757
0.9689744951
0.9827721587
0.9746001786
0.9590264614
0.9571899862
0.9496502173
0.9988004459
0.9643643204
0.9937236974
0.9372311236
0.8984697099
0.9645535026
0.9944719793
0.9182296618
0.9592357737
0.7100155866
0.7072266424
0.8958167406
0.9856779127
0.9498627285
0.9971242808
0.9833254675
0.993198452
0.9669675709
0.975132023
0.9979476801
0.8959568865
0.9474278292
0.9175845333
0.9985837891
0.9765621519
0.9897267102
0.9952225645
0.9719287182
0.9784022555
0.9639077915
0.881403289
0.980536395
0.9993249534
0.8953738061
0.9888934841
0.9941165089
0.9961089326
0.8962313171
0.7122383041
0.9949283106
0.9664188052
0.9960060456
0.9873014036
0.9917804065
0.9583805594
0.9732440424
0.9435223674
0.9363264683
0.9717730021
0.9242946993
0.9889064408
0.9816328469
0.9993137355
0.9933357773
0.9952170701
0.9486886755
0.8967815912
0.708159165
0.9743623719
0.9697715934
0.9934085114
0.998203437
0.9963889995
0.8884897837
0.9648551351
0.948445526
0.9853923866
0.9983787032
0.9435903242
0.9946947359
0.986631676
0.7075600144
0.9917233055
0.9871337967
0.9806306989
0.9637917802
0.9455615078
0.994153295
0.9965488707
0.8968561273
0.8970165759
0.9541259089
0.945756339
0.9961855707
0.946306113
0.9518637558
0.988550191
0.9781415941
0.9959205648
0.9501204926
0.9493768795
0.9817855635
0.9844878443
0.9939952141
0.8948334603
0.9897917331
0.9891071223
0.9998051332
0.9295783272
0.9519807309
0.9841126238
0.9537950648
0.9765014839
0.9762635107
0.9730710195
0.9516032797
0.9393049209
0.9961418691
0.9183727568
0.9748579453
0.707541678
0.9204540277
0.9795543305
0.9955149664
0.98483251
0.9871586522
0.9933538415
0.8956389053
0.9944364496
0.9520156713
0.7078190908
0.9392846282
0.9597076072
0.9638591969
0.966685355
0.9988275941
0.9954237567
0.7347150659
0.9776464891
0.9167615061
0.9892415
0.7084206861
0.9755320592
0.9712792789
0.9230763636
0.9150213653
0.8941171087
0.9947673391
0.8765688839
0.9870250952
0.9444706135
0.9922722749
0.9694327197
0.7074904039
0.9665175139
0.987904633
0.9554261196
0.9187268024
0.9809915921
0.7076421908
0.9765578903
0.9711481528
0.9530594445
0.7081771047
0.993577909
0.985830477
0.9797282774
0.9865239667
0.9997991989
0.7072894233
0.9710003229
0.9064298893
0.9523685128
0.9887637525
0.942802492
0.9846530009
0.9864109389
0.9517800623
0.9899610674
0.9815421537
0.9524342139
0.9754663787
0.9758237177
0.9823878489
0.921469866
0.9932031919
0.950966431
0.9307360193
0.9796819477
0.9841278184
0.8964330891
0.9696486195
0.9358927884
0.9607846685
0.97020329
0.9866270938
0.9904118289
0.9782624768
0.9917724183
0.9862835942
0.9446328626
0.97438597
0.9467909161
0.9207880196
0.9757514812
0.9865687848
0.9942494754
0.9298096951
0.9786216411
0.9666320664
0.9930376956
0.9206872675
0.9662017759
0.8957476384
0.950051129
0.7084964391
0.9894231513
0.9883522303
0.991826663
0.9900222417
0.9071826926
0.9988708481
0.7140049398
0.7072497098
0.9895648564
0.9851408384
0.9296279751
0.9826471652
0.9574297249
0.9926420976
0.9282855322
0.9877488985
0.9521270932
0.9853425657
0.7086433739
0.7087035607
0.9711429534
0.9913983457
0.8358137068
0.9751596235
0.9581226823
0.8885110301
0.7159798022
0.9926505576
0.9951359684
0.938483075
0.9912628652
0.8989330272
0.9487049085
0.9749116408
0.9595601463
0.7078540619
0.9717019645
0.9666253271
0.9440683664
0.9682916104
0.9755555525
0.997174519
0.9847780865
0.9772402904
0.9732627998
0.9317104346
0.9450430679
0.9857602418
0.9640807476
0.9674917245
0.9934636797
0.7077069036
0.9780756013
0.9852535635
0.9587740654
0.954206993
0.9867361853
0.9833950299
0.9657515848
0.9421622257
0.9887667898
0.9709718022
0.9730234881
0.9531897987
0.9830028739
0.9975217986
0.9844707997
0.9967402175
0.8962364864
0.8736406856
0.9990124177
0.9864947362
0.982553462
0.9887578777
0.9593973527
0.9927116963
0.9630840079
0.9879834016
0.993691835
0.9420981395
0.9725786589
0.9722263077
0.9908555825
0.9593784185
0.9489361759
0.988229849
0.7073157313
0.9527659843
0.9730679651
0.955843954
0.9603374982
0.9815227336
0.9989153016
0.9999310084
0.9804662472
0.9826595929
0.9585047628
0.7074268622
0.906994826
0.9495400273
0.9401227248
0.9024412879
0.9489310049
0.8907911167
0.8447508496
0.9502276353
0.9013843612
0.7083170872
0.994054512
0.9568546665
0.9554539678
0.9962584994
0.9632318353
0.9942559841
0.9935151117
0.9467329712
0.9904217464
0.8778858221
0.9896880417
0.9235206556
0.9689699963
0.9866310241
0.9982038534
0.9592573239
0.9145328828
0.9725263557
0.9406973795
0.9810778717
0.9835364862
0.9891770302
0.9874695841
0.9950464616
0.9927067286
0.9658737205
0.9610867844
0.988269002
0.993401666
0.9958469299
0.9893104396
0.9759720108
0.9748618479
0.9105561222
0.7074863485
0.707925316
0.9765806477
0.9675928023
0.7074203881
0.8981923053
0.9550566187
0.9461937814
0.9362743115
0.8145474139
0.9818752104
0.9879324653
0.9869785217
0.9952247656
0.9979154348
0.8960679444
0.9737440911
0.9903755432
0.9814786368
0.9831793009
0.9877457822
0.9829128374
0.9434803009
0.9044160657
0.979770853
0.996809336
0.8960589099
0.9638867398
0.9520361946
0.9926883556
0.9897860475
0.991838223
0.9882745388
0.9899199707
0.9834557436
0.988784393
0.9354614312
0.954838184
0.9831127401
0.9550241533
0.9627855761
0.9667973234
0.9985395965
0.941429456
0.9778351393
0.9930933753
0.9418402846
0.9781231555
0.9771698805
0.9013287396
0.7098024617
0.9832376206
0.7071428535
0.8965726301
0.960279442
0.9883127501
0.9769512639
0.9539456631
0.9942301773
0.8694208519
0.990926992
0.9989947665
0.9708129373
0.9934587407
0.9831025998
0.9800967372
0.7076007132
0.9389361483
0.9962927242
0.90102131
0.9627431074
0.9933522546
0.9259164013
0.9185059561
0.9837607267
0.9562644037
0.9991202596
0.8996024667
0.9902433212
0.8982486152
0.9413666198
0.9517991926
0.7084728747
0.951137364
0.9964742126
0.9037817253
0.9934698049
0.9917994002
0.9982848944
0.9190122723
0.7081925894
0.99420668
0.9005330573
0.9092829864
0.9531347948
0.8935252721
0.9910919717
0.9940711604
0.9464339533
0.9846566485
0.8959504693
0.7072320386
0.9901404779
0.9406874718
0.9801529761
0.9222390104
0.9555426216
0.9998454216
0.9892211049
0.7086592662
0.9897986317
0.9560628099
0.9517606902
0.9475517233
0.9881280497
0.9987017946
0.9999448884
0.8955775483
0.9869273698
0.9711892417
0.9308190133
0.9040487313
0.7076396389
0.9813067345
0.9581633099
0.9912599997
0.9842744954
0.9543504003
0.9977053015
0.9897317248
0.9582541272
0.9699876349
0.7073266366
0.9556721604
0.9916260873
0.9489985737
0.8703117591
0.9825870587
0.9315704321
0.990597217
0.9891770302
0.9840228206
0.9767963214
0.9954933716
0.9730027072
0.9386370452
0.9524196268
0.9584414872
0.9921293616
0.9823934013
0.9932674924
0.9913340324
0.9723200031
0.9858534524
0.7081148495
0.9801771561
0.9848397415
0.9970176785
0.9954920623
0.9892893244
0.9445200371
0.9637107819
0.9922086034
0.9906083135
0.9949956456
0.8466415313
0.9584780153
0.9957302072
0.9731503149
0.9965483436
0.9917915951
0.9002397231
0.9892964973
0.9620830257
0.7082941169
0.9837014947
0.9923316683
0.9642783122
0.9844582231
0.9886327358
0.9917718313
0.707846782
0.8970535659
0.9939424481
0.9785102843
0.9795386426
0.9608987224
0.9986234647
0.8979428939
0.9951462074
0.9824914067
0.9724966768
0.955405157
0.8964725947
0.9433896861
0.9736861416
0.9875632845
0.980435064
0.9887674745
0.9958528998
0.9938048221
0.980298202
0.9735432559
0.994443977
0.9874828734
0.9573138531
0.980206653
0.9955742037
0.9825045966
0.9925899726
0.9442055188
0.9700793046
0.9761132142
0.9861005864
0.9531506261
0.9946714044
0.9757339495
0.8974817061
