0.971769750773
1.0
1.0
1.0
1.0
1.0
1.0
0.953727524319
1.0
0.954126477946
1.0
1.0
1.0
1.0
0.0
0.981346170418
0.879309713745
0.988056327444
0.0
0.7193671141
1.0
1.0
0.968638079445
1.0
1.0
1.0
1.0
0.71223401005
0.994072578537
1.0
1.0
1.0
1.0
0.964372001271
1.0
0.939477007763
1.0
1.0
0.899636517267
1.0
0.990508255902
1.0
0.918268599001
1.0
0.966955698841
1.0
0.0
1.0
0.0
0.951974065283
0.0
1.0
0.0
1.0
1.0
0.708528045999
0.992250693573
0.984713913938
0.724586940841
0.961934580637
0.92075694994
0.994925356655
0.936807474361
0.973929837913
1.0
1.0
1.0
1.0
0.99307971381
0.90010585642
1.0
1.0
0.955037777494
0.992767645739
1.0
1.0
1.0
1.0
0.931970340936
1.0
1.0
1.0
0.971508313663
0.975389184768
1.0
0.984264370817
1.0
0.934651355794
1.0
0.884222995565
1.0
1.0
1.0
1.0
0.979795512838
0.983630038784
0.992884470051
1.0
0.957927228003
1.0
1.0
0.955195121937
1.0
1.0
1.0
1.0
1.0
0.983671576837
1.0
1.0
0.937194416341
0.94823727701
0.955287438921
0.931855747738
0.960234060675
1.0
0.926037714523
0.999834939082
0.990465419269
1.0
0.956827511377
0.991250025015
0.995793325686
0.978678984744
0.995497285605
0.982157846334
0.973566262127
0.994224142715
0.98478647116
1.0
0.71609437357
1.0
0.992806577585
0.926213075534
0.0
0.915097221254
1.0
0.0
0.971526865566
0.962583277902
1.0
0.710010606301
1.0
0.954987195047
1.0
0.995307200544
0.0
1.0
0.935694397263
1.0
1.0
1.0
1.0
0.0
0.708653100366
0.952194988084
0.97480073101
1.0
0.722812412443
1.0
0.915214099029
0.954611478373
0.977862074206
1.0
0.962509855668
0.977412639368
0.946455601743
1.0
0.951093248716
1.0
1.0
0.0
1.0
0.951216100457
0.984575969117
1.0
0.993083550667
0.913747667814
1.0
0.942457444186
1.0
0.96348764603
0.935754518896
0.973810573385
0.976082981421
0.984536551805
0.956376171134
1.0
1.0
0.971043327196
1.0
1.0
1.0
0.915677856683
1.0
1.0
0.996340955741
1.0
0.98058194265
1.0
0.941850017599
0.0
0.996576402234
1.0
0.900277740447
0.984930561389
0.984897213826
1.0
1.0
0.971964743958
1.0
1.0
1.0
0.975839898864
0.849714911448
1.0
1.0
0.957554954176
0.909027769863
1.0
0.992147919396
1.0
1.0
0.711507002818
0.970124191657
0.992117298751
1.0
1.0
0.936443971533
0.990958354146
0.964018059678
0.858690347681
1.0
1.0
0.0
1.0
1.0
0.956781926183
1.0
1.0
0.999844484252
1.0
1.0
0.709574144009
1.0
0.959159308074
0.946025222424
1.0
0.99566692639
0.983885126053
0.992245094438
1.0
0.954702166701
1.0
1.0
0.996694979676
1.0
0.971467797339
0.974436985549
1.0
0.941167154411
1.0
0.95705743782
0.979816974096
0.969679010628
0.981167982777
0.963804710802
0.97733599609
0.974589269685
1.0
0.926920839725
1.0
1.0
1.0
0.726931695621
0.974187755244
1.0
1.0
0.874867340416
0.99722832906
0.914179590833
1.0
1.0
0.943448018802
1.0
0.0
1.0
0.966093586678
1.0
1.0
0.955912676647
0.974222555734
1.0
0.730175038264
0.996066979704
0.996189737861
0.999110927495
1.0
1.0
1.0
1.0
0.709959165143
1.0
1.0
1.0
0.914331380076
0.921324949428
0.957114291032
0.97295616328
1.0
0.997169758765
0.914583561777
0.997849103639
1.0
0.861279612466
0.96554203097
0.969551325711
0.96980972533
0.974256599663
1.0
1.0
0.99974508204
0.983965627772
0.982200136585
1.0
1.0
1.0
1.0
1.0
0.992638524027
0.960947156394
1.0
1.0
1.0
1.0
0.988508888881
1.0
1.0
0.967982871389
1.0
1.0
1.0
1.0
0.89130366972
0.991528088539
0.970324535086
1.0
1.0
0.997033798705
0.967826941073
1.0
0.984797013065
0.911355836635
0.905797916821
0.991493212914
0.969708143393
1.0
1.0
0.970836496708
0.963010943361
1.0
0.972184917845
1.0
1.0
0.977824491226
0.717054599845
1.0
1.0
1.0
0.98384004185
0.982608501793
1.0
1.0
1.0
0.0
0.997598306985
0.934125501703
1.0
1.0
0.0
1.0
0.909169529266
0.999475614267
1.0
1.0
0.989315289282
1.0
1.0
1.0
1.0
1.0
0.987652402504
0.986145655094
0.947330711734
0.711469644922
0.86175793213
1.0
1.0
1.0
1.0
0.928622736368
0.975150487761
0.981778540584
0.0
0.996028863539
1.0
1.0
1.0
0.9662113491
0.968039481946
1.0
1.0
0.945507777169
0.955255678945
1.0
0.901043900555
0.966228405641
1.0
1.0
1.0
0.962000440926
0.957098823045
0.709032032302
1.0
1.0
0.708731071853
1.0
1.0
1.0
0.985315549368
1.0
1.0
1.0
1.0
1.0
1.0
0.984533471827
0.925606736244
1.0
1.0
1.0
0.932913512275
0.716377982171
1.0
1.0
0.993800511817
1.0
1.0
0.710462828631
1.0
0.921103235892
1.0
0.91659394159
0.946066603595
1.0
1.0
1.0
1.0
1.0
0.965863813507
1.0
0.708162864695
1.0
1.0
1.0
1.0
0.946935974564
1.0
1.0
0.958289002454
1.0
0.983247377818
1.0
0.962591097879
1.0
1.0
1.0
0.890969744418
0.936234290666
1.0
0.940288178416
0.9368146424
1.0
1.0
0.85812935054
0.949971583515
0.980260993233
0.988927302649
0.973446804535
0.980950796484
0.897996574263
1.0
0.956675258141
0.995261028992
0.944225723457
1.0
1.0
0.997214080421
1.0
0.916858808475
0.98363009971
1.0
0.986119749809
1.0
0.976124767686
0.964080326781
0.960427545073
0.995624283759
0.899520534942
0.995982600669
0.994302894559
0.967429419878
1.0
1.0
1.0
0.984530830696
0.987565070965
1.0
1.0
0.922378823798
0.9753562778
1.0
1.0
0.970538691289
0.981265619656
1.0
1.0
1.0
1.0
1.0
0.954170236146
1.0
1.0
0.918080295359
1.0
0.949311307455
1.0
0.96483423729
0.93536018918
0.84543336866
1.0
1.0
1.0
0.981846178744
0.0
0.994498859505
1.0
1.0
0.983078571941
0.950167717823
0.982850748969
1.0
1.0
1.0
0.968618253657
0.967093809124
0.990782821059
1.0
0.0
1.0
1.0
0.990887150913
0.993706168873
0.974779176747
1.0
0.940026689238
1.0
0.983671735785
1.0
1.0
1.0
0.0
0.968865849052
1.0
1.0
1.0
0.999637145923
1.0
1.0
1.0
0.987482557795
0.986907065771
0.713344335833
0.979308619127
1.0
1.0
1.0
1.0
1.0
1.0
1.0
0.937399531508
0.951056948262
0.0
1.0
1.0
0.0
1.0
1.0
1.0
0.985876909382
1.0
0.979939587486
0.975040335877
1.0
1.0
0.991238068603
0.98916276212
1.0
1.0
0.937105821993
1.0
0.708381764323
1.0
1.0
1.0
0.995743866498
0.976691216929
0.890870665712
0.955292041272
0.970294953937
1.0
0.910667317424
0.922063312574
1.0
0.980122051818
1.0
0.96103024434
0.965691492469
1.0
1.0
0.999721965195
0.981469845288
1.0
1.0
1.0
1.0
1.0
1.0
0.94879046255
1.0
1.0
0.707232362371
1.0
1.0
1.0
0.876793435985
0.974776612053
1.0
1.0
1.0
1.0
1.0
0.981454772175
1.0
1.0
1.0
1.0
1.0
1.0
1.0
1.0
0.990084127809
1.0
1.0
1.0
1.0
1.0
0.901426236232
0.986474825251
1.0
1.0
0.91421104382
0.916942865437
0.986121754165
0.958014618389
1.0
0.902555192197
0.988032261543
0.709939684303
0.939901775833
1.0
1.0
0.959253586139
1.0
0.911557536024
1.0
1.0
1.0
1.0
0.970475801537
0.961010192344
0.992466247262
0.985683009574
1.0
1.0
1.0
1.0
1.0
1.0
1.0
1.0
0.857858034116
0.996100386165
0.99375681169
1.0
0.97596675525
0.940571333938
1.0
1.0
0.963677377136
0.711072027081
1.0
1.0
1.0
0.0
0.96058958805
0.973458005832
0.0
1.0
0.983578640013
1.0
1.0
1.0
0.901907324228
0.989796308867
1.0
1.0
0.996741081624
1.0
0.961042270245
0.0
0.935871844947
1.0
1.0
1.0
0.939204564701
1.0
1.0
1.0
1.0
0.970203887874
0.987340546629
1.0
0.997534720918
1.0
1.0
0.99489272635
0.902459282102
1.0
0.0
0.986363282969
0.991653176969
1.0
0.944898946627
1.0
0.737627979319
0.0
0.976987550869
0.980773799727
1.0
0.829290931255
0.899420099108
0.944991658912
0.974433882487
1.0
1.0
1.0
0.739644941641
1.0
1.0
1.0
1.0
0.708188531971
1.0
1.0
0.976632844051
1.0
1.0
0.713626814827
1.0
1.0
1.0
1.0
0.935842211721
1.0
0.996095594599
0.981805578378
0.963720721943
0.986265962023
1.0
0.971118469313
0.936445287494
1.0
1.0
1.0
1.0
0.995658755393
1.0
1.0
0.917212616303
1.0
0.907870355088
0.987211821349
1.0
0.860275713638
1.0
0.971923604766
1.0
0.0
0.899572628213
0.979615122115
1.0
0.0
1.0
1.0
1.0
0.954751762673
0.715271948544
1.0
0.988542232961
0.942569992939
0.964767439671
1.0
0.954510038937
1.0
1.0
1.0
0.927640912734
0.95135985229
1.0
0.986964968427
0.977317193099
0.953880957742
1.0
1.0
0.967232899913
1.0
0.922735975186
1.0
0.980709270321
1.0
1.0
1.0
0.0
0.906937015234
1.0
0.0
0.987173505175
0.945670355896
1.0
0.98713314664
0.996180988564
0.966389668508
0.968071521165
1.0
0.991198046065
0.996515366693
1.0
0.0
1.0
1.0
1.0
0.905058780844
0.952159408519
1.0
1.0
1.0
1.0
1.0
0.994825520671
0.94461964073
1.0
0.992102275727
1.0
0.965139704487
0.990370116107
1.0
0.715457972656
0.928781263771
0.977328649501
0.966470189668
0.988740533978
1.0
0.970547319626
1.0
0.998482549867
0.0
1.0
1.0
1.0
1.0
1.0
1.0
1.0
1.0
0.0
0.920057433979
0.902456039745
1.0
1.0
0.995534048584
1.0
1.0
0.896069898012
0.956611309248
1.0
1.0
0.998288078428
0.940122713551
0.962119894854
0.986836845588
0.999110374514
1.0
1.0
1.0
0.709899704637
1.0
1.0
0.886512132314
0.990551695591
0.722528444131
0.99099208691
0.939432773655
1.0
1.0
1.0
0.961710743806
1.0
0.903272993555
0.993553401059
1.0
0.852542134546
1.0
0.956163561335
0.90876481156
0.0
0.962971867886
0.958294035934
1.0
1.0
0.980499551916
1.0
1.0
0.900090066464
1.0
0.997530718779
0.923505656786
1.0
0.984444079825
1.0
0.992875259008
1.0
1.0
1.0
0.900555867742
1.0
0.96734674209
1.0
0.969214103558
1.0
1.0
0.988925871084
0.99807841846
1.0
0.998460155257
0.963060963923
1.0
1.0
1.0
0.96615307914
1.0
0.94710272909
1.0
1.0
0.890822533864
1.0
1.0
1.0
0.983530899004
0.980830367063
1.0
0.994244368507
1.0
0.980032280605
0.987839365177
1.0
0.999323807315
1.0
0.960780088689
1.0
0.992339685765
0.956417669733
1.0
0.90303241872
0.0
1.0
0.985200376513
1.0
0.722602730756
0.991048155405
0.711025942255
1.0
1.0
0.717408543698
1.0
1.0
1.0
0.96682564368
1.0
0.989879041927
1.0
1.0
0.95890468919
1.0
1.0
1.0
1.0
0.715726954587
0.727818736842
1.0
1.0
0.988695437859
1.0
0.709083168172
0.979695949186
0.722169849129
1.0
0.976442757728
0.992365082648
1.0
1.0
1.0
0.0
1.0
1.0
0.968148873056
0.998858332887
0.709798349304
1.0
1.0
1.0
0.977323691399
0.994110674652
0.992866573305
1.0
1.0
1.0
1.0
1.0
0.937817884891
0.993626553078
0.989300461669
0.957019268644
0.883085348405
1.0
1.0
1.0
0.71042188499
1.0
0.961043985226
0.958893564819
0.0
0.995675146373
1.0
0.711898620682
1.0
0.729622240101
1.0
1.0
1.0
1.0
0.974006589773
1.0
1.0
1.0
1.0
0.966566329602
0.909649239245
1.0
1.0
0.0
1.0
1.0
0.993693256429
0.971266216039
0.998978380109
0.998583526791
0.986354432253
1.0
1.0
0.970257982233
1.0
0.708132900895
1.0
0.929477501417
0.958291440213
1.0
0.909530494623
1.0
0.973668068135
0.983308698432
1.0
0.0
0.970639543222
0.992974048414
0.979399920575
0.984046821868
0.0
0.949693512238
0.960308891814
1.0
1.0
1.0
0.0
1.0
0.970912315902
1.0
0.99269953969
1.0
0.998554450946
1.0
1.0
0.990435192523
0.0
1.0
0.936969340671
0.995249968557
0.990576617386
0.999430949277
0.963844608993
1.0
1.0
0.999975358193
1.0
1.0
0.997355534193
1.0
1.0
0.923429848438
1.0
1.0
1.0
0.912771870347
0.905614826653
1.0
1.0
0.99409856751
0.900540030649
0.984125500871
1.0
1.0
1.0
0.964529912322
0.951033583248
1.0
1.0
1.0
1.0
0.905429877894
0.0
1.0
1.0
0.97989289932
1.0
0.902884957477
0.952638572691
0.0
0.942649364026
1.0
1.0
1.0
0.987660459153
1.0
0.966982637451
0.998899091513
1.0
1.0
1.0
0.970876333121
1.0
1.0
1.0
1.0
1.0
1.0
0.960048323953
1.0
1.0
0.890755183166
1.0
1.0
1.0
1.0
1.0
0.95301464092
0.975456587282
1.0
1.0
0.949862536891
0.990440692013
1.0
1.0
0.909546723431
1.0
1.0
1.0
1.0
1.0
1.0
0.975645072962
0.971686360231
0.982823393845
1.0
0.988876025791
1.0
0.988292146036
1.0
1.0
0.953888675551
0.0
0.724285097356
0.929648934349
1.0
1.0
1.0
1.0
1.0
1.0
0.957673438455
0.955830587777
0.955775429174
0.709732088933
1.0
0.978214245436
1.0
0.96543007755
0.993823452867
0.975952844932
1.0
1.0
1.0
0.984681342173
0.993642135102
1.0
1.0
1.0
1.0
0.985551620407
0.975216112492
0.0
1.0
1.0
0.955675380664
1.0
0.960572285809
1.0
1.0
0.99112572837
1.0
0.919886916581
0.917483477426
0.946375060384
1.0
0.981829049219
1.0
1.0
0.967103453243
0.899763212267
1.0
1.0
1.0
0.909124136909
0.0
1.0
0.981013585221
1.0
1.0
0.941719576052
0.94805648869
1.0
1.0
1.0
1.0
1.0
0.713740617252
0.965456325146
0.991757507084
0.952373234213
0.956865495881
1.0
0.997182033775
1.0
0.982243787909
1.0
0.949778599737
0.993430296362
1.0
1.0
1.0
1.0
1.0
0.969843673483
1.0
0.994175502031
0.711463213087
0.984534502822
0.980032270101
1.0
0.996668086583
1.0
1.0
1.0
0.922858191759
1.0
1.0
0.990343179214
0.978164981993
0.967376985924
1.0
0.709364698187
1.0
0.910811623253
1.0
0.962460796039
0.901523855707
0.965994966969
1.0
0.974046233157
1.0
0.992468023279
0.983541368197
0.908050686403
0.938281598082
0.713694976343
1.0
1.0
1.0
0.973307978303
0.999671638159
1.0
0.982468114305
0.947328394841
1.0
0.710284367976
1.0
0.997808344727
0.996729087879
1.0
0.979344108258
1.0
0.977060685565
0.884753947788
0.983759270304
0.941412372383
0.974485135718
0.897226796019
1.0
0.98561076014
1.0
1.0
0.713304697671
0.789478643974
0.969912258105
1.0
0.978249610381
0.986399530856
0.885872608592
1.0
1.0
0.963026084632
0.961822265666
0.956065456494
1.0
0.901080229294
0.955079864581
1.0
1.0
1.0
1.0
1.0
0.993925662135
0.924823336435
0.970718417268
0.0
1.0
1.0
0.963860732524
0.956660960062
1.0
1.0
1.0
1.0
0.0
1.0
0.994602040714
1.0
1.0
0.890287816657
0.954117475768
0.930249357918
0.912030011836
0.918637904246
1.0
1.0
1.0
0.85254525213
1.0
0.724663299395
1.0
0.989675798438
0.948404713235
1.0
0.966949008387
0.983242016114
1.0
1.0
1.0
1.0
1.0
0.739535982766
1.0
1.0
0.961591230822
0.964552898776
0.979760928758
1.0
1.0
0.969764962168
0.96450115024
1.0
0.995286517285
0.973428959771
0.992983235061
0.0
0.708950659848
1.0
1.0
1.0
0.911403467669
1.0
1.0
1.0
0.0
1.0
1.0
0.981507926974
1.0
1.0
1.0
1.0
0.989974468024
0.905205911334
1.0
0.988837007889
1.0
0.995540687382
0.90140384755
1.0
0.0
1.0
1.0
1.0
0.910668673429
1.0
1.0
0.912418520585
0.9860240112
0.925798299182
1.0
1.0
0.984967369498
1.0
0.975679209124
0.999799727061
1.0
0.716702469179
1.0
1.0
1.0
1.0
1.0
0.992353194608
1.0
1.0
1.0
1.0
1.0
0.0
0.935421318279
0.965674573853
1.0
1.0
0.964303954503
0.961377001631
1.0
1.0
1.0
1.0
1.0
1.0
1.0
0.0
0.925729357378
0.904326709584
0.956102761047
0.0
1.0
1.0
0.898187591678
1.0
1.0
0.813182736209
0.980628111965
1.0
1.0
0.905161951582
0.952169509995
0.939292230073
0.95980760802
0.963381880245
1.0
0.973943452847
1.0
1.0
1.0
0.956575586173
0.937385280463
1.0
1.0
1.0
1.0
1.0
1.0
1.0
1.0
1.0
1.0
1.0
1.0
1.0
0.709033906606
0.978146281645
1.0
1.0
0.716986163512
1.0
1.0
1.0
1.0
1.0
1.0
0.983437940953
0.929343446382
1.0
1.0
1.0
0.985256717563
0.99583213795
0.98753164959
1.0
1.0
1.0
0.924012757402
0.99670102528
1.0
1.0
0.934734039728
1.0
0.945710456084
1.0
0.997851423696
1.0
0.9559881401
0.984706428779
0.994011597415
0.993175936283
1.0
1.0
1.0
1.0
1.0
0.988301757962
1.0
1.0
1.0
0.965077030316
1.0
1.0
1.0
1.0
0.961788204271
0.979654008617
1.0
0.975905352041
0.905199978079
1.0
0.0
0.984094262156
0.976729110243
1.0
1.0
1.0
1.0
0.920526590696
0.995451769428
0.989681553273
0.0
0.984143021417
0.997519130249
0.962461524677
0.962776246874
1.0
0.970360149823
0.897569632049
0.710267297501
0.898407359919
0.996717727289
0.711382115117
1.0
1.0
1.0
1.0
1.0
0.892158121059
0.943067795722
1.0
1.0
0.902399130341
1.0
0.966265916135
1.0
0.971461381169
1.0
0.886574671118
1.0
1.0
0.0
1.0
0.91778707137
1.0
1.0
1.0
1.0
1.0
1.0
1.0
0.946011343085
1.0
1.0
0.896750048182
1.0
0.92145827851
0.0
1.0
0.991167229226
1.0
0.963652988305
0.92543641654
0.959906866199
1.0
1.0
0.992535216352
0.980709881898
1.0
0.971788901777
0.961828626014
0.984116688098
0.708285798085
1.0
0.712215720794
0.956393260432
1.0
1.0
1.0
1.0
0.989200344897
0.959166704532
1.0
1.0
1.0
1.0
1.0
1.0
0.946903662849
0.985045929011
1.0
0.954471128833
1.0
1.0
1.0
0.955597117264
0.961452491345
0.999429568192
1.0
1.0
0.975257138111
1.0
0.999638966487
1.0
1.0
0.90497127911
0.974680372571
1.0
0.985058913725
1.0
0.974445703284
0.0
1.0
1.0
1.0
0.98472153811
1.0
0.986029356626
0.991920020341
0.998345177576
1.0
1.0
1.0
1.0
0.715403427714
0.905895155737
0.959193876168
1.0
1.0
1.0
1.0
1.0
1.0
1.0
0.93203055342
1.0
1.0
1.0
1.0
0.944888152316
0.0
1.0
0.92103198076
0.989255443428
1.0
1.0
1.0
0.985309772079
0.0
1.0
0.993321012429
0.710421994221
0.891335031139
1.0
1.0
1.0
1.0
0.989672728967
0.971130135619
0.979783985469
1.0
0.971901073688
0.985228911971
1.0
1.0
1.0
1.0
0.856735510144
1.0
1.0
1.0
0.999082466687
0.969439339894
0.97698974362
1.0
1.0
1.0
1.0
0.899433058902
1.0
0.988945686013
1.0
1.0
1.0
1.0
1.0
1.0
0.712102451939
1.0
1.0
1.0
0.970110047441
0.991646263094
0.98766571119
1.0
1.0
1.0
1.0
1.0
0.715634280508
0.0
1.0
1.0
1.0
1.0
0.0
1.0
1.0
0.95885833412
1.0
1.0
1.0
0.979932867844
1.0
0.99228574218
0.708505938161
0.989842079798
0.962958782319
1.0
0.94101758852
0.991075571868
0.984382469714
1.0
0.969846033063
1.0
1.0
1.0
0.936666989678
1.0
0.994987468959
0.922841676316
1.0
1.0
0.965615452342
0.0
1.0
0.892531712249
1.0
0.963423798702
1.0
0.949814164955
1.0
1.0
0.927482335226
1.0
0.980603566891
1.0
1.0
1.0
0.966882410515
1.0
0.99629287797
0.95267026207
1.0
0.986250479779
1.0
0.989224604213
0.93732862565
1.0
1.0
1.0
0.929122904209
0.983183457115
0.996622370085
1.0
0.708035677903
0.979490912321
0.967662443043
1.0
1.0
1.0
0.989211235168
0.715005248781
0.983503196092
0.95548710626
1.0
0.920113015456
1.0
0.935582176096
1.0
0.997906703223
1.0
1.0
0.989434073304
1.0
0.997647417709
0.968154291957
1.0
1.0
1.0
1.0
0.947394166043
0.955597633625
0.962258750606
1.0
0.0
1.0
1.0
1.0
1.0
0.978484112558
1.0
0.986358835346
1.0
0.987326865234
0.0
0.961643529772
1.0
0.962854669251
0.708161967517
0.957502644984
1.0
1.0
0.997151693417
1.0
0.978791371743
1.0
1.0
0.894197656517
0.973869492004
1.0
0.902407725618
1.0
0.0
1.0
0.968246762263
0.968692159775
0.991826040209
0.996505791272
1.0
1.0
1.0
0.0
0.996835075298
0.716305027928
1.0
0.899239458641
1.0
1.0
1.0
0.940993635272
0.995009851987
0.962308504545
0.977764344786
1.0
0.981362440954
0.984939179162
0.989395144127
1.0
1.0
0.958277861568
1.0
1.0
0.0
1.0
0.974750304952
1.0
1.0
1.0
0.990211472194
1.0
0.95052493849
1.0
1.0
0.977480499353
1.0
0.955455731503
0.971711959619
1.0
1.0
1.0
0.907612889206
1.0
1.0
0.0
0.990598131842
0.998645759977
0.932435507442
0.949537285038
1.0
1.0
1.0
0.992818498666
1.0
1.0
1.0
0.709011691368
0.994500582284
1.0
0.981197167747
1.0
0.946374282046
0.966998278688
1.0
1.0
0.0
1.0
0.997894639113
0.96582147595
0.962840991705
0.97095933288
0.891027000397
0.917588546524
0.973339466333
0.96562677507
1.0
0.728933413709
1.0
0.97542735829
0.994221616207
1.0
0.898010031893
0.900305772664
0.709579316323
0.9980660774
0.957774998309
1.0
0.976863953126
1.0
1.0
0.958531148023
1.0
1.0
1.0
0.899951131292
0.0
0.969347432594
0.916813541341
1.0
0.963148304724
0.975833220319
1.0
1.0
1.0
0.916714235682
1.0
1.0
0.988356175359
1.0
0.955978750139
1.0
1.0
1.0
1.0
1.0
0.989576143751
0.98558529187
1.0
1.0
1.0
1.0
1.0
0.976520050452
0.992417006264
1.0
1.0
1.0
1.0
0.988358140032
1.0
1.0
1.0
0.999262975269
1.0
1.0
0.964816370646
0.853289555465
1.0
1.0
0.963627106626
0.947836894015
1.0
0.905736626234
0.99987185654
1.0
0.984461998305
1.0
1.0
0.982213094341
0.959512666767
1.0
1.0
0.96005097956
1.0
0.997436250807
0.988572529719
1.0
0.961747200529
1.0
1.0
0.871708542742
1.0
0.994293676743
0.902150696158
0.708540844314
0.952048872704
0.963460159393
0.997528292761
1.0
0.968268867081
0.916735636596
1.0
0.962001670986
0.96183661897
1.0
1.0
0.716457722191
1.0
1.0
1.0
1.0
0.996867519954
1.0
1.0
1.0
1.0
1.0
0.941627616529
1.0
1.0
1.0
0.979283243602
0.972693324299
1.0
0.961691927532
0.980561973333
0.0
1.0
0.911764860039
0.956445255947
1.0
1.0
1.0
0.0
0.710632152349
1.0
0.995264654533
0.981627066049
1.0
0.0
0.988793048523
0.97613121043
0.0
1.0
1.0
0.964804503916
0.917848120268
1.0
0.961818882965
0.70801637326
0.902629889154
1.0
1.0
0.962064410632
1.0
0.922201672875
1.0
0.942902898438
0.90697835316
1.0
0.958772397988
0.988290250192
1.0
1.0
1.0
1.0
0.0
0.978365448284
0.982887402936
0.93677879167
1.0
1.0
0.934189830452
0.71074860176
0.709512237716
1.0
0.99651420805
0.978164998211
1.0
0.989498479274
1.0
1.0
1.0
0.992764443421
1.0
0.987334630435
0.0
1.0
1.0
1.0
1.0
1.0
0.0
0.963741452355
1.0
1.0
0.877680646006
0.99425289978
1.0
0.718175015088
0.974365525343
0.717322205154
1.0
1.0
0.919914546837
1.0
0.714089607729
0.977930482842
1.0
0.70889967163
1.0
1.0
0.943997603154
0.952881241597
1.0
1.0
0.981700703393
0.714528960417
1.0
0.958994874693
0.984167846488
1.0
0.0
0.886868804119
1.0
1.0
1.0
1.0
1.0
0.975392543032
0.997653155789
1.0
1.0
1.0
1.0
1.0
0.958655941632
0.978071662419
1.0
1.0
1.0
1.0
1.0
0.979793082277
0.980343772073
0.901456694819
0.980295238677
1.0
1.0
0.960306594975
1.0
1.0
1.0
0.997437711296
0.948181756381
0.973149709888
1.0
0.978308128785
1.0
0.0
1.0
0.986362206751
1.0
1.0
0.901251814825
0.978784820231
1.0
0.994769944552
0.986282776771
0.958304594425
0.98136961503
1.0
1.0
0.986181938359
0.942487144194
1.0
1.0
0.936227659143
1.0
0.99538910265
1.0
0.994173013719
1.0
1.0
0.981575551189
0.979257721338
1.0
0.842430268185
0.978106355951
0.981734813073
0.940350276777
1.0
0.956829286383
0.0
1.0
1.0
1.0
1.0
0.992971422996
0.0
0.981258081641
0.993296575595
1.0
1.0
1.0
0.910310613094
0.899726877318
1.0
0.965448817217
1.0
1.0
0.952561003134
0.951173864529
0.985974687915
1.0
0.938188475175
1.0
0.988538647816
1.0
1.0
0.973730697236
1.0
1.0
0.983170617958
0.96133735666
1.0
0.951845160711
1.0
1.0
0.998114044036
0.997407624668
1.0
1.0
0.989040294169
1.0
0.901160709312
0.958341597694
0.946732116688
1.0
1.0
1.0
0.940214501249
0.956704547568
0.951578078745
0.963415059915
1.0
1.0
0.99308540043
1.0
1.0
1.0
0.957479628978
0.908726092828
1.0
0.993946173072
1.0
0.947330765393
1.0
1.0
0.709949377382
1.0
1.0
0.0
0.992951308468
1.0
0.991413842895
1.0
0.936243808388
0.974192322838
1.0
0.995273692476
1.0
0.983350346157
0.959111496709
1.0
0.897890733589
0.0
0.95714506823
1.0
1.0
1.0
1.0
0.0
1.0
0.950022111072
1.0
0.958779798687
1.0
0.98511091158
0.983374875162
1.0
1.0
0.998068494459
1.0
1.0
0.861724810879
1.0
1.0
1.0
0.0
1.0
0.966811168916
0.98680198928
0.963907595101
1.0
1.0
1.0
1.0
0.853630085433
1.0
0.904411203932
1.0
1.0
1.0
0.964829491132
1.0
1.0
1.0
0.955477064667
0.993046518857
1.0
0.985825284561
1.0
0.950146304278
1.0
0.992932410422
0.990940361968
1.0
1.0
0.971915575355
0.965030769002
0.987631939238
1.0
1.0
1.0
0.930635685528
0.899171557828
0.816282132032
1.0
0.904183324569
1.0
1.0
1.0
0.70912987211
1.0
0.708821032147
1.0
0.907443910237
0.0
1.0
0.9645522593
0.994687162931
1.0
0.945735240048
0.977652143381
1.0
0.722619483204
0.717406088502
1.0
1.0
1.0
0.913084389582
1.0
0.988285043433
1.0
0.888461395934
0.712579812421
0.986085405302
1.0
1.0
1.0
0.999570251223
1.0
1.0
1.0
1.0
0.993873855604
0.967210422864
0.937418693129
0.999702119582
0.929243046563
0.84303187876
1.0
0.99630902213
0.974099373797
1.0
0.974185778239
0.991520859779
0.970170980663
0.960724871418
0.989061932673
0.990695097702
0.970702238389
1.0
1.0
1.0
1.0
1.0
1.0
0.994255731554
0.990997317108
1.0
0.907570797975
1.0
0.958898971164
0.946166197503
0.0
1.0
0.708754990668
0.907982462019
0.971810093093
0.988557405991
0.970661393252
1.0
1.0
1.0
0.907937975722
1.0
1.0
0.992207110632
0.970245159507
1.0
0.981508132087
1.0
0.983417771675
0.980407739159
0.940427076071
0.883602852278
1.0
0.98739334065
1.0
0.969942497285
0.0
0.988409746096
1.0
1.0
1.0
1.0
0.934807639758
0.954365399302
1.0
0.89816486623
0.709751973299
1.0
0.986817304174
0.0
1.0
1.0
0.960496398922
0.992957734959
1.0
0.0
1.0
1.0
1.0
1.0
1.0
0.990285972729
0.980482865344
0.0
1.0
1.0
0.999641607665
0.944614305114
0.918970721232
1.0
1.0
1.0
1.0
0.965353711552
0.898522770784
0.877872596156
1.0
0.899849003068
1.0
0.909022900255
0.978872252056
1.0
1.0
1.0
0.820986294218
1.0
1.0
1.0
1.0
1.0
0.90628651243
0.996145312423
1.0
0.984794503134
1.0
0.0
0.910128124972
1.0
1.0
1.0
0.994333471927
0.986440576578
0.994112726103
0.982766644221
0.964060088875
0.988862230617
1.0
0.983217670862
1.0
0.710950914183
1.0
1.0
1.0
1.0
0.987203541601
1.0
1.0
1.0
0.934455374043
0.904028378139
0.992117228932
0.709498793848
0.991057541934
1.0
1.0
0.70906379529
0.925192283602
0.978008343652
0.992602854598
1.0
0.985393124025
1.0
0.923828526288
0.997457806992
0.899661693513
1.0
0.994725413138
1.0
1.0
1.0
0.901642476961
0.710565780533
1.0
0.99773927398
1.0
0.979220242298
0.99410102083
1.0
1.0
1.0
1.0
0.0
1.0
1.0
0.961399550749
1.0
1.0
1.0
1.0
0.0
0.917999090796
0.987092325054
1.0
0.956050506716
0.955328310694
0.974209031751
0.901261466317
1.0
0.967664961499
0.92040004482
1.0
1.0
1.0
0.976674519227
1.0
0.993620417382
1.0
1.0
0.998262321082
0.941414266724
0.977292230617
0.991816784866
0.995032435791
1.0
0.939656840129
0.994135899537
1.0
0.717174839995
1.0
1.0
1.0
0.934574184656
1.0
0.0
0.714577743669
0.975764856139
0.980751506338
0.963240369978
1.0
0.951794483885
1.0
0.950539240677
1.0
0.0
0.985796742908
1.0
1.0
0.901844648591
1.0
0.963463050509
0.999579932003
0.9658202806
1.0
1.0
1.0
0.993731740512
1.0
0.955283626441
0.998830069938
0.981562528768
1.0
1.0
0.93922752808
1.0
0.989455985787
0.979625515647
1.0
1.0
0.0
0.979337996434
1.0
1.0
0.893633228865
0.962788298622
1.0
1.0
0.897808226128
1.0
1.0
1.0
1.0
0.861501849388
0.991413177599
0.969415890998
1.0
1.0
0.933421405716
0.708081850506
0.920458168715
1.0
0.733428604429
0.897519965848
0.995363421279
0.709627938018
1.0
0.963503504918
0.994488119157
1.0
1.0
0.9355905139
0.996849202233
0.993825194128
1.0
0.989909112182
0.902256496497
1.0
0.0
1.0
1.0
1.0
1.0
0.9952221599
1.0
1.0
0.968182865622
0.976957165732
0.906519920159
1.0
0.969655893764
0.959604077559
1.0
0.9765371562
0.872086621383
1.0
1.0
1.0
1.0
0.99806634519
0.899692064169
0.990227658486
1.0
0.963765853931
1.0
0.709179255715
1.0
0.0
1.0
1.0
0.989020256953
0.960228450451
1.0
0.973023555948
1.0
1.0
1.0
1.0
1.0
0.997116773138
0.976975204381
0.988296231995
0.969626794455
1.0
1.0
0.964527363244
1.0
0.951316375092
1.0
1.0
1.0
1.0
1.0
0.973339433271
1.0
0.942645399703
0.899695243382
1.0
1.0
0.7130768943
1.0
0.959594768098
1.0
1.0
1.0
1.0
0.961815593546
0.98352799058
1.0
1.0
0.981203031849
0.986326868607
0.967394107139
0.988337364154
0.940615755612
1.0
1.0
1.0
0.959374428701
1.0
0.971297923145
0.0
0.923277181249
0.976891564008
0.934072985491
0.973920867403
1.0
1.0
0.986096553764
0.959687180208
1.0
1.0
0.0
1.0
1.0
0.999358881169
0.95141104756
1.0
1.0
1.0
0.949797257013
1.0
0.71088939516
1.0
0.998922725486
0.710622913999
1.0
1.0
0.712367914718
1.0
0.97908466966
1.0
0.962938777985
0.992525901458
0.985200629154
1.0
1.0
1.0
0.717124706696
1.0
1.0
1.0
1.0
0.985988294505
1.0
0.98038263401
1.0
0.993060695581
0.992692481802
0.928557039881
1.0
0.896247870682
0.994476253037
0.968572909623
0.944486366923
1.0
0.951165864806
0.71193864752
1.0
1.0
0.916413954287
1.0
1.0
1.0
1.0
0.999081996989
1.0
1.0
0.960265591336
1.0
1.0
1.0
1.0
1.0
0.904129724386
1.0
0.973565564432
0.98661591161
1.0
1.0
0.993836492572
0.987635460223
1.0
1.0
0.987182398034
0.969694775281
1.0
0.999695562462
1.0
0.7092273692
1.0
0.721777625538
0.0
0.968963732108
1.0
1.0
0.984464896777
1.0
0.990065399168
0.988476704716
1.0
0.971574906681
0.942040222765
0.97359738229
0.961032374341
0.982651539185
0.715064057715
1.0
0.999201358132
0.871159684934
1.0
1.0
0.718598262805
1.0
1.0
0.974461445202
1.0
0.0
1.0
0.947382346546
1.0
1.0
1.0
0.897257380554
0.982697658879
1.0
1.0
0.985527216379
0.994739675827
1.0
0.958347764565
1.0
1.0
1.0
1.0
0.948992776349
1.0
0.952362099453
1.0
1.0
0.983274593321
0.0
0.960607181652
1.0
0.997381591942
1.0
1.0
0.988500738945
0.991800714211
0.0
0.958673871972
0.95812357975
1.0
1.0
0.981151749312
0.999667744753
0.956369480704
1.0
0.998840112054
0.902385343211
1.0
1.0
1.0
1.0
0.899147134192
0.964673802571
1.0
1.0
0.953887930291
1.0
0.997979165061
0.997833757056
1.0
1.0
0.71031471374
0.939355994392
0.995378490593
1.0
0.997550207377
1.0
0.996480829495
0.951497794419
0.987395004803
1.0
0.710073252734
0.998566279664
0.983971134146
0.998275637466
0.919096624046
0.992744835293
1.0
1.0
0.994193476572
1.0
1.0
1.0
1.0
1.0
0.919346128178
1.0
1.0
1.0
0.986905961018
0.980275986627
0.973916058109
1.0
1.0
1.0
0.935120338171
1.0
0.887916280013
0.712152396505
0.96382583815
1.0
0.942481506213
0.708466843672
0.99523495055
0.984528164377
1.0
0.916109223287
1.0
0.909424104501
1.0
1.0
0.986310608639
1.0
1.0
0.996080066311
1.0
1.0
0.998683763115
0.980611985517
1.0
1.0
1.0
0.998640627718
0.949016416931
1.0
1.0
1.0
0.978491999286
0.991731488189
0.980226449242
0.955628196691
1.0
1.0
0.981961595042
0.965031103926
0.993657325709
0.985134931394
1.0
1.0
0.672820438788
1.0
0.990360728083
1.0
1.0
0.990953398744
1.0
0.0
1.0
1.0
1.0
1.0
0.972892012387
1.0
0.985938545731
0.929696428066
1.0
1.0
0.961483339176
0.908629486507
0.96753947371
1.0
0.990430744227
1.0
0.998956387208
1.0
1.0
1.0
1.0
1.0
1.0
1.0
0.97081482216
1.0
1.0
0.973374592486
0.0
0.0
1.0
0.997661824509
0.905955700635
0.974708336226
1.0
0.948333638341
0.917940371854
0.965051173032
1.0
1.0
1.0
1.0
0.95947175055
0.977071806352
0.996206898108
1.0
1.0
0.99898412115
1.0
0.709783605336
0.954655684106
0.0
1.0
0.999650766623
0.992821559161
0.998211223572
1.0
0.954495074482
0.962184295012
0.982700884067
0.996231040043
1.0
0.983252057283
0.961064577926
0.983078930203
0.0
1.0
1.0
1.0
1.0
0.940095715669
0.900658421531
0.977362696109
1.0
1.0
1.0
0.974964067576
1.0
0.999012720351
0.0
1.0
1.0
1.0
0.906100347056
1.0
1.0
0.0
1.0
1.0
0.908280188662
1.0
0.993378769511
0.975988069693
0.996526789624
1.0
0.905980405185
1.0
0.921413809364
0.996235509589
1.0
1.0
1.0
1.0
1.0
1.0
0.709093995857
1.0
0.884360266643
1.0
1.0
0.901958474913
1.0
0.998168679004
1.0
0.977285961901
1.0
1.0
0.953215970671
0.958335842097
0.963378071748
1.0
1.0
1.0
0.993704871308
1.0
0.0
1.0
1.0
0.98911457269
1.0
1.0
0.973677624119
1.0
0.996126063816
0.922158327027
1.0
0.950090337224
0.914360389462
0.950092867307
1.0
0.927490635148
0.881265852833
1.0
1.0
1.0
1.0
0.9895518879
1.0
0.987488773941
1.0
1.0
1.0
1.0
0.998029297443
0.920309483995
1.0
1.0
1.0
0.90401846117
0.94322585478
0.992373131825
0.0
1.0
1.0
0.0
1.0
1.0
0.907943188027
0.0
1.0
0.0
0.71726196641
0.948809216394
1.0
1.0
0.925109053414
0.714909028554
0.996939991275
0.943555291465
0.96124729638
1.0
1.0
0.963988584698
1.0
0.0
1.0
1.0
1.0
1.0
0.0
1.0
0.97271596851
0.957264147957
0.0
1.0
0.982898522104
0.968926544277
1.0
1.0
1.0
0.919441670781
1.0
1.0
0.989363528817
0.957962813724
0.969761776396
1.0
1.0
1.0
1.0
0.980077653706
0.986998231838
0.0
0.999459522693
1.0
0.955334847775
1.0
1.0
0.945996753519
1.0
0.952050105772
0.992306348679
0.911868667127
0.974778420971
0.0
0.974651165873
0.899577881689
0.991891995614
0.985344386297
0.957211438194
1.0
0.975725502783
1.0
1.0
0.907332772432
0.914417790695
0.980375254721
1.0
1.0
1.0
1.0
0.826298050384
0.996399411544
0.986357049216
0.935527623764
0.942513878109
1.0
1.0
1.0
0.996351171503
0.940792682729
1.0
0.933283297462
1.0
1.0
0.980502003394
1.0
1.0
1.0
0.982368780423
0.709945871846
0.958516162442
1.0
0.0
1.0
0.99678932398
1.0
0.995737151012
0.0
0.99150173725
0.883715772475
1.0
1.0
1.0
1.0
1.0
1.0
0.711530370571
0.962228482583
1.0
0.729569946523
1.0
1.0
1.0
1.0
1.0
1.0
0.957051910645
1.0
0.957787655958
0.957439413499
1.0
1.0
1.0
1.0
1.0
1.0
0.978309157737
1.0
1.0
1.0
0.966700647288
1.0
0.905730330482
0.978237201766
0.710470551932
1.0
0.969973654423
0.989919415911
1.0
0.0
1.0
0.903998590822
0.718852097021
1.0
1.0
0.963283688633
0.997433267879
0.916108867586
1.0
1.0
0.972870269202
0.976471737244
1.0
0.71581241605
0.709203321665
0.979502727926
0.714205136557
1.0
0.708319945316
0.985277248841
1.0
0.983722708823
1.0
0.97744870422
0.964702284833
1.0
1.0
1.0
0.998653493727
0.987056748756
0.944595147433
0.958174708298
1.0
0.993772063392
1.0
1.0
1.0
1.0
0.99593411253
1.0
1.0
1.0
1.0
1.0
1.0
1.0
1.0
1.0
0.961586848013
0.950023590168
0.942953677973
0.998249270373
1.0
1.0
0.984259460829
1.0
0.984071970692
1.0
0.0
1.0
0.712459874984
1.0
1.0
1.0
1.0
1.0
0.993412835198
1.0
0.976845341312
0.0
1.0
1.0
0.943558557168
1.0
0.93440363454
0.966347388685
0.947709672543
1.0
1.0
0.908497708564
1.0
1.0
1.0
0.934094585679
0.966392746092
0.953441724725
1.0
1.0
1.0
0.70996950895
1.0
1.0
0.0
0.0
1.0
1.0
0.989352894934
1.0
0.984167441652
1.0
0.945011749169
1.0
0.962484649364
1.0
1.0
0.909152504193
1.0
1.0
1.0
0.976884790645
0.961561435689
0.990639832752
0.997427077387
1.0
0.927673017164
1.0
1.0
1.0
0.988110833713
1.0
1.0
0.72219970782
0.978544499911
1.0
1.0
1.0
1.0
0.987255021038
0.992381685361
0.987198570409
0.99848203075
0.981034280688
1.0
1.0
1.0
0.930454071811
1.0
0.713552009854
0.906844713487
0.997004026429
1.0
1.0
0.983862156557
0.93353469291
0.970249721079
1.0
1.0
0.978487150574
1.0
1.0
1.0
0.984271496504
1.0
1.0
0.962880367526
1.0
0.925061448521
0.0
0.992716244774
1.0
0.902548131453
0.983925488979
1.0
0.980132567279
1.0
0.961489027026
0.990824213626
1.0
1.0
0.988825404775
0.929151766548
1.0
1.0
1.0
0.711561472762
0.708247204478
0.996258335594
0.710499409697
0.984107912173
0.967086721024
0.981261902714
0.984825254114
0.954128195896
0.991293449766
0.0
0.97203389355
0.924813303444
1.0
0.994488832304
0.720120606308
1.0
0.9602273677
1.0
1.0
1.0
1.0
1.0
1.0
1.0
0.968732855409
1.0
0.98856954737
1.0
0.965589015418
0.962780794649
0.968154501525
1.0
1.0
1.0
0.898876296699
0.72076824597
0.962733870875
1.0
0.711811692602
1.0
1.0
0.0
0.994155722236
0.958093870249
1.0
0.983390726761
0.985123170463
1.0
1.0
0.977539253457
1.0
0.907098586511
1.0
0.908376606107
1.0
1.0
1.0
1.0
0.970588875678
0.991774961657
1.0
0.964528259754
1.0
1.0
0.976971006637
0.0
1.0
1.0
1.0
0.956643264252
1.0
1.0
0.971206381771
1.0
0.982460000775
1.0
1.0
0.710795155545
1.0
0.974106542553
0.991830591079
1.0
0.713659666236
1.0
1.0
1.0
1.0
1.0
0.9827117649
1.0
0.973849681543
0.0
1.0
1.0
1.0
1.0
0.997243185873
1.0
1.0
1.0
0.0
1.0
1.0
1.0
0.0
0.99624414451
1.0
1.0
1.0
0.917571504644
1.0
1.0
0.995929001333
0.915518630162
1.0
0.973095827223
0.994716272389
1.0
0.983456351456
0.935965590832
0.888501176824
0.989741186918
0.989047669538
1.0
1.0
1.0
1.0
0.999662374876
0.963958193524
1.0
1.0
1.0
1.0
1.0
1.0
0.952061403969
0.982306128238
0.986669146099
1.0
0.960159809401
1.0
1.0
1.0
0.982306554575
1.0
0.953180007781
1.0
0.990150180637
1.0
0.948308302279
0.950642347053
0.955262688692
0.998633156006
1.0
1.0
0.95658160193
0.90083663742
0.956495669424
0.987775124991
1.0
1.0
0.981761518729
1.0
1.0
0.0
0.990300121725
1.0
1.0
1.0
1.0
1.0
1.0
1.0
1.0
0.983654029983
0.956625302483
1.0
1.0
0.941947544322
0.989425204328
0.994638786735
0.966914874882
0.969140647864
0.954651739846
1.0
1.0
1.0
1.0
1.0
1.0
1.0
0.0
0.889159631232
1.0
1.0
0.995317485223
0.968966908999
1.0
0.992165624476
1.0
1.0
1.0
1.0
0.997830654572
0.979522648681
0.71105215348
1.0
0.962617398546
0.9855105523
0.932459879877
1.0
0.98719043935
1.0
1.0
0.975540662308
0.982704095522
0.0
0.971951735981
1.0
1.0
0.929436480051
0.976314089485
1.0
1.0
1.0
1.0
0.983128314365
1.0
0.711278408014
0.981163088618
0.983320753609
0.951177454097
1.0
1.0
0.919573706188
1.0
0.8914250674
1.0
1.0
0.984210668835
0.70751251825
0.868352310289
1.0
1.0
1.0
0.976758351532
1.0
0.97908233666
1.0
1.0
1.0
0.967033863439
0.860034494503
1.0
0.0
0.978634943917
1.0
0.866770100324
0.996846751869
0.985452841546
0.998183366888
0.946325003556
1.0
0.932006877308
1.0
1.0
1.0
1.0
0.860474656305
1.0
0.994186708292
1.0
0.968299626146
0.982653113462
1.0
0.96932033681
1.0
1.0
1.0
1.0
1.0
1.0
1.0
0.961996508253
1.0
1.0
1.0
1.0
1.0
0.997690152047
0.942636460444
1.0
0.982053272758
0.707722054502
1.0
0.0
0.99047612266
0.907495067148
1.0
1.0
0.0
1.0
1.0
1.0
1.0
0.0
0.710794291751
1.0
0.946458154338
1.0
1.0
0.0
0.994551700202
0.993505247824
0.0
0.934607747803
0.0
0.930279602321
1.0
1.0
1.0
0.900593911083
0.988005681215
1.0
1.0
0.97236994936
0.959436129537
0.996464560453
0.989713939969
1.0
0.913853060759
0.707473809367
0.976700725806
1.0
0.0
1.0
0.994715392701
1.0
1.0
1.0
0.996528037849
0.93700877521
0.934977184372
1.0
0.940371314681
1.0
0.980153322167
0.971654348314
0.708145103334
1.0
0.997303279602
0.9577788723
0.984241720878
0.976472925049
1.0
0.89820803401
0.942944244595
0.999723722071
0.973459672008
1.0
0.959747923813
0.943024783607
0.988461530345
1.0
1.0
1.0
1.0
0.987419080198
1.0
0.94580463435
0.945996693332
1.0
0.977697368817
1.0
1.0
0.969178684263
1.0
0.985858473952
0.995895787152
0.0
0.980605584706
0.915939225159
0.97252562993
0.989188743672
0.987687696577
1.0
1.0
1.0
0.975643371878
1.0
1.0
1.0
1.0
1.0
0.983216725207
0.889676069368
1.0
0.949445741828
1.0
0.976495524015
1.0
0.0
0.0
0.994943093754
1.0
0.961190522667
1.0
0.938939473801
1.0
1.0
0.987997592522
0.947887441521
1.0
1.0
1.0
1.0
0.968655356696
1.0
1.0
1.0
0.0
1.0
0.943450141705
0.984944149844
1.0
1.0
1.0
0.967105501271
0.895144147782
0.970213737136
0.0
0.976724880108
1.0
1.0
1.0
1.0
1.0
0.975736516944
0.991818182501
1.0
1.0
1.0
0.964319586935
1.0
0.899480288818
0.998745765565
0.963820199175
1.0
1.0
0.709438130149
0.0
1.0
0.997134531189
0.983724484238
0.932855315692
1.0
1.0
0.994356613172
0.0
1.0
0.971281171841
0.985816617295
0.0
1.0
0.965486235306
0.820612876256
1.0
1.0
0.925456536154
0.970252354095
1.0
0.973204340463
0.982236283961
1.0
1.0
0.991094068865
0.960279494811
0.998572982447
1.0
1.0
1.0
0.901585317664
0.988198378752
1.0
1.0
0.0
1.0
1.0
0.974174375317
1.0
1.0
1.0
1.0
0.948320071993
1.0
0.999682827616
1.0
0.978793609259
1.0
0.994370211734
0.0
0.959547011265
1.0
0.987161783054
1.0
0.998405667121
1.0
0.73051013415
1.0
0.980388671632
0.961802654356
1.0
0.928793242885
1.0
1.0
1.0
0.892985506928
1.0
1.0
0.942702021099
1.0
0.993230395256
0.986319085505
0.965840930148
1.0
0.990886610966
0.983233916905
1.0
1.0
0.0
1.0
1.0
1.0
0.709742921225
1.0
0.978954416536
0.963298886064
0.89074190235
1.0
1.0
1.0
0.963338982338
1.0
1.0
0.965920230836
0.975647585879
1.0
1.0
1.0
1.0
0.732436920563
0.713969971966
0.900498499967
0.981885335133
1.0
0.981619160346
1.0
1.0
1.0
1.0
1.0
0.986415865263
1.0
1.0
1.0
1.0
1.0
1.0
0.719822464277
0.890423833349
0.933208528555
0.0
0.907496561632
0.969306045378
1.0
0.992629280605
0.939279035446
0.994603771961
1.0
0.929022141478
0.968082386397
1.0
0.978622585775
1.0
0.711411930449
1.0
1.0
1.0
0.9488668833
0.976667831325
1.0
1.0
0.978663947433
1.0
1.0
1.0
1.0
0.928278431468
0.98360701767
0.710703530858
1.0
0.992225697254
1.0
1.0
0.944140729547
0.997787981309
1.0
1.0
1.0
1.0
0.978868978355
1.0
0.909968765638
0.71155976619
0.964226256537
1.0
1.0
1.0
1.0
1.0
1.0
1.0
0.961625151773
0.952381377756
0.971119223205
0.981876712353
1.0
0.98419899872
1.0
0.984836364621
0.993375586371
1.0
1.0
0.995245394318
0.0
1.0
0.0
0.937143171399
1.0
0.903058389245
0.904242998103
1.0
1.0
1.0
1.0
0.965965342982
0.950991840407
1.0
1.0
1.0
1.0
1.0
1.0
0.97165413773
0.937338906823
0.983011541026
0.951345559576
0.969453160713
1.0
1.0
0.984381596084
1.0
0.0
0.985696330323
1.0
0.992876691225
0.978369168689
0.980190485923
0.959465538419
1.0
0.992730062753
1.0
0.94432682566
0.0
1.0
1.0
0.980871143231
0.984826938833
1.0
0.955943176263
0.963712714327
0.965547232252
0.988020983683
0.87106621046
0.918888905666
0.898292190087
0.929286413745
1.0
1.0
1.0
1.0
0.978091357863
1.0
1.0
0.97889826845
0.984732870563
0.0
0.979238194538
0.948589749723
1.0
1.0
1.0
1.0
1.0
1.0
1.0
1.0
1.0
0.99832751011
0.946390001003
1.0
1.0
0.964668554471
0.998702728746
0.957665396408
1.0
1.0
1.0
0.962248873829
1.0
1.0
0.97723104658
1.0
0.944848593512
0.983240657072
0.970907183659
1.0
0.0
0.972374976858
0.973083309877
1.0
0.904559657137
1.0
1.0
1.0
1.0
0.971399338256
1.0
0.915384656595
1.0
1.0
1.0
1.0
1.0
1.0
1.0
0.978126054327
1.0
1.0
0.990942552833
0.916958068004
1.0
1.0
1.0
0.0
1.0
1.0
1.0
0.997169775954
1.0
1.0
0.964913512326
0.710430449607
0.7092670154
1.0
0.884047087695
1.0
1.0
0.983704811432
1.0
0.984424960647
0.998251857292
1.0
1.0
1.0
1.0
1.0
1.0
1.0
0.999306621636
0.995807515157
1.0
1.0
1.0
0.918397637388
0.997990469287
1.0
0.713675574208
0.966194843288
0.952101247743
0.997489822484
1.0
1.0
0.860306609187
1.0
1.0
0.907481979837
0.967530604407
1.0
0.989787493825
0.997474784351
0.990125653308
0.974830897201
0.930624023922
0.951461269056
1.0
0.979058866602
1.0
1.0
1.0
0.720117789344
1.0
0.935485414824
1.0
1.0
0.939509654967
1.0
1.0
0.989284180463
0.90156927673
0.989746457345
0.879994101968
0.957659620843
1.0
0.990350047154
1.0
0.955565956133
0.993808732879
0.712806027916
1.0
0.980559329414
0.879868270208
1.0
1.0
1.0
1.0
1.0
1.0
1.0
0.0
0.97537264129
0.0
1.0
0.971413874186
1.0
1.0
1.0
1.0
1.0
0.98142473182
1.0
0.0
0.957869854341
1.0
1.0
1.0
0.999638835962
1.0
0.881934976627
0.980468027398
1.0
0.984940175881
0.995245618841
0.902186901232
1.0
1.0
0.965293056808
0.900473842451
1.0
1.0
1.0
0.954313783852
1.0
1.0
0.984454116387
1.0
1.0
0.963436571068
0.962819783898
1.0
0.983478529451
0.912070831059
0.986904031396
0.957167306479
1.0
0.986888566998
1.0
1.0
1.0
1.0
0.993060638372
0.982862927709
1.0
1.0
1.0
0.943985848966
1.0
1.0
1.0
1.0
0.989468554413
1.0
0.973358463652
1.0
1.0
0.719176094479
1.0
0.991253572834
0.982510991727
1.0
1.0
0.979625539943
0.907742372061
1.0
0.998291886292
1.0
1.0
0.965812747053
1.0
1.0
1.0
1.0
1.0
1.0
1.0
0.900361343313
0.990376996135
1.0
0.942891331775
0.906943474668
1.0
1.0
0.997152038469
1.0
0.932723060661
0.982481614471
0.958410495257
1.0
0.725255574726
1.0
1.0
0.947965822466
1.0
0.985710314854
0.715461742287
1.0
1.0
1.0
0.974525387729
1.0
1.0
0.989961869274
1.0
0.709971878787
1.0
0.852196262839
0.980070576834
0.997818115894
1.0
0.984981420476
0.969655373353
0.708663512532
1.0
0.952302892141
0.981728604354
0.96996202292
0.99442358185
1.0
0.0
1.0
0.982412682372
1.0
0.957656423157
0.997408973924
1.0
0.950735460015
1.0
1.0
0.962979767942
0.982678927461
0.946423176915
1.0
1.0
0.96560347879
0.710909487756
0.990925569241
1.0
1.0
1.0
0.709442062569
1.0
1.0
0.995619623902
0.0
0.905057644912
0.988412020239
0.716248398049
0.999879783656
1.0
0.990827410271
0.980549437839
1.0
0.891224009675
1.0
0.910339534372
0.966654085389
0.972731675484
0.966866555157
1.0
0.927726984494
0.961911066652
1.0
0.985482825699
1.0
1.0
1.0
1.0
1.0
0.976275218897
0.993437776049
1.0
0.94729476078
0.973783263427
0.956262370199
1.0
0.713173507341
1.0
1.0
1.0
0.981307634988
1.0
1.0
1.0
0.707729845273
1.0
0.865019126676
1.0
1.0
1.0
0.965170341412
0.710035749074
0.993565985706
1.0
1.0
0.968855817567
1.0
1.0
1.0
1.0
0.999834699825
0.993858302009
1.0
0.956551153484
1.0
0.971957124019
1.0
1.0
0.998911380285
0.979259585692
1.0
0.938824624467
1.0
0.975023988679
1.0
1.0
0.986250989443
0.980098928391
1.0
1.0
1.0
0.888626541521
0.709993817549
1.0
1.0
0.997500014295
1.0
0.993509271705
0.960933788843
1.0
1.0
1.0
1.0
1.0
0.909226827246
0.984936952167
0.991985805855
1.0
1.0
1.0
1.0
1.0
1.0
1.0
1.0
0.902751337099
0.987252195721
1.0
0.942843733316
1.0
1.0
0.922919997843
0.900141443758
0.707645833777
0.995794775063
0.713794220212
1.0
1.0
0.712323579258
0.973386910983
1.0
1.0
1.0
1.0
1.0
0.937390541048
0.991468841351
1.0
1.0
1.0
1.0
1.0
1.0
1.0
1.0
0.0
0.99134317139
0.948839744013
1.0
1.0
1.0
1.0
0.945128545663
0.97314268468
1.0
1.0
0.988051780246
1.0
1.0
1.0
1.0
1.0
0.921362321974
1.0
1.0
0.0
1.0
0.937144709931
1.0
0.95767724201
0.998332575714
0.999173477712
0.995874810428
0.982468544603
1.0
0.965020855156
0.716402363289
1.0
1.0
1.0
1.0
1.0
1.0
0.97855804906
1.0
1.0
0.0
1.0
1.0
1.0
0.902060215759
0.970621140186
1.0
0.985143818905
0.904539165966
0.711417422491
1.0
0.994366557361
0.976690292038
0.922729224105
1.0
0.957073829018
0.709091306004
0.95539197836
1.0
1.0
0.936188206207
1.0
0.92728879094
1.0
1.0
0.912570019159
0.708829000243
1.0
1.0
1.0
0.973348874803
1.0
0.949683906332
1.0
1.0
0.96920061101
0.96166365034
1.0
0.0
0.987151952535
1.0
1.0
0.954739716552
0.942701991934
1.0
1.0
0.709761126669
1.0
0.991348640384
0.96468965556
0.972335287644
1.0
1.0
1.0
0.975551269297
1.0
0.708530218899
0.995416961689
1.0
0.968419455751
0.97636775383
1.0
0.963864315636
0.987287430257
0.975394508143
1.0
0.0
0.966823684719
1.0
1.0
0.889312158944
0.990717580506
1.0
1.0
1.0
1.0
0.933076046858
0.922377628604
1.0
0.984267405343
0.986980250162
0.91442658486
0.887259402699
1.0
1.0
1.0
0.90616972858
0.999260084017
0.999134130761
0.948403407703
1.0
1.0
0.968290938915
1.0
1.0
0.959953747077
0.982928463353
1.0
0.984117222517
1.0
1.0
0.951912341334
0.97829129799
1.0
0.959638863542
1.0
0.928320185096
0.991177076432
0.871831654725
0.0
0.989184063218
0.974932414983
1.0
0.945504237112
0.981142387404
0.945892018136
1.0
0.974486198012
0.963514285708
0.991214268056
0.969122204441
1.0
1.0
0.0
0.993726475884
1.0
0.711352910959
0.9780995873
1.0
1.0
0.904382275903
0.969909385402
1.0
0.961308346759
0.900157104039
1.0
1.0
0.944783764402
1.0
1.0
1.0
1.0
0.986130283273
0.971513605146
1.0
0.969138657855
0.993423298753
0.710780600444
0.982564734468
0.906065270737
1.0
1.0
0.980911402424
1.0
1.0
0.709204270646
1.0
1.0
0.98889115969
1.0
0.71279864672
1.0
1.0
0.0
0.0
0.944727830872
0.990904210686
0.953288242851
1.0
1.0
0.960665174622
0.996770628255
1.0
0.992239047458
1.0
0.944784537245
1.0
1.0
0.983940170048
0.708971027142
0.926157616403
1.0
1.0
1.0
1.0
1.0
1.0
0.713629841048
0.712622785914
0.99110562427
1.0
0.0
0.981403794809
1.0
1.0
1.0
1.0
0.994150056675
1.0
0.0
0.908458096948
1.0
1.0
1.0
1.0
0.912061983707
1.0
1.0
0.985046802295
0.997297707194
1.0
1.0
0.952657069211
1.0
1.0
1.0
0.869708195345
1.0
0.990954078122
1.0
1.0
0.920096432445
1.0
0.901090196117
1.0
0.985947112579
1.0
0.988239452119
1.0
0.929300668748
0.976120460141
1.0
0.993554352895
1.0
1.0
1.0
1.0
0.939765703465
0.93062926469
1.0
1.0
1.0
1.0
0.0
1.0
0.912806408683
1.0
0.708141055306
1.0
0.959103123912
1.0
1.0
0.980210733733
0.970112772045
0.936179797999
1.0
0.0
0.99970949276
1.0
0.708248428561
1.0
0.992871147194
0.958098009673
1.0
1.0
0.963688328534
0.0
1.0
1.0
0.0
0.708623991768
0.983261937593
0.990583207693
1.0
1.0
1.0
0.880737973631
1.0
0.0
0.999934243984
1.0
1.0
1.0
1.0
0.996749850596
0.999300058213
0.958945496053
0.997803783594
1.0
1.0
0.71076146291
1.0
1.0
0.971917653521
0.998844049084
0.959285625302
1.0
0.959640317448
0.0
0.973409021295
0.998907910515
1.0
0.993660185968
0.954408597337
1.0
0.981327379621
1.0
0.99243238694
0.0
0.0
0.949545028728
0.977625125702
1.0
0.997345860257
1.0
0.96253699943
1.0
0.983703224236
0.983298376284
1.0
1.0
1.0
1.0
1.0
0.968265663041
1.0
1.0
1.0
0.0
1.0
0.942809486984
0.972372380102
1.0
1.0
1.0
1.0
0.968113596945
0.987981786244
1.0
1.0
1.0
1.0
1.0
1.0
0.0
1.0
1.0
1.0
0.997111675442
1.0
1.0
0.982715094727
1.0
1.0
0.983485358946
1.0
0.993141154777
1.0
0.990128268554
0.997032602863
0.0
0.98249187679
1.0
1.0
0.951516718306
1.0
1.0
0.906304441221
1.0
0.997954279961
1.0
1.0
0.986460344727
1.0
1.0
1.0
0.0
1.0
0.987444404722
0.957730359197
0.988633668603
1.0
1.0
0.958330210792
0.956416142871
0.949254822016
0.969268836978
1.0
0.954328864183
1.0
0.943633244548
0.987182783724
0.982010096421
1.0
1.0
0.994727509175
1.0
1.0
0.826457834589
1.0
1.0
0.978203525543
0.940835342177
0.971370188526
0.977740113833
0.965574967309
1.0
0.962210822611
0.724401427725
0.0
0.0
0.0
0.950455090651
0.899143095497
0.943097568633
1.0
1.0
1.0
1.0
1.0
1.0
1.0
0.97143485113
1.0
0.992483811735
0.995722090689
1.0
1.0
0.966178794615
0.989574976395
0.0
0.983623797562
1.0
0.987774536932
0.967039788009
1.0
1.0
1.0
1.0
0.979744307878
0.0
0.97924869766
0.991634301107
1.0
1.0
0.911662370266
0.973013992774
0.98772722943
0.986169058295
1.0
0.955789839679
0.941941303427
0.928978198311
1.0
1.0
0.0
1.0
1.0
0.989284484795
0.955934636691
1.0
1.0
1.0
0.999582110912
0.92040926999
0.0
1.0
0.972814963349
1.0
1.0
0.98766968009
0.926446064615
0.939360990234
1.0
0.989338114386
0.900204429011
1.0
0.998319221858
0.960172217667
1.0
0.975715638317
1.0
0.0
1.0
1.0
0.967645127079
0.971887217326
0.988681880145
0.71068744007
1.0
1.0
0.936224615057
1.0
1.0
0.977642547569
1.0
1.0
0.96555463996
0.944325624491
0.0
0.709421487061
1.0
0.968235564281
0.897404549271
0.946014068742
1.0
0.998551549985
1.0
0.985956443766
1.0
1.0
0.845794169282
1.0
0.891096516418
0.708996663463
1.0
0.981001396248
1.0
1.0
0.718898645719
1.0
1.0
0.97861992921
0.0
1.0
1.0
0.992165345415
0.950216425704
0.0
0.959825839682
1.0
1.0
0.919810290364
1.0
0.926995092655
0.998143599746
1.0
0.981949814745
0.967252013954
1.0
0.994670011865
0.983212291364
0.986498529638
0.97876481392
0.940536079786
0.0
0.94296928887
1.0
1.0
1.0
0.995857588137
1.0
1.0
0.998116625849
1.0
1.0
1.0
1.0
1.0
0.979846002979
1.0
1.0
1.0
1.0
1.0
1.0
1.0
0.0
0.980145273339
0.94817266509
1.0
1.0
1.0
0.930345376664
0.0
1.0
0.995745217351
1.0
1.0
0.997738676675
0.975682617424
1.0
0.987645651101
0.997479256784
1.0
1.0
0.959690919176
1.0
0.964678673958
0.975815382064
0.95452005614
0.956419626058
0.988588840597
1.0
0.709676140569
1.0
0.955970626561
0.945356193207
1.0
1.0
1.0
1.0
0.0
0.731161107419
0.970832632259
0.937738220231
0.946787927988
1.0
1.0
0.0
0.981280804644
0.950015279619
0.718525173556
1.0
0.719282844596
1.0
1.0
0.996297072353
0.971038567125
0.948268520649
1.0
0.916601297471
1.0
1.0
1.0
1.0
0.858297749785
0.921075706654
0.964483795128
1.0
0.998077679762
1.0
1.0
0.95928608278
1.0
0.964482545428
0.926076265586
0.980505206288
0.975059495046
1.0
0.0
1.0
0.0
0.950245434911
0.979385053348
1.0
0.963358505162
1.0
0.977390730094
0.943616801033
1.0
0.990649657113
1.0
0.949091749803
1.0
0.994131037763
1.0
0.819993898881
1.0
0.964571467561
0.883427522078
1.0
1.0
0.0
1.0
0.98909689793
0.903879615375
0.957451536421
0.971854384955
0.711806588132
1.0
0.977632639419
0.974665188631
0.893743150315
0.963240223679
0.978197509546
0.984484324308
1.0
1.0
0.997557293987
1.0
1.0
0.972644152187
0.903777088609
1.0
1.0
1.0
1.0
0.891179864564
0.968872788691
0.903729114164
1.0
0.905153857073
1.0
1.0
0.977830944396
1.0
1.0
0.926076624085
1.0
1.0
0.989110932258
1.0
1.0
1.0
1.0
1.0
1.0
1.0
1.0
0.969497183815
0.996931398422
1.0
1.0
0.910736222884
0.959401953411
1.0
0.995788237296
1.0
1.0
1.0
1.0
0.710290990384
0.0
0.985624454842
0.978812173322
0.967310041093
0.935594064415
0.995006068387
0.925018795486
0.983575591567
1.0
0.984260602413
0.93171034887
0.971201282409
1.0
1.0
1.0
1.0
0.978031829017
1.0
0.0
0.940896609668
1.0
1.0
1.0
0.99139694961
0.97757521293
0.991545573309
1.0
1.0
1.0
1.0
0.926265103598
0.995192217721
0.989529397301
1.0
1.0
1.0
0.976211897101
1.0
0.953121990676
0.958769189134
1.0
0.0
1.0
0.978736116577
0.993848608754
0.92592777826
1.0
0.947368053504
1.0
0.0
0.928246572643
0.944565434417
0.924204189296
0.0
0.0
1.0
1.0
0.936315230338
1.0
1.0
0.975488030858
1.0
0.907438172769
0.710243523592
1.0
1.0
0.974544765977
1.0
1.0
1.0
1.0
1.0
1.0
0.875334218445
1.0
0.985029716757
0.983505449212
0.964042093812
1.0
1.0
0.972980209524
0.985842556895
1.0
1.0
0.99492024826
0.993329023538
0.995403513636
0.919048645214
1.0
1.0
0.711473303338
1.0
1.0
0.966652859722
1.0
0.990613257943
0.980854915837
1.0
0.922198076372
1.0
0.954951882617
1.0
0.984804562756
0.842037825774
1.0
0.989468892014
1.0
1.0
1.0
0.980735522417
1.0
1.0
0.0
0.95493118822
1.0
0.995779625614
1.0
0.922067796473
1.0
1.0
0.906171897841
1.0
0.964334725952
1.0
1.0
0.968914146406
1.0
0.972901281499
0.949463766201
0.992609380232
0.907079267175
1.0
0.992032326022
0.943396220153
1.0
1.0
0.0
1.0
1.0
0.930152046118
0.937470420711
1.0
0.947685591499
1.0
0.97000915689
0.910610720282
1.0
1.0
1.0
1.0
1.0
0.982655828665
0.948513747537
1.0
1.0
1.0
0.966033422936
1.0
1.0
1.0
0.992722316003
1.0
1.0
1.0
0.999980600711
0.956532547352
1.0
0.912241904168
1.0
0.954494630154
1.0
1.0
0.974551877963
1.0
1.0
0.980696119907
1.0
0.0
1.0
0.99132661074
1.0
0.98149237035
1.0
0.0
0.946697138983
1.0
0.956677744512
0.710915844761
0.962634597249
1.0
1.0
1.0
0.987999163951
1.0
1.0
0.967102969491
1.0
1.0
1.0
0.716001649669
0.958118257003
0.909062077011
1.0
1.0
1.0
1.0
0.984239259675
1.0
0.929355668719
0.970430211256
1.0
0.929500764491
0.991154179156
1.0
0.978513753424
0.999300292979
1.0
1.0
1.0
0.971850538891
1.0
1.0
1.0
1.0
1.0
1.0
0.970391941525
0.972587568162
0.956682463473
1.0
1.0
1.0
1.0
1.0
1.0
0.911144406955
0.944250061516
0.961121057841
1.0
1.0
0.966312245613
1.0
0.989601243986
1.0
0.965412650414
1.0
1.0
1.0
1.0
0.957111834981
1.0
1.0
0.960859618281
1.0
1.0
1.0
1.0
1.0
0.958712547137
1.0
1.0
1.0
1.0
1.0
1.0
1.0
1.0
0.963370572862
1.0
0.907536653618
1.0
0.988788738097
1.0
0.94236284167
1.0
1.0
1.0
0.959854275144
1.0
1.0
1.0
0.916893190862
1.0
1.0
1.0
1.0
0.980039738938
0.988936858777
0.989699245278
0.93656023001
1.0
1.0
1.0
0.960702469128
0.709778875841
0.710348948808
1.0
0.942717017501
0.932875621166
0.963067292283
0.979971792083
1.0
1.0
0.903417404349
0.919090298044
1.0
1.0
0.995773827604
0.984173884629
1.0
0.98042111987
0.968588868403
0.972923340879
0.990112610509
1.0
1.0
0.965395637511
1.0
1.0
0.987056642831
1.0
0.964028377515
0.99472698363
1.0
0.915789872044
0.987472372565
1.0
0.973415650796
0.709155123238
0.980377951764
0.979698135887
1.0
0.890898691947
0.968889895274
0.995002375701
0.948240243251
1.0
0.92693127758
0.998452649274
0.988914379703
1.0
1.0
0.970458157836
0.997240073359
1.0
0.975316781437
0.990557930694
1.0
1.0
0.945209863069
0.0
1.0
0.711456873171
0.711681905991
0.0
1.0
1.0
1.0
0.950323122147
0.988578587667
1.0
1.0
1.0
1.0
0.988188394351
1.0
1.0
0.983820075585
0.917587140154
0.0
0.992778350301
0.741108619074
0.99390189344
0.991848669149
1.0
1.0
1.0
0.990469068918
1.0
1.0
1.0
1.0
0.950853343586
0.960018589061
1.0
1.0
0.990487913628
1.0
0.0
0.970188677176
1.0
0.977189663166
0.0
0.978648716573
0.986266498064
0.982475984542
1.0
1.0
1.0
1.0
1.0
1.0
1.0
1.0
0.978359057164
0.0
1.0
1.0
0.980440729118
1.0
1.0
0.984961450484
0.90305595113
1.0
0.906045669887
0.711410993955
0.959572787372
0.991903893159
0.911977579671
0.945881038135
1.0
0.952305712149
1.0
0.966626893251
0.713481816852
1.0
0.991580445218
1.0
0.707867188322
1.0
0.710840735553
0.713189278223
0.990753406749
0.970204543125
0.914381212124
0.966757116636
1.0
1.0
1.0
0.916441411392
1.0
1.0
1.0
0.988806976178
1.0
1.0
1.0
0.97762765167
1.0
0.994825583346
1.0
0.95913863903
1.0
1.0
0.957831666564
0.980445670101
1.0
0.988924539797
1.0
0.981684162267
0.96463255276
1.0
0.911051134754
1.0
1.0
1.0
1.0
1.0
0.945689816124
1.0
0.0
1.0
0.974101083774
1.0
1.0
1.0
1.0
0.985134469401
1.0
0.963194145888
0.960668763495
1.0
0.988085754128
1.0
1.0
1.0
0.0
1.0
1.0
0.0
1.0
0.0
1.0
1.0
1.0
0.973213223042
1.0
1.0
0.959990566291
0.963509116778
0.975687889973
0.960660292843
0.971585197219
0.994452410544
0.936534741966
0.907725316792
1.0
0.96060633213
0.900132048826
1.0
1.0
0.855848704841
0.917592461938
1.0
1.0
1.0
1.0
0.725144620196
0.0
1.0
1.0
1.0
0.869567414035
0.991905248596
1.0
1.0
0.731461872844
0.972222840164
1.0
1.0
1.0
1.0
1.0
1.0
1.0
1.0
0.962838637117
1.0
1.0
0.955996156866
0.990716171919
1.0
0.954844792576
0.0
1.0
1.0
0.950735684365
1.0
1.0
1.0
0.950076996129
1.0
1.0
0.906407421358
0.0
1.0
0.95864177463
1.0
1.0
1.0
1.0
1.0
0.990553239724
0.93574113274
1.0
0.97538793457
1.0
1.0
1.0
0.919128957498
1.0
0.978732252703
1.0
1.0
1.0
0.960017796659
1.0
1.0
0.926525539477
0.94599499455
1.0
1.0
0.0
0.993530029541
1.0
1.0
1.0
0.0
0.977354314768
0.985527955692
0.98113442395
0.959380203891
1.0
0.710396747874
0.942519585387
1.0
1.0
1.0
1.0
1.0
1.0
1.0
1.0
0.981620869674
1.0
1.0
0.979545896872
1.0
1.0
0.90957935701
0.917235934246
1.0
0.989789363228
0.997433256064
0.918414464435
0.985537778044
1.0
1.0
0.908899846048
1.0
0.964775440834
0.988374677648
1.0
1.0
1.0
0.0
1.0
1.0
0.0
1.0
0.708829428136
0.962234779635
1.0
0.999623725218
0.969723918608
0.978354581901
0.992444235556
1.0
0.996643895125
1.0
0.960374214013
0.989018404342
0.967259320192
1.0
1.0
1.0
0.973933287048
0.980673890082
0.0
0.995779010133
0.972333121447
0.709610760289
1.0
0.942488761167
0.833847037989
1.0
0.993973467501
1.0
1.0
1.0
0.949619260739
1.0
0.901738746878
0.986431020945
0.919745247903
0.919862414314
0.963096099829
0.943297730093
0.965484136521
1.0
0.990586521914
0.932698336194
1.0
1.0
1.0
1.0
1.0
1.0
0.898746807902
0.991156887146
1.0
0.927496758325
1.0
0.989588955555
0.0
0.97639646545
1.0
1.0
1.0
1.0
1.0
1.0
0.984296990474
1.0
1.0
0.735860646631
1.0
0.991561691063
1.0
1.0
1.0
0.975472934344
0.993971510655
0.978854035317
1.0
1.0
0.980621473774
0.926955095421
0.924438848361
1.0
1.0
0.977035221978
1.0
0.994557810878
0.922036256749
0.954389003319
1.0
1.0
0.936470250312
0.709437396093
1.0
0.990869346211
0.916512555636
1.0
1.0
1.0
1.0
1.0
1.0
1.0
0.981890376008
0.90962499173
1.0
0.0
1.0
0.70896434496
0.982771232235
0.976365202211
0.975718441802
0.977712345258
1.0
1.0
1.0
1.0
1.0
1.0
0.99434232301
1.0
1.0
1.0
0.913800923141
0.0
1.0
0.980224061668
1.0
0.993941324496
0.973490576669
0.983215507831
1.0
1.0
1.0
0.9866109738
1.0
0.99290698695
1.0
1.0
0.989740740766
0.987358161295
1.0
1.0
0.923918332957
1.0
0.985341991886
1.0
0.880831429548
1.0
1.0
1.0
0.927477051051
1.0
0.992230418189
0.0
1.0
0.709190966575
1.0
1.0
0.983832671574
0.947989786367
0.0
0.905813562107
1.0
0.961754294157
0.979019694316
1.0
0.91258011621
0.983126110565
0.955971731355
0.977463005372
1.0
0.973917768042
1.0
0.997106622093
1.0
1.0
0.983336184099
0.976190018955
1.0
0.990243884097
1.0
0.920996259445
0.93366858312
0.994605160048
1.0
1.0
1.0
1.0
0.985782963867
1.0
1.0
1.0
1.0
1.0
1.0
0.0
0.971634728528
1.0
0.942048994997
0.710681083718
1.0
0.962866815729
1.0
1.0
1.0
1.0
0.981082721016
1.0
1.0
1.0
0.995409577244
1.0
0.712746963827
0.959879265533
0.964533250079
0.920670523135
1.0
1.0
1.0
1.0
1.0
1.0
0.710242970173
0.980058805154
0.999499437289
1.0
1.0
1.0
0.980612772567
0.997861000519
0.936910947244
0.924804085174
0.0
1.0
1.0
1.0
0.999632648084
0.909857570568
1.0
0.994990188966
0.917991251116
1.0
1.0
0.986896668476
0.986446613036
0.983685370196
0.952763900935
1.0
1.0
1.0
1.0
1.0
1.0
0.964912269143
1.0
0.97475659331
1.0
1.0
0.978961314693
0.915459002089
1.0
1.0
0.959580221243
1.0
1.0
1.0
1.0
1.0
0.998109247518
0.954256122575
0.994549081657
1.0
1.0
0.942948269547
1.0
0.994260136964
0.964184698176
1.0
0.984697967661
0.881573526228
1.0
1.0
0.995255475853
0.916638110805
1.0
0.977245313932
0.890136808589
1.0
0.974248904415
0.9982421406
1.0
1.0
1.0
0.711379416567
0.923512078186
0.907675826998
0.945871823795
1.0
1.0
0.983829244206
1.0
0.98673124565
0.96864631071
1.0
1.0
0.995050756094
1.0
0.712209789548
0.98886061666
1.0
0.994292080589
0.98249580654
0.94334379613
0.991654188392
0.975381526189
1.0
0.0
0.957660042866
1.0
1.0
0.714181998363
1.0
0.967636020229
1.0
0.972728689557
0.847535442425
1.0
0.708172086793
0.996631064491
0.991510854831
1.0
1.0
0.969295287784
1.0
1.0
1.0
1.0
0.904997186809
1.0
1.0
1.0
1.0
1.0
1.0
0.996713217498
0.919367471422
1.0
1.0
1.0
0.981099929468
1.0
0.982929074319
1.0
1.0
1.0
0.991752025185
1.0
1.0
0.987825611782
0.970940424191
0.970186901005
1.0
0.993973001957
1.0
1.0
0.958787652045
1.0
1.0
1.0
1.0
0.999696433066
1.0
1.0
0.712040466904
0.96590692165
1.0
0.969362802696
0.984909629168
0.990365986467
1.0
0.956931525382
0.904986567947
1.0
0.98469950511
1.0
1.0
1.0
0.0
1.0
0.943629198355
1.0
0.90327595093
0.898613379555
1.0
0.995714133401
1.0
1.0
0.977748331494
0.713983534255
1.0
0.992082681739
0.959497816352
1.0
1.0
1.0
0.996550086485
1.0
1.0
1.0
0.965059311338
0.717346739596
0.901746932218
0.997937821348
1.0
0.925598690958
1.0
1.0
0.930374448964
1.0
0.991086712145
0.991409118991
0.975391594508
0.947597361422
0.99242631358
0.970099402744
1.0
0.960271432434
0.97106588228
0.977545631551
1.0
0.71036511492
0.98027540549
0.990395443155
0.978079448642
1.0
1.0
1.0
0.708910447599
0.95976291602
1.0
1.0
1.0
0.922986354734
0.980762349728
1.0
1.0
0.9818712017
0.982268458886
1.0
1.0
0.976630250085
0.98713136669
0.988038422612
0.977531706682
1.0
1.0
1.0
1.0
0.999953081203
0.988724319935
0.904676940203
1.0
1.0
1.0
1.0
1.0
1.0
1.0
1.0
1.0
1.0
1.0
0.953256170132
1.0
1.0
0.0
0.977028480989
0.976682433928
0.966470861973
1.0
0.711704961674
1.0
1.0
0.988983592289
1.0
1.0
1.0
1.0
0.923207197714
1.0
0.971665288789
