0.7281994411
0.9750926432
0.9709658352
0.9633905987
0.9176065628
0.9749653513
0.9839811939
0.9379866106
0.9539126394
0.9992826643
0.9714810839
0.716433505
0.9946374749
0.9902204779
0.9934245411
0.9677172077
0.9936528287
0.9851059589
0.9739541136
0.9837763343
0.9553680914
0.7137856233
0.9890318311
0.9991587597
0.7126695785
0.9963043768
0.9006081752
0.933999941
0.7317398218
0.9943412099
0.9912675712
0.9745445437
0.9801764645
0.9964079726
0.9491976069
0.986538818
0.966053953
0.7276442923
0.9772090214
0.9844623865
0.960600862
0.9597754064
0.98492272
0.9632082399
0.8592019958
0.9849142262
0.9223770343
0.9884945657
0.99803963
0.9382908984
0.9938443015
0.9143019976
0.9940714816
0.9629334282
0.9380857716
0.711753031
0.9553064256
0.9126746836
0.9847762936
0.9712306725
0.9801649333
0.9811193609
0.7094620828
0.7109455311
0.9902464683
0.9020930982
0.9606775555
0.9438303244
0.9372567967
0.9203431596
0.9436384494
0.9043386768
0.9691478933
0.9722545688
0.962732049
0.7135527989
0.7194240512
0.9213241463
0.9622060659
0.9666099751
0.9914551304
0.9627785895
0.7189838668
0.975445836
0.9891893124
0.906073471
0.9496973119
0.9902906147
0.9616043563
0.9970685631
0.9669985074
0.9946863803
0.9067485847
0.9977716096
0.9719887684
0.9174872322
0.9757458265
0.9608787911
0.962946307
0.9785024011
0.7157456862
0.987761219
0.9018482609
0.9909581388
0.9847753075
0.9877014641
0.9782716808
0.9803393299
0.9393947532
0.9877509872
0.9974649419
0.9967908845
0.9737820686
0.8977859799
0.9499408967
0.9728758186
0.8115984068
0.9474509016
0.7128171813
0.9092996736
0.9729327781
0.909331226
0.922911393
0.7142557764
0.9056490486
0.9863719418
0.9105697717
0.9637294011
0.710998885
0.9964456077
0.995882658
0.7312527763
0.9962681452
0.9604141624
0.9840841244
0.9733673441
0.9033731504
0.9438016625
0.9708241591
0.9647276942
0.9609492765
0.9495822635
0.9893040386
0.9744753626
0.9074526288
0.9624206983
0.9140057576
0.9935351434
0.9908963156
0.7231008066
0.968387065
0.9626093307
0.9472489479
0.9437766995
0.9834224217
0.9964170264
0.9529468442
0.9079033453
0.8675415511
0.9688724954
0.7099677086
0.9861314047
0.9949723468
0.9185920991
0.974249005
0.9564334018
0.9899761246
0.9024215317
0.9790386928
0.7107069973
0.9877333786
0.9023966656
0.9643629633
0.7087748184
0.9663865323
0.9207622901
0.9630048292
0.9050726735
0.9368402607
0.9952905599
0.9837845673
0.985260287
0.9811484446
0.9879716853
0.9467491151
0.9537683403
0.9975032593
0.9162815097
0.9397267616
0.9791048667
0.970620921
0.936865652
0.9600099901
0.9085732419
0.9632398455
0.7097273887
0.9982821701
0.9697443025
0.9794423188
0.9007361825
0.9736804812
0.9717925934
0.9972304537
0.9738512499
0.9848161385
0.9517711463
0.984570628
0.9774585107
0.7087485109
0.9629173256
0.7145719552
0.9700679002
0.9268639805
0.9423176901
0.9115074755
0.9975440046
0.8622072533
0.9093900317
0.9800274797
0.9267068824
0.9971496576
0.7116463577
0.9797379521
0.9725242069
0.98272625
0.9938926795
0.9308089629
0.9181907336
0.9634415723
0.9983126849
0.9915422787
0.9841879706
0.957448664
0.7102355629
0.9978967466
0.9677259228
0.9029824461
0.9907183164
0.9784261294
0.9605495746
0.9946783276
0.9107587212
0.9724870824
0.9850046542
0.8868462298
0.9858279878
0.9767262228
0.9519172188
0.9312668639
0.9685123667
0.9377021461
0.9986210173
0.9824400226
0.9222464294
0.7113195923
0.8987261931
0.9892749905
0.9272706318
0.8852684959
0.9970819658
0.9868494569
0.7192836316
0.9988112583
0.9935975962
0.9804303592
0.9250278226
0.7095102434
0.9842036454
0.9275676059
0.9611522432
0.9701537716
0.9855746551
0.9854116536
0.7113195771
0.9701126819
0.9405648642
0.9603917113
0.9825686703
0.7232361302
0.8959904243
0.9197894519
0.9854742467
0.9941723462
0.9961806068
0.9955390577
0.9651043445
0.9880565942
0.9934170945
0.9973807237
0.9892941362
0.9773705616
0.9761483484
0.9757083241
0.9376127823
0.9807510452
0.7123906835
0.9910551499
0.9323181344
0.993369283
0.962880952
0.9641406294
0.7237778333
0.9612892324
0.9706685084
0.9628438976
0.7136706195
0.7122909988
0.9034222073
0.9445179428
0.9761970677
0.987842151
0.9564798254
0.7226393572
0.9954673459
0.7109187574
0.9630715616
0.9715115404
0.9513700096
0.9759707127
0.9977256903
0.9617236273
0.9861834485
0.9805823814
0.9871987667
0.9798137067
0.9604103615
0.9829227695
0.9498266123
0.9704214233
0.9838977281
0.9608479167
0.8727486132
0.9166140142
0.9980649415
0.9928025746
0.9537744826
0.9570939348
0.7109653091
0.9949058259
0.9577542935
0.9091560876
0.9604129556
0.996438943
0.9828483477
0.9704691119
0.9820747564
0.9248150102
0.9962873995
0.9131057434
0.9878290698
0.9922934594
0.9620837811
0.9175183302
0.8916939452
0.950189445
0.9598654668
0.9596934321
0.9792338329
0.9892491889
0.9871926096
0.9922294809
0.9812521247
0.9104654892
0.9875052334
0.9916182609
0.9123722097
0.9700059
0.9661838942
0.9405874917
0.9904114055
0.9786174771
0.985922246
0.7107774616
0.867492113
0.9590763456
0.7138601801
0.9878501437
0.8945156424
0.9390930767
0.9207045191
0.9699427528
0.739852952
0.9907765357
0.9194156682
0.9990872139
0.9467315833
0.9882785546
0.9470115595
0.9971946853
0.9528050465
0.9062097759
0.9344748967
0.7152507137
0.931874609
0.945896877
0.7081800272
0.9709571188
0.9667165836
0.9876391443
0.959531697
0.9994620988
0.9045427111
0.9939475219
0.9338235902
0.935781557
0.9860718227
0.9108378283
0.9193592543
0.9611920396
0.9102037672
0.7091195577
0.9762827958
0.9368987312
