1.0
1.0
0.946854468235
0.708905536578
1.0
0.93446190103
1.0
1.0
1.0
0.917556684268
0.99515380319
1.0
1.0
0.711469694063
0.0
1.0
0.729880308032
1.0
1.0
0.993019246627
0.0
0.992513186417
1.0
0.977563580221
1.0
1.0
1.0
0.0
0.917029664926
0.992883402996
1.0
1.0
0.944061899195
1.0
1.0
1.0
1.0
0.928292789114
1.0
0.987766073528
0.72999289422
1.0
1.0
1.0
1.0
1.0
1.0
1.0
0.907544455601
1.0
0.995257859947
1.0
1.0
1.0
0.987526234467
1.0
0.992212494994
0.9150308463
1.0
1.0
0.98321104127
1.0
0.984358442924
0.994085324628
1.0
0.940491053671
0.987968144984
0.91638090188
1.0
1.0
0.924778114995
1.0
0.997460212003
1.0
0.0
0.0
1.0
1.0
0.953596614921
1.0
0.994250961862
0.0
0.965683305388
1.0
1.0
1.0
0.926608080536
0.971975093364
1.0
0.937266487611
1.0
0.90863752169
1.0
0.0
1.0
1.0
1.0
0.711814901856
1.0
1.0
0.731013657816
1.0
0.969706195199
0.724672500757
0.927853383809
1.0
1.0
0.996364930508
1.0
1.0
1.0
0.925493353794
0.932566259492
1.0
0.918881132393
1.0
1.0
1.0
0.853231757932
1.0
1.0
0.988748873607
0.71308700208
1.0
0.932547285792
0.896894912052
1.0
1.0
0.932954881289
0.987267067479
0.983966128932
1.0
0.0
0.929968023383
1.0
1.0
1.0
1.0
0.994745494627
1.0
1.0
0.967799973068
0.710971114864
0.977119654857
0.938046984144
0.966663467552
0.982069671747
0.988294234171
1.0
1.0
1.0
0.906389100701
0.993991668125
1.0
0.972355290097
0.831163544353
1.0
1.0
0.985960268453
1.0
0.971190318726
1.0
0.0
1.0
0.964522241259
1.0
0.980873448726
0.905133549177
1.0
0.969043891598
1.0
0.71393033197
1.0
1.0
1.0
1.0
1.0
0.934477786999
0.972172805801
1.0
1.0
1.0
1.0
0.982663479234
1.0
1.0
0.982080601672
0.927171751676
0.982755641627
0.967044619276
0.969315313002
1.0
1.0
0.894482758263
1.0
0.0
0.988820543866
1.0
0.975368813191
0.977454813299
0.995965441347
1.0
1.0
1.0
1.0
1.0
0.979911767626
0.973578872152
0.0
0.994131823064
0.711079663044
1.0
0.99251430394
1.0
1.0
1.0
1.0
0.721085927182
0.99745887674
1.0
0.961512048388
1.0
1.0
1.0
1.0
1.0
0.94295472998
1.0
0.973636648797
1.0
0.967117642862
0.983863060063
1.0
0.725798770029
1.0
1.0
0.930451313774
1.0
0.714914391764
1.0
1.0
0.953744328222
0.710845187061
1.0
0.915433635232
0.99892196246
1.0
1.0
0.981947566377
0.9658582572
1.0
1.0
0.0
0.710241193216
1.0
1.0
1.0
0.991679223678
0.988373872487
0.715546618269
1.0
1.0
0.992453193646
0.937000314751
1.0
1.0
1.0
1.0
0.919194316041
1.0
1.0
0.740153433573
1.0
0.0
0.989017932412
1.0
0.915219293574
1.0
0.963669222969
0.978586273314
1.0
0.946559624055
0.980917731654
1.0
0.973438638937
1.0
1.0
0.714556574814
1.0
1.0
0.82125769367
1.0
1.0
1.0
0.711179021802
1.0
1.0
0.961593381483
1.0
1.0
0.758926113539
1.0
0.0
1.0
0.993684771926
0.0
1.0
1.0
0.999586964555
1.0
1.0
0.919170547918
0.987254597357
0.99255229359
1.0
1.0
1.0
0.0
1.0
0.711692030498
1.0
1.0
1.0
1.0
1.0
0.0
1.0
1.0
0.999105087773
0.0
1.0
1.0
0.965454977761
1.0
1.0
1.0
0.732130334659
1.0
0.925554545781
1.0
0.9896159838
1.0
0.998902006421
1.0
1.0
0.0
1.0
1.0
0.979881670578
1.0
1.0
1.0
0.961746025713
1.0
1.0
1.0
0.0
1.0
1.0
0.994216561269
1.0
0.0
1.0
1.0
1.0
0.711806025947
1.0
1.0
1.0
0.918740989672
1.0
1.0
1.0
0.0
1.0
0.0
0.987694566087
1.0
1.0
0.0
0.980517467974
0.711068060275
1.0
1.0
0.963772167241
1.0
0.996327995606
1.0
1.0
1.0
1.0
0.982906630863
1.0
1.0
1.0
0.996093963096
1.0
1.0
1.0
1.0
1.0
1.0
0.990625468859
0.94946160757
0.909265623873
1.0
1.0
0.971013198616
1.0
1.0
0.992218672628
1.0
0.965113795799
0.732818391782
0.997412109232
1.0
1.0
1.0
1.0
0.978088859664
1.0
1.0
0.941526866528
1.0
0.720369205455
1.0
1.0
1.0
0.994590054214
1.0
1.0
1.0
1.0
1.0
1.0
0.908399960202
1.0
1.0
0.0
0.709416804382
1.0
0.713682604347
0.961306581207
0.981577670597
1.0
1.0
0.998811642652
0.906990596998
0.0
1.0
0.0
1.0
0.962091673338
1.0
1.0
1.0
1.0
1.0
0.958581761206
1.0
1.0
0.0
0.986287974
0.936139204039
1.0
1.0
1.0
0.948202097038
1.0
0.932929078304
1.0
0.952361708496
1.0
1.0
1.0
1.0
0.955616988615
1.0
0.0
0.975446655357
1.0
0.977057583012
1.0
1.0
0.928099093833
1.0
0.887354560909
0.982791372517
0.955970715756
0.976423387484
0.963402885773
1.0
0.715168535725
1.0
1.0
0.987288324229
1.0
0.989977179732
1.0
1.0
1.0
1.0
1.0
0.98651875669
0.710855562058
1.0
1.0
0.999919922891
1.0
1.0
1.0
1.0
0.992514525182
1.0
1.0
0.899017248355
1.0
1.0
0.0
0.924193638709
1.0
1.0
1.0
0.924061878994
1.0
0.977987000904
1.0
1.0
1.0
1.0
1.0
1.0
0.711692069208
1.0
1.0
1.0
1.0
0.957009454898
0.92030441499
0.974532328339
1.0
0.907251905755
1.0
1.0
1.0
0.72072697449
1.0
0.988332651703
1.0
1.0
0.714612809094
0.969481388644
0.972485335724
0.712732358784
1.0
0.0
1.0
1.0
0.920248884113
1.0
0.960674493233
1.0
0.975999420581
1.0
0.71887842125
0.995609444582
0.914622010807
1.0
1.0
0.997464633976
0.996849094585
1.0
1.0
1.0
0.987989013499
1.0
0.961252344564
1.0
1.0
0.915452894766
1.0
1.0
0.932728711563
1.0
1.0
1.0
1.0
1.0
0.96806144424
0.979581637658
1.0
1.0
1.0
1.0
0.984131343256
0.909691350234
0.98227971523
0.863149918573
1.0
1.0
0.888208315528
0.964167764977
1.0
0.987572693714
1.0
1.0
1.0
1.0
1.0
0.979683970213
0.996796457772
1.0
1.0
1.0
0.0
1.0
1.0
0.983674436413
1.0
0.954583941593
1.0
0.97067153219
0.944733076094
1.0
0.965371688137
1.0
1.0
0.980824992316
1.0
0.710717032786
0.940046769416
0.904311371574
0.933080156219
1.0
1.0
1.0
1.0
1.0
0.939718467659
1.0
1.0
1.0
1.0
0.912390992664
1.0
1.0
1.0
1.0
1.0
0.97851140184
0.991940898892
1.0
1.0
1.0
1.0
0.721838583125
0.711411223744
1.0
0.725872389755
1.0
1.0
0.980779306259
0.989334681679
0.0
1.0
0.96521202746
0.968886178618
1.0
1.0
0.964999339231
1.0
1.0
1.0
0.849630858748
0.722850696094
1.0
1.0
1.0
0.0
0.991700664613
0.966614032015
1.0
0.958060132331
1.0
0.730820061526
1.0
0.726482190137
1.0
1.0
1.0
0.926947397444
1.0
0.980201122081
1.0
1.0
1.0
1.0
1.0
0.966865855373
0.964489113405
1.0
1.0
0.0
1.0
1.0
1.0
0.0
0.0
0.986992218722
0.95095138469
0.993208349804
1.0
1.0
1.0
1.0
1.0
1.0
0.962683041701
0.968920179029
0.0
1.0
0.999974989769
1.0
0.0
1.0
1.0
1.0
0.0
0.0
0.971154761648
1.0
1.0
1.0
0.966093213226
1.0
1.0
0.676732060136
1.0
1.0
0.990099883994
1.0
1.0
1.0
1.0
1.0
1.0
0.993190724766
0.991838898734
0.0
0.710105716003
1.0
1.0
1.0
0.999830384688
1.0
1.0
0.0
1.0
0.948958098664
1.0
0.0
0.992986831989
1.0
0.941658106823
0.928654081853
1.0
1.0
1.0
1.0
1.0
1.0
0.990554074778
0.999551772368
0.0
0.974123003935
0.730953643553
1.0
0.734562936454
0.995755159055
1.0
0.0
1.0
1.0
1.0
1.0
0.712799511728
0.967289984036
0.995756045635
1.0
0.995264005544
1.0
0.0
0.967150953811
0.98891706718
0.963207452827
1.0
1.0
1.0
1.0
1.0
1.0
1.0
0.968600600772
1.0
1.0
1.0
0.985112300111
1.0
1.0
1.0
1.0
1.0
0.713417392891
0.989019906534
0.872973821313
0.964370334301
0.0
1.0
1.0
1.0
1.0
0.713769282167
1.0
1.0
0.988640308655
1.0
1.0
1.0
0.0
1.0
0.0
0.979352418931
1.0
1.0
0.909080958029
0.927169820794
0.999337659269
1.0
0.712734764383
1.0
1.0
0.993213751488
1.0
1.0
0.913676965414
1.0
1.0
1.0
0.963482814309
0.98999328448
1.0
1.0
1.0
1.0
0.931769009768
1.0
0.0
0.93558229747
0.965009329864
0.94980850596
0.99215643907
1.0
1.0
0.929383830988
0.95802387361
1.0
1.0
1.0
0.998578793631
1.0
1.0
1.0
1.0
1.0
0.978524218002
0.0
0.987765009101
1.0
1.0
0.928325904252
0.958159578627
1.0
0.974815272195
1.0
0.999883144608
0.977337714351
1.0
1.0
1.0
1.0
1.0
1.0
1.0
0.98478877561
0.99760418813
1.0
0.992477953327
1.0
0.709716699022
0.951309628089
1.0
1.0
1.0
0.0
1.0
1.0
1.0
1.0
1.0
1.0
1.0
0.963365463408
1.0
1.0
1.0
0.966093147866
1.0
1.0
1.0
0.948160918409
1.0
0.978966751467
1.0
0.984291381335
1.0
1.0
1.0
0.986479951507
1.0
0.981648820168
1.0
1.0
0.711297516142
1.0
0.960439559758
0.0
0.973090279706
0.0
1.0
0.965902615804
1.0
1.0
1.0
1.0
1.0
0.8925380342
1.0
0.994743085107
1.0
0.98342162412
0.982199203721
0.910428010033
0.954963500367
1.0
0.977208704664
0.888653115909
1.0
0.973624757763
1.0
0.921586732646
1.0
0.992711226468
1.0
0.998428804721
0.918464619866
0.970422830862
1.0
1.0
1.0
1.0
1.0
0.971845010026
0.98946951493
0.915163677777
1.0
0.994616586032
1.0
0.916264849717
0.726521807415
1.0
1.0
1.0
0.977380074768
1.0
1.0
0.965168407329
0.992862552414
1.0
1.0
1.0
0.991758578809
1.0
1.0
0.991644565224
1.0
1.0
1.0
1.0
1.0
0.958266192129
0.71599253452
1.0
1.0
1.0
0.0
0.944304146719
0.0
0.0
1.0
0.996740018639
1.0
0.0
0.99284943454
0.984112986637
1.0
0.710423715376
1.0
1.0
1.0
0.912379475255
0.999282298978
0.970529339902
1.0
1.0
1.0
0.0
0.966663819985
0.0
1.0
0.997597846597
1.0
1.0
1.0
0.996227700659
1.0
0.955394243008
1.0
1.0
1.0
1.0
1.0
0.0
0.951012268981
0.989614783572
0.838201769838
0.999352136142
0.920153282549
1.0
1.0
0.973239890816
0.988353039338
0.972693029269
1.0
0.710466439339
1.0
1.0
1.0
1.0
1.0
0.719782534615
1.0
1.0
1.0
1.0
1.0
1.0
0.981128445211
1.0
1.0
0.976120824203
0.936340277531
0.854312312846
1.0
1.0
1.0
1.0
0.710069051952
1.0
0.684160490217
0.926650237943
1.0
1.0
0.998263799587
1.0
0.993077691924
1.0
1.0
0.979912359535
0.904988447555
1.0
1.0
1.0
1.0
1.0
1.0
1.0
0.985458289374
0.98309207817
0.990494291095
1.0
1.0
0.980742863851
0.95560276362
0.0
0.0
1.0
1.0
1.0
0.974514427749
1.0
0.714266825939
1.0
1.0
1.0
0.711859302081
0.0
1.0
1.0
0.949866160284
1.0
0.71408321429
1.0
1.0
1.0
0.995548113239
0.725133880054
1.0
1.0
0.0
0.99853509091
0.920555968642
0.993426003181
0.956478750517
1.0
1.0
1.0
1.0
1.0
1.0
0.982285992513
0.938518933248
1.0
0.984421985238
1.0
1.0
1.0
1.0
0.733708510775
1.0
1.0
1.0
1.0
1.0
1.0
1.0
1.0
0.974688927025
0.98063162815
1.0
0.986055861598
0.709633849868
0.0
1.0
1.0
1.0
0.997095287455
1.0
0.968760731648
1.0
0.974238328491
1.0
0.718651660306
0.954878642545
1.0
1.0
1.0
1.0
1.0
0.999061152601
1.0
1.0
0.984822580808
0.717099625858
0.980246329706
1.0
1.0
1.0
0.914583462763
0.0
1.0
1.0
0.911112005494
0.973045502798
0.949519175737
1.0
1.0
0.951570842483
1.0
0.985956436852
1.0
1.0
0.986409970841
0.992216764705
0.957063151365
0.9709439188
1.0
1.0
0.0
0.711354060401
0.736873016758
1.0
1.0
1.0
0.894401208024
1.0
1.0
0.97171108049
0.899322665806
1.0
1.0
1.0
0.710623725078
0.720274055674
1.0
1.0
1.0
1.0
1.0
1.0
0.993400298156
1.0
1.0
1.0
1.0
1.0
1.0
1.0
1.0
1.0
1.0
0.0
0.997204838084
1.0
1.0
1.0
1.0
1.0
1.0
0.938775275408
1.0
0.980791231967
1.0
0.997450159144
1.0
1.0
0.0
1.0
0.711758672045
0.988555507432
0.0
0.982506530674
0.733713597263
1.0
0.0
0.995811549163
0.968835099896
1.0
0.711635245847
1.0
0.0
1.0
1.0
0.962698378223
0.98456302901
1.0
1.0
1.0
1.0
1.0
1.0
0.0
1.0
0.0
1.0
1.0
1.0
0.905722973311
1.0
0.0
1.0
1.0
0.979880642963
1.0
1.0
1.0
1.0
1.0
0.997802798856
0.990662341084
1.0
1.0
1.0
1.0
1.0
0.938528873348
0.902731806911
0.986963359855
1.0
0.0
1.0
0.992304739707
1.0
0.997022084524
1.0
1.0
0.959842500367
0.979419475517
1.0
0.995539462128
1.0
1.0
0.983592082385
0.981643773632
1.0
0.0
1.0
1.0
0.974202403071
1.0
1.0
1.0
0.998096358475
0.90962392012
1.0
1.0
1.0
1.0
1.0
1.0
1.0
0.990356553627
1.0
1.0
0.918769926298
0.955435998189
1.0
1.0
1.0
0.711861822914
1.0
0.97488587748
1.0
0.986001427336
0.0
0.937361678028
0.947844779791
1.0
1.0
0.971080372442
1.0
0.0
1.0
1.0
1.0
1.0
0.994598902318
0.999311625767
0.96491835041
0.743148048542
0.979686154262
1.0
1.0
1.0
1.0
1.0
1.0
0.964141745858
0.953463483559
0.984958604524
0.961435653189
0.983088268893
1.0
0.967856914337
0.0
0.972125875742
1.0
1.0
1.0
0.950957001012
0.96461939458
1.0
1.0
1.0
1.0
1.0
0.993938342635
1.0
1.0
0.973052880297
0.996579672785
1.0
0.995865338563
1.0
1.0
1.0
1.0
0.975357337549
1.0
1.0
0.742383095546
0.975992917637
0.991671808493
0.953818286339
1.0
0.978506991326
1.0
0.976497232621
1.0
1.0
1.0
1.0
0.987417273658
1.0
1.0
0.744974685681
0.979581950086
0.985234864115
1.0
1.0
1.0
0.915958035346
0.867717612723
0.973783873865
0.954216283686
1.0
0.991511505483
1.0
0.997989322165
1.0
0.0
0.985871502837
1.0
1.0
1.0
0.978012106437
0.0
1.0
0.685883749117
1.0
1.0
1.0
1.0
1.0
1.0
1.0
0.983816575988
0.711971321081
0.987108631378
1.0
0.997465933479
0.979252711988
1.0
0.97426228811
0.994875484456
0.965063065703
0.961960503319
0.71419360778
1.0
0.986582480662
1.0
0.977857668161
0.0
1.0
0.969037289565
0.910646627257
1.0
0.720293287733
1.0
1.0
0.978088566715
1.0
0.934379680537
1.0
0.0
1.0
1.0
1.0
1.0
1.0
0.927117690782
0.0
0.918914054616
1.0
1.0
1.0
1.0
0.72519493034
0.0
1.0
1.0
1.0
1.0
1.0
0.986792111005
0.888715341698
1.0
1.0
0.710007476059
0.827664111354
0.906984634322
1.0
1.0
1.0
1.0
1.0
0.917217922211
0.944817432024
1.0
1.0
0.968558960484
1.0
0.96963112891
1.0
0.973111580216
1.0
1.0
0.716778234905
1.0
1.0
1.0
0.992719111332
1.0
0.716127139189
0.958913438536
0.922534981551
1.0
1.0
0.95556970427
1.0
1.0
1.0
0.976900450961
0.981178532339
1.0
1.0
0.965181350827
1.0
0.978470822565
0.942787177658
1.0
0.945513475808
1.0
1.0
0.0
1.0
0.725411008804
0.997418696152
0.971123265715
0.976343890566
1.0
0.964356201267
1.0
1.0
0.985065272372
1.0
1.0
1.0
1.0
0.908544530979
1.0
0.968308305131
1.0
1.0
1.0
0.997269515495
0.977888451158
1.0
0.995006910281
1.0
0.9926339669
0.982457243295
1.0
1.0
0.709385208177
1.0
0.967790135217
0.988041454931
1.0
1.0
1.0
1.0
1.0
1.0
1.0
1.0
1.0
1.0
0.971307609762
1.0
1.0
0.981882684327
1.0
1.0
1.0
1.0
1.0
0.942298262913
0.993484618628
0.99818643898
1.0
1.0
0.0
1.0
1.0
1.0
0.996431694683
1.0
1.0
1.0
1.0
0.933910265675
0.0
0.987675352968
1.0
0.989134450416
0.737434321638
1.0
0.945409985718
0.984465485814
1.0
0.953558095518
1.0
0.995476942895
0.719305790245
1.0
0.99169423948
1.0
1.0
0.98522355343
1.0
1.0
1.0
1.0
0.92398102773
0.989344079142
0.986730890763
1.0
0.923262369812
0.993856279443
0.983991979486
0.949241253472
1.0
1.0
1.0
1.0
1.0
0.921837955502
0.834148123228
0.993249957768
1.0
0.921565194893
0.0
1.0
0.978118795437
1.0
1.0
0.986615634193
0.0
1.0
0.0
0.721141992103
0.904483692356
1.0
1.0
1.0
0.956539673839
1.0
0.985001289181
1.0
1.0
1.0
1.0
0.986351537603
0.710596233493
1.0
0.983267997237
1.0
1.0
0.902242940885
1.0
1.0
0.923696527197
0.940951217478
1.0
1.0
0.946598301927
1.0
0.980952772501
0.991004629194
0.98427128459
0.923138789559
1.0
0.995136611246
1.0
1.0
1.0
1.0
0.71807959399
1.0
1.0
1.0
0.0
0.996286451957
0.981772340468
1.0
0.0
0.982918840507
1.0
0.93750315368
0.0
1.0
0.937524997391
0.972351344879
1.0
1.0
1.0
1.0
0.979390057564
0.91954838328
1.0
1.0
0.951670407577
1.0
1.0
0.999843633139
0.982161429544
0.958828205711
1.0
1.0
1.0
0.910306894428
1.0
0.997212433422
0.944230769046
0.966427886442
0.98191545659
0.927461536095
1.0
0.979091491009
0.912995618621
1.0
1.0
1.0
0.995711398553
1.0
0.993234624634
1.0
0.951877963701
1.0
0.927509621089
0.946949346305
1.0
0.709126473281
1.0
1.0
0.875475756749
0.9982920267
1.0
0.984815325214
0.983396924465
1.0
1.0
1.0
0.711026249329
1.0
0.945485676531
0.948560712126
1.0
0.963192583113
1.0
1.0
1.0
0.991688841804
1.0
0.927485354022
1.0
0.98382108478
1.0
0.718512119643
1.0
1.0
1.0
1.0
0.0
0.982784687619
1.0
0.996694919642
0.0
1.0
1.0
0.73448679327
0.71455604538
0.0
1.0
1.0
1.0
1.0
0.909647006701
0.979630569485
0.980589338933
0.969003415192
1.0
1.0
1.0
0.984350807879
1.0
0.709540978318
1.0
1.0
0.996782041541
0.949437941904
1.0
1.0
0.94303323572
0.947292493696
1.0
0.0
0.998353131697
0.970578774526
0.0
1.0
1.0
1.0
0.0
0.99950591454
0.909740472132
0.912495526219
1.0
1.0
1.0
0.971974875134
0.968032243761
1.0
0.968255193637
0.967219437818
0.971406673977
0.0
1.0
1.0
0.0
1.0
1.0
0.986927982672
0.906748664248
0.0
1.0
0.960450110858
0.961546859376
1.0
0.994072264357
1.0
1.0
1.0
1.0
1.0
1.0
1.0
0.95292380786
1.0
0.972987109189
0.919963953265
1.0
1.0
0.929920875235
0.950903217814
0.972027061595
1.0
0.716298115258
1.0
1.0
0.948334787466
1.0
1.0
1.0
0.999759251003
1.0
1.0
0.994473263519
1.0
1.0
1.0
0.99618239814
0.989200740937
1.0
1.0
1.0
1.0
1.0
0.712682761354
1.0
0.967461179779
1.0
1.0
0.981837420666
1.0
1.0
1.0
0.974528262577
0.997390840627
1.0
1.0
1.0
1.0
1.0
1.0
1.0
0.962049881232
0.925286419586
0.0
1.0
0.965692246094
1.0
1.0
1.0
0.99371007379
1.0
0.714095800406
1.0
1.0
0.993961284556
1.0
0.999308587931
1.0
1.0
0.972451993713
0.995578596036
0.909325500338
0.979112533841
0.994372751739
0.911520119324
1.0
0.983763679443
0.989539672014
0.920243422844
0.998742158239
0.995858509207
0.0
1.0
1.0
1.0
0.980520563469
1.0
0.979943212097
1.0
0.954967916895
0.967403830853
0.0
1.0
0.979329899004
1.0
1.0
1.0
1.0
0.978559635821
1.0
0.914943924902
1.0
1.0
0.972697376053
0.972165930773
0.968014595805
1.0
1.0
0.977833199066
1.0
1.0
1.0
1.0
0.972923259719
1.0
1.0
0.965892682193
0.992244110641
1.0
1.0
0.911828183773
0.944636401468
0.93977149441
0.934292673636
0.715451096563
1.0
0.972252811005
1.0
1.0
1.0
1.0
1.0
1.0
1.0
1.0
1.0
0.845707215523
0.995467149637
1.0
0.93871691388
0.922306266718
1.0
0.908111482256
0.909399922702
0.959841378904
1.0
0.997898928413
1.0
0.941091496797
0.966143877412
0.99250738282
1.0
0.92111330108
1.0
1.0
1.0
0.7115745666
0.728586550655
0.9354638987
1.0
1.0
1.0
1.0
1.0
0.0
1.0
1.0
1.0
0.972940259513
1.0
1.0
0.993047921937
0.717372444196
1.0
0.719892523517
1.0
0.99812686908
0.979171977007
1.0
1.0
1.0
0.984374742199
1.0
1.0
0.963506196757
1.0
0.0
0.861422737977
0.914392064665
0.956643265762
0.969619284468
1.0
1.0
1.0
1.0
1.0
1.0
1.0
1.0
0.730424933359
1.0
1.0
0.995103970511
1.0
1.0
1.0
1.0
1.0
1.0
1.0
0.925369548148
1.0
1.0
1.0
1.0
1.0
1.0
1.0
1.0
1.0
1.0
1.0
0.984357716248
1.0
0.995018215037
1.0
1.0
1.0
1.0
1.0
0.964173690466
1.0
1.0
1.0
0.904820302401
0.992297455317
1.0
1.0
1.0
0.975736455107
1.0
1.0
1.0
0.972759660113
0.885562082802
1.0
0.0
0.0
1.0
1.0
0.969027624309
0.929351288139
1.0
0.984196692487
1.0
1.0
0.0
1.0
0.983546658092
1.0
0.9519022276
1.0
0.823129509156
1.0
0.831954613397
0.958575884904
1.0
1.0
1.0
1.0
1.0
0.720257362135
1.0
0.995413094416
0.922649667015
0.976538387126
0.714501380148
0.9717389792
0.987973890658
0.715004898483
1.0
1.0
1.0
0.736977679399
1.0
1.0
0.0
1.0
0.980554304831
0.966764144599
1.0
0.90386040715
1.0
1.0
0.709883331332
1.0
1.0
1.0
1.0
1.0
1.0
1.0
0.938364191282
1.0
0.987861257948
1.0
1.0
1.0
0.989853601512
0.981164126005
0.994619609583
1.0
0.99293627985
0.745654924057
0.730843830193
0.942438100389
0.710092973313
0.988116291197
0.997236568501
1.0
0.96853436091
0.959889086914
1.0
0.956631038804
0.984878681418
1.0
1.0
1.0
1.0
1.0
0.946680529837
1.0
1.0
0.986264673929
0.0
0.997342037896
0.981137819714
0.978517532052
1.0
1.0
0.974675566348
0.967161387053
1.0
1.0
1.0
0.987844287605
0.944666842516
0.970322608087
1.0
0.991094225343
1.0
1.0
0.939387269595
0.997974373636
1.0
0.905772680913
1.0
0.982999924078
1.0
1.0
1.0
1.0
1.0
0.0
0.998492801003
1.0
1.0
0.907205465493
0.920917524147
1.0
1.0
0.998547560632
1.0
1.0
1.0
1.0
0.905951909057
1.0
1.0
1.0
1.0
1.0
0.997515678152
0.710544807089
0.971546714032
0.965191567266
1.0
1.0
1.0
1.0
1.0
1.0
0.711282524524
0.88427650869
0.986431409274
1.0
1.0
1.0
0.981656509737
0.990699773131
1.0
0.909338652235
1.0
1.0
1.0
0.911162843514
1.0
1.0
0.915814643649
0.928501131549
1.0
0.984416632053
1.0
1.0
0.0
1.0
1.0
0.950571701283
1.0
0.979539919393
1.0
0.900569968702
1.0
1.0
1.0
0.962541985072
0.733278114586
1.0
0.923833182661
1.0
1.0
1.0
1.0
1.0
0.987395780684
0.969765707733
0.932227512241
1.0
0.0
0.730095598036
1.0
0.956167608733
1.0
1.0
1.0
1.0
1.0
1.0
1.0
1.0
1.0
0.968542843612
0.99044895776
0.985697413924
1.0
1.0
0.968045167111
1.0
0.984224060236
1.0
1.0
1.0
1.0
0.0
0.988991040089
1.0
0.968789951454
0.0
1.0
1.0
1.0
1.0
1.0
1.0
0.0
1.0
1.0
1.0
1.0
0.994216300508
1.0
1.0
0.95688074522
1.0
1.0
1.0
1.0
1.0
0.967801043788
1.0
1.0
0.977839244819
0.990332691668
1.0
1.0
0.99267492885
1.0
0.991380137319
1.0
0.713395435483
1.0
1.0
0.908920479006
1.0
1.0
1.0
0.992527205789
0.932520208598
0.935465491855
1.0
1.0
1.0
0.0
0.95160636418
1.0
0.928452337995
0.986714050427
1.0
1.0
0.987454191015
0.993578295061
1.0
1.0
1.0
0.977566258106
0.993000182068
1.0
1.0
0.982714709634
1.0
0.952856959347
0.987412065468
1.0
1.0
1.0
1.0
0.92050533532
1.0
0.925520627673
0.980906877781
1.0
1.0
0.0
0.997253068304
1.0
0.964568622822
1.0
1.0
1.0
0.98763975557
1.0
0.711116886833
1.0
1.0
1.0
0.710456064027
0.965799353825
1.0
0.718466114295
0.963215987372
1.0
0.971304250069
1.0
1.0
0.980109766958
0.0
1.0
0.969853454712
0.986899810607
0.967450602322
1.0
0.980747604123
0.904511325627
0.986756538075
0.884032847152
1.0
1.0
1.0
0.8497398348
1.0
0.96653958433
0.915851853064
0.712441404957
1.0
1.0
1.0
1.0
1.0
0.0
1.0
1.0
1.0
0.0
0.968338846757
1.0
0.0
1.0
0.953132668133
0.999257792565
1.0
1.0
1.0
0.712281526179
0.719668806504
0.994552827598
0.0
0.994787184224
0.0
0.0
0.0
0.925910328583
1.0
1.0
1.0
1.0
1.0
1.0
0.970127902887
1.0
0.903140312389
0.91747499965
1.0
0.712198087247
1.0
0.982241169068
1.0
1.0
0.975284898906
1.0
0.71711310394
1.0
1.0
0.984536814293
1.0
0.717794117364
0.996151061344
0.0
0.921518865076
0.0
0.948464609819
0.990293398538
1.0
0.715012893443
1.0
0.993918595603
1.0
0.998729216359
1.0
1.0
0.994964731856
0.991529371364
1.0
0.987872981958
0.97907881881
1.0
1.0
1.0
0.711604095315
1.0
1.0
0.983369971823
0.905200255571
1.0
0.979656360393
0.967608871483
1.0
0.708934430787
0.996285969216
1.0
1.0
1.0
1.0
1.0
1.0
1.0
1.0
0.975152650909
0.958225421048
1.0
0.983478619525
1.0
1.0
1.0
1.0
0.972732535597
0.999941146584
1.0
0.903231061219
0.999326539188
1.0
0.973431450591
1.0
1.0
0.0
1.0
0.993234822755
1.0
0.713694166469
1.0
1.0
1.0
1.0
0.0
0.917585818175
0.981395978912
1.0
1.0
1.0
0.977055040156
1.0
1.0
0.97534286417
0.715415576963
0.99459218948
1.0
1.0
0.971117845822
1.0
0.719261180132
1.0
1.0
0.994969908027
1.0
0.973889648714
0.90562491363
1.0
1.0
1.0
0.918480745493
0.912387093904
1.0
0.983930583735
0.957921625777
1.0
0.958124206101
0.988705431115
0.907464359262
1.0
0.0
1.0
0.714056048616
1.0
1.0
1.0
1.0
1.0
0.954141264095
0.98855995579
0.996566743388
1.0
1.0
1.0
0.973798926858
0.928725672434
0.923552910414
1.0
1.0
0.959934669066
0.967579204221
1.0
0.959753380346
0.934198725828
0.986390715755
0.981243613353
1.0
1.0
0.983679685088
0.990959905449
1.0
0.992409902506
1.0
0.0
0.948224140583
0.906981198648
1.0
0.717620021198
1.0
0.999700639248
0.913349704273
1.0
0.0
1.0
1.0
1.0
1.0
1.0
1.0
1.0
1.0
0.960599335217
1.0
1.0
1.0
1.0
1.0
1.0
1.0
1.0
0.985402613437
1.0
1.0
1.0
0.980828613225
0.991817247865
1.0
1.0
0.997548479371
0.0
1.0
1.0
1.0
1.0
1.0
1.0
0.88633956983
0.716287402314
1.0
1.0
1.0
0.908203572038
0.987451216203
1.0
1.0
1.0
1.0
0.7168985158
0.971850376323
1.0
0.710465377688
1.0
1.0
1.0
0.954465977315
1.0
0.984345664172
0.983761728925
0.996863805458
0.975681911578
1.0
0.0
1.0
1.0
0.99034514853
1.0
1.0
1.0
1.0
0.909820508564
1.0
0.710076276161
0.0
1.0
1.0
1.0
1.0
0.94798982077
1.0
1.0
1.0
0.926284621103
1.0
0.999236309946
1.0
0.0
1.0
1.0
1.0
1.0
1.0
0.960449650124
0.973833255658
0.901725499776
0.998761884033
1.0
1.0
0.959397867183
0.986895632537
1.0
0.711220460313
0.0
0.957598622513
0.0
1.0
1.0
0.85739838167
1.0
0.961126125337
1.0
1.0
0.960061865613
1.0
1.0
1.0
1.0
1.0
0.968294446694
0.930045204479
1.0
1.0
1.0
1.0
0.720214907874
1.0
0.0
0.977670072131
1.0
1.0
0.713344775893
1.0
0.982722636843
0.715493879089
1.0
1.0
0.956746175167
1.0
0.962209817891
1.0
0.927176177865
0.712884483965
1.0
0.0
1.0
0.92206080314
1.0
1.0
0.712287396144
1.0
1.0
1.0
0.964995351162
1.0
1.0
0.965214796883
1.0
1.0
1.0
0.977097330635
1.0
1.0
0.975959548224
0.709956996447
1.0
0.966102737567
1.0
0.982556249239
0.915279629674
0.714713999789
1.0
0.963249165187
1.0
0.928816753249
1.0
1.0
1.0
1.0
1.0
0.721104604059
0.91087612537
0.711314739458
1.0
0.0
1.0
1.0
0.984656428317
1.0
1.0
1.0
1.0
0.911667221417
0.962961933658
0.980708337861
1.0
1.0
0.975140282996
0.999516784723
1.0
0.984550761431
1.0
1.0
1.0
0.0
1.0
1.0
0.971804101888
1.0
1.0
0.0
1.0
0.978474039099
0.710189481308
1.0
1.0
0.899434281457
0.917253375397
0.904580154876
0.966085659826
0.909992260166
1.0
1.0
1.0
0.988188286715
0.969184359176
0.716438948182
0.925545416196
1.0
0.952837276977
0.996887517355
0.976904190066
0.964681917646
1.0
1.0
1.0
0.965302877564
1.0
0.934332766099
0.996549862184
1.0
1.0
1.0
0.0
1.0
0.98307471502
1.0
0.981240528704
1.0
0.937213962805
1.0
0.930692772681
1.0
1.0
0.989556320129
1.0
1.0
0.724204600425
1.0
1.0
1.0
1.0
0.984307627989
1.0
0.960683428041
1.0
0.977791448969
1.0
0.940546088094
0.964593700428
1.0
0.993375014843
0.0
0.985987733745
1.0
1.0
1.0
1.0
0.0
0.984162377906
0.0
1.0
0.965680456128
0.747241846523
1.0
0.919792720937
1.0
0.713490499065
0.0
1.0
0.963644279871
0.978666082016
0.991437836047
1.0
1.0
1.0
0.0
1.0
0.909533481341
0.713400259236
1.0
0.91300272205
1.0
1.0
1.0
1.0
0.967183695675
0.934444739972
1.0
0.0
0.0
0.961988615955
1.0
1.0
1.0
1.0
0.713363554737
1.0
1.0
0.722976416736
1.0
1.0
1.0
0.0
1.0
1.0
1.0
0.992906914429
1.0
1.0
0.987756952601
1.0
0.0
0.996828734865
1.0
1.0
0.936026812233
1.0
0.972661130892
1.0
1.0
0.90592921706
0.967393951923
1.0
0.0
0.920061438472
1.0
1.0
0.988866355052
1.0
1.0
1.0
1.0
1.0
0.980434643954
1.0
1.0
1.0
1.0
1.0
0.981893576718
1.0
1.0
1.0
0.954323479017
0.968788798257
0.90281717049
1.0
1.0
1.0
1.0
1.0
1.0
0.981723656183
0.0
1.0
0.715843229113
1.0
0.990458735371
0.966632881869
0.0
1.0
1.0
0.975912245501
0.980429494649
1.0
0.0
0.989687493156
0.91834726975
1.0
0.0
1.0
1.0
1.0
1.0
0.717046780624
1.0
1.0
1.0
1.0
1.0
0.96526459759
0.975129287333
1.0
1.0
0.678230827064
0.97133885891
0.0
0.995642808504
0.921763527731
0.710682592128
1.0
0.988042510509
0.966294009026
0.979352556624
1.0
0.909332794772
0.960175275247
0.963307668221
1.0
1.0
1.0
1.0
1.0
1.0
0.894951212001
1.0
0.980960154698
0.962020832497
0.0
1.0
0.906317104381
1.0
1.0
0.965568395878
1.0
1.0
0.988608303632
0.955119041143
1.0
1.0
0.997008137665
1.0
1.0
1.0
1.0
1.0
0.975152389308
0.710522763495
0.971831311948
1.0
1.0
1.0
1.0
0.987141285835
1.0
1.0
1.0
0.987575543174
1.0
0.995293965918
0.934616526827
0.973126954555
0.0
1.0
0.962622161242
1.0
1.0
0.984184333496
0.0
0.0
0.941388918331
1.0
1.0
1.0
1.0
1.0
1.0
1.0
0.989168051702
0.988670634031
0.712594147967
0.957684349693
1.0
1.0
0.98370564057
0.906519843719
1.0
1.0
1.0
0.962760478443
1.0
1.0
1.0
0.977526890456
1.0
1.0
0.0
1.0
1.0
0.929798782566
1.0
0.714448009669
1.0
0.979228535041
1.0
1.0
0.71198598426
0.0
1.0
1.0
1.0
1.0
1.0
1.0
0.961942413055
1.0
1.0
1.0
1.0
0.996715899904
0.974564020134
1.0
0.952827780711
0.990974837499
0.0
1.0
1.0
0.746645351867
0.909796227769
1.0
1.0
1.0
1.0
0.920664095625
1.0
1.0
1.0
1.0
1.0
1.0
1.0
0.982281043381
1.0
1.0
0.0
1.0
0.966790815155
0.0
0.975776665605
0.942758162121
1.0
1.0
0.970513020885
1.0
0.992151974646
0.925566857062
0.996477460615
0.934331806987
1.0
1.0
1.0
1.0
1.0
1.0
1.0
1.0
0.996359558093
0.985451423015
1.0
1.0
0.968497567095
0.995211418342
1.0
1.0
0.911178285123
0.964265619713
1.0
0.995973045561
1.0
1.0
0.911650630626
1.0
0.999912869263
0.0
1.0
0.721331312811
0.914117051998
1.0
0.977423295141
1.0
1.0
1.0
1.0
1.0
1.0
0.888516992697
1.0
0.917641783721
1.0
0.919574787762
1.0
1.0
0.973232404987
1.0
1.0
1.0
0.956773015898
1.0
0.929075694794
1.0
1.0
0.0
1.0
1.0
1.0
0.0
0.714394672471
1.0
1.0
0.974329752715
0.90783952562
0.718412279525
1.0
1.0
1.0
0.980897096287
1.0
1.0
0.996104935252
1.0
0.978322629117
0.964174334772
1.0
0.951780441058
0.918283269685
1.0
0.973865844839
1.0
1.0
1.0
1.0
0.937797211705
1.0
0.758196821312
0.921661324591
0.983371547264
1.0
1.0
1.0
1.0
1.0
1.0
1.0
1.0
1.0
0.990912722785
1.0
1.0
0.930049393147
1.0
0.999017059904
1.0
0.97006013587
0.987330597121
1.0
0.0
0.713417583065
1.0
0.994308783342
1.0
1.0
0.982035346989
1.0
1.0
0.930449739427
0.95735005184
1.0
0.994763193732
0.963506024087
1.0
1.0
1.0
0.0
1.0
1.0
0.729324995168
0.999629196062
1.0
1.0
0.992582751905
1.0
1.0
1.0
1.0
1.0
0.710500460291
1.0
1.0
0.980022818046
1.0
1.0
0.998352931362
1.0
1.0
0.968051861678
0.984832704087
0.0
0.999952857762
0.713169287233
1.0
1.0
1.0
1.0
1.0
0.0
1.0
0.0
1.0
0.711936456566
1.0
1.0
0.913659575672
1.0
1.0
0.737288162759
1.0
0.0
1.0
0.0
0.715581772797
0.711436749532
0.977212160544
1.0
1.0
0.980738695683
1.0
0.970190330036
1.0
0.0
0.929391962822
1.0
0.713574051166
1.0
0.0
0.0
0.977891864816
0.962098838041
0.0
1.0
0.711210039501
1.0
0.933154459594
1.0
1.0
0.711627067208
0.977781451059
0.941912696684
0.901913743129
0.969448129487
0.983042514488
0.903594861021
0.714486959293
1.0
1.0
1.0
1.0
0.710672252028
0.0
1.0
1.0
0.967808074997
1.0
0.913114058436
0.970024952737
1.0
1.0
0.995652906767
1.0
0.992070615917
0.709751652487
0.963453335728
0.990329958425
1.0
1.0
0.932095717598
1.0
1.0
1.0
0.982431780375
0.0
0.920462771235
0.977931211569
1.0
1.0
1.0
1.0
1.0
0.99101769917
0.986522504262
1.0
0.917888248633
0.997069018024
0.988508295442
1.0
1.0
0.0
0.981673131583
1.0
0.960395175937
1.0
0.0
1.0
1.0
1.0
1.0
1.0
0.912341831788
1.0
1.0
0.999021862512
1.0
1.0
0.0
1.0
1.0
1.0
0.716258651172
0.998641755863
0.994372787143
0.0
1.0
1.0
1.0
1.0
1.0
1.0
1.0
0.714000879316
0.983125467666
1.0
1.0
0.982715259852
1.0
1.0
1.0
1.0
1.0
0.91999643031
0.927101041159
1.0
0.903442365505
1.0
1.0
0.0
1.0
0.997399058173
1.0
1.0
1.0
1.0
0.711792175941
1.0
1.0
0.975745335964
1.0
0.968977113443
1.0
0.709154108888
1.0
0.969748289139
0.719107173017
0.976830706778
0.999462381923
1.0
0.0
1.0
1.0
1.0
0.964927050194
1.0
1.0
1.0
1.0
1.0
1.0
0.710122312457
0.931079805164
0.910294886852
1.0
1.0
1.0
0.9614753779
0.969025725117
1.0
0.723326468824
1.0
1.0
0.712583969271
1.0
1.0
1.0
1.0
0.953037345046
1.0
1.0
0.916842900473
1.0
1.0
0.972657413039
0.992799240382
0.719218169224
1.0
1.0
1.0
1.0
1.0
1.0
1.0
1.0
1.0
0.967764824683
1.0
1.0
0.0
1.0
0.991691951774
1.0
0.90670384885
1.0
0.980536405831
1.0
0.917973247393
0.898061598878
0.939241965662
1.0
1.0
1.0
1.0
1.0
1.0
1.0
1.0
1.0
1.0
0.954425728714
0.714456144066
1.0
1.0
1.0
1.0
1.0
1.0
0.709542974933
0.714270174214
1.0
0.980502040643
1.0
1.0
1.0
0.717579538091
0.991712831426
0.0
0.951632969406
0.996826052686
0.722099717483
0.0
1.0
1.0
0.963599382298
1.0
1.0
1.0
1.0
1.0
1.0
1.0
1.0
1.0
0.0
1.0
0.0
0.0
1.0
0.909987661397
0.876372021526
0.907114909709
1.0
1.0
0.907063449127
1.0
0.92879550961
1.0
0.973701510785
0.0
0.968514608892
1.0
1.0
1.0
1.0
0.717436789874
1.0
0.0
1.0
0.918549812072
1.0
1.0
0.0
0.729436258182
0.930327708147
1.0
0.912633154587
1.0
1.0
1.0
1.0
1.0
1.0
0.992551613949
1.0
1.0
0.987500673754
0.962879961678
1.0
0.0
0.0
0.909122754269
1.0
1.0
1.0
1.0
0.974152736297
1.0
1.0
1.0
1.0
1.0
1.0
1.0
1.0
1.0
1.0
1.0
1.0
1.0
1.0
1.0
0.921038625618
1.0
1.0
0.922213203723
0.970372511168
1.0
1.0
1.0
1.0
0.982711983254
1.0
1.0
0.992338055805
1.0
0.980958514074
1.0
0.938224550859
0.969146298745
1.0
0.944863659698
1.0
0.0
1.0
1.0
0.714166382084
0.734716741499
0.869697271873
1.0
0.926591482494
0.94761902934
0.971044062075
1.0
0.910835907891
1.0
0.944412772764
0.96571948821
0.955750258321
0.905775261239
0.908869199525
1.0
1.0
1.0
1.0
0.934661215556
1.0
1.0
0.994324889467
1.0
1.0
0.731244489369
1.0
0.9346506903
1.0
0.974490692675
1.0
1.0
1.0
0.924617434904
0.981797355256
1.0
1.0
0.715572208475
0.960242150028
1.0
1.0
1.0
1.0
1.0
1.0
1.0
1.0
1.0
0.712585778254
0.892426276652
1.0
1.0
1.0
0.983328724614
0.907167132847
1.0
1.0
1.0
0.969678035395
1.0
0.870757676089
1.0
0.992805102513
0.996915591949
0.967174631045
1.0
1.0
1.0
1.0
0.96887171161
0.716131214269
1.0
1.0
0.990338888361
1.0
1.0
0.923475555693
1.0
1.0
0.993476608094
1.0
0.0
0.873951160954
1.0
1.0
1.0
1.0
0.901275103213
0.97903013577
0.0
1.0
1.0
1.0
0.994326290216
0.720143660911
0.718974644086
0.907115486219
0.997414371173
1.0
0.725533815701
1.0
1.0
0.0
1.0
1.0
1.0
0.9441867879
1.0
1.0
1.0
0.910024426811
1.0
0.960468755287
1.0
1.0
0.958856626827
0.993728973528
1.0
1.0
0.98726528531
1.0
1.0
0.979879744118
0.997691597042
1.0
0.973966782198
1.0
0.986788820088
0.717283749624
1.0
0.974651155411
1.0
0.992030577595
1.0
1.0
0.972273593659
1.0
0.997124924897
1.0
1.0
0.983318905045
1.0
1.0
0.0
1.0
0.976165812203
1.0
0.0
1.0
1.0
1.0
0.0
1.0
0.96496653686
0.724712112349
1.0
0.991828505439
0.979203049193
1.0
0.98562483734
0.926829267268
1.0
1.0
1.0
0.998131541607
0.959609541921
1.0
1.0
1.0
1.0
0.711274178315
0.932080267005
0.716923841102
1.0
0.952939719181
0.993761934536
0.97577924036
0.945514073463
1.0
1.0
0.952658616219
0.0
0.9737094133
1.0
0.0
0.943310073238
0.0
1.0
0.833994519896
1.0
1.0
0.994581389529
0.849652006107
0.995838652385
1.0
0.975431514335
1.0
0.992170879662
0.98706670401
0.990194068705
0.930242607299
0.970462455923
1.0
1.0
1.0
0.996765181399
1.0
1.0
0.710376624947
1.0
0.0
0.961855149556
1.0
1.0
0.987917365425
1.0
1.0
0.712293868094
1.0
1.0
1.0
0.714881016606
0.711794099535
0.945054207128
0.710637457218
1.0
0.975684406418
1.0
0.932352284073
1.0
1.0
0.980196691064
1.0
0.0
0.712398967954
1.0
1.0
0.0
1.0
0.985945884164
1.0
1.0
1.0
1.0
1.0
1.0
1.0
1.0
1.0
1.0
0.941003241375
0.981906093918
1.0
1.0
1.0
1.0
1.0
0.998278327206
1.0
0.969500240371
0.918744677067
1.0
1.0
0.906790006856
1.0
1.0
0.710170969864
1.0
1.0
0.994445726388
1.0
0.708676165479
1.0
1.0
1.0
1.0
1.0
1.0
1.0
0.0
1.0
1.0
1.0
1.0
1.0
1.0
1.0
0.710453232039
0.993895840884
1.0
1.0
0.717203384281
1.0
1.0
1.0
0.0
1.0
0.990214949929
0.998839608923
1.0
1.0
1.0
1.0
1.0
0.974980479271
0.937625594779
0.979634719663
1.0
1.0
0.996776345314
0.977795760762
1.0
1.0
1.0
0.951487282069
1.0
1.0
1.0
0.0
0.967656032112
1.0
1.0
1.0
1.0
1.0
1.0
1.0
1.0
0.973978206207
1.0
0.934277447359
1.0
0.0
1.0
1.0
1.0
0.85397241271
0.945622608314
0.937539213079
1.0
1.0
1.0
1.0
1.0
0.0
1.0
1.0
0.981455501338
0.974113974737
0.715303094039
0.978694597087
1.0
0.989068151949
1.0
1.0
1.0
1.0
1.0
1.0
1.0
1.0
1.0
1.0
1.0
0.990756689942
0.711996519111
1.0
1.0
1.0
1.0
1.0
0.711508744562
0.999635287684
1.0
1.0
1.0
1.0
0.0
1.0
0.999501321783
0.0
1.0
1.0
1.0
1.0
1.0
0.973007818648
1.0
1.0
1.0
0.976467921007
0.988725596957
1.0
1.0
1.0
1.0
0.96390979186
1.0
0.0
0.987575579271
1.0
1.0
1.0
0.995618411994
0.968812886854
1.0
0.711068830515
0.0
0.988578396429
0.910218280882
1.0
0.911740559383
0.0
1.0
1.0
1.0
1.0
1.0
1.0
0.709825469168
