0.9911976965
0.9560572066
0.878464688
0.987904801
0.9918996765
0.9986633785
0.9562030947
0.7136376254
0.9048189229
0.9818933087
0.9133951421
0.9234695661
0.7149158847
0.681982664
0.9892609337
0.9079437042
0.908972941
0.9862862577
0.9007491231
0.8658415904
0.9664267154
0.9703737433
0.7213419999
0.7096658264
0.9960814823
0.9935654398
0.9768191579
0.7156851973
0.9115448475
0.9956930784
0.9965752101
0.9475088699
0.9843536997
0.8843322539
0.742088848
0.9787223436
0.9901539196
0.9702259203
0.7247454948
0.9975686932
0.7218229138
0.9211010215
0.9400253009
0.9920312301
0.9518412764
0.9290048162
0.9305979846
0.9867250716
0.7133450714
0.9403487178
0.9214613694
0.6997645938
0.9878969356
0.9335240758
0.9219689372
0.9897466479
0.9641768729
0.9726848168
0.9803792855
0.9952428867
0.9979404749
0.7338898775
0.971959432
0.8797010006
0.9678756329
0.9643463115
0.7031921334
0.9907663935
0.9317651627
0.9649425152
0.9012998912
0.9730251541
0.9957807058
0.9176165886
0.9719498393
0.7132521719
0.9387208037
0.9691766458
0.7172133628
0.7174416591
0.9639971582
0.7397056656
0.8549675538
0.993251107
0.9944247748
0.9995772281
0.9284911134
0.9562535048
0.9707509083
0.9759925986
0.9502464075
0.9996622823
0.9975852862
0.9685399876
0.940410545
0.7199749566
0.9693601516
0.9990268125
0.9798859129
0.9495438297
0.9214702984
0.9839796254
0.7162703887
0.9543847641
0.9364512994
0.9383167351
0.9972806547
0.9788293334
0.9763171277
0.9266395749
0.9874838021
0.9638380687
0.9758623831
0.7197474418
0.9427755867
0.9951787842
0.7169681732
0.9289984527
0.9964780247
0.7219872665
0.9704821638
0.9821562922
0.723675582
0.9853122926
0.9622921034
0.9881543103
0.991781319
0.9675777368
0.9263239899
0.9945295117
0.9922299036
0.9926278418
0.9981964963
0.921889148
0.7143761509
0.9338721682
0.9971915642
0.7161585856
0.7265718804
0.9722049921
0.7182056777
0.99474416
0.8910327903
0.7217400972
0.7148565594
0.9206960896
0.9402174782
0.8669577658
0.9593407836
0.7343761525
0.9189290805
0.9971843838
0.9631713408
0.9823562121
0.9040271148
0.7141702328
0.9906023798
0.7459244905
0.9906557451
0.9801559515
0.9309228243
0.9194211042
0.9212991416
0.9586026542
0.72312076
0.997925702
0.959762483
0.9840596993
0.9462993003
0.9782922325
0.987958682
0.9836394881
0.9532780932
0.9982465753
0.990161386
0.9387915346
0.9133314247
0.9450157669
0.9184990509
0.9687392511
0.9934563059
