0.9844409839
0.9784686175
0.7206424911
0.96996829
0.7141237167
0.9111011704
0.9771805304
0.9632540933
0.7171311998
0.9904350453
0.9813228584
0.7155199409
0.9642011571
0.9912517826
0.9709058375
0.9152055941
0.9461018106
0.9882237528
0.7116500741
0.9961333092
0.7563216791
0.9405380697
0.9781077417
0.9821228777
0.712566466
0.9226896855
0.9242554888
0.942565534
0.9801681695
0.9946046169
0.9154172234
0.9984344328
0.9689229451
0.7284543755
0.7375307626
0.9779026634
0.9743585192
0.9890998825
0.9203942499
0.7200478955
0.7236918307
0.9733611873
0.9831128303
0.9759350065
0.9590705146
0.7140153971
0.9117326524
0.9936140097
0.9139564677
0.9977749098
0.9061318133
0.9888954742
0.9448955244
0.7280052043
0.9622904416
0.9878186908
0.987012818
0.9249777834
0.9633881808
0.9429100288
0.9933898378
0.9829378522
0.7160169479
0.9785506831
0.714901745
0.9322046395
0.9224325632
0.9923412787
0.9708293389
0.9745497949
0.7264176178
0.9682022069
0.9349246152
0.9916328013
0.9911151052
0.8901609961
0.9905833791
0.7269395967
0.7105181959
0.9839118161
0.9148285416
0.9417815179
0.9851354196
0.9466884789
0.7141131647
