0.425452395085
0.432789554356
0.420044783023
0.557177365933
0.0902638353748
0.533220171168
0.467527308065
0.181014600432
0.653261597258
0.694411668639
0.548874240459
0.664869785099
0.657130990975
0.644208511335
0.243993775927
0.613500484591
0.0997319813474
0.579906017979
0.570701180288
0.365653309094
0.633173747943
0.197418876617
0.0869218065935
0.520296591749
0.615690739286
0.0339288291869
0.131500090283
0.689111572797
0.448630450995
0.538999881894
0.528882987153
0.542859812247
0.668655061464
0.213111175865
0.378465340184
0.415391511935
0.0417004415519
0.429857548706
0.623505315109
0.479088282591
0.58351855429
0.221715483573
0.280755754417
0.553900387151
0.370130391296
0.148424582075
0.628986983029
0.42936096541
0.0956586161634
0.514957838961
0.520175935131
0.574492466589
0.634159786069
0.0471496970507
0.657691735128
0.112308091756
0.639436897479
0.325159738911
0.415419342638
0.0768866098668
0.230224289857
0.106000217665
0.601513283492
0.0876114435787
0.535740090583
0.420161214957
0.452344532136
0.502176671484
0.651238809088
0.507156329215
0.689921577965
0.463919262404
0.125348292804
0.494981945922
0.451203942154
0.283966822943
0.466249088545
0.18103620508
0.364322363107
0.331120777771
0.382917557579
0.636410561173
0.193184283639
0.077925763034
0.702105050486
0.622753471702
0.475390247589
0.503292229429
0.670024827489
0.319004878615
0.654006419572
0.229526015121
0.0231352937884
0.701440972938
0.662120549196
0.0292492571992
0.356948424091
0.580510667474
0.479381724374
0.058581265985
0.321391940499
0.100042973516
0.703474816453
0.328876079562
0.459324207489
0.699064401233
0.527378208529
0.634176924986
0.531810673044
0.527995563652
0.372903220978
0.608087246163
0.219510237384
0.658625362812
0.498412117427
0.203701144007
0.580721757189
0.523750560514
0.661598700188
0.28945916701
0.132653469425
0.561415723695
0.565919184866
0.667228088254
0.684198122412
0.608098795862
0.665230891967
0.389169455811
0.562147385648
0.584858551292
0.101402767473
0.689686653005
0.597280864362
0.443795389035
0.594839630094
0.135425864398
0.609042008673
0.391413589477
0.546144538071
0.457310313939
0.449429128484
0.103065910973
0.679443869584
0.0699265074244
0.0777373593395
0.0211033888723
0.235248950092
0.638359611535
0.472580360524
0.0519173577228
0.439855881113
0.295028242512
0.410985851491
0.0741906402378
0.587336340069
0.466073801986
0.196649972033
0.645657029589
0.184792340577
0.0429991440173
0.497638017848
0.629586542855
0.548021331279
0.687737157572
0.524131380369
0.26920704677
0.614282816851
0.327909063554
0.198882054019
0.594310794147
0.593487158492
0.376011039348
0.596609854048
0.222912094765
0.457979944215
0.631733774963
0.449235745881
0.678130123906
0.233479762266
0.679516140714
0.398418510281
0.545032386943
0.707127980638
0.542771470403
0.297083095357
0.703109479446
0.433504423011
0.690543225839
0.61996744952
0.385703767466
0.154435050245
0.0751120638087
0.494442131466
0.591726690741
0.617926569008
0.678876041878
0.638231409255
0.577945654155
0.588440018821
0.658463117387
0.397193927327
0.546088387188
0.482150851312
0.554123010186
0.0761908898467
0.421425725395
0.355128732663
0.652627580275
0.388235806726
0.479571795343
0.548001255503
0.307034278036
0.540024820642
0.350097871592
0.688779949014
0.626085584716
0.418110436356
0.316799182609
0.0260859157333
0.195571417987
0.223474356971
0.660449115259
0.182659442499
0.565823612408
0.587751041208
0.683304488346
0.410418895071
0.376642405868
0.517838622184
0.630671411578
0.0696224103525
0.131447201634
0.599460090073
0.672817957447
0.0119340686348
0.319740374053
0.333725217938
0.362654566348
0.276203591383
0.444347217365
0.353858694202
0.0557737900183
0.116500131801
0.39701181033
0.570809874423
0.529863142688
0.525326403088
0.495193257975
0.703095229205
0.634974507013
0.434157941816
0.396103488224
0.536917621437
0.395454547054
0.690933619726
0.341114910975
0.308863829499
0.697744168143
0.264485177345
0.062276873163
0.0429636973343
0.559173103221
0.337110182535
0.696182196966
0.0275065926879
0.225570419863
0.56051920106
0.242384306129
0.684726046441
0.441293309101
0.292492546758
0.0322122656199
0.625881983911
0.67456612051
0.315240367707
0.693640819763
0.235853066519
0.259531602457
0.076776870385
0.668871097288
0.56953617587
0.301137499933
0.432245670479
0.704756886103
0.673251447975
0.577923256833
0.293009463504
0.348142670564
0.170198671898
0.510240903176
0.638519447162
0.34154904843
0.377715794953
0.459838248093
0.565022744584
0.413899668465
0.194643528304
0.0482212993143
0.529560005423
0.543905760253
0.489328759332
0.0565155628799
0.448904650678
0.424456758528
0.548356697869
0.473667656584
0.15742333044
0.445102690684
0.240430304608
0.409512933027
0.154543646744
0.268568276149
0.627634106477
0.277764361892
0.0300580327503
0.623798087329
0.562350739502
0.0766021917939
0.678208669324
0.59365537812
0.454859993555
0.701165442631
0.172858694992
0.69894953018
0.318047428812
0.201081497057
0.458255627569
0.507570105256
0.649501715933
0.674982676917
0.687910593103
0.584956030146
0.309639969124
0.293045224045
0.661175177745
0.440191377492
0.35789149827
0.154620941583
0.379196043298
0.415076083758
0.0523645434072
0.174554949951
0.11918870939
0.609377619349
0.00530979951707
0.054964378329
0.24538270644
0.287543294832
0.613488710484
0.40613611208
0.61140152573
0.169276433907
0.529062416398
0.282821011226
0.595060886644
0.57198198871
0.671406793041
0.0505084658727
0.254645051212
0.302341362731
0.497143568808
0.375489930409
0.617285158047
0.657011105322
0.649489574213
0.686580270878
0.277165801671
0.631890141578
0.123174575107
0.470223397423
0.560527891573
0.378296827319
0.68569498097
0.324621437968
0.640195935649
0.285134594062
0.481069205798
0.224574792631
0.559134560611
0.690654634839
0.032064555014
0.641853533941
0.635210664078
0.621218802574
0.435001410819
0.257927933604
0.467455090397
0.110996472059
0.507487733609
0.378450564743
0.0476056693056
0.619028673268
0.331660754144
0.537584758101
0.698399056291
0.346782233248
0.59644699525
0.37624830285
0.412478537683
0.35358418001
0.279625364042
0.656814665094
0.705288115136
0.680017747956
0.258396214839
0.000709224342684
0.500103389151
0.685218421689
0.131310632552
0.0592364554404
0.4792681409
0.598402957559
0.258390384673
0.145586503702
0.596622161814
0.566405611221
0.126957639429
0.476134504566
0.694112114092
0.215841432812
0.315836693106
0.455110848607
0.456449948226
0.253012713087
0.528805311364
0.168635530875
0.102643141338
0.228964966766
0.611606327898
0.433832278488
0.00380595187221
0.245155910481
0.546136172882
0.361163713416
0.694291209619
0.266873286916
0.694643675968
0.450031517398
0.560869756696
0.523052650692
0.578284588798
0.304412173607
0.622215366748
0.43387460141
0.702783395347
0.61800224443
0.119247029296
0.541847217113
0.0238605282324
0.207017196434
0.691427525694
0.642006729484
0.464573972166
0.421019221065
0.172450834538
0.641578399796
0.398733320317
0.676861319934
0.566242885089
0.511398419692
0.26480342238
0.296602516896
0.161193590389
0.621592354289
0.273842188912
0.226231156848
0.698396659213
0.663416981739
0.637704133213
0.0868551378981
0.0804524951904
0.402581941169
0.134983179192
0.534048161666
0.31412388115
0.5759485366
0.409436984901
0.555270480667
0.536548855706
0.342283161496
0.629491231795
0.673803143313
0.691013601694
0.704954186223
0.591891853107
0.648394127058
0.142903455321
0.314521461244
0.558418947683
0.454249486954
0.673126603501
0.618867833205
0.152174581475
0.649432712882
0.596065407306
0.015510234554
0.489357669677
0.128622148846
0.675678465948
0.574020394898
0.649615142263
0.550646547664
0.060701235563
0.687406826732
0.698072188485
0.0481065994842
0.688491224703
0.616583039072
0.611904067283
0.41763687459
0.277475341673
0.393015295751
0.181942372479
0.528790521345
0.697477137796
0.0540346679473
0.470885096605
0.426736127321
0.584391079928
0.389722993942
0.0812282324743
0.0113252293997
0.339620240782
0.397702240709
0.705738432243
0.583136067291
0.226513555328
0.570949677155
0.50751516493
0.58714626132
0.372437398409
0.434803949006
0.550258837165
0.184277136891
0.139062464622
0.514081665251
0.0454514197773
0.141331429557
0.611176089595
0.376646942961
0.642970737709
0.401133867254
0.499718910503
0.611661944008
0.678912452833
0.620030538711
0.0194582842514
0.62353985464
0.107770429024
0.183351414774
0.0824120928016
0.458722153385
0.0801745069227
0.487563988805
0.549809494105
0.650210152596
0.277725372793
0.591035538221
0.680891153415
0.684587566133
0.5683095538
0.647535943361
0.267254831772
0.687307463953
0.319786485236
0.368749192899
0.395755746117
0.693248884578
0.596630718032
0.60057039574
0.128064913917
0.442381412722
0.206346192318
0.01936519439
0.327449736257
0.0908271857183
0.0433369968766
0.639974511193
0.0987453539076
0.317981794423
0.551568806471
0.117842297304
0.491644391696
0.410343397533
0.149646253831
0.689745217489
0.462811673703
0.620969793415
0.685765112068
0.623813501233
0.591583649739
0.314735242237
0.225719752158
0.20550200784
0.659426839246
0.624983562257
0.217415489528
0.0859668123826
0.353653565296
0.438186498583
0.694223294361
0.688680802374
0.175233792854
0.447691095714
0.598724468598
0.380059062827
0.698610814458
0.626000425611
0.694190561326
0.612681547917
0.0401038741369
0.272272226763
0.51059308652
0.468884272239
0.0368515933973
0.420935000679
0.0431171270656
0.673404045609
0.464873072205
0.417679144461
0.324544457632
0.520963655097
0.292436566661
0.697304451579
0.670207394697
0.669928556836
0.467325544038
0.550487203829
0.601494916582
0.357129225735
0.464463778184
0.170975398381
0.668665038174
0.544153735137
0.410178719177
0.400779744268
0.384509986762
0.236060341776
0.572847285062
0.398576061108
0.150907147483
0.378503910178
0.597266564287
0.480870368194
0.0643018607259
0.672390907967
0.607774204094
0.141077478104
0.562244463759
0.57118619302
0.577610448908
0.520935295111
0.357667871966
0.0450109284101
0.00974182896687
0.10704009703
0.551460515311
0.672069678988
0.276220079165
0.437213641941
0.46194363909
0.570275596346
0.374448880428
0.238901798093
0.432836019793
0.27567324683
0.492803061524
0.0966317114307
0.101265744896
0.619835948424
0.51565462186
0.596337424543
0.68332973435
0.458783380507
0.239091605821
0.127773896968
0.691087994405
0.412943348111
0.394487294571
0.382488876663
0.171025154424
0.656483644838
0.622290763102
0.668015698489
0.0169370398493
0.237950426205
0.288396550757
0.57165191567
0.246995041004
0.143286053656
0.0968315211212
0.678988246637
0.270331139868
0.482626942698
0.564982243054
0.567036775529
0.418355402044
0.425707231743
0.354208433429
0.677933154295
0.137050008965
0.137567817786
0.484190721191
0.383374894968
0.365260328637
0.340282881712
0.504958903353
0.691113080416
0.443631384536
0.692831516261
0.181385001696
0.620666952561
0.61153062348
0.195305499031
0.273699600193
0.468609307746
0.209929480255
0.468891548899
0.707107142486
0.530238761755
0.552232794417
0.463302644748
0.491747222403
0.507941122052
0.0243896922836
0.542141583503
0.437148916876
0.632007789438
0.558564403871
0.675496183141
0.528772008649
0.380787740024
0.0594908769151
0.307851718151
0.470672524271
0.0416315191098
0.135438742119
0.137617419592
0.0546737739459
0.0392911254508
0.0743864756603
0.257418863911
0.698599266971
0.421590651574
0.693835069253
0.333357450096
0.588633778885
0.379384225433
0.418388075271
0.224439089365
0.666457658447
0.201890067175
0.698359650507
0.146755671203
0.586057263089
0.380664496969
0.23076806226
0.467584112987
0.525914098025
0.0463364638772
0.436741112484
0.20985431967
0.0592755860081
0.672328360982
0.184800751875
0.633017288206
0.00599408308488
0.696273510498
0.552385453892
0.598114655584
0.288029413352
0.00461191289557
0.137762410394
0.013405995163
0.497572934886
0.445631272483
0.556257041097
0.194361538212
0.663158759309
0.626592726263
0.649134241707
0.661698656679
0.653164963361
0.54609617677
0.301499866337
0.551606726988
0.366595578666
0.619542577998
0.689910351188
0.702122781307
0.600988121224
0.502680378908
0.336743984207
0.694006774659
0.220808992554
0.659479738231
0.065426697254
0.266425003934
0.0252654008903
0.0382895493788
0.617492242452
0.388011732966
0.442556584925
0.186899570621
0.636047365399
0.64913991654
0.435864546957
0.0638537118084
0.51718488281
0.255289847506
0.518098501944
0.643045568162
0.392124871067
0.375175690738
0.0252710052009
0.263674338175
0.235849751391
0.379862037688
0.700537880167
0.641419333726
0.6004550921
0.107964839492
0.667328602814
0.106774157189
0.610365956754
0.560654790476
0.225909328363
0.657855011185
0.197592600533
0.665694349778
0.0133016939184
0.693028063959
0.580462158967
0.68058138817
0.479171585069
0.0446414119972
0.691802797828
0.281582994737
0.641919794749
0.499384255745
0.423801319014
0.591768554386
0.232808071916
0.565882117864
0.050947053103
0.556103963785
0.254383875243
0.357311594949
0.541923253763
0.244434322138
0.645302849588
0.49714861683
0.375076690473
0.390359592151
0.664503868029
0.528420219349
0.348255782281
0.682344073026
0.411909657501
0.625810479402
0.288174473437
0.416491582675
0.424274738615
0.0651285282872
0.365676722742
0.0690592062915
0.63586545909
0.468525013939
0.250947654655
0.0189215824743
0.59534300893
0.259108617123
0.0705975629392
0.65547303797
0.225716380244
0.261786339205
0.505165447683
0.397511146767
0.0544786714394
0.647838382798
0.693358646673
0.560289629505
0.507977717998
0.133166771984
0.613690353311
0.235880734246
0.494751427127
0.561973074964
0.420617214179
0.624165068342
0.315360836042
0.486601033501
0.22450737693
0.606211852572
0.100910042667
0.62209900532
0.124559112289
0.624766132712
0.355581614687
0.584503432359
0.0925837653041
0.228339693275
0.096003443854
0.144445831589
0.627479087109
0.52902927833
0.26053202512
0.295710920995
0.489484906
0.396496863598
0.623444026559
0.294889780576
0.124285581906
0.0526080116799
0.0830631130915
0.279519504784
0.239007105902
0.168880364039
0.61070269853
0.118912629339
0.238792167743
0.0202950965003
0.351619307505
0.273325358983
0.0186475479996
0.387349634626
0.226678778443
0.252287685831
0.632957444717
0.335592464871
0.243583671775
0.292572726986
0.60698144187
0.692509304087
0.0881855105328
0.0283323947315
0.620464082366
0.676388185213
0.309600322217
0.148447965326
0.372043057088
0.468807740068
0.30960425915
0.0439999777899
0.0821385823948
0.046437214482
0.228120727311
0.612356801308
0.658430812013
0.450277547349
0.624624046575
0.379132536679
0.615418805577
0.321146790268
0.273415996791
0.0542919979543
0.639379900656
0.452325705665
0.194682557854
0.6076085396
0.499400276365
0.101191305593
0.488538077234
0.360257675541
0.351990190117
0.661471301396
0.329704283429
0.569021528657
0.423848699781
0.302554015709
0.478035456522
0.167460952754
0.677210772827
0.424313769479
0.485170348056
0.372992998658
0.439036068549
0.406546657412
0.207202266724
0.290903616807
0.123199201651
0.629274871391
0.481837632786
0.404702196603
0.314212345877
0.0706092256827
0.426542615981
0.471504901247
0.546899218604
0.270851819593
0.70626708096
0.328291631193
0.321716599554
0.169148108112
0.465015517886
0.579530742287
0.409425603364
0.470047995184
0.243986772297
0.626051569122
