0.0471496970507
0.100228575417
0.0429991440173
0.0260859157333
0.0322122656199
0.174038020871
0.032064555014
0.00380595187221
0.14351850162
0.0194582842514
0.0862424567918
0.00974182896687
0.18287498515
0.00599408308488
0.107106586626
0.0544786714394
0.0884066290607
0.0706092256827
0.130373091808
0.0617119423648
0.0217904832887
0.0205724542356
0.00731136016152
0.196560819157
0.00277067104534
0.0389226703095
0.135956685391
0.0411582389697
0.230360228368
0.152149085594
0.19446165828
0.0314565394671
0.0809109017286
0.0617920808727
0.0415917398254
0.223602201417
0.170245633117
0.102708835213
0.165885039586
0.0340577559981
0.0472021305063
0.000945900993779
0.0107930286298
0.00935283511297
0.161451160163
0.0479088760943
0.107142443197
0.0146634186283
0.129495381948
0.0378607735336
0.186287032441
0.063643870183
0.0270571383899
0.110699202793
0.0271749198377
0.0202181526276
0.484505388982
0.161164886945
0.108641403895
0.037806204905
0.12904183363
0.00732416027802
0.155414740494
0.0161264882746
0.16857389988
0.0410244667501
0.109048169167
0.301321659029
0.0622053386517
0.166059754227
0.0962171102588
0.198107977789
0.167493110583
0.181664196826
0.260861543444
0.072308167703
0.0024795464433
0.134091981931
0.212994466379
0.016161917026
0.0502362248091
0.122510632271
0.0587091743227
0.00757251613994
0.0263633487458
0.370601317341
0.0709421356407
0.222520795849
0.00505429941639
0.0814236812189
0.0317624575144
0.0592401321075
0.127554743859
0.00148737674853
0.2587154682
0.242236840564
0.0720041120333
0.0367809898239
0.00215243798659
0.00316858358923
0.0472989522136
0.26509222408
0.123517234038
0.0131922165425
0.0265131909578
0.176315320758
0.0507162271676
0.284713271141
0.210095723134
0.337416066301
0.113165095093
0.00147938784809
0.102402372254
0.12069623559
0.0185863634369
0.105794330227
0.105148897353
0.181035767865
0.0678091012472
0.000896958772069
0.0947543282826
0.0964624330173
0.0949659021714
0.150117204956
0.0586332533688
0.0934641089955
0.0906132883805
0.0604624253191
0.00394063467667
0.0657878376058
0.199316974088
0.178977824618
0.0988287558031
0.0224404519283
0.0223012764221
0.0488316648902
0.145354618156
0.108459903872
0.124936898518
0.0139785786248
0.00545572713815
0.32507852761
0.0601851854907
0.106693106391
0.00093825846365
0.0608788047686
0.2158736604
0.0794464930282
0.118140359254
0.168581250894
0.181710982469
0.0817051986705
0.0912687116457
0.0215194376564
0.0359972663464
0.209689702165
0.0170326003784
0.00996240483011
0.137937931605
0.274177320906
0.022297469394
0.23706803654
0.0909152622644
0.0185473277838
0.135530443854
0.0760329080528
0.00436499667046
0.0870327079742
0.0503532224815
0.00689912059148
0.154828376356
0.145378431601
0.0476294325337
0.0408191592592
0.315968938485
0.00374543955864
0.112222648145
0.118466247423
0.15213057004
0.266351522413
0.0687544280961
0.179388463805
0.031641968181
0.184309233735
0.0523200209193
0.0451986271891
0.062843731196
0.234996607545
0.0657786354087
0.0753281467096
0.0296350409129
0.0908464954337
0.095175006578
0.228015036419
0.101279533176
0.122482775241
0.0947368937511
0.210213494844
0.00601090787427
0.162203802536
0.0532840797184
0.0717015055943
0.105924297596
0.115072750405
0.0824628833603
0.116164169471
0.0517914196378
0.210724555945
0.273849005416
0.0460826894117
0.0554328208621
0.172300894384
0.202969065651
0.168901741668
0.0190727876494
0.00884222482953
0.0330625510171
0.0263743598994
0.0555315704724
0.01215720252
0.0959819067162
0.0181475229035
0.0202628256081
0.0344720506217
0.0272900911928
0.0328173499157
0.00180849758024
0.112869802578
0.00909130987178
0.0145728816886
0.0810162170157
0.00859987506203
0.0100871204144
0.0428619251986
0.0499644475578
0.0330603866241
0.125505924551
0.043518156373
0.137801766839
0.129268144473
0.0109350278442
0.109981779325
0.00362728464985
0.0468653954226
0.0238273106634
0.0277770719779
0.0874970445391
0.057091178899
0.0388715521112
0.0525198904358
0.0638927259987
0.0208294286725
0.219230835015
0.0527561647592
0.0801104649251
0.0164655605681
0.00597458023112
0.037670550046
0.0329669571918
0.0403061264497
0.0723195657818
0.0323139628777
0.117291961442
0.0605967553914
0.0842530891242
0.188467910066
0.250062756551
0.0852963822839
0.180362360192
0.061581771039
0.00275372539234
0.0211660030364
0.000474195539285
0.0649250488721
0.166393073618
0.165393054711
0.0489975321449
0.0835317215802
0.0364240291986
0.0077326225668
0.015025011448
0.00593999459296
0.261600835197
0.108885185791
0.0879038940677
0.0685635173841
0.29085831635
0.0679342002165
0.15923051412
0.0026149300962
0.0714592478803
0.0762079650964
0.420927698223
0.038170245909
0.0371094220459
0.170400987676
0.0636972243732
0.0621321491612
0.0643950273294
0.232507698047
0.00314855763704
