0.0769979669752
0.101547072202
0.075189264658
0.0429636973343
0.174156533235
0.0476056693056
0.173753753287
0.0113252293997
0.150420654176
0.00974182896687
0.0243896922836
0.307601329236
0.248155141362
0.0202950965003
0.0706092256827
0.0255142805569
0.142533158907
0.0105731138257
0.0933592387514
0.19673073086
0.00147326415179
0.044746838791
0.183348416685
0.0322615573952
0.152190419516
0.0984353920963
0.0436088168359
0.0667933895278
0.0985959736813
0.223730135047
0.205988858408
0.0208206254798
0.00172537980575
0.0218976768793
0.000945900993779
0.137401276164
0.100827723289
