0.423741255612
0.0902847701931
0.181117208503
0.560300886848
0.244560884887
0.0997507668079
0.368037085388
0.0869322379666
0.0339288291869
0.456412337847
0.551851046886
0.38148658947
0.430395561437
0.222105705063
0.372179369177
0.431024605835
0.51648090173
0.0471496970507
0.112323891166
0.076910611141
0.106008359808
0.421590383382
0.508660318534
0.468444525461
0.45411737296
0.181194928335
0.334059290142
0.0780300918597
0.483286672297
0.320143330729
0.0231352937884
0.0292492571992
0.485186026174
0.100054083312
0.332009939471
0.538183357311
0.376413646473
0.219856859173
0.203960748687
0.290243783997
0.562648181872
0.621075145094
0.393462162397
0.101414362458
0.449722513398
0.392587444938
0.451781645968
0.0699265074244
0.0211033888723
0.0519173577228
0.296953199724
0.46753561252
0.18484522156
0.498580684344
0.531860786675
0.328857579497
0.592768322553
0.22322096917
0.453869879929
0.233831325658
0.551532586354
0.297848997349
0.630102516157
0.075189264658
0.598210024362
0.589729047829
0.400288737887
0.490255886002
0.356231589388
0.393499315471
0.308660041753
0.634930035469
0.0260859157333
0.22361132168
0.570294313757
0.381963866903
0.0696224103525
0.603554816474
0.31996732549
0.277348041845
0.0557737900183
0.537391607788
0.500907872619
0.401862035568
0.397958620967
0.309462581457
0.0429636973343
0.338470868758
0.225608004965
0.443464951737
0.0322122656199
0.316447330673
0.0768218863924
0.302683258179
0.680147060408
0.295538068677
0.51366857876
0.3812627125
0.195086956033
0.531232889681
0.0565155628799
0.480416286348
0.240847691269
0.154770524478
0.0300580327503
0.0766224580379
0.461950004398
0.172978080308
0.201397716251
0.655141631457
0.311310759948
0.442932384247
0.154742320523
0.0523645434072
0.00530979951707
0.245850096934
0.410225250302
0.28340028077
0.583195660986
0.255041083446
0.37804099363
0.657571364547
0.123182806134
0.381381083091
0.326300671897
0.224989973668
0.032064555014
0.622890078076
0.258807573024
0.379819763177
0.331892584618
0.348225858056
0.381280103585
0.280168859354
0.258968662374
0.500116842941
0.0592364554404
0.14586814141
0.127035235428
0.216051655022
0.455097721945
0.168745723777
0.229064342964
0.00380595187221
0.362907602077
0.452444858331
0.532401897203
0.436994909877
0.119265211243
0.0238605282324
0.471371713812
0.172550079105
0.574424019146
0.266820664432
0.274119320658
0.669515448186
0.0806303206492
0.135049978438
0.412474456352
0.344795330159
0.675352533839
0.603728301041
0.315187083065
0.628718355937
0.600854577363
0.128627073464
0.586304941646
0.060701235563
0.0481065994842
0.422224972228
0.182161344367
0.0540346679473
0.431290485717
0.0113252293997
0.399370911733
0.226988045454
0.375251446416
0.184426535741
0.0454514197773
0.377697129043
0.40671000926
0.631677319794
0.10777119509
0.0824252315646
0.489710116127
0.278722471934
0.580268484354
0.267897718668
0.372293530116
0.594335337928
0.206520413203
0.090831094169
0.0987468761074
0.117855358081
0.149773496236
0.469923355936
0.599328538597
0.206425335505
0.217775235747
0.354783411354
0.17535723118
0.382707391011
0.639156807173
0.0401038741369
0.0368515933973
0.0431171270656
0.327254281391
0.293106421644
0.473535844823
0.35952096234
0.171070667647
0.40376519161
0.236415137261
0.151036747528
0.0643018607259
0.141150462705
0.571399076972
0.0450109284101
0.107040660483
0.277910069871
0.377301535471
0.276576968752
0.0968338274254
0.525528267275
0.239971309306
0.413910616532
0.171309771965
0.632503424056
0.238110741994
0.143579554959
0.270463978507
0.563742822098
0.357664830041
0.137252246879
0.369163393108
0.509578961535
0.181467486675
0.195576674855
0.210202367438
0.536928838744
0.469901196438
0.0243896922836
0.567645293937
0.38519630377
0.308248827069
0.135593975065
0.0392911254508
0.423333606534
0.33558564771
0.225095879337
0.202093642405
0.381882752032
0.472207855578
0.209928765393
0.184816489957
0.00599408308488
0.289086449094
0.013405995163
0.451601946689
0.63225149962
0.651635029002
0.302944553115
0.628649807212
0.512663988161
0.220991888516
0.065426697254
0.0382895493788
0.187116466087
0.440748135358
0.255438668198
0.394951195107
0.0252710052009
0.380926275452
0.107982832209
0.106792048414
0.226234918063
0.0133016939184
0.593243617748
0.0446414119972
0.504045174979
0.233153587403
0.050947053103
0.359050184473
0.501191882012
0.392387270046
0.349807814956
0.288930310097
0.0651285282872
0.0690592062915
0.0189215824743
0.0705975629392
0.227093635963
0.0544786714394
0.571123543005
0.133223828568
0.499813874274
0.316469069837
0.224867635784
0.124573742411
0.358248071681
0.0960344031093
0.532566624749
0.296734967184
0.295673487538
0.0526080116799
0.169306968938
0.11899161341
0.273497113055
0.22674419299
0.336540808052
0.293118926915
0.0283323947315
0.310679538787
0.373897547785
0.0439999777899
0.228168372033
0.456419919965
0.322309480849
0.0542919979543
0.194898511131
0.101214521262
0.353313076833
0.427545160399
0.167617954459
0.431342954255
0.411240915865
0.123233893763
0.410600539093
0.0706092256827
0.271732924477
0.323889836907
0.468082767639
0.244719645716
0.0456001417925
0.029065255103
0.56876390899
0.153876100397
0.547523092221
0.0179323954705
0.13215102368
0.185186068136
0.322708098579
0.594301290326
0.400202948677
0.531029726253
0.691374601578
0.314413116349
0.533650193359
0.431843254267
0.0255142805569
0.037416866912
0.299806664353
0.221214392078
0.544388439183
0.620331615967
0.136830908616
0.633790853468
0.182511231673
0.431465803077
0.16105628651
0.0433850198912
0.289960816113
0.23041681315
0.208305672083
0.337597947866
0.0617119423648
0.439233528424
0.546199996662
0.118613932115
0.362263199537
0.276672725878
0.266568662519
0.303961503
0.217580056492
0.414920835051
0.474966154004
0.358880149617
0.0958918409995
0.315452600265
0.0882426139348
0.478081007648
0.375679765663
0.514666241475
0.0217904832887
0.650354856213
0.00193524883289
0.273083828067
0.0533225609074
0.336899145241
0.020019493568
0.0756923410386
0.51897062737
0.607103584278
0.02158275909
0.515778241588
0.293990093182
0.35275608734
0.682389950288
0.619939867984
0.26842776774
0.220396935224
0.282172984485
0.0205724542356
0.389318532793
0.0677250231152
0.128521389922
0.601915459656
0.302020966489
0.600236622941
0.016571584858
0.17568118827
0.233367924093
0.0310240400731
0.482709319897
0.093081959452
0.383629152232
0.472215683943
0.205848704101
0.227638735792
0.336304801909
0.622468984154
0.00731136016152
0.633240286633
0.346753613434
0.506464266355
0.397911046234
0.343276668673
0.223151643954
0.559329572136
0.306953125179
0.0474392137609
0.242461599903
0.553544931608
0.518814040234
0.176261764935
0.499819102799
0.243886452544
0.62602369965
0.195253571294
0.367884635775
0.675396912955
0.0126063105458
0.0963872730318
0.522215628493
0.520428571703
0.299180147299
0.133706135244
0.192621998549
0.138635977949
0.0782312526556
0.245773182841
0.462952473847
0.198261654469
0.111511902218
0.557236444964
0.399128036609
0.0531493105265
0.00277067104534
0.481981094158
0.0607469993725
0.320562948041
0.00147326415179
0.103521849872
0.483667686172
0.0472166698397
0.511060614689
0.540751370746
0.208800766553
0.138430334688
0.557002962923
0.364105275291
0.229761884923
0.574341199078
0.1288389359
0.0389226703095
0.248238644299
0.478375019615
0.110479700757
0.0732056439345
0.536554573626
0.444873067611
0.631793768919
0.189557801555
0.107799237687
0.244222611322
0.0241663388937
0.0574408677986
0.476871735362
0.0038183134304
0.0132893797423
0.0968296037591
0.387968578899
0.39559509423
0.507313167603
0.684875489506
0.463486537468
0.122833469255
0.424506186374
0.00228391274291
0.10128572287
0.373909592638
0.372145196639
0.181862378954
0.206499050284
0.571429309135
0.205182623811
0.287378370713
0.400683934453
0.509579257065
0.100981669988
0.0411582389697
0.195837732925
0.288526538165
0.132393293408
0.0495729174314
0.180940086793
0.537073591809
0.209421154567
0.175188475042
0.303933269843
0.371650092901
0.165461206108
0.243305981244
0.481655143063
0.658719825598
0.0322615573952
0.373945407931
0.221659074839
0.415841282428
0.605226387972
0.661753327705
0.229214607865
0.308570753977
0.0561045025254
0.225261618726
0.154721471174
0.402954774848
0.552414821812
0.594418070757
0.306964391075
0.23946750629
0.0667571070911
0.0620347741785
0.107111603625
0.0515428999723
0.377632463933
0.556729653759
0.15176810024
0.669384976433
0.690733797836
0.407050123699
0.0298908271813
0.0633727787679
0.36937670405
0.174545711021
0.345244158477
0.52832288269
0.502175997893
0.45920775886
0.303090906481
0.295647381929
0.0104322669797
0.107145922187
0.145217555495
0.359907743899
0.200313339319
0.412963821857
0.307617318421
0.491356791549
0.166035709584
0.623622372329
0.552742518002
0.112915633853
0.10816248374
0.306622847759
0.0626312361576
0.171223369613
0.0471323647288
0.374310026259
0.223138677723
0.00505941718865
0.0493291372878
0.299834753288
0.0907688725356
0.0907694311451
0.256330325317
0.262797348463
0.260512356499
0.274069917082
0.033144687216
0.376018926956
0.0436088168359
0.384458699575
0.550578650323
0.416510174373
0.0123826776291
0.285324985679
0.256935514615
0.0113535031578
0.529219634673
0.430348520954
0.148239389714
0.122735039062
0.080752392928
0.171629487609
0.119584287058
0.234458332452
0.411470096662
0.0786507188898
0.610225373613
0.186930983201
0.00201215180106
0.390113562719
0.332834543131
0.210174701678
0.0667933895278
0.631578343807
0.616577647928
0.359661685302
0.38136974469
0.260485727597
0.413552905587
0.178278834831
0.199129399034
0.528337214377
0.543781354989
0.679953190418
0.0315487550025
0.377936086321
0.0879619424955
0.590005423021
0.626236389083
0.543822302287
0.0760126058046
0.0982030503488
0.147056168425
0.516297436829
0.343065653902
0.371888023389
0.254093732499
0.0415917398254
0.0937070968618
0.0703482734975
0.180772273602
0.216181141106
0.225399368067
0.00412149485806
0.683431318208
0.0461406160268
0.332357971916
0.0915348811935
0.0805577912543
0.326328980423
0.375657805809
0.137792371577
0.469098096384
0.514628578783
0.407373045994
0.506177403986
0.222077609842
0.411515264478
0.0505216475538
0.245477905397
0.336652032275
0.0404486233178
0.32210078167
0.0380643938117
0.24504894087
0.185672701901
0.0233585149675
0.298840078694
0.287338744429
0.0936786886093
0.360064007552
0.564178351382
0.34616129328
0.301758460502
0.316527264388
0.4821214996
0.580520827595
0.387071071784
0.204568647095
0.198320709993
0.349783185566
0.560302143858
0.278563833398
0.0490883919049
0.178356745353
0.0641478236299
0.475750225679
0.103701644191
0.215722553137
0.175534271419
0.175182860204
0.218725190673
0.47672699127
0.102318105459
0.564472259911
0.23391018371
0.309781148799
0.242673737867
0.223809971236
0.209242740792
0.400743783548
0.289790913555
0.627201038982
0.0172571964455
0.602438681206
0.27091033845
0.459716669453
0.189536661488
0.204513093586
0.173685492829
0.259839463833
0.270724609521
0.236432050097
0.226273580264
0.235517678638
0.28439034249
0.492689677183
0.576502645443
0.289176582243
0.20797995474
0.150722289145
0.00172537980575
0.300243908593
0.227477411833
0.540695220849
0.0968377746382
0.41914654837
0.0385906797113
0.0340577559981
0.083172233419
0.0727569078835
0.268787838479
0.282274155942
0.0238035525119
0.492481789401
0.420974948466
0.27468407224
0.238017895063
0.363966819732
0.179576813548
0.347925069803
0.0700094241403
0.323374359514
0.0584897975352
0.119756510704
0.30760908017
0.0472021305063
0.282208083106
0.20968942091
0.0106113716929
0.587785992905
0.293932672934
0.426485344081
0.523546663567
0.128933409555
0.203358377904
0.626580583207
0.268388705633
0.252384784546
0.289906124029
0.524942601706
0.550003330747
0.510896265741
0.466978284331
0.383841851833
0.182234727373
0.107833967525
0.202301705683
0.116716461214
0.674982209748
0.304705413507
0.129032935973
0.251793736479
0.121198098784
0.37585840054
0.0411674926268
0.323147112672
0.00719926626487
0.00585482632315
0.0617056405811
0.475478073044
0.275169998826
0.137910880957
0.0233675276357
0.0107930286298
0.136882379829
0.561037003181
0.198153017239
0.483303565445
0.00671689236861
0.296813099854
0.0539418015272
0.187613113523
0.0285209756616
0.354572059762
0.195476394714
0.430526638973
0.248485925685
0.330212033123
0.387156524596
0.169239451623
0.548560146294
0.00935283511297
0.217053757282
0.109270180951
0.283707400672
0.608765680737
0.63335116423
0.170795692983
0.48473661069
0.284763263322
0.62616074358
0.102580382009
0.189882544231
0.460709812059
0.491313160514
0.0627892449493
0.644755877684
0.677808090824
0.270613182875
0.160753187589
0.222863844612
0.632105985487
0.329025276484
0.654105185746
0.495021945728
0.191051390117
0.375837676479
0.132286039614
0.0638182105967
0.341449847526
0.288418611089
0.286876030333
0.180109664867
0.634204282653
0.170700999185
0.131311968321
0.33326456514
0.216513558724
0.0479088760943
0.528551265185
0.496461744599
0.0706254069927
0.427660540205
0.505611465915
0.506617704624
0.525845718001
0.346331094027
0.580594193544
0.32295268371
0.445523868898
0.340599003567
0.282231201259
0.390079799847
0.105290615341
0.553023852495
0.106904830925
0.348507844191
0.143168731121
0.624395988772
0.423873960031
0.536950098209
0.58203480499
0.128444017836
0.406837501878
0.386250462604
0.579907657516
0.276500955821
0.24397991826
0.164019428413
0.447500606595
0.126358405911
0.117472811782
0.0557774720256
0.0743068216821
0.526101382357
0.0146634186283
0.523896618149
0.526503156345
0.161311335155
0.352848783593
0.243437257656
0.237270112371
0.688720650609
0.449761181659
0.361848098421
0.227976711261
0.14586035232
0.565648944153
0.185858489095
0.541624759877
0.109657120614
0.554140803204
0.174781220518
0.25098256882
0.173570744367
0.302412037197
0.213413628958
0.179367758638
0.504277713093
0.123149239953
0.371734028407
0.135392375014
0.367018705022
0.0269024288896
0.13235573364
0.614746131514
0.14817557133
0.00803877257514
0.0574992072838
0.085715525116
0.31848268313
0.0378607735336
0.556187470594
0.625424260838
0.329398418969
0.0254056216652
0.247576350514
0.295633139457
0.0485951869739
0.0563788409199
0.0599450596003
0.138359199109
0.021556529898
0.0915894464649
0.161636076564
0.156041904323
0.328055608511
0.16305777096
0.185189675684
0.627920674869
0.274245818937
0.554834336153
0.264188960558
0.077278902421
0.392538088097
0.0506789772956
0.00347183881695
0.581793103415
0.0494028445384
0.272427486972
0.647818625455
0.135137530658
0.0190833561789
0.50906860667
0.0115104697212
0.595531740258
0.475332470694
0.063643870183
0.11272163464
0.614350989844
0.363006684033
0.0145839409747
0.402430538617
0.0681828803048
0.121595029012
0.26947589713
0.462475482395
0.00783855331241
0.195202425453
0.206031244635
0.592091552433
0.108301159067
0.0922366602266
0.400771040917
0.501147938872
0.278655875958
0.0270571383899
0.373734181509
0.00125059700209
0.627663041394
0.130191547306
0.136956541663
0.670355300923
0.291516327726
0.0766230755729
0.551253660542
0.425646329135
0.611461248198
0.259274643611
0.408030422685
0.409125996135
0.184316722522
0.0651869507527
0.29852649643
0.259820392691
0.122254838656
0.537502853031
0.0912532296476
0.254701678826
0.498440441642
0.371733958424
0.579805280285
0.183409362883
0.215791106799
0.18862646719
0.00337563603301
