0.0902967411747
0.566777382707
0.0997588242164
0.0870440120582
0.455516574343
0.214248131101
0.222551967562
0.148584604305
0.0471496970507
0.0769410230073
0.0876327358702
0.475747390243
0.181763061714
0.0780226459274
0.322127331419
0.0292492571992
0.058581265985
0.543722322067
0.220036542965
0.290946300169
0.630985974642
0.101433618583
0.135621552088
0.0699265074244
0.0519173577228
0.07422270367
0.0429991440173
0.271884889428
0.224049002334
0.233981163912
0.299071967949
0.075189264658
0.600594298191
0.496493545778
0.392425148726
0.352837759142
0.196455652161
0.383347142177
0.131561862517
0.277378562386
0.400656478593
0.404426110379
0.31265289586
0.338611824086
0.242967660616
0.316965948416
0.301990515392
0.29641668719
0.346210048716
0.0482212993143
0.430594780153
0.154776779588
0.0766122895999
0.173054927475
0.515746356914
0.295723048937
0.0523645434072
0.054964378329
0.1697863888
0.0505084658727
0.666787460949
0.383981070176
0.225997790682
0.627238845128
0.111040864746
0.350385440198
0.28218411623
0.000709224342684
0.145853474818
0.216374969299
0.169165745336
0.00380595187221
0.268299991342
0.307500513626
0.0238605282324
0.172893763617
0.267411817025
0.226673886019
0.135153955986
0.346405837836
0.616438830668
0.459488538096
0.015510234554
0.060701235563
0.423003864529
0.0540346679473
0.0113252293997
0.227335201102
0.184699418876
0.141502429009
0.629847603802
0.08243360081
0.278736589528
0.268491679056
0.605840266047
0.01936519439
0.117901852275
0.469201346121
0.207075013907
0.086046633095
0.386393130612
0.0401038741369
0.0431171270656
0.294122526838
0.361979682529
0.406437456822
0.151181600079
0.141130575502
0.0450109284101
0.277752065074
0.240928560822
0.526235071276
0.127910454077
0.636835611041
0.143541916926
0.493693938019
0.137282502572
0.343610631224
0.195674938348
0.478293806792
0.0243896922836
0.386730817524
0.0416315191098
0.257651711659
0.225687641443
0.146917704302
0.0463364638772
0.00599408308488
0.00461191289557
0.194706462461
0.304458723007
0.518321611017
0.065426697254
0.187234671087
0.0638537118084
0.0252710052009
0.107994293803
0.22674600502
0.585567790782
0.282485816293
0.050947053103
0.245256799139
0.35197900075
0.0651285282872
0.0189215824743
0.226506686379
0.569912745554
0.236620996713
0.225246421973
0.356899993607
0.14450421223
0.297237282045
0.169236732316
0.0202950965003
0.253622492059
0.0283323947315
0.148740980729
0.046437214482
0.325248010846
0.195143288224
0.355972909267
0.167943304293
0.381332086403
0.408825042225
0.271948911204
0.169530574781
0.0456001417925
0.567279736776
0.551220024192
0.0766867729008
0.183177534655
0.107695665341
0.130117049542
0.299070027472
0.0255142805569
0.301680721485
0.550206226184
0.136875725417
0.18265667732
0.161144212168
0.28918651713
0.208428670982
0.0617119423648
0.412949521004
0.192980264985
0.142078106527
0.217666221838
0.478403246212
0.095939651594
0.0882558820442
0.378867823247
0.0217904832887
0.00193524883289
0.0409996968477
0.020019493568
0.208047693376
0.0105731138257
0.295121989584
0.456121473781
0.268776829167
0.117448142216
0.387150304117
0.12854715948
0.305156573013
0.016571584858
0.12279325662
0.484256200123
0.382985509658
0.205837337226
0.337082677461
0.00731136016152
0.349785338791
0.402786460386
0.199711304828
0.309903896341
0.242544095853
0.526063780847
0.503096502262
0.511814791199
0.370816586502
0.0126063105458
0.515707138098
0.299638663462
0.192662085425
0.0783063229594
0.465470180139
0.0767054603705
0.403091990013
0.00277067104534
0.0607469993725
0.00147326415179
0.0319692274876
0.509986438319
0.209186821056
0.562646803606
0.230242971921
0.128882229011
0.248481595008
0.110478239643
0.210527449196
0.642241475601
0.044746838791
0.0241663388937
0.471536234068
0.0132893797423
0.387837108102
0.143005112888
0.0352885454534
0.426477853691
0.101463673245
0.373107237392
0.207012980468
0.205251501846
0.402694343231
0.101080242209
0.161563261896
0.132512376307
0.180940842731
0.0205773975586
0.306564637715
0.165449429726
0.440958961575
0.0322615573952
0.222543679025
0.617739502601
0.229388465761
0.0561045025254
0.154884652358
0.559216186436
0.308674542998
0.0667571070911
0.107337743498
0.369773055679
0.151799239864
0.567142515796
0.0298908271813
0.369358447315
0.348875188118
0.508107416326
0.303496027576
0.0104322669797
0.145224198173
0.193796613266
0.309941401514
0.147407673013
0.0981443002757
0.108239738259
0.0626312361576
0.0471323647288
0.223319448254
0.0493291372878
0.0908025370056
0.256640877016
0.26172653621
0.033144687216
0.0436088168359
0.321962261508
0.0123826776291
0.257609791286
0.165501738934
0.148293889474
0.0807752593732
0.119600170475
0.415186952225
0.60538042569
0.00201215180106
0.332614509609
0.0667933895278
0.535582454218
0.194364026835
0.0617920808727
0.199507073858
0.27763500436
0.0315487550025
0.0879672158094
0.318138345179
0.0760457324282
0.147292822445
0.344109470201
0.254470851686
0.0718277260884
0.180838647901
0.225429452239
0.669002391625
0.333403717148
0.0806068162338
0.376163102519
0.469720052379
0.413596031163
0.222374693603
0.0505216475538
0.337085611549
0.321967311034
0.245586042191
0.0233585149675
0.28735840191
0.343993425098
0.233798431789
0.31746038613
0.597535523886
0.204610982168
0.350087658749
0.280126812282
0.178633927923
0.461560239332
0.215171512607
0.175136648273
0.478732213827
0.224011549431
0.310376065029
0.0208206254798
0.40206452063
0.524925563597
0.608371827816
0.104272460098
0.204483568684
0.260333575528
0.237663548183
0.236828389427
0.150448373533
0.290883838179
0.150750116846
0.300407461231
0.54298728585
0.336346096795
0.0340577559981
0.0727569078835
0.282876499056
0.49144883482
0.274794069902
0.365864731663
0.348256610248
0.0218976768793
0.119670914664
0.0472021305063
0.209744762656
0.407350250103
0.427132815682
0.127584228293
0.582021781565
0.237505444366
0.53518839277
0.514341742249
0.279186092548
0.000945900993779
0.116735256536
0.306960026378
0.253430493177
0.375970097572
0.322370507683
0.00585482632315
0.475039847713
0.137895830009
0.0107930286298
0.239287076423
0.192661784638
0.29713279703
0.187667265259
0.256821389171
0.280663781715
0.332268492398
0.169275097577
0.00935283511297
0.109381780456
0.00463359627163
0.170904767474
0.100653324982
0.102610079554
0.463952545359
0.0627892449493
0.561582025377
0.160779338684
0.569120778222
0.445210967059
0.191158502197
0.132339201387
0.340109244771
0.287497669593
0.630459872597
0.131360414719
0.217612371307
0.237274205702
0.0706254069927
0.0152941537136
0.531168779353
0.356694542367
0.449580788898
0.282708928381
0.105298527024
0.106913920842
0.143316683585
0.428842828056
0.598529101881
0.407002547454
0.110739165578
0.244476397902
0.452069942231
0.117488772121
0.0742992785906
0.0146634186283
0.53295546929
0.354009170376
0.237541520007
0.455919612752
0.100126628896
0.235171632683
0.541179241286
0.550522114108
0.252073305898
0.302227538045
0.179395029807
0.123163158846
0.135410360834
0.0269024288896
0.0533690051552
0.00803877257514
0.085727742289
0.0378607735336
0.189322583014
0.0254056216652
0.297531086098
0.0563788409199
0.13845879449
0.0916426569177
0.156014421979
0.163203463883
0.613811116037
0.431514468475
0.077339799321
0.0506789772956
0.382702496153
0.117965093538
0.135364320131
0.342472148319
0.495913665206
0.063643870183
0.108525027069
0.0145839409747
0.0681828803048
0.00980804708138
0.00783855331241
0.205893250969
0.108349995225
0.400177249102
0.0821822788343
0.378163804856
0.0168478059972
0.137315775131
0.294441785758
0.555082777007
0.117907009343
0.410073363606
0.184440209951
0.297144753265
0.122249845962
0.0912961557601
0.501892560635
0.550818940257
0.216042962955
0.00337563603301
0.350828852719
0.544107308681
0.158862752297
0.0271749198377
0.493014464682
0.12552087654
0.139835652871
0.214283476877
0.12494905762
0.352146596738
0.610835707839
0.0202181526276
0.475696108095
0.506264099971
0.0912336647009
0.293380709108
0.101284086827
0.108312770672
0.205648171889
0.154049180764
0.0436457021852
0.66926048631
0.265965352953
0.011543886084
0.258780753671
0.0804144957406
0.493796330129
0.136221892268
0.207325357316
0.150773620284
0.279649931206
0.24292494094
0.266792676576
0.424653128094
0.0322231585507
0.385515998296
0.393217458978
0.337675507018
0.42100522891
0.108560066761
0.453559207301
0.0211630102252
0.0182015419441
0.0245369767785
0.462999505709
0.0964364410907
0.163977120971
0.300759768862
0.037806204905
0.115747482284
0.390325044692
0.315894722118
0.0487093777499
0.174730227906
0.178651225699
0.39635489504
0.437050569666
0.128687549274
0.570749006519
0.46102430691
0.0192734364644
0.491139071482
0.557552765428
0.559098282214
0.0109044862615
0.468899101036
0.3073748431
0.00732416027802
0.261429521892
0.192898158302
0.372982268319
0.493425881385
0.207985304217
0.0693320302224
0.421666608183
0.0839014527233
0.376781124714
0.0878188220873
0.19956872077
0.24759179396
0.0709436856738
0.054376526903
0.169014367048
0.332459270774
0.045643460893
0.236600229514
0.206511602527
0.554576420582
0.273384014878
0.30905570237
0.285718253508
0.41766948198
0.0191401344367
0.0297791204457
0.232481288678
0.167935167459
0.0322909519819
0.420250048608
0.0444292426685
0.506193348377
0.558541105007
0.0459520028496
0.218023795291
0.452444458538
0.0607006997306
0.370357670164
0.368171131262
0.176845797869
0.0456162512258
0.284004077257
0.364181667072
0.437340561235
0.1130028789
0.622127834549
0.00379325838956
0.538856955925
0.0787300180524
0.200191816911
0.281287578039
0.142530526892
0.271227843942
0.296556747866
0.385233549073
0.421957877588
0.29536254776
0.0776250959584
0.238197608878
0.205339639698
0.366744402555
0.12974399233
0.354762332556
0.236449722323
0.509279964873
0.0182186673749
0.0312546259221
0.281122755556
0.360091472807
0.0283551922971
0.0410577440148
0.573425913583
0.341429773275
0.165440865758
0.172915098269
0.00548122784841
0.0773007464478
0.253843984502
0.200344005422
0.217697978499
0.0971016549519
0.469876936445
0.178012068814
0.0859759930784
0.166397883568
0.133865132272
0.173196422945
0.14990459799
0.0837681501548
0.463910287382
0.196644431276
0.254583975019
0.278515029761
0.380062096076
0.132595889432
0.162065541996
0.458092554529
0.0165438110241
0.0657969400161
0.167261575174
0.363979514124
0.270096749505
0.110211426356
0.134831943911
0.0396013863721
0.52009200839
0.441584461617
0.152670208742
0.187089210813
0.180908393706
0.183195080994
0.10330230614
0.0325341649534
0.0538985530137
0.193088824484
0.128529760347
0.119033283949
0.198100393229
0.259027187316
0.204369130473
0.0605860482104
0.0123478629424
0.0110107132088
0.520022201478
0.546175810199
0.0129961844712
0.193358875066
0.4506798911
0.0557089573619
0.17495798735
0.124890481178
0.447320932811
0.211039558733
0.150112391298
0.316810621224
0.348397081959
0.162079888251
0.201673177365
0.54384324153
0.501536336795
0.059161237875
0.124122522178
0.367216498581
0.0779463304426
0.0144698839715
0.133993259271
0.215059812537
0.209975458129
0.441278854363
0.106379269019
0.273494366216
0.338709035701
0.093377083736
0.106740944172
0.291235021166
0.211299639338
0.379797162231
0.228516050746
0.0771491239801
0.369280039958
0.358200908612
0.27515744698
0.216970207224
0.124913079804
0.016161917026
0.147497685006
0.076277228715
0.0411465472929
0.326467171752
0.0163009622503
0.238375721317
0.028270420158
0.0502362248091
0.274156376353
0.038980575406
0.174243158508
0.258293128868
0.0966926624794
0.094472648822
0.0354866460058
0.0451793931096
0.0348424607442
0.270927787021
0.122269826216
0.448420648236
0.304541924298
0.246088610235
0.49007237582
0.353225242709
0.413030313452
0.174706212393
0.131633246852
0.576573309098
0.0551294007563
0.0385098159332
0.159148342468
0.0825614480118
0.465648029902
0.0622221132847
0.0810023601491
0.00757251613994
0.0484847748576
0.280752660071
0.299375255434
0.287298792487
0.462329222919
0.331767239487
0.0794051158126
0.314854955774
0.16695998459
0.0365193297373
0.105700358241
0.0967052559904
0.485134276382
0.278521528758
0.407829253811
0.0795914841124
0.248486222089
0.450217274515
0.50186836657
0.157215407149
0.357981157713
0.18654459117
0.352138195565
0.116944972212
0.101713790428
0.0563401993577
0.310060197273
0.0709421356407
0.103574471283
0.38150366512
0.0842843300722
0.0472815995455
0.387145250047
0.0769671906255
0.232637915976
0.160874545367
0.276149984365
0.220647767894
0.000622689222681
0.020503248399
0.622018237821
0.0712856936853
0.141943191687
0.120111454021
0.483559465988
0.246081447409
0.255852633979
0.0652152636366
0.0640302530469
0.264370309247
0.200758160946
0.155378427423
0.416679318526
0.172751716595
0.378701043903
0.143234108458
0.0951199272743
0.358728684586
0.692189552307
0.0191622793761
0.553956917169
0.382141621471
0.475154675271
0.0317624575144
0.155921905477
0.45822649333
0.475286616283
0.330121553381
0.437919902708
0.0343351102101
0.216952489227
0.0506300615312
0.236253638436
0.0592401321075
0.045952094705
0.134280251202
0.457189766624
0.186565490263
0.122706689932
0.218948596143
0.311058469317
0.0973726271021
0.479392136434
0.320333926815
0.0491139076362
0.357901552567
0.226623233414
0.0830075254173
0.0985626711324
0.33397975454
0.334304451956
0.0795637988948
0.242404237218
0.0557145551276
0.306016798801
0.14231248048
0.361951394158
0.133364369677
0.259265309041
0.206850623223
0.266079546325
0.252021728019
0.136777447527
0.645789472768
0.181849062595
0.237146151226
0.0595794210244
0.149785272238
0.35836824443
0.239712209645
0.28100464829
0.345059030436
0.129313153492
0.328183729338
0.172395622465
0.377649593299
0.369600376143
0.544449170097
0.0720041120333
0.301345783238
0.392700723125
0.0518550587246
0.092443652168
0.239934561601
0.00253302382254
0.287908473099
0.157807604011
0.0367809898239
0.41469946684
0.0139681642049
0.4990471832
0.125803039739
0.567554328331
0.00888728331034
0.312323130281
0.26299863983
0.412753677905
0.0632156422508
0.256084111556
0.300611513589
0.18237842143
0.342025664029
0.0215731782682
0.383933025128
0.517266917033
0.512511220881
0.138653315372
0.102665565667
0.077233227602
0.415277302321
0.0218758135497
0.254950644167
0.468570737815
0.0184997719868
0.039926219851
0.577321699222
0.618111329816
0.0997841691214
0.325601106337
0.597011635285
0.31795924509
0.0431830343473
0.0853321748842
0.487546327788
0.298256034694
0.260946947003
0.179859924726
0.145965810994
0.381674778123
0.12123191405
0.0439856706676
0.504576777528
0.278173837535
0.123314930081
0.194858375242
0.391089229002
0.415707462633
0.0725323260801
0.433414663993
0.502046324189
0.430213732981
0.049615895116
0.494937180644
0.0163939678112
0.433089324408
0.0821300788885
0.257708018841
0.112810037553
0.360792328148
0.364025240969
0.126859864644
0.455544813196
0.0265131909578
0.0925042129902
0.124018389692
0.132448171076
0.0512683101023
0.293392082132
0.103979278951
0.119322263925
0.329112576273
0.19240817346
0.345091705331
0.254223824243
0.633913467547
0.0355918232256
0.150406220918
0.0616215928036
0.402314274008
0.0798009774598
0.0821820508121
0.507314283743
0.365095218791
0.322169416193
0.0102396171066
0.462376108437
0.0900750200158
0.274414517549
0.265997604955
0.379946595793
0.282273791997
0.256287914142
0.137979303854
0.0627164001149
0.135877978903
0.345553653884
0.220363497224
0.130605212878
0.55837766944
0.20846769636
0.140354422864
