0.181360057442
0.0998148773914
0.131627889336
0.0417004415519
0.0957054880387
0.0769661457949
0.464637180915
0.181924789305
0.323269539381
0.058581265985
0.538445782849
0.291479902521
0.397214406062
0.400054704118
0.0519173577228
0.0429991440173
0.199831029066
0.234523712721
0.394982887514
0.599263618046
0.362618823152
0.0260859157333
0.384880989239
0.279640869531
0.511747194646
0.062276873163
0.243005824302
0.0768770815791
0.170891852201
0.0482212993143
0.157730969256
0.0766171672774
0.471694600347
0.155067735963
0.246367338956
0.0505084658727
0.123273547753
0.225639593755
0.111058182245
0.361488388501
0.0592364554404
0.127133296591
0.102747500357
0.462078549349
0.0238605282324
0.408928516119
0.0868726821166
0.347273485233
0.143342230235
0.12879283101
0.423343256052
0.397886908486
0.226929335948
0.0454514197773
0.0194582842514
0.278559008377
0.403376267886
0.0433369968766
0.474534715063
0.0861124797226
0.634672539563
0.0431171270656
0.364124298997
0.23785428261
0.141179920576
0.277706967613
0.0968356231068
0.389742987142
0.143732237154
0.362387981498
0.451499688127
0.210680926742
0.448951747975
0.0392911254508
0.226094549213
0.0463364638772
0.00599408308488
0.194724748678
0.372700218963
0.0252654008903
0.0638537118084
0.237276427091
0.198244257334
0.283622338779
0.246352221995
0.354262722298
0.0189215824743
0.0544786714394
0.429707867334
0.124645313682
0.262170104871
0.119005622639
0.22830418338
0.148547042644
0.229114936368
0.195116219767
0.30762064737
0.208410027653
0.27303177602
0.245467005707
0.153735661056
0.0766867729008
0.107812561317
0.431521586981
0.0255142805569
0.22183124959
0.0204691909253
0.161324447885
0.20939002453
0.0617119423648
0.118717066731
0.18556660067
0.270983835547
0.0882626995875
0.137175813532
0.00193524883289
0.020019493568
0.0105731138257
0.296260151998
0.26941834642
0.0205724542356
0.128573551886
0.016571584858
0.0310240400731
0.100869914436
0.337107885928
0.354171542479
0.346039065354
0.310387042585
0.562499051855
0.244349168517
0.195925024956
0.0964137351208
0.291305167463
0.0783135284615
0.0767054603705
0.400182324429
0.0607469993725
0.0319692274876
0.378740641284
0.138592505072
0.428117078028
0.248810973284
0.211282595007
0.044746838791
0.0241663388937
0.0132893797423
0.143089919353
0.474324483236
0.101471429993
0.182127544826
0.205298351183
0.101085181552
0.290533417669
0.181225506072
0.175847577146
0.0852852169827
0.0322615573952
0.418730100095
0.312474338822
0.154761542628
0.309045794395
0.0620347741785
0.381212323682
0.571239406651
0.0633727787679
0.348896877525
0.305134598717
0.107143763864
0.20095606157
0.147427068852
0.113016936977
0.0626312361576
0.223372181718
0.30090019864
0.257439230766
0.033144687216
0.32313337386
0.0123826776291
0.165647280494
0.122783290572
0.119668547182
0.568633691999
0.0245186973679
0.0667933895278
0.194816965175
0.178957080179
0.561103686259
0.0879813926969
0.471774591028
0.147088474427
0.254836782872
0.0703482734975
0.225646423091
0.0461406160268
0.325427651597
0.418538684681
0.222501656192
0.175029278445
0.322966088027
0.0233585149675
0.0937437775972
0.169590853655
0.606887686438
0.199088626762
0.279925734766
0.0641478236299
0.175962942669
0.10245931385
0.312181647209
0.209361813152
0.0172571964455
0.104342657132
0.165285723643
0.226686036774
0.150697318236
0.20876633648
0.301902569739
0.339660003161
0.0832836675103
0.267062261977
0.276181639348
0.179887821623
0.326268108864
0.0472021305063
0.0106113716929
0.430905974321
0.594682985475
0.289751854303
0.26315521387
0.000945900993779
0.449801119329
0.0431094409446
0.0863990220947
0.0617056405811
0.138118251277
0.136879315401
0.00671689236861
0.0285209756616
0.196174895083
0.381978942662
0.00935283511297
0.00463359627163
0.100618689111
0.102773475796
0.0627892449493
0.272670041366
0.331140678125
0.191419587765
0.0638182105967
0.287637398167
0.131374833776
0.0479088760943
0.0706254069927
0.510790841838
0.0390379622675
0.148573805868
0.106926607962
0.316529585351
0.128496437598
0.110759666626
0.164179962517
0.0621734372323
0.0146634186283
0.161602733633
0.23807459452
0.100174673374
0.149175778261
0.356206638863
0.173927814986
0.0188492211017
0.135680641441
0.0533690051552
0.0574992072838
0.0378607735336
0.0254056216652
0.0485951869739
0.021556529898
0.156139415323
0.185395666572
0.286227333775
0.0506789772956
0.0494028445384
0.0190833561789
0.0115104697212
0.108650266669
0.0145839409747
0.00980804708138
0.195406776162
0.0924113586573
0.0821934161709
0.00125059700209
0.137183253759
0.535039705653
0.260634205501
0.0651869507527
0.122324125882
0.256444362791
0.595126619349
0.00337563603301
0.535531266865
0.158822968879
0.148524346676
0.135179265285
0.214589470684
0.0732437735381
0.151852903708
0.469790624548
0.0912523391381
0.246796193751
0.521936057407
0.154235946629
0.477888970823
0.0346915832672
0.257467631674
0.121958759951
0.136371230207
0.0149988361429
0.16088736708
0.227442811728
0.0322231585507
0.0556016566199
0.424165720982
0.108571633724
0.168644900292
0.0182015419441
0.204915953096
0.353898096319
0.300925103759
0.115734878722
0.129020660521
0.048219474256
0.178897072003
0.163311378167
0.128727913535
0.467265532134
0.249795918297
0.0725478747366
0.0109044862615
0.142596039698
0.00732416027802
0.0363555731829
0.150827672158
0.124202140456
0.346895225681
0.154758217267
0.0879314494939
0.248623289929
0.225522573132
0.438118722938
0.045643460893
0.0161264882746
0.067824181262
0.308947202262
0.429346879775
0.0191401344367
0.233544844922
0.446911574672
0.0600371588083
0.508513950319
0.0351600493756
0.0850761467024
0.0607006997306
0.377439603192
0.177227113661
0.265211841767
0.440125674956
0.113057587638
0.00379325838956
0.0424017602718
0.200710865709
0.142628561892
0.236160128945
0.438619200609
0.129232591179
0.201395150716
0.205766437956
0.129893623137
0.0622053386517
0.0704948304412
0.0312546259221
0.361870663749
0.0283551922971
0.343862071335
0.165551247521
0.109148087775
0.0772671055908
0.234478491549
0.539923717179
0.469393730163
0.00118162509096
0.166457663827
0.173252749854
0.0437358039362
0.478712126201
0.255410253244
0.17387534685
0.0484309458109
0.456148820151
0.300861903694
0.167118418232
0.271776104447
0.134706263151
0.0220664625159
0.00462378204198
0.187634154983
0.308307673497
0.103302001945
0.395676989005
0.193483653462
0.119084923624
0.25903052912
0.204608949583
0.0123478629424
0.0849348689541
0.553887760412
0.19401561049
0.072308167703
0.177672532928
0.152082241433
0.46350339882
0.166181162401
0.0024795464433
0.213544113221
0.0336746962375
0.124106236187
0.0778831499847
0.493394595894
0.21508994462
0.357288867329
0.106288261638
0.33897921408
0.10677073784
0.292164580915
0.165719837671
0.156599700289
0.370097391208
0.0730272035711
0.293343062648
0.016161917026
0.0763461362074
0.196451724102
0.0163009622503
0.028270420158
0.247873951286
0.038980575406
0.259251089293
0.122668109324
0.0354866460058
0.0348424607442
0.122344267557
0.146362090524
0.0112131042768
0.0408263449973
0.0517784606115
0.131851761768
0.140016546166
0.0323783786197
0.082569226528
0.0471189978778
0.0809898196355
0.0484847748576
0.22587602213
0.278347239275
0.335727876978
0.461623199242
0.167076175994
0.0294764896822
0.203840029141
0.361875101242
0.0796050623745
0.179508394723
0.453235623096
0.359431287652
0.502918569464
0.0249003377409
0.0563401993577
0.0709421356407
0.103697618722
0.0843431550578
0.407008457954
0.0769671906255
0.160893753564
0.220741742577
0.000622689222681
0.299515755537
0.360911403508
0.120091284194
0.247082512208
0.0652152636366
0.0640302530469
0.0448388231626
0.22703310384
0.156258569526
0.143373843807
0.341810465908
0.41004038797
0.269938827697
0.486645490007
0.27741442923
0.149155122138
0.165717131222
0.322310006623
0.0656768453027
0.185278307557
0.293142599179
0.134283039209
0.435370168458
0.0962863510476
0.311667960471
0.127338946278
0.0150950957416
0.203378365289
0.213915529043
0.0985198466035
0.334830198765
0.306741437762
0.230865399073
0.142615670321
0.515918352563
0.389351391955
0.265905275313
0.0228038739265
0.544495272293
0.107315140371
0.38480094277
0.535226929087
0.281319825065
0.0535667589997
0.0380935716129
0.295894976818
0.253619978533
0.227893535496
0.203753821627
0.298094219517
0.240598763526
0.220423021894
0.0729230086457
0.0809729557317
0.500005476729
0.00336288381913
0.00888728331034
0.263850994787
0.0632156422508
0.257221130718
0.182621409394
0.405717021999
0.380656461048
0.516665629403
0.121544879103
0.0772210460209
0.0218758135497
0.194501396029
0.0184997719868
0.497158579956
0.101846909595
0.320456516628
0.31808302495
0.0855172265367
0.511642488535
0.2621846245
0.308261164757
0.40580192155
0.0439856706676
0.0668197076301
0.123363629137
0.290650404425
0.0854054113655
0.140776157159
0.434402052823
0.218696635871
0.0131922165425
0.0821559244919
0.112840607759
0.296727815572
0.126860941138
0.150914592458
0.0647575105264
0.132550626909
0.125700524146
0.103996674535
0.115262824677
0.175651165453
0.359130708623
0.0355918232256
0.372078625446
0.205763866537
0.0821883518755
0.36525243758
0.104860477781
0.0441276144684
0.454827893193
0.0742968977088
0.283392101351
0.069803041724
0.0627164001149
0.345865151774
0.142968371063
0.491229770842
0.140388574904
0.056966538686
0.191125836214
0.531824047226
0.137874334315
0.332750306357
0.229258979997
0.00542912293225
0.0247901496808
0.0616038598878
0.328924553382
0.194215854652
0.14805367625
0.113130115885
0.162084119716
0.0760144503983
0.00147938784809
0.2722597943
0.478308464688
0.282713711147
0.135869162117
0.464374453209
0.0868000421693
0.303331066221
0.428698059502
0.0485039252094
0.493428744861
0.404195357527
0.0943348831219
0.20302570961
0.0841693139468
0.0404916458614
0.0811413130015
0.07373104822
0.183782060704
0.350936440098
0.00970535658731
0.470140057343
0.105474945285
0.386325339122
0.140263798817
0.135667231302
0.0648106534407
0.259175031082
0.037203345211
0.508203833368
0.386385470063
0.0820215044532
0.00821702061841
0.338079397276
0.100190766586
0.126822908657
0.232625468829
0.0309561652258
0.0678091012472
0.057830336675
0.250156271643
0.27676451304
0.00309846957133
0.18618921154
0.0495671716617
0.0648325349317
0.309084396832
0.286499223856
0.242244893261
0.0944891480511
0.236939461533
0.0688561941831
0.0625137873538
0.100490657456
0.328931767576
0.246576232379
0.202575400009
0.0175273912162
0.165912702195
0.127907865459
0.149010785077
0.231862244173
0.0526116397102
0.110113795648
0.205309113633
0.0566884779983
0.157258200753
0.162225665232
0.0102107540056
0.229696312534
0.101209991856
0.0586332533688
0.10817199834
0.314761178908
0.0389069201583
0.130230841921
0.00212066589313
0.64314815952
0.00967931410779
0.0951901382386
0.0972335668584
0.122852198188
0.117589200147
0.279435459626
0.328915420535
0.267154809113
0.54446474695
0.0535171935573
0.0846539323413
0.256593585069
0.204101703161
0.645144161291
0.131750620446
0.324072375521
0.224205948717
0.237501279792
0.0139973961871
0.320068316774
0.467929920128
0.0657878376058
0.173943007453
0.32416163255
0.028150168232
0.00884664767226
0.408578994464
0.334271823833
0.120929692057
0.46052040172
0.0689146513565
0.405935588424
0.259469350427
0.0253664895532
0.172755022111
0.411048411991
0.175383745781
0.0984866738617
0.255404167732
0.0587199230144
0.0386858883761
0.00650059051897
0.1815204038
0.163061309991
0.0294897463699
0.242909290058
0.0771969684216
0.0178117879913
0.0414302762104
0.0909523398545
0.0398193000711
0.237217954785
0.086506718015
0.315001995931
0.0488316648902
0.481949499984
0.0184525272996
0.216565478866
0.233837383135
0.145083375701
0.364376107366
0.238485059251
0.0191586836791
0.260628815555
0.0208337745256
0.180721407207
0.00689389113681
0.0596080792802
0.38573086139
0.378451921918
0.346209760796
0.309660663189
0.196014710193
0.0523058287876
0.261103813487
0.267144221101
0.20384135215
0.225941033551
0.447192994436
0.169997816276
0.12137339807
0.2636310453
0.0312265741382
0.231094898638
0.248116659927
0.0861009066719
0.353658805384
0.321426295869
0.0705419136777
0.019135335395
0.164281602656
0.128890683291
0.0601851854907
0.260743357777
0.0660784222881
0.0338783069371
0.403099180721
0.28421154784
0.106234380667
0.576495331908
0.13546217865
0.497598796017
0.0848022096486
0.117150962925
0.488568749119
0.0806013400584
0.310309141173
0.394521013087
0.130203610129
0.203533306008
0.441264816269
0.283771475097
0.0118200957247
0.0565558441592
0.293874410564
0.388250746689
0.446753428579
0.0462197641358
0.24729496894
0.129525753179
0.276236053427
0.0345867122154
0.247522770717
0.237805409482
0.00131742655109
0.117923941504
0.500376058302
0.336975016415
0.298261076634
0.113653231788
0.00106149611954
0.16764478755
0.0358568273214
0.0270771559013
0.27892564558
0.0587604944073
0.349996617662
0.279387742707
0.167020707705
0.0961292312681
0.465128122702
0.532136211856
0.0817051986705
0.0888337361416
0.198951899609
0.251164422367
0.05147319863
0.318766674197
0.533114402281
0.0218233949351
0.20955058261
0.0490807913429
0.0352534929845
0.204797106627
0.0753628200487
0.0396435097409
0.0451667521902
0.327494169265
0.0359972663464
0.112294706504
0.279040747248
0.00154436467771
0.367228783271
0.278751060675
0.207896467536
0.265637414497
0.12636261507
0.0466246276955
0.0441753907957
0.0170326003784
0.31642037611
0.331483027488
0.270659367179
0.148072871903
0.0148281753717
0.00996240483011
0.0020888268673
0.245496069014
0.508985665623
0.443521717739
0.141200569838
0.288366822009
0.0536666688256
0.25816658934
0.178797957857
0.245990887459
0.273132573986
0.465816234234
0.510086493592
0.192905762316
0.092963201617
0.320832131124
0.327194685736
0.285401877262
0.331417461843
0.194427464079
0.261299618738
0.235308548734
0.108332886102
0.197932411596
0.187506199873
0.330230046473
0.0907469809095
0.285931986525
0.0636309522442
0.220454731627
0.209326031064
0.468770647643
0.0185473277838
0.0242609528696
0.286314493958
0.0453705195254
0.0819856141537
0.135355664962
0.158515046591
0.0908631500425
0.394308149455
0.00462081429394
0.208990242691
0.0760329080528
0.21150318011
0.264474127491
0.300921707515
0.0616760026533
0.00436499667046
0.132589213392
0.275681623427
0.205388809295
0.259427903983
0.329491249175
0.416238218632
0.325527367416
0.208432004163
0.534145425252
0.368811968015
0.0678922082766
0.0985544878172
0.2280215413
0.32071247435
0.403151326318
0.168597246095
0.047006035663
0.211059697303
0.174206754761
0.518452667534
0.120134444236
0.154247829708
0.246387514885
0.332538968011
0.16323204937
0.453953218958
0.331283784449
0.485743007036
0.0498694558716
0.246919042146
0.0847743355974
0.0138059408576
0.0476294325337
0.192385221082
0.200139988616
0.153739046336
0.27985714114
0.411891517699
0.228979690232
0.315003288435
0.0214441926078
0.168990095517
0.374236673738
0.336882880967
0.118125209656
0.597985030077
0.193716356396
0.203113329673
0.035059570727
0.312950629419
0.325062648994
0.0698929783492
0.18813062278
0.0701261715402
0.255331437364
0.311585615116
0.44611055951
0.144168140929
0.153628922679
0.152004001706
0.38126979337
0.160467727969
0.403182166437
0.312268905445
0.01979466374
0.206525570523
0.0359404096588
0.197048281357
0.38786436388
0.0898364820661
0.297164883059
0.289456253001
0.0117704797243
0.0170116423615
0.265793963715
0.186680948503
0.0687544280961
0.0536372966053
0.0508895782118
0.0210476328293
0.0513876300518
0.0545135941323
