0.245729752113
0.0339288291869
0.22331728668
0.0769979669752
0.125476739384
0.323637855393
0.100136079366
0.205039470652
0.101471501352
0.0211033888723
0.515087190141
0.234899439961
0.075189264658
0.365233364449
0.183496455598
0.279876697726
0.40446309107
0.227442118815
0.304460301047
0.0482212993143
0.0300580327503
0.201983967347
0.00530979951707
0.0505084658727
0.33101139241
0.111158927301
0.261074114147
0.127138151186
0.00380595187221
0.0238605282324
0.161962983855
0.349660695516
0.152394123986
0.0481065994842
0.0113252293997
0.0454514197773
0.0803472480092
0.37830906431
0.11791310364
0.0861103764431
0.0368515933973
0.365728500973
0.0643018607259
0.107135757306
0.240660277959
0.143829617824
0.137479780117
0.211072689104
0.0594908769151
0.22612159559
0.0592755860081
0.194721404685
0.222511047388
0.0638537118084
0.106957134311
0.0446414119972
0.382915422293
0.0189215824743
0.133360409475
0.124657768956
0.0526080116799
0.22802120004
0.0439999777899
0.0542919979543
0.16797913791
0.0706092256827
0.029065255103
0.0179323954705
0.392638128379
0.0255142805569
0.561551305867
0.161282024665
0.209316425838
0.118739458465
0.218276792261
0.0883282396878
0.0217904832887
0.020019493568
0.02158275909
0.269462362124
0.0677250231152
0.016571584858
0.0931392347719
0.22872765398
0.350220936999
0.310959091783
0.176544749501
0.19590810808
0.533392060519
0.078346702729
0.111568744321
0.0607469993725
0.0472166698397
0.138698702504
0.0389226703095
0.0732087407128
0.0409492445387
0.0038183134304
0.135710974069
0.00228391274291
0.207067554461
0.101101190183
0.0495729174314
0.175835952577
0.11925597885
0.421035785169
0.0561045025254
0.309874264924
0.0515428999723
0.570407158578
0.17493015841
0.306290929464
0.145484386358
0.147411189976
0.108252748151
0.223386787603
0.0314565394671
0.033144687216
0.41741982902
0.0113535031578
0.0809109017286
0.0786973138792
0.210647237499
0.194964344884
0.199736584614
0.0880199794359
0.0760802111373
0.255694547101
0.181520164613
0.0461406160268
0.0216398559478
0.222888628473
0.0404486233178
0.0233585149675
0.362837899297
0.491541327264
0.353134884198
0.0641478236299
0.175678930103
0.235456786483
0.0618644391262
0.104303519392
0.262076295069
0.150869522682
0.00172537980575
0.096932302719
0.0727569078835
0.275761599671
0.0517507295125
0.0472021305063
0.295325186596
0.204254504495
0.445104269628
0.000945900993779
0.129119937548
0.0411674926268
0.277178083646
0.137167887523
0.0539418015272
0.196064451047
0.169391167754
0.00463359627163
0.106021232874
0.0627892449493
0.16137298041
0.191584341473
0.130296609398
0.131508710138
0.509097555109
0.52028350825
0.344617766738
0.106930878814
0.430861424445
0.110758638161
0.126421328807
0.0146634186283
0.0520244178101
0.10019486681
0.109682079862
0.17410379351
0.123167136369
0.0533690051552
0.085802696562
0.0254056216652
0.0563788409199
0.156468136496
0.275167632678
0.0506789772956
0.274177899828
0.0115104697212
0.259296577831
0.00980804708138
0.206589243269
0.0822009325484
0.130103997469
0.0766533987109
0.41399288961
0.122327117677
0.200315660648
0.00337563603301
0.487897831393
0.148890677422
0.139769964304
0.0732437735381
0.0202181526276
0.0913366049839
0.101406166986
0.154330910355
0.476781869249
0.258811811505
0.00664984509632
0.0149988361429
0.0796225167177
0.030414697859
0.227831800898
0.108593643545
0.0211630102252
0.205146471265
0.164039860542
0.115774604177
0.52746588908
0.0273964056261
0.0786031724488
0.467276462145
0.266693131256
0.0109044862615
0.112297933059
0.0363555731829
0.0805442601815
0.121090087449
0.20481931725
0.248755270899
0.054376526903
0.045643460893
0.0124905377027
0.310455559137
0.291770925593
0.233623840669
0.0322909519819
0.514224558575
0.0459520028496
0.043768710515
0.100027320645
0.264753440536
0.192097927843
0.00379325838956
0.00209744177651
0.142717177722
0.299091151121
0.129236137959
0.13076877359
0.129845264469
0.237410951816
0.0312546259221
0.187287787697
0.265365130682
0.176391944506
0.0773758006382
0.194951077774
0.476376784425
0.385438145257
0.173449886917
0.0838699098625
0.255988916215
0.0994764381569
0.128024296161
0.0657969400161
0.271794845929
0.0692962536206
0.00462378204198
0.2357508328
0.103380380091
0.0538985530137
0.0323569995323
0.339175940307
0.0123478629424
0.502170513569
0.177500766421
0.0557089573619
0.152093925519
0.11411733624
0.0024795464433
0.00868461160176
0.124147723079
0.184596937505
0.214869011481
0.233070492154
0.340899561
0.081491329735
0.1657324143
0.0771210870604
0.0730272035711
0.124942673639
0.0473207333383
0.0688426716052
0.028270420158
0.266666949902
0.259446083329
0.0597892870162
0.0348424607442
0.0690652618915
0.0112131042768
0.134540967785
0.076887663347
0.0551294007563
0.0825781110046
0.0954688021569
0.0484847748576
0.0927801601407
0.163808344533
0.0789558177652
0.0294764896822
0.160299755298
0.0795545347709
0.365184986731
0.362513771239
0.357081634188
0.0563401993577
0.0988395564276
0.0843630540017
0.169936602979
0.160885618203
0.227372779016
0.302214083555
0.142120612636
0.247572827155
0.19239803893
0.0448388231626
0.419279713586
0.143323197665
0.328572579901
0.270619044008
0.118502423295
0.149202383399
0.233584519797
0.0656768453027
0.236663606085
0.134473563168
0.111900380827
0.312430569865
0.361741991424
0.203808263689
0.0285034169183
0.260133101389
0.243456718226
0.142726167161
0.133482630004
0.257624980711
0.136997755714
0.107323859321
0.149724585719
0.281281927938
0.008051129801
0.29654504761
0.202820984569
0.203785065086
0.0924667803052
0.186271238596
0.0367809898239
0.501878703364
0.431670299815
0.193844123038
0.00215243798659
0.182677699967
0.0215731782682
0.520851756127
0.0660953908877
0.0218758135497
0.0613759939753
0.0472989522136
0.0999265752987
0.320052467705
0.267707533434
0.262395766445
0.146048581333
0.0439856706676
0.279188079174
0.292147701654
0.0725323260801
0.424490019784
0.199882734128
0.0821489287886
0.0988724438504
0.126866050426
0.0265131909578
0.13249353748
0.171974620673
0.115360121853
0.22799632493
0.0283077878837
0.0616215928036
0.0822328563635
0.051154102824
0.0441276144684
0.186776029072
0.281704668648
0.138297476418
0.347735284195
0.1307257455
0.140466062398
0.242002474176
0.32447000115
0.344134324326
0.230188315082
0.176659337661
0.0616038598878
0.113056472683
0.148163075976
0.163263730262
0.0760144503983
0.00674100339121
0.0480722158011
0.0724483031741
0.460447695034
0.173825302935
0.428990443148
0.394432094381
0.406098122254
0.0379059203564
0.0840468896787
0.00175795636086
0.07373104822
0.0851650739015
0.00970535658731
0.129778344229
0.24803086289
0.0220082907303
0.0648106534407
0.104947672069
0.148922077328
0.0770992932033
0.00821702061841
0.0576998343366
0.126841567871
0.0307753998626
0.0678091012472
0.0614450051983
0.276836185048
0.000251085254574
0.0495671716617
0.0550876557789
0.287193871074
0.269446084185
0.125684209549
0.0772896478338
0.100538326913
0.0962388068432
0.202995199013
0.0411291157833
0.127914129768
0.0946574030952
0.0526116397102
0.234459195576
0.0566884779983
0.273565550057
0.0102107540056
0.0390587852573
0.0586332533688
0.492979091264
0.0389069201583
0.0136181568087
0.492016754247
0.0258148644908
0.0972443018395
0.477960005902
0.280604101789
0.00907331328569
0.553385103714
0.0604624253191
0.166418709059
0.479960307753
0.048149171164
0.00394063467667
0.22947368085
0.293631924056
0.356853137913
0.101764072825
0.169846759107
0.166987539985
0.410519628351
0.0955634911876
0.0246758497724
0.0596595908125
0.259470797673
0.329523282804
0.41521710168
0.0934736920962
0.118586148495
0.00448682348688
0.00650059051897
0.0224404519283
0.0294897463699
0.0276042229074
0.0178117879913
0.135245372483
0.0398193000711
0.223966158946
0.0830429691934
0.0232427660249
0.0184525272996
0.117076900151
0.145195261034
0.337507744904
0.0191586836791
0.150657805279
0.180750091773
0.258039614913
0.387552448857
0.0573941396961
0.310903774422
0.294966980081
0.261158006514
0.0259511184985
0.225774541796
0.0982000230157
0.121341793
0.00545572713815
0.110036564244
0.152768899408
0.352157013761
0.171310911945
0.019135335395
0.257369428446
0.0601851854907
0.0916298015346
0.0338783069371
0.598518161313
0.106356750908
0.144077148397
0.488341221168
0.0442337255151
0.0320796153774
0.238519799561
0.212353508458
0.0608788047686
0.418413709047
0.057655382718
0.0565558441592
0.215303987417
0.449137761529
0.0410415169783
0.129582078967
0.0274251110009
0.247125874907
0.403066155749
0.118010551741
0.146170758857
0.287315389306
0.187769921214
0.167714938355
0.287402700157
0.27823417128
0.359518703872
0.279911908785
0.130845633191
0.464357846637
0.124276223297
0.0888451144418
0.19580313496
0.05147319863
0.0911310039213
0.0218233949351
0.0102831926177
0.0352534929845
0.123500980388
0.0396435097409
0.192774662818
0.0359972663464
0.379304073156
0.00154436467771
0.0344211753083
0.208076689263
0.178055999052
0.0466246276955
0.0742441465425
0.317710485392
0.0624484941846
0.148127895341
0.277396594388
0.0020888268673
0.192703279388
0.445160584805
0.137772565113
0.0536666688256
0.536241652047
0.246249773579
0.0708287822262
0.509980758272
0.111859614632
0.022297469394
0.119400836902
0.332877427242
0.0673025283479
0.235868547871
0.175810520488
0.0971421829166
0.112143491226
0.2323998847
0.0495690368724
0.0270173470151
0.466372516353
0.0242609528696
0.00987601676737
0.0819856141537
0.292133468391
0.0909056279904
0.236573976748
0.20965736394
0.0294537414481
0.265243727023
0.117315489585
0.00436499667046
0.118884907983
0.205799976818
0.214979734119
0.282414309707
0.211842650953
0.437124638479
0.00163269842132
0.0122929239992
0.245345773681
0.0623127325322
0.00689912059148
0.115202099509
0.131072891576
0.120190997093
0.292423495886
0.227029433668
0.00852361885333
0.168100057302
0.25871413999
0.247381760528
0.0602493096004
0.0476294325337
0.0729654511386
0.154001775763
0.0517607573092
0.206440698027
0.196640355303
0.169187825734
0.245198649349
0.118138004898
0.0293287750273
0.203054187094
0.00374543955864
0.3247212259
0.299001047826
0.0701261715402
0.112119134496
0.303677991934
0.150312116414
0.152173574701
0.504746724962
0.156945694309
0.0757202943117
0.151876480022
0.181841966419
0.391852950385
0.00855498103115
0.289904971102
0.352566272693
0.266780358345
0.0768155307045
0.0536372966053
0.191064442341
0.0513876300518
0.300747213743
0.217437124399
0.350229384635
0.169912544979
0.203481849869
0.292353569502
0.0127532755678
0.504776717968
0.0313173857401
0.252967191208
0.0591110853699
0.226611193242
0.0420629370548
0.054329954759
0.0368173389701
0.324467826273
0.0663834429821
0.0406113908872
0.202980561125
0.251291863812
0.203305139699
0.212049727358
0.233887310615
0.157499761355
0.179381822926
0.148758053349
0.0657786354087
0.42736068622
0.397466386028
0.38405253934
0.0536690097144
0.124038327492
0.230282609421
0.0296350409129
0.139219112083
0.371312156535
0.0565710860036
0.128498279351
0.000753654802773
0.0820908650676
0.295043605285
0.341189032
0.0545955701513
0.0516118603298
0.227361174344
0.00140346222419
0.337345776722
0.00505245311265
0.101293826649
0.423542937033
0.0285661101961
0.276620224372
0.156972692602
0.0132698563557
0.0368594836544
0.109610216461
0.0253756118166
0.15406354843
0.078180554724
0.208849039911
0.33353991661
0.173656696032
0.0444028262376
0.297658278436
0.00547478505771
0.256544980865
0.161452598816
0.0830938590507
0.202251927656
0.421894139867
0.179639961781
0.16319153858
0.0217085066175
0.122083574257
0.0643165025609
0.0660452744973
0.29844145191
0.278686054289
0.07082044681
0.0972225647869
0.0473343701763
0.114856324765
0.105163152384
0.0276736670732
0.0156299122748
0.130294571707
0.277625840201
0.233609915757
0.116010146605
0.0581928288645
0.267823995427
0.14327798998
0.106457477153
0.225566039298
0.327124563368
0.146719819661
0.0803956216935
0.177917413314
0.105241722871
0.401518966217
0.323316539816
0.200646078038
0.0515559932631
0.0609747543496
0.110508387636
0.215409658645
0.0823601717084
0.0100360840622
0.119386139271
0.309303146515
0.171736794925
0.142579922478
0.03085084984
0.0255823359286
0.256056581404
0.164655922875
0.00797183133161
0.126144745763
0.0837421141251
0.235795472364
0.112079967861
0.0190727876494
0.0816254537497
0.266752653441
0.0849411996641
0.151338824611
0.0624351872274
0.152600835041
0.450674527522
0.0233730773709
0.0104499759584
0.316277007371
0.192004899798
0.109015578256
0.0396447991811
0.0900141440054
0.0928882787302
0.0746177792436
0.32763570743
0.0940771626814
0.0960755754961
0.0827943096644
0.106669379575
0.17297011277
0.176521013223
0.0536270787921
0.326591849724
0.0701450663028
0.0129681039955
0.0670582617026
0.500785880628
0.211638104654
0.0684755576954
0.0106220929642
0.216789091661
0.038298803913
0.175877809646
0.00918573894949
0.204890326974
0.158444796817
0.0544350256654
0.0329373524662
0.140671628851
0.373463532216
0.206461565699
0.00180849758024
0.0786305787231
0.454895581089
0.0676247052465
0.11265812213
0.294765843966
0.345886349937
0.0194533673812
0.173239100735
0.16077526337
0.329370455598
0.0332129315992
0.159870920061
0.183767922333
0.103068199116
0.0810162170157
0.214459567335
0.0674922795305
0.0292373768934
0.216937571818
0.16414269891
0.0203575262826
0.0100871204144
0.369572100217
0.118711254231
0.181431037739
0.0428619251986
0.271675602193
0.00429071230858
0.00393066099012
0.209980352779
0.014632633469
0.00848807010194
0.0598217935643
0.181682447906
0.113838163181
0.0263485386763
0.125275315615
0.0400555497007
0.457608050164
0.0205206349284
0.0487035201647
0.0260766102658
0.371153916037
0.137614418223
0.0276434365338
0.0554990917212
0.198240673407
0.171885593786
0.196917395893
0.163387044235
0.103551283068
0.475227740475
0.039750463025
0.207072223737
0.328843345674
0.182539176806
0.16984689342
0.153831104902
0.349960541551
0.216158392217
0.163757788835
0.0313419252504
0.0335747164712
0.0467320752781
0.25610785026
0.0238273106634
0.0116246712178
0.287915510048
0.00327775327085
0.223508844243
0.015126802556
0.43999027486
0.217397619956
0.114989322932
0.178974881108
0.190703359659
0.057091178899
0.159035944647
0.147441965166
0.52192519347
0.0388715521112
0.021236580029
0.133289183602
0.180661766296
0.0573574408399
0.0237556056478
0.482340860397
0.0638927259987
0.0447165707195
0.148130974556
0.0127079936068
0.0208294286725
0.204320912344
0.0991030683378
0.175116171827
0.143390440226
0.124002672901
0.126250582848
0.40150686165
0.0115527111948
0.0357408069833
0.263826419887
0.0801104649251
0.0157185486495
0.0440787619102
0.0039255064308
0.0306846895905
0.101840257503
0.0190707422568
0.190489874516
0.00893099977974
0.140636760812
0.0474050955824
0.156389646837
0.133796247649
0.360564831085
0.0629016339221
0.0071286236821
0.31060308079
0.127047534838
0.0403061264497
0.0942758547213
0.267917482097
0.423964491132
0.115565998631
0.57112611075
0.115475840919
0.423762833277
0.139368921687
0.166903764052
0.0453463983381
0.16035140751
0.0164198523632
0.2162044964
0.131651466073
0.0605967553914
0.0150303345085
0.0260423535649
0.0847581584705
0.00689027897334
0.042913323936
0.000717153866788
0.187735035775
0.0392087660072
0.128067151644
0.425548961611
0.24899236171
0.311105826533
0.00511076782965
0.225799214713
0.247313485466
0.364395794079
0.118554017394
0.219023914316
0.018981268665
0.127419968355
0.131164920784
0.123199327052
0.0217544891296
0.070698382623
0.10146147772
0.0603168569001
0.107958346859
0.0408548640616
0.213876173595
0.290647496597
0.0579844588035
0.00996061711653
