0.0998141228194
0.0417004415519
0.0769979669752
0.0780567778913
0.058581265985
0.132922157324
0.0211033888723
0.271707334174
0.300930404405
0.0762889461027
0.0696224103525
0.408960531617
0.0322122656199
0.170934006359
0.0300580327503
0.297965434406
0.169783484753
0.226846336225
0.355884164383
0.127147922043
0.269724993745
0.268844697154
0.349032098666
0.060701235563
0.0113252293997
0.412648709309
0.270597086975
0.149963102751
0.388987883987
0.365526097768
0.141283422628
0.096906129133
0.0970973303861
0.182409706432
0.0594908769151
0.147284977466
0.00461191289557
0.065426697254
0.0252710052009
0.0446414119972
0.292720048901
0.0544786714394
0.0929032567364
0.0202950965003
0.0439999777899
0.101309679255
0.0706092256827
0.029065255103
0.119287609475
0.0255142805569
0.0204691909253
0.209475256329
0.164192640663
0.0960311993618
0.0217904832887
0.0757677958981
0.466974424514
0.0677250231152
0.0310240400731
0.22922208851
0.348579530717
0.534433726882
0.311802218594
0.134034076239
0.0767054603705
0.00147326415179
0.133542054468
0.0389226703095
0.190211362849
0.0038183134304
0.0352885454534
0.182719466384
0.0411582389697
0.0205773975586
0.11927227151
0.23027733629
0.277373589452
0.0515428999723
0.0298908271813
0.195945195727
0.194181614226
0.108427707884
0.00505941718865
0.262784106634
0.324169550967
0.148572687813
0.00725137365691
0.0667933895278
0.0617920808727
0.0880729601988
0.147474384222
0.0703482734975
0.0345041877153
0.42121397143
0.0404486233178
0.0385821000096
0.320399943965
0.281372699142
0.176307140796
0.235795760367
0.0172571964455
0.165729205688
0.15061006257
0.228048119118
0.0727569078835
0.239981017551
0.119813807377
0.295437246344
0.238749220066
0.000945900993779
0.0431094409446
0.0617056405811
0.198653578195
0.0285209756616
0.169433443867
0.170974775353
0.475154360696
0.22378235363
0.0638182105967
0.13157603507
0.0706254069927
0.0390379622675
0.106960810298
0.12858217285
0.126435659653
0.539118160689
0.369710086423
0.109666971779
0.0188492211017
0.0533690051552
0.0378607735336
0.0485951869739
0.110513884022
0.077339799321
0.117956057794
0.063643870183
0.0681828803048
0.108356549173
0.00125059700209
0.0766496534005
0.0651869507527
0.257060291372
0.00337563603301
0.0271749198377
0.139829556995
0.146921332868
0.186782619286
0.108446641171
0.0436457021852
0.259307855287
0.136470631193
0.160961989549
0.0322231585507
0.425115214709
0.0211630102252
0.0869651506254
0.037806204905
0.0487093777499
0.163475966128
0.157315143815
0.0725478747366
0.142609025192
0.0189005429931
0.0693320302224
0.205017379931
0.0709436856738
0.333951136003
0.0124905377027
0.288773233203
0.086982036976
0.0600371588083
0.0351600493756
0.0607006997306
0.0456162512258
0.192392846944
0.244574386411
0.283155533343
0.301810837201
0.0776937640524
0.129929403005
0.0704948304412
0.363617696381
0.190624282621
0.00548122784841
0.195272921323
0.0961843088041
0.134070492958
0.261274802094
0.174119340591
0.12803920986
0.167422111941
0.134883235089
0.0868971834645
0.0726752370662
0.0538985530137
0.0770138286086
0.0605860482104
0.51196573063
0.072308167703
0.0684890735718
0.166725631625
0.214046552831
0.124331224409
0.133998924809
0.233720438627
0.0935583409144
0.166099184759
0.373566052233
0.21769616281
0.0473207333383
0.0163009622503
0.248091871774
0.165413695054
0.0451793931096
0.0690652618915
0.0837645884961
0.076887663347
0.0385098159332
0.0471189978778
0.0484847748576
0.280289533042
0.313895546519
0.105767261475
0.362474936103
0.366893945922
0.186877274413
0.101774858987
0.0990147255071
0.0472815995455
0.16102943931
0.000622689222681
0.141954728327
0.00505429941639
0.264723524574
0.419904330331
0.0953375957024
0.0191622793761
0.0317624575144
0.165784256646
0.0656768453027
0.0592401321075
0.186817763223
0.106547422447
0.0150950957416
0.0285034169183
0.00148737674853
0.177873542091
0.260231901122
0.0228038739265
0.107342800654
0.243110063818
0.0535667589997
0.381123693807
0.303469272432
0.0925349495813
0.0205479784537
0.0139681642049
0.00888728331034
0.361953976176
0.182732742898
0.38388260125
0.102865717899
0.0218758135497
0.039926219851
0.0998656933925
0.0431830343473
0.301090815921
0.38527917289
0.0668197076301
0.292707294867
0.140895119102
0.219157228857
0.0821739215396
0.233516602796
0.0265131909578
0.0512683101023
0.115536171563
0.229023056271
0.15063716595
0.0821973385174
0.104852195754
0.275714826416
0.228376649104
0.136164470112
0.130718230097
0.124787425383
0.175333182195
0.376546162807
0.00542912293225
0.0616038598878
0.194790660248
0.113203575653
0.0810922094117
0.22133812948
0.0724483031741
0.102309547361
0.501859826187
0.399174823016
0.0944195449333
0.0841693139468
0.0812417893286
0.184065743337
0.00970535658731
0.10551203588
0.0220082907303
0.271723549372
0.0107698574827
0.0770992932033
0.22272461373
0.126874682718
0.0309561652258
0.057830336675
0.0547317209146
0.000896958772069
0.0550876557789
0.268115953586
0.125831690564
0.0625137873538
0.330880857583
0.203023066201
0.166134154733
0.149094164339
0.0526116397102
0.184441521336
0.273935327901
0.353556968541
0.381150268892
0.494969750521
0.0798346486868
0.498056105236
0.0626377328521
0.122857848566
0.189204085192
0.165006536434
0.0604624253191
0.0235915633395
0.048149171164
0.00394063467667
0.180213640435
0.356383524934
0.174383626526
0.028150168232
0.198646564957
0.0101063515539
0.0596595908125
0.116202697566
0.22882123218
0.0934888222729
0.0587199230144
0.00650059051897
0.152789979084
0.127067115344
0.0178117879913
0.0909938400676
0.224030201861
0.35794306748
0.0184525272996
0.164461865202
0.307521066406
0.0191586836791
0.0208337745256
0.00689389113681
0.170360160617
0.124709615243
0.295224612676
0.0598266863689
0.148203456848
0.0981600341486
0.0419584977311
0.110096917739
0.0861363428295
0.322760193079
0.019135335395
0.0913373403243
0.0916153709472
0.257352238669
0.190767690955
0.290733260418
0.0180976344882
0.0320796153774
0.198412071992
0.0903142703746
0.0896012507612
0.0853853306811
0.215367648309
0.0159575865061
0.121076393396
0.0274251110009
0.0560373285545
0.118025382663
0.341278739138
0.113694172878
0.167746162991
0.109104051464
0.362615070764
0.36907012948
0.234997623432
0.124325712662
0.19909912925
0.05147319863
0.0507321165777
0.0102831926177
0.0352534929845
0.0753628200487
0.0451667521902
0.247353074306
0.367557008126
0.0344211753083
0.266891967321
0.0466246276955
0.0170326003784
0.26805496302
0.120505307899
0.307093546797
0.19259200913
0.0850957155028
0.146479879516
0.315725151221
0.272900223648
0.224933572914
0.073525494976
0.119427356174
0.323045337024
0.281313548518
0.175936092954
0.00556729099002
0.224185274179
0.220790340677
0.270377554432
0.0242609528696
0.0453705195254
0.135419747049
0.0909068889388
0.00462081429394
0.0294537414481
0.456629644463
0.25615495769
0.187138366813
0.126198254153
0.282722946949
0.209158375165
0.00163269842132
0.123569268482
0.120452490145
0.00689912059148
0.0834212736201
0.0439519920988
0.29240118821
0.302854822992
0.168133333732
0.0498694558716
0.0848268623474
0.0476294325337
0.173429962405
0.0517607573092
0.0114829462223
0.103606535524
0.425476003511
0.365225252334
0.203504139266
0.0239428452025
0.0698929783492
0.216949758877
0.3152321147
0.150431974178
0.118355875609
0.157171884036
0.237692337696
0.0359404096588
0.246922418231
0.262523158985
0.0117704797243
0.217651033099
0.0687544280961
0.124494067397
0.195589859539
0.0697867232551
0.254580734794
0.0497160205583
0.293529622137
0.0815883607634
0.0313173857401
0.0609531010571
0.0402035999798
0.0420629370548
0.0717170619218
0.0451986271891
0.0663834429821
0.315265961211
0.0780249361514
0.0705137081943
0.15215461469
0.0909553812165
0.462813584762
0.0657786354087
0.29018718511
0.134836199126
0.0514223543925
0.287775619177
0.0296350409129
0.155839277194
0.0565710860036
0.137963129935
0.0652892226884
0.294756011663
0.019181994843
0.122034800244
0.22734131166
0.377933091816
0.00505245311265
0.0327564155686
0.059068713902
0.202688585944
0.198103646773
0.0368594836544
0.0945581759971
0.0106830111794
0.0782645700399
0.000545551520441
0.173769569136
0.00601090787427
0.111233549314
0.140630729723
0.322613490289
0.202545809396
0.389317349811
0.14432966495
0.245104681297
0.282507335808
0.0660452744973
0.0295938199762
0.408150618381
0.0176938867744
0.202474891786
0.105178356259
0.0867622014429
0.208329089163
0.18047815265
0.0567176691485
0.00910468997994
0.547673917392
0.0930874365842
0.163406224548
0.0558798174661
0.0803956216935
0.214658306129
0.246475592471
0.114014677131
0.0116629371926
0.0460826894117
0.0462779717862
0.00322220806038
0.0100360840622
0.0843474871758
0.104193859236
0.129642056072
0.39555861915
0.131217640451
0.169165293235
0.126317285796
0.328629202608
0.0880416684238
0.0190727876494
0.0167792120821
0.0850447595078
0.037405475138
0.0748540572092
0.157643336363
0.141018212039
0.316543353585
0.0263743598994
0.0378671411732
0.0899731056814
0.0102210527107
0.328337348903
0.257407944995
0.0634874837695
0.377213620864
0.417537233877
0.0536270787921
0.149406131769
0.10714940307
0.0670582617026
0.0202628256081
0.0684755576954
0.0260840477951
0.038298803913
0.103941722787
0.0272900911928
0.158655984496
0.155273388304
0.140880497678
0.0877170785545
0.00284408909743
0.0786240957217
0.0476180870904
0.112674282702
0.0223384863792
0.0119893951751
0.173851769021
0.161862934926
0.0332129315992
0.160045791668
0.0749803386484
0.0810162170157
0.0848009319576
0.0562695145983
0.0772388483789
0.0218024476713
0.0100871204144
0.214237971977
0.181991076538
0.0428619251986
0.184184453612
0.00393066099012
0.0814959017165
0.0719677349937
0.0330603866241
0.217255250917
0.0263485386763
0.0998401005144
0.12613582706
0.0205206349284
0.0696001234754
0.370332765717
0.196496812525
0.0554990917212
0.0961650542754
0.300494342086
0.163519682141
0.0109350278442
0.0720377544468
0.207395829381
0.109825891791
0.169935182691
0.0936279813504
0.288388244787
0.16405078678
0.0962573940764
0.0467320752781
0.0827265693916
0.398739696003
0.0795316056532
0.354678482182
0.00759174568838
0.250526172186
0.115085499868
0.108545001528
0.115634484974
0.159154873115
0.115724446588
0.445465389829
0.021236580029
0.0463933543861
0.0573574408399
0.00832667460107
0.349810291559
0.0447165707195
0.0662161710086
0.0208294286725
0.131526288573
0.360213500451
0.0336994344584
0.229652514512
0.241184853749
0.0741943478261
0.0532649852621
0.0801104649251
0.145748621412
0.0039255064308
0.0147294763541
0.150011544717
0.00597458023112
0.0645908855658
0.0474050955824
0.0139621477958
0.144067642308
0.0629016339221
0.30169738814
0.035604772566
0.0912236709023
0.213615434786
0.161551332392
0.0960065041065
0.115500140918
0.145590521672
0.166941909325
0.0453463983381
0.11721159718
0.216482372204
0.0301642623961
0.219025933188
0.239046905823
0.386100394753
0.042913323936
0.0265549486725
0.0512791305275
0.128110339465
0.498192182025
0.312146962892
0.057025654793
0.248607615156
0.0198475514143
0.0660055025749
0.018981268665
0.439377400677
0.0720895217195
0.0217544891296
0.114526108044
0.0603168569001
0.0208874755802
0.0520444908836
0.291582400386
0.266623371539
0.0149180134988
0.158008828675
0.289920412285
0.0261591931014
0.189828818867
0.166099904919
0.108896144556
0.0958505081266
0.131705589106
0.216212863804
0.0396554386584
0.00806054221507
0.0827809159541
0.0834902748314
0.14886720814
0.0778948855715
0.125137264475
0.0682928679299
0.0960113797219
0.511656692914
0.0494699765378
0.015025011448
0.0285046878993
0.0861308451886
0.0922453582632
0.0402371370996
0.259411020569
0.0134206060331
0.0606637030162
0.436958015513
0.402788497345
0.150089041016
0.0296506462838
0.0269210245273
0.0685635173841
0.432532843243
0.0344470925934
0.092413516187
0.138276510168
0.0629775151007
0.316343467844
0.199307883083
0.158759106703
0.123780150701
0.223369560484
0.0186909127077
0.0686959468753
0.0714592478803
0.0334568977723
0.245202901775
0.229923658352
0.249733779134
0.0300249147434
0.252294683939
0.372030514529
0.038170245909
0.258670438627
0.044754248781
0.163624534943
0.203758518549
0.17034905576
0.418244489578
0.101702687052
0.0636972243732
0.14597857932
0.0871180220515
0.0359083162174
0.0483865285915
0.0643950273294
0.0548838514388
0.0701017553581
0.0118164380508
0.0591607357728
0.00314855763704
0.0893002994029
0.588651707328
0.10677323124
0.366534974916
0.0565547005265
0.449901512978
0.24746756749
0.198097416844
0.08702880682
0.116553762383
0.122979422591
0.592425720474
0.123011575573
0.00071713355046
0.259062940779
0.0455932591729
0.0202345799893
0.0548919465219
0.16072836008
0.435422497706
0.177510171821
0.500300962626
0.0389319220055
0.251713035508
0.00612784662489
0.321953017211
0.191239221822
0.0155390931538
0.107226575
0.417121138257
0.024687935816
0.421236595367
0.426128695033
0.159831413199
0.025688945421
9.2899088412e-05
0.030300344027
0.0394864909101
0.116781048874
0.0225617164071
0.0420602853901
0.0886111740537
0.406226919071
0.0268484032486
0.336596765288
0.126897035836
0.126727851322
0.0979456879778
0.0813306391867
0.0947831448556
0.1916760185
0.097870516072
0.104468732109
0.11429636366
0.151382345427
0.00671699352861
0.12484589639
0.00269495182718
0.0872107261357
0.0654398888762
0.219896203468
0.257345548828
0.0868280308787
0.261248924396
0.000602341440218
0.123169063407
0.257629272017
0.0345625471618
0.0333934655306
0.0315322716126
0.171781779439
0.0331894675778
0.204735143
0.281724973495
0.107411385503
0.104649445343
0.0237049790332
0.0855560894834
0.002897486147
0.169374686742
0.000638807208237
0.0884876276893
0.113496913021
0.0447022009045
0.100627368389
0.0769248631915
0.124855254597
0.194804060788
0.20228695027
0.117347804968
0.259207183054
0.141002017983
0.0238719472941
0.119915032607
0.328429052808
0.057929350003
0.201146978917
0.0299291018829
0.203667439387
0.0655029854738
0.101413597649
0.248612353404
0.00458777758165
0.266435878612
0.22438762147
0.0487210442662
0.038697271307
0.138415461929
0.03597472727
0.0289326248023
0.49383917121
0.214687253567
0.369470985038
0.096432803763
0.197038673278
0.0230792583902
0.0927935427704
0.140977241046
0.159378305432
0.0701165251852
0.106736725746
0.32543268442
0.00699126097364
0.136719980767
0.26705436433
0.0814981422986
0.0819186911131
0.220684103467
0.0451400284318
0.0177377266955
0.0905688138376
0.0249220402315
0.307402353993
0.1239167138
0.0465629749342
0.348958407571
0.0772754890754
0.220878181267
0.224167455414
0.270446891413
0.109392792275
0.127693175744
0.442865306847
0.0585226594649
0.181885982563
0.20194073532
0.1929068385
0.00305572964003
0.247941643245
0.0598489164571
0.0725927048761
0.00505906038028
0.129875137455
0.0428756133093
0.0937623444849
0.144424832649
0.100140287466
0.0110677911514
0.192211229035
0.0835211071359
0.0392549817342
0.0302469640008
0.0144038204379
0.0902725898092
0.0684219437469
0.0867261821946
0.0148825543814
0.0157068104786
0.182363731
0.0395268501707
0.0120088820403
0.0963153932049
0.170821880248
0.00432314590594
0.118430665359
0.349923679529
0.296978568861
0.137230829101
0.140621158056
0.0772780046306
0.221812726414
0.00617731708239
0.259435449159
0.106908204767
0.0580339023001
0.151206230852
0.0773349863518
0.163741302196
0.455171988786
0.0670849799717
0.333248581433
0.0128037458223
0.222503555359
0.0386212774145
0.187321738505
0.194414594612
0.509917833687
0.280096811683
0.0681556722926
0.00127824092284
0.0464416242551
0.121914483364
0.110574322225
0.0414677740982
0.170425969131
0.376362697484
0.109409842509
0.0502244565322
0.293996169717
0.0081945101949
0.105946387587
0.263954232814
