0.0339288291869
0.0471496970507
0.0780567778913
0.385109712729
0.135832107116
0.271752327445
0.075189264658
0.0260859157333
0.408861615797
0.0768861370466
0.0565155628799
0.29851476402
0.0505084658727
0.0476056693056
0.127275029687
0.119384768451
0.0806303206492
0.060701235563
0.22872920915
0.280577101321
0.118057011008
0.0368515933973
0.151619965661
0.0968991863664
0.36358560177
0.0243896922836
0.147369600486
0.194976632687
0.0638537118084
0.0446414119972
0.0651285282872
0.101093262071
0.0202950965003
0.046437214482
0.209315463725
0.029065255103
0.107905502655
0.222419585287
0.209685669367
0.142401624807
0.323142997227
0.020019493568
0.117713399592
0.016571584858
0.22932865424
0.200280301829
0.244886690317
0.134025410595
0.0531493105265
0.0472166698397
0.0389226703095
0.0409492445387
0.135821635866
0.182620595568
0.162000858983
0.0853912267797
0.229833577019
0.24180602454
0.118646809744
0.195797297458
0.147197190775
0.0419793608864
0.25989394387
0.0123826776291
0.119660770001
0.0667933895278
0.200451433183
0.0760802111373
0.0703482734975
0.080731448317
0.0505216475538
0.0233585149675
0.395376976472
0.0641478236299
0.235810992753
0.104365388955
0.228353376703
0.228777608331
0.0238035525119
0.0218976768793
0.297035585799
0.448350445626
0.230926067997
0.0617056405811
0.00671689236861
0.251012365103
0.171071265996
0.0627892449493
0.191914643691
0.131594826457
0.0152941537136
0.105396707284
0.128617692073
0.0557774720256
0.239806957017
0.109655170657
0.123200983852
0.0574992072838
0.0485951869739
0.163868872189
0.00347183881695
0.063643870183
0.00980804708138
0.0270571383899
0.0767141568487
0.262367112043
0.184576038616
0.0271749198377
0.214700145976
0.0283555075362
0.108527920721
0.268191838196
0.122134791115
0.16093400542
0.0556016566199
0.461938183124
0.0870217872634
0.115821178653
0.0273964056261
0.157423930216
0.338248443154
0.26266081793
0.0693320302224
0.0879683864506
0.16905695704
0.0124905377027
0.293188966175
0.0322909519819
0.0351600493756
0.375307301528
0.36848304223
0.098050521132
0.142801690534
0.0265059567023
0.129934563502
0.0182186673749
0.0410577440148
0.00548122784841
0.218658152664
0.166493866101
0.252915054591
0.099513187928
0.0657969400161
0.110443452353
0.152948587867
0.0325341649534
0.077045249186
0.0123478629424
0.177573860815
0.0684890735718
0.0024795464433
0.0336746962375
0.134064268759
0.106527369923
0.08156324975
0.372898379448
0.12495114764
0.0688426716052
0.0502362248091
0.0968703760128
0.190822406367
0.0837392555605
0.0587091743227
0.0442984474166
0.0484847748576
0.0383736129063
0.0263633487458
0.36340486588
0.445515571509
0.0249003377409
0.0990586760162
0.170388316454
0.221962440192
0.0712856936853
0.0652152636366
0.155939625151
0.0953246079264
0.0376041158314
0.144074087535
0.0656768453027
0.00135089781464
0.0963625754074
0.0150950957416
0.010024079281
0.0557145551276
0.133596566757
0.137069422704
0.150028149157
0.0535667589997
0.255147443512
0.0518550587246
0.0205479784537
0.125870511866
0.194004653439
0.182878844348
0.536088056908
0.370269695315
0.039926219851
0.122370711149
0.269680796367
0.146299907128
0.279480435319
0.0725323260801
0.174851576802
0.11298720973
0.151082579973
0.0512683101023
0.334293846589
0.0283077878837
0.0822915993431
0.0102396171066
0.282638329397
0.136213279811
0.213376728002
0.191341809105
0.345296447812
0.177045529957
0.113093697572
0.113358494004
0.00147938784809
0.207463035053
0.102322435709
0.133294408609
0.296037332773
0.00732830952406
0.0185863634369
0.0587680882549
0.105539801503
0.0595314630238
0.037203345211
0.0770992932033
0.0576998343366
0.0307753998626
0.057830336675
0.00309846957133
0.0648325349317
0.267980361625
0.237946767204
0.0343217636673
0.203464142343
0.291159109609
0.0410311098121
0.18442874164
0.162329448431
0.101265007479
0.5024410686
0.0136181568087
0.00967931410779
0.12289863803
0.0211366230282
0.0535171935573
0.0235915633395
0.131962603686
0.229911672673
0.0598229497302
0.0256885797549
0.00884664767226
0.0101063515539
0.178723197311
0.172863343132
0.0936132182177
0.00448682348688
0.0224404519283
0.127106011507
0.0223012764221
0.240579833054
0.359607827879
0.10625810528
0.145377871281
0.0191586836791
0.108454581024
0.0572883174483
0.124714438622
0.0523058287876
0.0139785786248
0.0982062593624
0.00545572713815
0.19823073616
0.323799609623
0.000313338746427
0.371991279372
0.0338783069371
0.106452952843
0.496381754186
0.00093825846365
0.212880396978
0.182677644455
0.0118200957247
0.256490432707
0.0410415169783
0.0274251110009
0.404704622279
0.206238796842
0.113713503752
0.0358568273214
0.0587604944073
0.371190542794
0.148622072726
0.0888772488374
0.05147319863
0.0218233949351
0.120595528266
0.0753628200487
0.330378287628
0.279554856863
0.0344211753083
0.178750169018
0.0441753907957
0.268244955846
0.0148281753717
0.24597189937
0.0851325076863
0.0536666688256
0.246164021367
0.225551742319
0.022297469394
0.284877476127
0.264204941798
0.0132947118771
0.0908086541405
0.220268167576
0.468145822412
0.00987601676737
0.135320589535
0.0340785187833
0.115962084869
0.458177873595
0.00436499667046
0.206116529197
0.0868484314774
0.118087382515
0.0122929239992
0.120501738442
0.047006035663
0.526583146063
0.293614532127
0.00852361885333
0.476295762537
0.0848294787014
0.192634018875
0.030883775122
0.0114829462223
0.0353148600938
0.117606590542
0.203553107753
0.0680724637625
0.320250290244
0.315662103835
0.153988377983
0.160638993489
0.0757202943117
0.182161742031
0.0873060791741
0.0117704797243
0.164375160257
0.000530832890965
0.101873134758
0.218307359736
0.170460936665
0.294156189247
0.0833252900623
0.253998340788
0.0402035999798
0.180804502012
0.0185909920585
0.0663834429821
0.203421069528
0.20365866049
0.15241678762
0.201096225609
0.0602312904765
0.291034265087
0.248311015068
0.124064152985
0.0296350409129
0.141270990824
0.0906576279835
0.0652892226884
0.0950152299529
0.0545955701513
0.227995818942
0.308318732357
0.101274429786
0.059068713902
0.122369104381
0.0357680921504
0.0947032052418
0.117806286545
0.209768770803
0.173761271036
0.117953984944
0.386349813705
0.323230219879
0.18922013808
0.180341265047
0.245381537101
0.0643165025609
0.19880509214
0.309292225716
0.0331243278296
0.0130572435571
0.0276736670732
0.130280755044
0.233415670661
0.00910468997994
0.132732206739
0.138706427273
0.0558798174661
0.223507741112
0.181088427088
0.114038017078
0.0515559932631
0.105726535192
0.00322220806038
0.0505354170193
0.0283518745639
0.129670794573
0.0255823359286
0.164778691655
0.126340018655
0.236336745682
0.301264558909
0.0167792120821
0.00443814274781
0.0624351872274
0.157667827436
0.00442788706647
0.165075732508
0.0378671411732
0.0555315704724
0.00389974256511
0.257562797664
0.12950940178
0.0959263933782
0.0536270787921
0.0181475229035
0.17717087875
0.0202628256081
0.0836401193996
0.0344720506217
0.10396579894
0.134428900506
0.0544350256654
0.0328173499157
0.00303245970097
0.137625077897
0.0476180870904
0.147736577965
0.0172815197945
0.00909130987178
0.329030811351
0.359625736315
0.0750013413535
0.176602342004
0.0674922795305
0.0772388483789
0.0203575262826
0.372960821892
0.182097000285
0.0563815428425
0.0414077354457
0.081477327752
0.00848807010194
0.133102782533
0.0263485386763
0.0400555497007
0.169642612727
0.0696001234754
0.407964289665
0.0276434365338
0.0961491767575
0.119019398078
0.103637010304
0.0720377544468
0.054412540619
0.103802307687
0.0935090936691
0.135739632248
0.0313419252504
0.0467320752781
0.0368150607049
0.263088838762
0.155921780628
0.0804065280372
0.0874862189945
0.108613834884
0.057091178899
0.147481543121
0.255449894417
0.0900130344224
0.0525198904358
0.00832667460107
0.0638927259987
0.0415127044392
0.0208294286725
0.188295890862
0.269467001825
0.230235118923
0.0527561647592
0.0814268408951
0.0801104649251
0.0440787619102
0.0164655605681
0.150004245842
0.0966692632878
0.0157412266446
0.0139621477958
0.228035726446
0.0071286236821
0.035604772566
0.230624340182
0.141349458729
0.0960427501212
0.0359761426223
0.0410482716732
0.0453463983381
0.0164198523632
0.131708570057
0.219239489724
0.0178956596032
0.218219289391
0.0265549486725
0.00632785411992
0.426119350228
0.312142709448
0.215664915839
0.186672581816
0.0660055025749
0.102727633011
0.10513262234
0.0217544891296
0.101560454002
0.00713970815405
0.0520444908836
0.155822738173
0.000474195539285
0.064681924365
0.0649250488721
0.340164011191
0.166511261187
0.184806648646
0.226574452721
0.216507213478
0.0489975321449
0.0463700215797
0.0835317215802
0.0392201237925
0.0364240291986
0.0682928679299
0.0077326225668
0.0506938624066
0.015025011448
0.00928884766865
0.234826864641
0.0402371370996
0.333074502741
0.199645455177
0.436810410163
0.125693895315
0.0929373556297
0.0269210245273
0.128153041233
0.217913385237
0.092440758775
0.0973458710261
0.0806703125304
0.199172405753
0.300431440887
0.159563713313
0.0186909127077
0.0804028607549
0.0472539009572
0.245985098125
0.250957878616
0.11097962851
0.252712697401
0.102528817552
0.0632746871003
0.0177113480972
0.00768579127098
0.00917972158136
0.419887020364
0.14007856466
0.0239395845026
0.0871491052317
0.160025909471
0.152150371941
0.0548838514388
0.326102531759
0.0304734741851
0.00314855763704
0.0785310306742
0.0808740828394
0.304318212887
0.0437997473723
0.0223442452802
0.198194946779
0.0408663126435
0.132886497447
0.53365121579
0.0226558416364
0.0044476189296
0.0455932591729
0.00976585970606
0.0754925458081
0.15607158636
0.102683458717
0.189621038547
0.251924580517
0.367658481156
0.22251503574
0.0155390931538
0.0615777207873
0.00800214462073
0.421810183821
0.343459606773
0.179349703028
9.2899088412e-05
0.0962416796763
0.0432918280872
0.0225617164071
0.0916747427643
0.088362842554
0.0268484032486
0.00464300709856
0.0425962108726
0.0979118190088
0.133019516854
0.0528194788929
0.0979014668735
0.303428141646
0.147863323623
0.00671699352861
0.173314781002
0.0270847165164
0.0654398888762
0.17613071423
0.00713563166906
0.0672477691252
0.087160839162
0.390046361312
0.0345625471618
0.19184723958
0.0701433124637
0.0331894675778
0.2073485898
0.290488154765
0.104506044871
0.0340230445013
0.0522305983818
0.151158260653
0.375011807749
0.199248694256
0.0298415531853
0.0125843438171
0.0647040508289
0.121353957015
0.185062670093
0.0413737463431
0.141212395331
0.0144426406401
0.0236554327702
0.057929350003
0.276422816126
0.301442798446
0.0655029854738
0.085813200139
0.0704588825478
0.267462094153
0.154289629355
0.0487711743672
0.138429403208
0.0631359754035
0.16930728365
0.214620151115
0.0276217483811
0.109154109495
0.0230792583902
0.472329414078
0.00646678948262
0.0701165251852
0.00205740412453
0.031370312746
0.136715688323
0.198321112732
0.0501707339399
0.220983119873
0.0722888019375
0.275306064275
0.0249220402315
0.0365339343215
0.00946887282947
0.350025474664
0.0831896255696
0.134311714036
0.270868915046
0.107294982361
0.00208016053016
0.0585226594649
0.160439705704
0.149572737278
0.00305572964003
0.097397646111
0.00649315822289
0.00505906038028
0.0119560572321
0.188825991313
0.144412468981
0.0312344227211
0.0194581000821
0.0835211071359
0.0716804788111
0.177430085052
0.0902922010943
0.0297775796361
0.00506366625015
0.0157068104786
0.0724511712776
0.267860511518
0.0963846165594
0.0709482859391
0.0703201197517
0.137717895105
0.198912271233
0.2185884016
0.0772780046306
0.0116421317719
0.241367962362
0.106988269769
0.00711876267347
0.0668318230787
0.164064634301
0.0484743918643
0.284581097771
0.0128037458223
0.19699234055
0.0375315232549
0.194706821257
0.0467328431469
0.140882869004
0.00127824092284
0.220595323048
0.175151488415
0.0414677740982
0.268431836768
0.00254990855232
0.0502244565322
0.000744831649957
0.0469328829974
0.0440466374232
0.181113813052
0.0719985627918
0.0216773371459
0.0911166403913
0.219701154305
0.0360732617899
0.0719336639379
0.0135580429995
0.286059411531
0.145260849476
0.282813083705
0.0656449568476
0.43237721836
0.0805255408577
0.195934802954
0.286718250505
0.0256500050807
0.0227468278843
0.150921880431
0.0101923623018
0.331323501712
0.0680104258498
0.18084187252
0.0559264404731
0.0872235526539
0.000295496780476
0.0299832922368
0.0809885660763
0.0462864680443
0.111514952764
0.147380435471
0.24369199674
0.0175946366923
0.0202832819652
0.014575471968
0.0217017926417
0.0400980913838
0.233756054887
0.107793972958
0.141156384286
0.100938866464
0.103833055736
0.0094281014536
0.0282419647837
0.145727210114
0.0907770778579
0.00181052953863
0.141696204347
0.0787419306173
0.0386678758271
0.154137947298
0.161471163835
0.0551845298195
0.356491425043
0.208335134793
0.152938367241
0.130991806525
0.0387679136698
0.0942324276412
0.0291977527108
0.0845062323083
0.160850419565
0.108897690402
0.0365297607003
0.00610334674753
0.0408786740235
0.123929581454
0.00720929973418
0.0722377897153
0.151857242345
0.0393740497029
0.0297539799371
0.00314819485502
0.475419180678
0.27531581894
0.200445204324
0.13730854343
0.182903320156
0.00440863056229
0.199180270089
0.089468484079
0.0190464157376
0.135344234746
0.0146290141739
0.0354114189774
0.0073399175943
0.330878756758
0.190917500998
0.0607304733488
0.0304597724517
0.0842404803658
0.103278501319
0.103141839764
0.0427612029271
0.0487815808674
0.0177065005033
0.303864155035
0.104748492119
0.0910877928704
0.132957929586
0.145230590317
0.112704647252
0.0212367228905
0.0171126974174
0.131031188955
0.280177402897
0.197681026121
0.00465507390299
0.399583538947
0.0262744856326
0.093606144034
0.456609293845
0.00730797312688
0.198649211839
0.0698597114971
0.220204634671
0.109692118014
0.0349859957583
0.226470904215
0.00732439823246
0.155724000215
0.0892628937755
0.00333814663762
0.00119262938702
0.121668789352
0.0498762343189
0.108629315617
0.0292982276174
0.0875229629686
0.145432401329
0.43912861254
0.119185269935
0.0222716386438
0.163731939067
0.0915068134375
0.11943355923
0.272739377069
0.187683403156
0.181699731109
0.264870181333
0.1537334985
0.0800019911527
0.293361689729
0.341806580329
0.0243412748653
0.198351079358
0.00907385822471
0.0254229145803
0.148386588051
0.205279986276
0.0436110300711
0.215949754829
0.206083486488
0.0955155867223
0.160392233617
0.118881667181
0.0290250066898
0.00994247895788
0.0181630893626
0.036274967577
0.0320412548318
0.227021809341
0.00817845391116
0.223821771434
0.331829628617
0.139030673237
0.238361084443
0.143474022029
0.146192771914
0.0346360924908
0.100307490202
0.0230050601312
0.0651846823377
0.143274046207
0.214223942581
0.0656255202019
0.122075587168
0.115540027864
0.075824004372
0.036039129328
0.0615526224333
0.0134242348029
0.470217223518
0.132303369589
0.0147959222164
0.0925739093519
0.0537773230947
0.153894883707
0.216304520875
0.163465026741
0.0037983254862
0.0308354921622
0.0566482098292
0.084395389905
0.432760295758
0.0489370115669
0.177962657888
0.0671056081491
0.0458978377021
0.3704100866
0.0163194784182
0.105277464484
0.0653438065533
0.0665845877618
0.0672197805577
0.202995256938
0.163106904885
0.0534561880052
0.0401677574101
0.0758296373171
0.182216630937
0.108755270184
0.0775680025442
0.0649405587833
0.0211287016754
0.127184784299
0.396829249969
0.0366308118868
0.0920514055902
0.063249764205
0.160299786286
0.110037864762
0.183606278928
0.127285347759
0.208948634147
0.31358643758
0.0299500783702
0.0121805559331
0.0139065513986
0.133752175863
0.0798487984987
0.169537946469
0.00188377191114
0.106729595418
0.0131154884556
0.0647816777797
0.0816206811384
0.201663806476
0.0405773232344
0.0588679487538
0.15507869637
0.013503478727
0.0806834366986
0.0390566923889
0.105468612179
0.0825446422533
0.0605203999807
0.0452136797024
0.168521396776
0.0322962418266
