0.214388375977
0.437536330558
0.100166638739
0.0699265074244
0.224934696564
0.315049850522
0.41128688468
0.299949169194
0.0767081251595
0.0505084658727
0.0476056693056
0.00380595187221
0.162172952619
0.060701235563
0.0454514197773
0.01936519439
0.0401038741369
0.0643018607259
0.171891674438
0.197050103485
0.147373880681
0.306192707827
0.107082449806
0.0651285282872
0.101098898356
0.0283323947315
0.16843314537
0.029065255103
0.302801405692
0.161778932482
0.142371872751
0.0217904832887
0.02158275909
0.128732106011
0.207470325507
0.0474392137609
0.0126063105458
0.111648457625
0.209668653919
0.0732087407128
0.0132893797423
0.183034866276
0.0495729174314
0.0322615573952
0.278963225321
0.0298908271813
0.0104322669797
0.0626312361576
0.260065494207
0.0113535031578
0.00201215180106
0.179403383176
0.0760802111373
0.00412149485806
0.22379450805
0.0233585149675
0.19994502806
0.17615751254
0.0172571964455
0.151053906742
0.0340577559981
0.180429693781
0.296851000716
0.26512574618
0.0411674926268
0.193308480386
0.169860516891
0.102825972778
0.334585415188
0.131567839348
0.353414545836
0.143622486954
0.11770341403
0.239543828732
0.129429233863
0.00803877257514
0.0485951869739
0.275428009067
0.0190833561789
0.00980804708138
0.0270571383899
0.261957030023
0.200510619418
0.0271749198377
0.0231710861465
0.0913030847694
0.0436457021852
0.00664984509632
0.105882710294
0.108628314017
0.0870009616311
0.129080537482
0.0786031724488
0.0725478747366
0.0363555731829
0.0839537272368
0.054376526903
0.0124905377027
0.0191401344367
0.0444292426685
0.0970473823914
0.388331048364
0.00209744177651
0.430690390315
0.129962736724
0.0312546259221
0.16597500017
0.195414426626
0.134232690555
0.197932422037
0.0165438110241
0.110401783928
0.181534834156
0.0774665019719
0.0123478629424
0.285927222667
0.150406765114
0.00868461160176
0.134074410032
0.300338748337
0.229630030243
0.125120379605
0.0163009622503
0.038980575406
0.0348424607442
0.0837188703654
0.0551294007563
0.0810983326065
0.280485534908
0.0294764896822
0.0796050623745
0.186889348954
0.0990653888568
0.0769671906255
0.020503248399
0.00505429941639
0.155799064023
0.330000927256
0.0740178417617
0.0656768453027
0.134531949758
0.127654919853
0.0285034169183
0.231526657604
0.20851017873
0.0595794210244
0.0535667589997
0.0720041120333
0.00253302382254
0.0139681642049
0.265327862488
0.0215731782682
0.0660953908877
0.0184997719868
0.260827928616
0.17758754352
0.0668197076301
0.0725323260801
0.0131922165425
0.126985050718
0.0512683101023
0.17632427988
0.0616215928036
0.0102396171066
0.284164818544
0.221580811896
0.056966538686
0.346185854658
0.0247901496808
0.148341326645
0.100332274605
0.191434025971
0.17389882041
0.12063052541
0.00732830952406
0.0126368290393
0.129762608954
0.0220082907303
0.0107698574827
0.00821702061841
0.296929135826
0.057830336675
0.000251085254574
0.225936346802
0.125854319046
0.0343217636673
0.0175273912162
0.00550630032641
0.184643483254
0.0102107540056
0.0586332533688
0.0349617619314
0.0258148644908
0.117695257547
0.164694414655
0.0235915633395
0.244224798458
0.209590155904
0.0256885797549
0.237369454351
0.0774626800144
0.0253664895532
0.0936132182177
0.0386858883761
0.0294897463699
0.0178117879913
0.238400895685
0.0232427660249
0.0640527371824
0.0191586836791
0.0314411276167
0.205748698333
0.296711114657
0.204453258012
0.121594584234
0.23850000141
0.324379060105
0.0758686828029
0.0224368372121
0.106587603262
0.0180976344882
0.0607630979769
0.0608788047686
0.0118200957247
0.0184273375007
0.0794464930282
0.110523747104
0.146251180325
0.00106149611954
0.117295399784
0.372005046909
0.30707584394
0.196424309833
0.0507321165777
0.0352534929845
0.0269573103964
0.112444108221
0.0344211753083
0.0528629627645
0.185433392795
0.0794407053127
0.246569243406
0.137822083893
0.179068481198
0.225604509594
0.184078600534
0.188883402175
0.176246642292
0.090775464604
0.0270173470151
0.0242609528696
0.135477291984
0.0792355341968
0.0722057145127
0.00436499667046
0.12624198039
0.0152453816094
0.00163269842132
0.120557984747
0.0806418003725
0.120178495076
0.163947230079
0.259274771072
0.0138059408576
0.154219678425
0.0114829462223
0.245574700597
0.0293287750273
0.0239428452025
0.0701261715402
0.400471042493
0.118163650983
0.0757202943117
0.0498162938931
0.291686278991
0.164613689681
0.000530832890965
0.179230106758
0.00658859030685
0.295058829979
0.384093879188
0.246585068894
0.0420629370548
0.0185909920585
0.0406113908872
0.252951852177
0.152479867494
0.122576890894
0.210611303083
0.134857712424
0.230712220853
0.00923750607321
0.0474242753359
0.0652892226884
0.13051780965
0.0403788129451
0.30828588956
0.101312750112
0.0219994933667
0.0132698563557
0.0947551562111
0.0122988336153
0.284147721113
0.00601090787427
0.257297200173
0.34550922435
0.0532840797184
0.0217085066175
0.0865427294555
0.2803311441
0.0176938867744
0.0130572435571
0.0156299122748
0.0332263016839
0.00910468997994
0.0517914196378
0.204039726408
0.0803956216935
0.181541111365
0.107028125398
0.0380124629501
0.00322220806038
0.119462059681
0.0719912205833
0.0255823359286
0.342754068248
0.403350711717
0.112294271965
0.0167792120821
0.00884222482953
0.214495508428
0.00442788706647
0.0263743598994
0.085403189032
0.0746177792436
0.0941217232418
0.106743126636
0.177142865712
0.197533721664
0.0670582617026
0.0595732625347
0.316153973815
0.103952190458
0.0336460249152
0.0329373524662
0.0879275340526
0.137546088814
0.0676247052465
0.0223384863792
0.00909130987178
0.272238658517
0.00263304879885
0.0810162170157
0.135456654194
0.164830212354
0.0100871204144
0.182219617141
0.177358907623
0.0499644475578
0.00848807010194
0.133138684398
0.159919573082
0.0262826725941
0.0696001234754
0.129525246126
0.117285463557
0.118994635
0.0109350278442
0.1712444006
0.183006258561
0.0937775206218
0.2102676943
0.0335747164712
0.0368150607049
0.262572929475
0.0777785392872
0.114961465017
0.108617446338
0.0480570579872
0.201697922857
0.051769681338
0.141448056449
0.319579546304
0.130076040779
0.0208294286725
0.099172322835
0.0757693869558
0.288754906553
0.0532649852621
0.0157185486495
0.0470517487314
0.150050871838
0.00893099977974
0.037670550046
0.144224871695
0.110602873951
0.0255905973439
0.0725516475863
0.0960537828055
0.0209671029146
0.0476704388014
0.261679323927
0.0592270238357
0.130465856697
0.00689027897334
0.0265549486725
0.0415908801947
0.249911778856
0.057025654793
0.187076544016
0.180236817136
0.0147135813043
0.0217544891296
0.00275372539234
0.0408548640616
0.292225148687
0.000474195539285
0.163432002373
0.0855085708002
0.166502382654
0.105117715731
0.131859708101
0.0396554386584
0.058053092118
0.340270781133
0.0778734047989
0.0682928679299
0.177793449394
0.209027919803
0.0285046878993
0.144540924586
0.0953539365039
0.186092491975
0.270017457626
0.0426833270441
0.0860034161088
0.232263280748
0.0344470925934
0.0221287631018
0.120381552978
0.199456019206
0.314312824078
0.0026149300962
0.0686959468753
0.0334568977723
0.0762079650964
0.0159364685151
0.252722028413
0.0782479343219
0.123207813552
0.0783971672202
0.0349266722627
0.0745899546798
0.0846450028969
0.0872212299926
0.0521844257702
0.0859630757438
0.0701017553581
0.0304734741851
0.0243763855078
0.045168739186
0.305076397434
0.0956895017294
0.0289012001636
0.165866772795
0.132857515029
0.354494866911
0.0914340564057
0.0351610148864
0.0411127879878
0.0219584844181
0.102805799175
0.301720459071
0.252116530709
0.0697008864614
0.0155390931538
0.146005151301
0.19882701008
0.430254548772
0.025688945421
0.16829339821
0.355776175713
0.0225617164071
0.0408183823559
0.107130328344
0.00464300709856
0.0243181321765
0.0259177162943
0.219029403919
0.0817815559662
0.012023056935
0.0347105730771
0.124876865821
0.0871619865428
0.290322769718
0.0296736176105
0.0672477691252
0.311264339926
0.0944754321329
0.0333934655306
0.362523102424
0.0311062383003
0.216463893704
0.104742152425
0.257199203873
0.151011456579
0.000638807208237
0.113489245123
0.00270695600092
0.0769248631915
0.052619714904
0.0558212198114
0.00817782173762
0.0144426406401
0.0236554327702
0.0649611563249
0.00485532496046
0.0655029854738
0.0843353577129
0.0772044124004
0.224630822167
0.038697271307
0.118182413067
0.285827329901
0.214856146068
0.115117689963
0.146263068823
0.0927551721499
0.00646678948262
0.0233661882847
0.328900784739
0.136731886684
0.00392362107242
0.0860079358341
0.0722888019375
0.0904556823235
0.0120987761729
0.0497090282785
0.349970162713
0.120149637064
0.153067991338
0.109631539274
0.0801623768435
0.0759259195075
0.180177094347
0.00305572964003
0.101795288348
0.27308531542
0.0119560572321
0.116068366737
0.250946150629
0.019245343275
0.0835211071359
0.0968673902515
0.0329571273304
0.0684219437469
0.00506366625015
0.0845384611656
0.0746215747355
0.0961664523615
0.00997850942314
0.0997916372397
0.298895380658
0.140642838258
0.124394651029
0.00617731708239
0.107049619646
0.0812932947291
0.0562904180195
0.0484743918643
0.333690135599
0.317727916599
0.0177954933013
0.195273250835
0.0785002845756
0.076939687284
0.0464416242551
0.190803110488
0.044095222571
0.153956722023
0.0502244565322
0.168734829662
0.13057103087
0.199695561467
0.0868191678446
0.00146378868126
0.0747927172035
0.0360732617899
0.354177264028
0.137896670544
0.0578684733846
0.132977305991
0.25229877083
0.182696253184
0.196405118682
0.116701495623
0.103264205231
0.151081904807
0.0101923623018
0.0994222792189
0.239037993643
0.0559264404731
0.370513303916
0.0924975399945
0.0468205358105
0.231916725774
0.0874435953588
0.00994204562572
0.0175946366923
0.044068877741
0.11676663969
0.0247920659903
0.0609921089439
0.0305042917167
0.037256261746
0.10379337905
0.00151122913395
0.0736255457471
0.237006573366
0.00181052953863
0.137583757469
0.0842180183153
0.154158031076
0.0775610061514
0.0832345233891
0.251499554588
0.153560801914
0.016299400079
0.0194258269817
0.0291977527108
0.0123021140808
0.0623680851581
0.0506713416084
0.00610334674753
0.0119552915856
0.204599653089
0.0722377897153
0.0732796794104
0.0922167584144
0.168467192478
0.0421937631938
0.0248703085693
0.166719798425
0.143967892288
0.188439276375
0.15841988309
0.00729396263586
0.0426759309326
0.229991667592
0.103782731751
0.330275080194
0.0276695872427
0.289464233867
0.0138954847471
0.105331067937
0.276785498981
0.0953003700407
0.0177065005033
0.0140262191251
0.293403100793
0.133012122764
0.145065440924
0.0721162492057
0.441305568192
0.131021835013
0.187813546234
0.0370229760458
0.0466303506269
0.0262744856326
0.0891321941204
0.10725846214
0.0874376233889
0.135583868937
0.334034181041
0.0858374802123
0.0732122503576
0.015914075498
0.0288922215883
0.00333814663762
0.34343047957
0.149752891397
0.108513139825
0.0442975269503
0.113080960723
0.023625913363
0.11919002407
0.130789949978
0.100040363201
0.111813371754
0.0925877585174
0.107282986793
0.0609702846893
0.1537273098
0.00623695832584
0.093915231148
0.0163152479497
0.186723297654
0.0129395248445
0.0209862968419
0.205537479429
0.451548091574
0.0354923694148
0.0954697200533
0.0850511767036
0.0224908132732
0.0445232765994
0.0181630893626
0.0400768671493
0.12240156835
0.00817845391116
0.00209399052861
0.266726235173
0.32496858299
0.143557064851
0.0294962852463
0.0260863506562
0.10017087302
0.0651846823377
0.179626894976
0.312118082068
0.074395436914
0.0682265613696
0.293014137753
0.0615526224333
0.0134242348029
0.0525850780561
0.2178496408
0.0848587959346
0.140938953787
0.350731222771
0.163670159429
0.0502368935149
0.196235488135
0.1080940456
0.294919034774
0.141771774155
0.0457141512683
0.16275293652
0.116324282615
0.244832234715
0.0879929734508
0.0665845877618
0.0950698013595
0.0546830938095
0.0594462637131
0.0401677574101
0.140648487934
0.045561976711
0.0152500777024
0.231972999392
0.222151076106
0.00302756309171
0.137509272771
0.144942967096
0.191674004373
0.110173534873
0.0434072235553
0.305726556363
0.140071576501
0.253627716015
0.00771336953041
0.0365037779266
0.0798487984987
0.223018971366
0.36351546295
0.0471412650451
0.111701931189
0.0808719270865
0.163078825098
0.0575244164977
0.0100892241194
0.0575415933254
0.129367719858
0.0770508323194
0.1475846669
0.153350368063
0.168624740524
0.30157009245
0.0231249325132
0.16113572541
0.211790891349
0.0242975664933
0.147096360777
0.193817593281
0.442229859001
0.245659874295
0.00216947626674
0.164339763939
0.136833481702
0.0124561562052
0.106829780613
0.0790897848465
0.0412264790576
0.295436269923
0.0908817218423
0.00546075069983
0.0954797619703
0.112110666091
0.0967109495554
0.0582905797746
0.038866865885
0.0184789778783
0.00803284775555
0.0848879522865
0.0879538101822
0.271480625234
0.0252379390001
0.00176814832245
0.159793078733
0.0256379865635
0.0790913256265
0.370485400611
0.137587538918
0.0248915086483
0.214201785107
0.0309763086681
0.0188505587263
0.0293581951708
0.154648976268
0.055917890982
0.0333533025124
0.01541332053
0.015894544678
0.0674609998935
0.364717586234
0.0809573202059
0.0608664836399
0.0468209234584
0.199700453258
0.0530844175779
0.0405374892101
0.0983852695524
0.0168775728044
0.0216779929706
0.0315995346125
0.182869627475
6.6405845998e-05
0.0478335836012
0.029754596958
0.298404632634
0.0197038158638
0.0515462188615
0.0148009167248
0.022390056586
0.103688580077
0.0284507188979
0.00721095950796
0.439872576311
0.00841976852204
0.00732061158448
0.267365233771
0.120805371422
0.0949368708207
0.180247675136
0.195735544964
0.0375155073354
0.0834979299582
0.0125500916903
0.0238064279631
0.0841283407667
0.47553641339
0.162447858282
0.0206023579331
0.159141195584
0.241755832349
0.0449386015532
0.118749486912
0.162561008465
0.0611322212228
0.132447649551
0.206335171896
0.0810072511577
0.121900810651
0.0654469531878
0.0679182982771
0.15842364156
0.00116767202294
0.0213066325744
0.0482904653238
0.0393493071365
0.145782847946
0.088017004928
0.29655594011
0.0868923256354
0.0466382580173
0.0524230388204
0.114872046987
0.0325225287888
0.00754195963145
0.154306325554
0.0456387000852
0.0547285828992
0.0906491029147
0.0191251849823
0.0876172004809
0.177943081536
0.181657419628
0.0931881489919
0.102814323894
0.0105199309808
0.0751006464974
0.125386507623
0.0088585891525
0.0955177381278
0.0511312399474
0.0189895086193
0.154932265895
0.00545366425414
0.0159573125101
0.0614591043625
0.0342955371983
0.0939227747907
0.0286364666478
0.0324824746438
0.0574910793215
0.209805191855
0.201583753102
0.059197243965
0.207354787906
0.0128647238453
0.0427494817535
0.00759898454661
0.18506709149
0.129122153904
0.0198949454502
0.353180150022
0.0208475413683
0.263326553264
0.0600972918135
0.0270250251643
0.00212555257997
0.0505234875435
0.0896059306466
0.0248080629139
0.270441531233
0.0141995027775
0.0259392666334
0.137278994716
0.132335527556
0.0245269238056
0.0817674370624
0.045405646444
0.00782954236144
0.0258018918085
0.144291312118
0.0274981300938
0.318802124504
0.0707757330648
0.116167346959
0.342926745474
0.0833073804715
0.176819339461
0.0118650636192
0.0394927038487
0.0342931949381
0.0959218652863
0.0624481227618
0.208470448235
0.0401436321653
0.0386884363938
0.0695530346553
0.0368770119521
0.10853084887
0.202962428497
0.191269833473
0.201345338955
0.177969883837
0.0659795426984
0.078453297945
0.0961344506215
0.0789869711145
0.129281044708
0.00733804949682
0.0828516719299
0.23404517254
0.0942628522274
0.226118977297
0.0113858274007
0.0661203986612
0.0388087808974
0.0121237830014
0.0656927379252
0.149812282811
0.0288344653634
0.0611304604028
0.342127392187
0.117425032282
0.226519373488
0.219810028232
0.0881517403962
0.253713407019
0.108282434418
0.0122464329427
0.0355625631568
0.201102081922
0.11853044333
0.065997659624
0.0156364953069
0.00974172545617
0.00383126517021
