0.0417004415519
0.0780567778913
0.101551419888
0.225499167137
0.0260859157333
0.0275065926879
0.0300580327503
0.0505084658727
0.262547341051
0.0238605282324
0.143570513146
0.0454514197773
0.0433369968766
0.297851827781
0.0969524735532
0.19699869505
0.0463364638772
0.0638537118084
0.248521811404
0.10126416229
0.0439999777899
0.0706092256827
0.107959537083
0.161794783803
0.186175539707
0.020019493568
0.0205724542356
0.207440677257
0.176635613973
0.078346702729
0.0319692274876
0.0732087407128
0.135957588083
0.101190251128
0.0854350480844
0.278317382524
0.0633727787679
0.147529220407
0.0314565394671
0.0113535031578
0.0245186973679
0.0315487550025
0.0703482734975
0.223956721528
0.0938327675053
0.0641478236299
0.0618644391262
0.151070104078
0.0727569078835
0.0472021305063
0.292738265409
0.0411674926268
0.00671689236861
0.00463359627163
0.161551676016
0.131612123142
0.0390379622675
0.110898635595
0.0520244178101
0.12946651113
0.0574992072838
0.0918951219583
0.0494028445384
0.00980804708138
0.00125059700209
0.122465780126
0.490802964836
0.0231710861465
0.101519278592
0.011543886084
0.079717448005
0.108642521778
0.164304559965
0.0273964056261
0.252550020282
0.0363555731829
0.155364336138
0.045643460893
0.293376165531
0.0444292426685
0.100032258404
0.00379325838956
0.237187580775
0.129968539447
0.187517701318
0.00548122784841
0.00118162509096
0.197870468269
0.0657969400161
0.00462378204198
0.0538985530137
0.0123478629424
0.0557089573619
0.0024795464433
0.0779652496673
0.2752627106
0.077169109158
0.0473207333383
0.249439311273
0.0348424607442
0.0408263449973
0.0827079881341
0.0929219475538
0.0294764896822
0.180074067776
0.0563401993577
0.170207048975
0.020503248399
0.0652152636366
0.0814236812189
0.118561600542
0.0343351102101
0.111884850514
0.0491139076362
0.243473153896
0.20857809372
0.150220611019
0.173504243298
0.0925892290436
0.0139681642049
0.00215243798659
0.532769973806
0.0613759939753
0.261127624705
0.146391611849
0.195870260049
0.200322267187
0.126969135197
0.125882396426
0.0283077878837
0.051154102824
0.283534226074
0.130918377014
0.175371260725
0.00542912293225
0.148390490904
0.00147938784809
0.156616367274
0.0485039252094
0.00732830952406
0.0852894879844
0.24895330805
0.105041516194
0.00821702061841
0.0307753998626
0.183927882184
0.0550876557789
0.125934755925
0.0962782293973
0.127964210884
0.110192606929
0.0102107540056
0.108259719312
0.0934362811072
0.122849614002
0.164898949341
0.205210834848
0.228831407344
0.0657878376058
0.237301574565
0.0596595908125
0.22951046231
0.00448682348688
0.0294897463699
0.0414302762104
0.0831886154594
0.117202287683
0.0191586836791
0.00689389113681
0.124746102201
0.0259511184985
0.121614431145
0.152897612852
0.019135335395
0.0917103208097
0.106483256948
0.0442337255151
0.213221495019
0.057655382718
0.0184273375007
0.0274251110009
0.118052730939
0.113888957143
0.117375446164
0.13120756611
0.0889586209546
0.0912205523084
0.0352534929845
0.0451667521902
0.00154436467771
0.178709244826
0.185643702232
0.0148281753717
0.0624776661927
0.259491399116
0.22619961031
0.119496187729
0.237303368599
0.112235902602
0.0270173470151
0.00987601676737
0.0910708349234
0.0294537414481
0.00436499667046
0.216124876046
0.118107133991
0.229435971843
0.0806418003725
0.154677147959
0.119770372349
0.0602493096004
0.154311122632
0.197034574501
0.118251464648
0.00374543955864
0.0701261715402
0.144561534059
0.157194688605
0.0359404096588
0.291705148028
0.0768155307045
0.0513876300518
0.357054984934
0.202632959827
0.0313173857401
0.135649211562
0.0368173389701
0.0133553534363
0.203648412514
0.15772854326
0.0657786354087
0.134864670017
0.230867067662
0.141316243361
0.000753654802773
0.130576584219
0.227571377323
0.00505245311265
0.0285661101961
0.0132698563557
0.0253756118166
0.210243504204
0.00296710687821
0.257584785538
0.121907773961
0.144521077522
0.0643165025609
0.279918111348
0.0331243278296
0.0276736670732
0.206145657649
0.00910468997994
0.0933003481401
0.0913099906647
0.0222988777821
0.107039984651
0.105878705647
0.0100360840622
0.104211788704
0.0255823359286
0.00797183133161
0.236242717043
0.081639274257
0.00884222482953
0.148224516932
0.0548366844868
0.0378671411732
0.0707618220738
0.01215720252
0.173124007911
0.318001072292
0.0670582617026
0.0279170325033
0.038298803913
0.0272900911928
0.0329373524662
0.00303245970097
0.0846295319057
0.295480922636
0.00909130987178
0.0332129315992
0.0750013413535
0.0674922795305
0.164853037216
0.374267980491
0.0428619251986
0.00393066099012
0.00848807010194
0.114014598277
0.0400555497007
0.043518156373
0.129450588889
0.198366670508
0.114688848644
0.039750463025
0.182935803089
0.00362728464985
0.0313419252504
0.208108232877
0.262447293104
0.00759174568838
0.115236771613
0.057091178899
0.0018221420792
0.0900336105947
0.0237556056478
0.0447165707195
0.0208294286725
0.175561947969
0.0133414273226
0.0357408069833
0.0157185486495
0.0164655605681
0.0790290723011
0.0474050955824
0.144262835285
0.187007328206
0.0943089234572
0.0723195657818
0.0209671029146
0.0453463983381
0.216944011765
0.0150303345085
0.00689027897334
0.101733278196
0.172048940051
0.00511076782965
0.18717572054
0.018981268665
0.0720895217195
0.101679003662
0.0408548640616
0.0579844588035
0.064681924365
0.0261591931014
0.0286766785144
0.0498338642901
0.137893168408
0.0463700215797
0.340727174415
0.0364240291986
0.0959053038154
0.0494699765378
0.0285046878993
0.0169088721075
0.333690021065
0.0360350277834
0.0426833270441
0.0557294099299
0.354423380483
0.0925652279274
0.102447330682
0.0584344167093
0.0972421180184
0.0184179125627
0.0334568977723
0.230438329226
0.0300249147434
0.102604915326
0.123067948465
0.00768579127098
0.098898077315
0.0636972243732
0.076468278394
0.0483865285915
0.0548838514388
0.0478799014998
0.0243763855078
0.0808740828394
0.0565547005265
0.0223442452802
0.087142423651
0.123104370379
0.0226558416364
0.00710333499962
0.0411127879878
0.156269651087
0.504384375713
0.0602783939301
0.0697008864614
0.0595924261959
0.00800214462073
0.0740003103635
0.025688945421
0.030300344027
0.0707195134273
0.0917649709978
0.107173261482
0.0797134605122
0.0798255620577
0.0393562918903
0.0817815559662
0.101049759217
0.270506952503
0.0270847165164
0.0824043880021
0.00713563166906
0.000602341440218
0.258815549965
0.0333934655306
0.16967672808
0.00710884946463
0.163301101258
0.100615099954
0.0569260636675
0.0886204550056
0.0447022009045
0.0769248631915
0.383652468246
0.0431281504127
0.037074330866
0.0236554327702
0.201118983695
0.204058275782
0.0858821829383
0.0772044124004
0.0489929050612
0.0772628953787
0.0289326248023
0.215444628569
0.0966553334332
0.0493208719877
0.199369064382
0.0233661882847
0.031370312746
0.114616902537
0.0819186911131
0.0451400284318
0.0835124740902
0.0257254025081
0.103510563132
0.0832231579703
0.364125436797
0.127751588993
0.0585226594649
0.180300113764
0.0687802081852
0.0139379870901
0.0697140768937
0.116127252699
0.100132141785
0.192714669294
0.0392549817342
0.0329571273304
0.0297775796361
0.0238153234665
0.0304254258492
0.0963794019021
0.00432314590594
0.0471431801755
0.380044524529
0.124394300607
0.123586170224
0.0609004170631
0.0668318230787
0.0484743918643
0.17223918449
0.197101435248
0.0500660458359
0.0785002845756
0.203114587777
0.054200446168
0.0414677740982
0.154009957715
0.0023750831551
0.0828031254452
0.14780661477
0.0719985627918
0.27763398361
0.0768397867995
0.0719336639379
0.137942299841
0.15045870914
0.105900915205
0.0539976871037
0.196510969335
0.152266056101
0.0227468278843
0.179784717967
0.0995868018826
0.180859199138
0.0789797671397
0.0228183061222
0.0468205358105
0.155133124308
0.146939865764
0.179090078628
0.044068877741
0.0217017926417
0.224976556335
0.107812630152
0.037256261746
0.124362463486
0.0928744064049
0.00250817779971
0.00181052953863
0.323196974245
0.0538167224358
0.1619715353
0.0667738341069
0.0473388084988
0.0184295742283
0.0115146610324
0.0291977527108
0.0812886513106
0.109025660616
0.0331257723725
0.0119552915856
0.00720929973418
0.131936788205
0.00713085741831
0.16854401935
0.127282932773
0.201452631579
0.187170477186
0.188641770045
0.234002730055
0.312598541945
0.0146290141739
0.10376836096
0.048718695474
0.0607304733488
0.0347118688734
0.105337185312
0.0879708282591
0.177167472892
0.137771018507
0.193632772705
0.305758591668
0.12371813574
0.0980749668248
0.131049238823
0.0377952963509
0.0400542681771
0.163788367
0.0891122259532
0.00730797312688
0.0294574527287
0.0568846764151
0.0858571437796
0.0682388539345
0.156239509607
0.297437386861
0.00119262938702
0.141109408872
0.0294418018441
0.180338481905
0.023625913363
0.0546410594515
0.459902732081
0.00485545337818
0.0926261106186
0.0877403096646
0.0126273764948
0.167263726569
0.0939221171156
0.00600973486234
0.0690916274841
0.0352675259948
0.205351911057
0.0600601607894
0.023662921743
0.187400576533
0.0224908132732
0.00994247895788
0.17740051134
0.0320412548318
0.00817845391116
0.0572379114751
0.139091137508
0.0741233518445
0.0294962852463
0.0547668837304
0.000106437741038
0.0671307307469
0.312179767184
0.0466061119892
0.075824004372
0.0828747791385
0.0134242348029
0.244829218488
0.043184361827
0.0537773230947
0.0431746902393
0.0473761362138
0.101162250323
0.141488307159
0.295677739278
0.0204880548134
0.0671056081491
0.0561787243715
0.245133950615
0.0653438065533
0.13677137462
0.0305531431036
0.0594462637131
0.190172862758
0.134236618078
0.0257767873683
0.232580541439
0.0145749773107
0.0484245598947
0.0877122715422
0.154558727142
0.153779445423
0.0695555093173
0.054227671409
0.0299500783702
0.0276642464751
0.0395857831828
0.16990854175
0.0771379575753
0.0131154884556
0.00213885733956
0.0657674911169
0.0575244164977
0.0276222869463
0.190075552921
0.300943098063
0.147657078876
0.0452136797024
0.0826712765723
0.0418897331368
0.161385313769
0.0016330071657
0.197456913023
0.0560037989027
0.320509205245
0.0373024552331
0.240208024358
0.248530430563
0.0124561562052
0.279847031507
0.0989111421447
0.121203588312
0.0909178558577
0.0112063545871
0.0194799185186
0.060610491916
0.0582905797746
0.0160776553011
0.0595931937556
0.188043838302
0.0879141510907
0.0864638762798
0.103731108932
0.0935072682118
0.0256379865635
0.215246897309
0.187092613979
0.154436326372
0.214210251729
0.0438067756638
0.0530859950361
0.0814824582946
0.055917890982
0.0315246770705
0.102771470439
0.279390099743
0.364371048368
0.0607085925579
0.0323652964309
0.0116345114829
0.0530844175779
0.0020771363161
0.0388209130161
0.112980807431
0.0315995346125
0.0549495729266
0.0446089549696
0.184397892252
0.23781252107
0.0148101460687
0.0240046455006
0.124159201215
0.10367367582
0.060520295533
0.197587235757
0.033786731368
0.00732061158448
0.0299948170875
0.0191971765944
0.165115106435
0.196001200143
0.0698349315575
0.195164433017
0.0401526445862
0.0841283407667
0.207127651258
0.00450315293857
0.000836255033408
0.241761079641
0.0621590811504
0.0301577074083
0.0571708939308
0.132397555762
0.0317107303922
0.225326290504
0.114490201434
0.0679182982771
0.13520387411
0.0475482733816
0.167274637935
0.0393493071365
0.0720401739532
0.166109023891
0.248336092941
0.0466382580173
0.0226125329622
0.0510352941386
0.0285240997263
0.154290685468
0.00480670002882
0.0749681107415
0.0251262941749
0.0876009086647
0.0839818054043
0.0390287127841
0.171854140106
0.0105199309808
0.0816444951586
0.0255321200828
0.00272338591217
0.0511312399474
0.0971228655485
0.180935154866
0.136013242879
0.0614591043625
0.0458332996143
0.105695243448
0.183610817788
0.0574910793215
0.0497099735373
0.0810087308095
0.129550749452
0.0128647238453
0.270847041672
0.0847220368315
0.135521039787
0.0198949454502
0.0251469700473
0.175111426612
0.0275369380918
0.0270250251643
0.0575806284005
0.137894088557
0.0108116409518
0.235795711188
0.00771939284745
0.011085317415
0.180757331999
0.0245269238056
0.0190576590634
0.190121446769
0.0165543575878
0.144480451352
0.0407318921389
0.0222814122183
0.197209213421
0.343697939101
0.0953350144366
0.0544925567601
0.00514545430624
0.0342931949381
0.121661930495
0.0105168062088
0.0665538887211
0.0386884363938
0.145266884086
0.164242657648
0.185723188448
0.191135915434
0.0938575251512
0.201113496171
0.0255036058366
0.0962563181348
0.0616250736762
0.134282974775
0.0971396619772
0.234394868708
0.141607859668
0.155032489266
0.0775384603287
0.0388087808974
0.0362224555279
0.201708370816
0.0277326168866
0.0611304604028
0.258011926237
0.170937421329
0.0792643659329
0.0882033340743
0.1371071663
0.0758314061366
0.0704656287924
0.201263786223
0.0823194960049
0.0111189668693
0.122133218605
0.00383126517021
0.186747688815
0.0129182090102
0.0572699995141
0.156965290018
0.075808870624
0.0398194150937
0.0511046860665
0.076421095248
0.00279422888776
0.0773257932699
0.0363168101522
0.0371708405828
0.0505544451662
0.0463121190324
0.428011362435
0.0460087509416
0.17036322935
0.197087582069
0.111937677653
0.0755669502628
0.312949494633
0.0840569635121
0.148807618747
0.0306433682552
0.0985605694672
0.0107116449605
0.0331881553303
0.0995069045434
0.219883339488
0.0311559077783
0.017993071472
0.056510360725
0.0703741138222
0.134902854884
0.131061735008
0.0378879101933
0.146099474915
0.0552926822476
0.0669735484226
0.0713161570498
0.0474198401287
0.104790048727
0.16510634122
0.114713731865
0.0201859905344
0.326792859483
0.0328932176042
0.0736610483215
0.0809139799957
0.380007535096
0.0736226225365
0.00799885070577
0.136971586602
0.0345947011652
0.0185441571343
0.128808729499
0.19320914147
0.0813037278079
0.0462455288059
0.0143992247807
0.0160110242656
0.0388686157487
0.0430422909846
0.0724540847689
0.0014222959244
0.289029527338
0.0903069961684
0.0234551681921
0.107763861454
0.184636352786
0.209774865685
0.077147475747
0.00343738178802
0.0975383759622
0.00687646651156
0.1875241604
0.191336912269
0.168248561374
0.0740042848916
0.176523933948
0.084483559108
0.0236321673912
0.0418116047268
0.227651279496
0.121341939286
0.119685791933
0.015862436247
0.0231476221919
0.181615468029
0.300603117783
0.328292011444
0.000593492980729
0.332967737941
0.0626779233143
0.00608155506195
0.0656517930408
0.0287519314558
0.219344759587
0.130639240801
0.0946357836265
0.045865049295
0.0986590646981
0.0479589000298
0.0311635871943
0.0324298470431
0.0435079212835
0.00605904150625
0.0316005898762
0.214958519087
0.153716606927
0.0148531207862
0.104138798036
0.0404701180321
0.0255604348299
0.0616086371775
0.343822348994
0.0378562162462
0.0711902351122
0.00529704342015
0.0476047478307
0.0933422728858
0.0177479262257
0.258600848395
0.0979017867052
0.0691980475844
0.0522964102449
0.0454536417528
0.0853674254292
0.0785493913165
0.0921452045888
0.176330283497
0.174948808902
0.0167857998532
0.142836929598
0.052744255669
0.0260642234106
0.0191787370097
0.104908659969
0.186227482055
0.0296165202697
0.092607674062
0.06049267761
0.0831399208658
0.097571619644
0.300780302255
0.0736093525216
0.0400032363543
0.0651525138283
0.084285048855
0.15436215375
0.0460730974972
0.0377903429087
0.00308239363278
0.00179382676297
0.0811484474828
0.0599311262385
0.00433131975888
0.0467034997963
0.121285952813
0.109245871404
0.0137883559393
0.0179706206439
0.0794123451829
0.107839085876
0.172658243303
0.155025610339
0.0645920575879
0.0768114341742
0.0152966437517
0.0226738134181
0.00252171662468
0.0276434743176
0.00945544510335
0.0770235786177
0.196196654249
0.0996235006081
0.0121127289575
0.0767466137612
0.0804302432967
0.16014573036
0.0201011260498
0.059707178237
0.0726757865848
0.0162794508639
0.000683998917971
0.0394888009291
0.412268175472
0.117567562622
0.0979976501512
0.0396971531588
0.0350215055882
0.0326208816948
0.0597308791476
0.0712956472043
0.0311850140686
0.270172220074
0.0689802176168
0.0398962455766
0.0992951754784
0.0315486958112
