0.845281597224
0.540280813501
0.866833034403
0.771008797103
0.63046186693
0.723430782453
0.829398325798
0.883696306464
0.753562030519
0.722436273663
0.856355845248
0.661386473086
0.796053392406
0.950553185004
0.844164157079
0.708871262126
0.616661459729
0.72404238103
0.501567057373
0.676187950148
0.639857283632
0.306721680659
0.659306306713
0.873383960901
1.0
0.772833407769
1.0
0.680223858245
0.723716316313
0.878204679962
0.616808033266
0.789850975823
0.798802812133
0.583647922319
0.960308487463
0.551171133376
0.724323583843
0.805316221722
0.474052025099
0.704573809277
0.870748007737
0.532444929354
0.543343396493
0.792893204957
0.604519097956
0.908902344693
0.569078318638
0.859722345195
0.366351217471
0.576436729478
0.695740862327
0.864024246214
0.847955807226
0.490030334772
0.631097120738
