0.852889831644
0.942361136378
0.963086974157
1.0
0.989286264669
1.0
1.0
1.0
0.892225237293
0.889970499055
1.0
1.0
0.917472372948
1.0
0.981240846758
0.893285944807
0.0
1.0
1.0
0.849770821774
1.0
1.0
1.0
1.0
0.964863327556
1.0
1.0
1.0
0.708276420836
1.0
1.0
1.0
0.987004210364
1.0
0.874410901699
0.925377202721
0.999736516054
0.894305284741
0.99217251983
1.0
0.932681852806
1.0
0.978329324502
0.851726163598
0.58623970247
0.987573250912
0.889458145498
0.972087217513
1.0
1.0
1.0
0.94220381348
0.957424061605
0.967203225623
1.0
1.0
0.987600876504
0.96821759698
0.973501442364
0.692288270611
0.990583974261
0.989417723356
0.966067265031
1.0
0.857200291682
0.994962672083
0.948665298298
0.975493634973
1.0
0.908696676848
0.856904808822
1.0
1.0
0.869546123068
0.979818552894
1.0
0.84650688452
1.0
1.0
1.0
1.0
1.0
1.0
0.910307571823
0.975739241896
0.972715363084
0.892865533972
1.0
1.0
0.996742783601
1.0
0.983194703936
0.824675523893
1.0
1.0
0.684387091428
0.985527232171
0.894206449021
0.941183214421
0.65104264593
0.993690833243
0.897276618451
0.955657218154
0.976246019499
0.922617321774
1.0
0.387735230808
0.893953615986
1.0
1.0
0.86669603218
1.0
1.0
0.885177049189
1.0
1.0
1.0
0.984510464139
0.956294516396
1.0
0.983237619224
1.0
1.0
0.644020087997
0.480081127574
1.0
0.678882084689
0.949262532578
1.0
0.891200727973
1.0
1.0
1.0
1.0
1.0
1.0
1.0
1.0
0.974163207199
1.0
1.0
1.0
1.0
1.0
1.0
1.0
1.0
0.970307484147
1.0
0.979842510908
1.0
1.0
0.985703591094
1.0
0.961496262725
1.0
0.924549272391
0.921433993781
1.0
1.0
1.0
1.0
1.0
1.0
0.994883808743
0.997904098826
1.0
0.965813580106
1.0
0.707419959916
1.0
1.0
0.883246908372
1.0
1.0
1.0
1.0
0.979536330817
1.0
0.579624003934
1.0
1.0
0.918226380269
0.987386002363
0.971982853528
0.978560036153
0.940248679513
1.0
1.0
0.990656827872
1.0
1.0
1.0
1.0
1.0
1.0
0.998116415528
1.0
1.0
0.804602394076
0.950649365633
0.0
0.918700991259
1.0
1.0
0.941791014889
1.0
0.959822991701
1.0
1.0
0.912658272004
1.0
1.0
1.0
0.995998469436
0.919308238693
0.970673644669
1.0
0.890714144101
1.0
0.708245543675
0.964131710766
1.0
0.786938882216
1.0
0.950803550117
1.0
0.725439611263
1.0
0.705828009165
0.941431657994
1.0
1.0
0.966597586719
1.0
0.908942919906
0.974491143066
1.0
1.0
1.0
1.0
1.0
0.972724847786
1.0
1.0
0.936438859347
0.969077342762
1.0
1.0
1.0
0.836163682065
1.0
0.909029421958
0.939967390942
0.962038716027
1.0
1.0
1.0
0.982613098872
1.0
0.973765239021
0.945375632343
1.0
1.0
0.944177016031
0.945897915405
0.710331629361
0.972224611639
0.977143338152
1.0
1.0
0.999554090469
1.0
1.0
0.897991443077
1.0
1.0
1.0
0.895410475419
1.0
1.0
1.0
0.902725114035
1.0
0.895569390994
0.63683837814
1.0
1.0
0.707243221878
0.945070480741
1.0
0.835635107514
1.0
0.900716300391
1.0
0.972891859424
1.0
0.976987580352
1.0
1.0
0.990766752118
1.0
1.0
0.980436658192
1.0
1.0
0.968712306686
0.309997986921
1.0
0.864727006785
1.0
1.0
1.0
1.0
1.0
1.0
1.0
0.993246125034
0.811419513794
0.945033808255
0.982134754324
0.936800741565
0.97027969988
1.0
1.0
0.994018321395
0.943489740659
1.0
1.0
0.952614118682
1.0
0.99765793465
0.977345415274
1.0
1.0
0.995019392586
0.946634495147
0.990894397904
0.92152544468
1.0
0.816394533383
1.0
0.975147945553
1.0
1.0
0.82562753084
0.962778009192
0.537982897025
0.0
0.99671545413
0.89554544673
0.952535036867
0.961024054208
0.940526370031
1.0
1.0
0.967980997709
0.884653644046
0.706165008058
0.73495722765
1.0
0.974563037811
1.0
0.97861137
1.0
0.918522822626
0.904841650975
0.997367599271
0.845602874182
1.0
1.0
1.0
0.972075354785
0.859212543532
0.97494545313
0.85151644617
1.0
1.0
1.0
0.990739280098
1.0
0.894239070363
0.867794103221
0.729445974409
1.0
1.0
1.0
1.0
1.0
0.96708888817
0.964155287725
1.0
1.0
0.967559966962
0.977067708732
0.872814115746
1.0
1.0
0.966495572329
0.896856068349
0.936319730891
1.0
1.0
0.506330045415
0.698039707454
1.0
1.0
0.912270713134
1.0
1.0
0.975778177098
1.0
1.0
1.0
0.983676747863
1.0
0.901280396368
0.998056129087
1.0
1.0
0.94827920821
0.995353156616
0.958609288168
1.0
0.938153691347
1.0
1.0
0.781393910706
0.964261759149
0.940812390922
1.0
0.805818528085
0.777663090182
1.0
1.0
0.925481749917
0.930845941929
1.0
0.941261473192
1.0
1.0
0.953041822688
0.830306159214
1.0
0.925684586091
1.0
1.0
0.916694892608
0.871540609756
0.967446920911
1.0
1.0
1.0
1.0
0.992611621209
1.0
0.860542055987
0.928053852957
0.864710886506
0.873386350979
1.0
0.931274597234
0.886258133508
0.915912479086
1.0
1.0
0.921752985542
1.0
0.96051286906
1.0
1.0
0.883711047442
1.0
1.0
1.0
1.0
1.0
1.0
1.0
1.0
1.0
1.0
1.0
0.84438979107
1.0
0.83855201165
0.913147849849
0.93042752954
0.854673953323
1.0
1.0
1.0
0.955582658314
0.996723713158
1.0
1.0
1.0
0.980080589328
0.841292216503
1.0
1.0
1.0
1.0
1.0
1.0
1.0
1.0
0.802939428646
1.0
0.882052679786
1.0
1.0
1.0
0.737963563392
0.892828364349
1.0
1.0
0.974728498709
1.0
0.969203617707
0.892865399841
1.0
0.92123628546
0.608662184604
1.0
1.0
1.0
0.770311558496
0.951270881655
1.0
1.0
1.0
0.707514401221
1.0
1.0
1.0
0.754475432811
0.991295408641
1.0
0.983571424485
1.0
0.879315205693
0.94696632996
0.890985292828
1.0
1.0
1.0
1.0
0.716157880352
0.576577300067
1.0
0.981173753182
1.0
1.0
0.895363506097
0.755119526257
0.843516895232
1.0
1.0
0.974105581211
0.982672617883
1.0
1.0
1.0
1.0
1.0
0.956204526408
0.65714836581
0.507325047917
1.0
0.9886669863
1.0
1.0
0.98240474979
0.854237552399
1.0
0.905334805943
1.0
0.99067928694
1.0
1.0
0.830911378797
0.952778219205
0.881846121764
1.0
0.947090715676
1.0
1.0
1.0
0.994081160478
0.962815522337
1.0
0.961078193837
1.0
1.0
0.998526149815
0.889337028262
1.0
0.935177866127
1.0
0.996579794656
0.933504281226
0.991525868335
1.0
0.983106583091
1.0
1.0
0.979072766028
1.0
1.0
1.0
0.981853659157
0.76203103485
0.899502625724
1.0
1.0
1.0
1.0
0.321279345567
1.0
1.0
1.0
0.784700388433
1.0
1.0
1.0
1.0
0.928998186506
1.0
1.0
1.0
0.894022057005
0.937185196303
1.0
0.963676301301
1.0
1.0
0.974542239088
1.0
1.0
1.0
0.702198363423
0.988348819322
1.0
1.0
0.964318305856
1.0
0.849846589795
1.0
0.982563686515
1.0
0.671146721776
1.0
1.0
0.686659984873
0.819702789321
1.0
0.977305571118
0.707772087012
1.0
0.975926854656
1.0
1.0
1.0
0.925520844811
0.989454007231
0.965893395642
0.980527211084
0.97472976937
0.98602067511
0.800802638665
1.0
1.0
1.0
1.0
0.927186611764
1.0
1.0
0.980561192697
0.988670024253
0.62531658848
1.0
0.999166024721
0.976264902202
0.960478605282
1.0
1.0
1.0
0.99012593194
1.0
0.554059287305
0.977945931405
0.988618488491
0.95874984888
0.889990097746
1.0
0.961145718893
1.0
0.979790685701
1.0
0.976282471822
1.0
1.0
0.971886908714
1.0
0.981464321335
1.0
1.0
0.937296574527
1.0
0.945536927855
0.708613017002
1.0
0.9043292729
0.977424101074
0.942353376935
0.929859749027
1.0
1.0
0.902989097192
1.0
0.707142853462
1.0
0.483632447163
0.909539498872
1.0
1.0
0.980091409065
0.706768082409
1.0
1.0
0.901404938911
0.976145768539
0.835424143683
0.997520270303
0.882530250748
1.0
1.0
1.0
1.0
1.0
0.884928204055
1.0
1.0
0.869330841156
0.964630318959
0.965579463364
0.946758732838
0.831554341337
1.0
1.0
1.0
0.965677175724
1.0
0.970984082659
0.967062467283
1.0
1.0
1.0
1.0
1.0
1.0
1.0
1.0
0.928555726077
0.990589662082
1.0
1.0
1.0
0.865688442268
1.0
1.0
0.989568116662
0.993313940138
0.849401715995
1.0
1.0
1.0
1.0
0.0
0.95014604612
0.894430979911
1.0
0.88643128725
0.955555604659
1.0
0.936156641618
0.897180279523
1.0
0.850909743135
1.0
0.977329703774
1.0
1.0
0.828705477523
1.0
0.663581645305
0.979868696668
1.0
1.0
1.0
1.0
1.0
0.972422616331
0.904565092625
0.965343831462
1.0
0.593303091947
1.0
1.0
0.963564377057
0.907568029006
0.98982334924
0.932342264104
0.899120512815
0.960554515862
1.0
1.0
1.0
0.928169614211
1.0
0.993829003489
0.820937293868
1.0
1.0
1.0
0.956291807928
0.898789043779
0.0
1.0
1.0
1.0
1.0
0.960591826798
1.0
1.0
0.951430198427
1.0
1.0
1.0
0.974851681772
1.0
0.884079788763
0.994648592844
1.0
1.0
0.709954823116
0.867607411208
0.964275263459
1.0
1.0
0.861864937481
0.995953217289
1.0
1.0
1.0
1.0
0.973150391499
1.0
0.906544087177
1.0
0.924523393552
1.0
0.624336918804
1.0
0.749621630247
0.950778073278
0.85166128276
0.949059600352
1.0
1.0
0.989722879558
1.0
1.0
0.989055615471
0.828936599268
0.864339166726
0.98427579352
0.971120223524
1.0
1.0
1.0
0.977211723824
1.0
1.0
0.975824354905
0.965030817916
0.953687229893
0.742354795507
1.0
1.0
0.971363033734
0.450807027072
1.0
0.861422502934
1.0
0.99606235042
1.0
0.997709512539
0.83492214156
1.0
1.0
1.0
1.0
0.97207671399
1.0
1.0
1.0
1.0
0.973226328356
1.0
0.920008978137
0.957755166161
1.0
0.966963823142
0.88615652588
0.979611198309
0.898383357136
1.0
1.0
1.0
0.859422615173
0.941207469344
1.0
1.0
1.0
0.969210518232
0.990020748606
0.801020952223
1.0
1.0
1.0
1.0
1.0
0.990918915531
0.939714579559
1.0
0.84524756294
0.952138650241
1.0
0.96580053365
0.961875623134
1.0
0.905673305128
0.959167928217
1.0
0.706896695819
1.0
0.969032964269
0.89826800488
1.0
1.0
0.959014774463
0.905073652241
1.0
0.926916997216
0.905751444301
1.0
0.885130904657
1.0
0.419984518952
0.912408063797
1.0
1.0
0.981685074079
0.940626119566
1.0
1.0
0.364975887968
0.913435601985
0.706312452552
0.99650884961
0.830488786043
0.997646056838
0.992135211549
0.897128521412
1.0
1.0
1.0
1.0
1.0
1.0
0.944722907333
0.993200933422
1.0
1.0
1.0
0.976736623764
1.0
1.0
1.0
0.931506742079
0.953093939278
0.963329418076
0.944725630413
1.0
1.0
0.70814373206
1.0
1.0
