0.147080832666
1.0
0.979721759315
0.499292862274
1.0
0.776871980224
0.930143964965
0.926961482828
1.0
0.967922337783
0.88961394883
1.0
0.648241596619
0.947093822703
1.0
0.63721645719
0.928003038393
0.90156820975
0.978041104279
1.0
1.0
0.877821445118
1.0
0.912108021631
0.997558407639
0.987639693809
0.94775297711
0.835996228823
0.983950555509
1.0
0.912758485532
0.756087069094
0.965234898125
0.238901028119
0.877287704902
0.987420337773
1.0
0.965088820506
0.779359493784
0.89738681654
1.0
1.0
1.0
1.0
0.871761974605
0.890902933861
0.875873252407
0.948127719674
1.0
0.955646605521
0.940668574002
0.919405915701
0.892188745002
0.0
1.0
0.985622383373
0.874935814438
0.816241148395
0.250983480428
1.0
0.867904044921
0.941666590496
0.781688216744
1.0
1.0
0.390841931111
0.8785533073
1.0
0.76149727695
0.98911488948
1.0
0.858645044752
0.47939758527
0.805283265045
0.995813058251
1.0
1.0
0.61278523623
0.874282766027
1.0
1.0
0.963659326935
1.0
0.983785288477
0.821649177027
0.900410050867
1.0
1.0
0.878022670822
0.92949427143
0.886404278086
0.70829073863
1.0
1.0
0.773689068592
0.964063112245
0.881311136967
0.967280468136
0.953504567836
0.942181985055
0.895328592233
0.915526704297
0.848013394218
0.707740889664
1.0
0.888104481956
0.951741035712
0.960577123748
1.0
0.565040315682
0.851916562107
1.0
1.0
0.905452881917
1.0
0.96719866779
1.0
1.0
0.785487277567
0.992979949528
1.0
1.0
0.977475335671
1.0
0.888043192757
1.0
0.910282901733
0.933495338002
0.76732688822
0.996762725757
1.0
1.0
1.0
0.953325394243
0.896137754365
0.882319915657
1.0
0.662607044169
1.0
0.916649978926
0.886347877292
0.984776962574
1.0
1.0
0.963934162879
0.913250928967
1.0
1.0
1.0
0.991264112684
1.0
0.906226056612
1.0
0.859068377932
0.186854081829
0.748037621121
0.924956014911
0.952707599105
0.99095704546
1.0
1.0
0.840690731725
0.867683715561
0.953968850588
1.0
0.833536470444
1.0
0.921844166615
1.0
1.0
0.98704428858
0.908698097812
1.0
0.985663824083
0.81628027248
0.922043276644
1.0
1.0
1.0
0.945096621707
1.0
1.0
1.0
0.877733576807
0.817806193932
1.0
1.0
0.901163578109
0.95024006848
0.957148425237
1.0
0.981227595861
0.0
1.0
0.455870640861
0.906369112922
0.848943016309
1.0
0.72944556814
1.0
0.763213959997
0.94529384094
0.903597344807
0.933403061163
1.0
1.0
0.996548811764
0.850477620973
0.516927123761
1.0
0.731517105711
1.0
0.963855348203
0.959684541661
1.0
0.959632440362
1.0
0.991055111368
0.878865262086
1.0
0.761389760858
0.614071444987
1.0
0.0
0.996977720011
1.0
0.634669156978
0.933493138003
1.0
1.0
0.897040428665
1.0
0.645632461727
0.896157244238
0.973785516819
0.950675524553
1.0
1.0
0.633669408684
0.820658322916
0.872674633067
0.97847999163
0.95796329028
1.0
0.708491267542
0.614740632686
0.811092742509
0.808444955394
1.0
1.0
0.906776572783
1.0
1.0
0.814394098755
1.0
0.943021570162
1.0
0.862603014308
0.892359528854
0.938345968423
1.0
1.0
0.997110346581
0.952053896575
0.876752417997
1.0
0.71067610823
0.859840023622
0.974710420027
1.0
0.666022093189
1.0
0.960648192293
0.963761550523
0.999663270682
0.961293325807
0.975860225425
0.988033889417
0.722024518579
1.0
1.0
1.0
1.0
1.0
0.974493390874
0.817298566617
0.824599885887
1.0
0.849850188768
0.826613758397
0.832661093436
1.0
0.979145779728
0.978624950048
1.0
0.937308678805
0.889199608619
0.652560180268
1.0
0.791389243051
1.0
0.995418708683
0.92972893218
1.0
0.933392155992
0.790904867311
0.972443337091
1.0
0.955823608697
0.923681636106
0.707238466008
0.994300882136
0.912863975829
1.0
0.955585143962
0.63954977741
0.881978305015
0.777918357516
1.0
0.971957783419
0.892546215464
0.920935531749
0.881817267876
0.964171286434
0.980332269085
0.987173667967
0.618485098783
1.0
0.881013090517
0.917189485704
0.952160401048
0.973527164259
0.985703646427
0.851439541012
0.970463979266
1.0
0.836530816019
0.946707003723
0.53051997536
0.929401581594
0.689561540109
1.0
0.955975434117
0.981148046646
0.707035299271
0.963540225496
1.0
1.0
1.0
1.0
0.976211975069
0.895595154631
1.0
1.0
0.88305317912
1.0
0.516726173263
1.0
0.874086098404
0.974377546686
1.0
1.0
0.698516114676
0.984705988135
1.0
0.910853326771
0.491611613179
1.0
0.794751057936
1.0
0.957719794335
1.0
0.799809336199
0.886502411745
1.0
0.813270955363
1.0
0.888671385892
0.578430370824
0.877182297593
1.0
0.896844676561
0.84386432812
0.844561876966
0.989034652664
1.0
0.870176164637
0.653678734295
0.948392609001
0.829491773935
1.0
1.0
1.0
0.187452339627
1.0
0.865166243694
0.959906477558
0.944083830075
0.574678684565
0.0
0.825101794132
0.69429265219
0.978455606997
0.794335817551
0.985838799585
0.998228480431
1.0
0.971882971825
1.0
0.863469200169
1.0
0.864157151426
1.0
0.880034471415
1.0
0.978468892884
0.783490345184
0.792377417394
0.984641409688
1.0
1.0
0.897557165223
0.811987490065
0.766848630015
0.93890672415
0.899157441532
1.0
0.872128629385
0.972887447212
0.897838194821
0.895599638222
0.891078901065
1.0
0.623096210369
0.692524518094
1.0
0.893393929319
1.0
0.840016809915
1.0
1.0
0.885561916324
0.829978586748
0.420791612452
1.0
1.0
1.0
1.0
0.877200735251
0.706322822453
1.0
0.549614185496
0.60241600163
0.0
0.913973100238
1.0
0.901873394238
0.0
0.982006977967
1.0
0.949921421552
0.81807518791
0.853996270032
0.836574717841
0.826632133218
0.831767972461
1.0
0.849173368591
0.873133356868
0.921540148508
0.804322085612
1.0
0.961558441453
1.0
1.0
0.278956517567
0.997286203592
0.801443054744
0.741844692757
1.0
0.926349582612
1.0
1.0
0.872553022033
1.0
0.825150441184
1.0
0.878951932571
0.872167816556
0.824183979766
1.0
0.988831057082
0.849196945685
0.965138421126
0.883347802042
0.996550595624
1.0
0.817919605943
0.918728654134
1.0
0.772776505359
0.975594340376
1.0
1.0
1.0
0.99881787619
0.860466100927
0.902764102986
1.0
0.486621967092
1.0
0.983109872241
0.904726765324
1.0
0.932914646708
1.0
1.0
0.670004248279
1.0
1.0
1.0
1.0
0.853747663034
0.190733864443
0.84167291345
1.0
1.0
0.743703062035
1.0
1.0
0.819472313423
0.799534742837
0.851040809662
1.0
1.0
0.836214498099
1.0
0.678779765858
0.710806349296
1.0
0.923934529171
0.88246498116
0.850670931588
0.972012008568
0.854800584039
1.0
1.0
1.0
0.708199011185
0.967848788751
1.0
0.668539454246
1.0
0.910274727911
0.723715727302
1.0
0.809562139768
0.706317374388
0.906095528757
0.895138621917
0.972873424774
0.895098729357
1.0
1.0
0.576099392099
0.95694109656
0.875440886728
1.0
1.0
1.0
0.984748889887
0.897786023266
1.0
0.933950623945
0.964433895684
0.971132557016
0.691983344668
0.815175065495
1.0
0.683212636447
1.0
0.910561595076
1.0
1.0
0.899086020025
1.0
0.954225275347
1.0
0.0
0.693542357829
0.867013998033
0.888308321914
0.929110571942
0.758002185898
0.969007921495
1.0
0.885188907495
1.0
0.921751166082
0.958556866318
0.491268286027
0.714814095642
0.974108992225
0.568167199926
0.753558618318
0.829950258978
0.964439691711
0.795950702625
1.0
1.0
0.77152625005
1.0
1.0
0.83722863463
0.917092219486
1.0
1.0
0.643460840739
1.0
0.944612443138
0.887350562484
1.0
0.921872430533
0.891496474128
0.817225853086
0.950313615311
0.994920479296
1.0
1.0
0.828513327027
1.0
1.0
0.978624204577
0.931649151998
1.0
0.886778108957
0.958029133681
0.0
0.90839698266
0.894642685953
0.789700884594
0.575759579604
0.921776081577
1.0
0.947856592533
1.0
1.0
0.984250232539
0.996255286859
0.898901931495
0.647948281603
0.727003191494
0.70729752929
1.0
0.869179319234
1.0
1.0
1.0
0.706274021405
0.992843946608
0.800500123824
0.98356537361
1.0
1.0
0.714869965686
1.0
0.791255706514
1.0
1.0
0.693391467231
1.0
1.0
1.0
1.0
0.925930642844
0.205844931142
0.933123090547
0.978600827158
0.979702753048
0.909675186951
0.920208101497
0.796602372308
1.0
1.0
1.0
0.77591065397
0.997840883847
0.561808545739
0.831579900082
0.624843047745
0.625804334078
1.0
1.0
0.945074064077
1.0
1.0
0.910959812147
0.688098768927
0.949668665441
0.998798103309
0.884343670058
1.0
1.0
1.0
1.0
1.0
1.0
0.902852634491
0.957367337426
0.834770141327
0.949570660267
0.996176268883
0.561235697097
1.0
1.0
1.0
1.0
0.974742895353
0.920400110781
0.764421589613
0.996863048075
0.909117887885
1.0
0.990820802994
0.880345315557
0.678864099665
1.0
0.714354252881
1.0
0.942347909974
0.8676565494
0.790583917679
1.0
0.695957309852
0.886190705307
0.913236176389
1.0
1.0
0.919443013364
0.996569256497
1.0
1.0
1.0
0.962662360189
0.943834660519
0.927631442195
1.0
1.0
0.805501987206
0.89633191975
1.0
0.0
0.930806150456
1.0
0.863796542816
0.855155089276
0.931911788327
0.856891984422
0.562781843991
0.931168974726
1.0
0.912660238752
0.686785047693
1.0
0.0
0.756166418886
0.914280492457
0.708425648683
0.976354309756
0.744030761194
0.799329215747
1.0
0.860573019655
1.0
0.675023650677
1.0
0.94511542053
0.973070306467
1.0
0.926655363812
0.991767761342
0.9092709771
1.0
0.907245650212
0.908499037336
1.0
0.952659671222
0.77316862139
0.859900289953
1.0
0.960048552864
0.989986699787
0.774173395847
0.936036771907
0.951585839899
0.659073970853
1.0
1.0
1.0
0.917859598901
0.874192170328
0.825229669015
1.0
0.994192692795
1.0
0.737995765731
1.0
1.0
1.0
0.0
0.968987757564
0.788522222937
0.918828616854
0.98538238737
0.881763443424
0.985321022828
1.0
0.959523963575
0.956354277648
1.0
0.973680287206
1.0
1.0
1.0
1.0
0.896595234857
0.935495673963
0.592094253821
0.671997859939
0.833395080918
1.0
0.965888517975
1.0
0.763030277189
1.0
0.855577667336
0.836499679402
0.989100993395
0.99703778758
0.937616635512
0.86098593656
0.897706903952
0.964077021673
0.95934280873
0.975599984883
0.643147047833
1.0
0.785046873884
0.791281718402
0.984976922571
0.989131603665
1.0
0.794356490322
0.975937346294
0.739820539235
0.973413011586
1.0
0.900266446074
0.843663714008
0.915396549582
0.961981191668
0.930002498148
0.833794669409
1.0
1.0
0.881393341538
0.100660199609
1.0
0.995700859371
0.90967097302
0.990431556125
0.670405606342
0.0
0.999312725762
1.0
1.0
0.957152627799
0.869120574505
0.968517395547
0.674213709639
0.918449013003
0.304319664853
0.860011611213
0.920265753108
0.998782495352
0.532056247894
0.983920303093
0.945602980607
0.904096534042
0.939898792301
0.91092447772
1.0
0.955525077495
1.0
1.0
0.923795499515
0.977814366027
1.0
0.228897112572
0.711500553561
0.824329413687
0.713480351457
1.0
0.515307873329
1.0
0.923998456283
0.921310766264
0.92547714548
0.754481524165
0.987711390319
1.0
1.0
0.966010078484
0.802074344765
1.0
0.931395322225
0.0
0.967771540534
0.592651294667
0.859141242995
0.970057440303
0.820077827791
0.915055127913
0.881768358313
0.921845615532
0.831298198121
1.0
0.974762364227
0.962948805839
1.0
0.733862750542
0.475686854875
0.856839438733
0.979311726006
0.894717536104
0.818532640827
0.994206232149
0.855863055719
1.0
0.986810952687
0.907259953295
0.966850887905
0.959253581552
0.989940836186
1.0
0.805262593742
0.999447415954
0.853847182407
0.986436818757
0.851353786607
0.997878646363
0.650468261855
0.928860584776
0.297087461918
0.859558076028
0.967625659538
1.0
1.0
0.76142022927
0.795848618808
0.967672133831
0.886209191783
0.909870864763
1.0
0.983136861381
1.0
0.55564576604
0.793930883865
1.0
1.0
0.892521366091
1.0
0.952571053851
0.825922326839
1.0
1.0
0.0
0.936083997257
0.912862441108
0.965556944586
1.0
1.0
0.871873723273
0.902490100776
0.783600499538
0.919813121671
1.0
1.0
0.886537664924
1.0
0.783814770509
1.0
0.496394334224
0.986481131259
0.549740643882
0.965044128486
1.0
0.36731163082
0.970118677603
0.994737693107
