0.954738504072
0.818072581421
1.0
1.0
0.743660043614
0.933108912178
0.77762310859
0.976236766037
0.611251461457
0.815716683575
1.0
0.919396693277
0.934004297218
0.708971427872
1.0
0.92736030129
0.725508255806
0.674652933397
0.783939628831
0.792359868218
0.909038168692
0.818463752289
0.856488093246
0.728406523535
0.948488424278
1.0
0.807722853982
0.727618745828
0.912852039143
0.997716303699
1.0
0.831333746077
0.881585636606
0.976119253339
0.802522682449
0.913265371454
0.85356504724
0.969867341043
0.456350243527
1.0
0.598909009543
0.939948823869
0.0
1.0
0.677488609841
0.912927076716
0.142201798429
0.885963600154
0.947157352278
0.650672345983
1.0
0.81218683546
0.803030936151
0.778968237317
0.117017731607
0.658438381443
0.712435325166
1.0
0.673233691366
0.995847583922
0.710772787048
0.962125979876
0.979799185546
0.98780802801
0.875934816306
0.0818664609615
0.942403437067
0.898054029366
1.0
0.828904448386
0.903806643815
0.681825258945
0.955236994084
0.905556849536
0.712790390557
0.943043097982
1.0
1.0
0.920352563996
0.725326928473
1.0
1.0
0.904984545568
0.951333552547
0.767578411247
0.965357175331
0.793034162883
0.954629562854
1.0
0.871298044965
0.85621625381
0.990291487079
0.985026702414
0.603763126912
0.933866893285
0.411756412086
1.0
0.916844816992
0.615516335542
0.916165928014
0.700076042739
0.912869276534
1.0
1.0
0.899827524049
0.959565495733
0.698037091401
0.799872624159
0.721516879537
0.698308063664
0.913842962898
0.199727270566
0.809872465741
0.996524689866
0.866195791281
0.808105398355
0.994685383009
0.863704562907
0.977297500039
1.0
1.0
1.0
0.555731153555
1.0
0.95058981543
0.953549530948
1.0
0.691239835896
0.904626841728
1.0
0.915842972238
0.862288267481
0.878421330195
1.0
0.824923710517
0.809240756654
0.980525537805
0.522950622696
0.81141681996
0.888527342857
0.320902343834
0.921747594056
1.0
0.226652063873
0.694019267543
0.914292696602
0.789911045928
0.377436211927
0.171945155796
0.823211312668
0.92001011472
0.762370144908
1.0
1.0
0.873791057098
0.903084731416
0.76503219284
0.635391708853
0.931586534014
0.908829927569
0.868463646445
0.890800178093
0.758037916104
0.857589586106
1.0
0.929821894786
0.980782609439
0.98932723279
0.974178133739
0.968601214273
0.733860041305
0.921350578013
1.0
0.856081597161
0.326912224107
1.0
1.0
0.93988252714
0.705292949242
0.797687476998
1.0
0.991246327317
0.957025872426
0.800150837019
0.846552366437
0.675903276478
1.0
0.770831053727
0.794625583173
1.0
1.0
0.766438581314
0.817837028267
0.869451363271
1.0
0.602716829878
0.947143811247
0.926820202882
0.905767991905
0.706172150497
0.966519797664
1.0
1.0
0.901644145037
0.848656990055
0.170526467467
0.789840364544
0.920741265313
0.786866835312
0.960015792494
0.776928033667
0.852397629345
0.984344497236
0.665017219474
0.999497651157
1.0
1.0
1.0
0.940856506664
1.0
1.0
0.286392463973
1.0
0.952007463384
1.0
1.0
1.0
0.407298157531
0.946526618265
0.493036906682
0.901806317674
0.741074453547
0.840556315191
0.88054532595
0.0
0.895304590057
0.564890640587
0.851045312415
0.966257316361
0.894060503787
0.92379377317
0.800550618572
0.992015819433
0.908341024086
0.992110095054
1.0
0.876748439234
0.822548829645
1.0
0.840371760061
0.896371199474
0.855121731682
0.758224402981
1.0
1.0
0.925009506021
0.960763490468
0.962338966851
1.0
0.948828115298
0.544730273745
0.963557637939
0.89847265489
1.0
0.603136070084
0.992602390337
0.608241257407
1.0
0.855538485858
0.980725752795
0.692041924123
0.707025767604
0.888199975444
0.865800712465
0.993790043088
1.0
1.0
0.922475468469
0.93562477771
1.0
0.738677447907
0.533252614474
0.93329497421
0.711627737938
0.64168110969
0.798206859498
0.677568606028
0.633643928796
1.0
0.438047182633
0.979412912924
1.0
0.911372672113
0.443189275689
1.0
0.895699357896
0.836328629991
0.887130325348
0.82401517149
0.873818422394
0.590638879528
1.0
0.82097797974
1.0
0.742893000575
0.758105741559
0.853780466095
0.769082389045
0.965574090944
0.818591477212
0.882511297359
0.742956761547
1.0
0.743338249294
0.814580442208
0.776078665049
0.978872896544
1.0
1.0
0.919281988698
1.0
0.920653152021
0.79700296346
1.0
1.0
0.72297269107
0.729464127817
1.0
0.4834071322
0.625281799875
1.0
0.70769046793
0.784946610613
0.604101112515
0.903209138464
1.0
0.774112641958
0.894775004713
0.790197052674
0.663147215309
0.89095281481
1.0
0.941719988594
0.70438676311
0.945630224183
0.955391067697
0.867527846897
0.685473596862
1.0
0.858802670022
0.581468029737
0.998335481252
1.0
0.801138029536
0.824057821787
0.957105489716
0.933086622079
0.939947435862
0.93131523234
1.0
0.757384693284
1.0
0.977022842005
0.877487359935
1.0
0.898909045057
0.945786676093
0.546028204739
0.752292637706
1.0
0.938549448101
1.0
0.582192803043
0.989619989896
0.466176884601
0.885735552614
0.853315126841
0.556332083161
0.964534079977
1.0
0.874668445035
1.0
0.97878354419
0.500415996516
0.666547375483
0.958108377083
0.902179822488
1.0
0.994223547853
0.948990115901
0.663253246005
0.739979483566
0.74692816614
0.960288966389
0.66848546134
0.929304475284
0.677435685104
0.95248528532
0.618438754666
0.888879519394
0.704694985537
0.789144723321
1.0
0.699232218243
0.913840049885
1.0
0.99534630818
1.0
0.881722736272
0.776429386029
0.707561481079
0.886192640669
1.0
0.996303791094
0.928882878246
0.823740362994
1.0
1.0
0.761908177674
1.0
0.870581352076
1.0
0.95776878178
1.0
0.967111972224
0.807940987697
0.933349163196
0.764053950429
0.758882196805
0.706259307853
0.759223253998
0.69520206535
0.833474276432
0.92494899162
1.0
0.73933260075
0.0
0.925861565062
1.0
0.808385429542
0.712868947136
0.484436759405
0.964005825382
1.0
0.89622207318
0.914923851179
0.707929068302
0.864930939474
0.75906780733
0.98411898821
0.94087669945
0.884939802561
0.961250621109
0.379608697458
0.891521701677
1.0
0.744906567885
0.651711444348
0.620571333508
0.611138636789
0.943331829947
0.691685742608
0.877398010618
0.988252343677
1.0
0.802756533173
0.881113363759
0.962366524757
0.617594324122
0.294813152049
0.717404616567
0.847374367829
1.0
0.873797081116
0.86835503159
1.0
0.86750144371
0.177558476016
1.0
0.831789846788
0.993218905116
0.845349328534
0.764214531883
0.989623988718
0.965857730594
0.698762966206
0.58446488508
0.814182538812
1.0
0.92112022831
0.738839592798
0.7794784936
0.468795605319
0.584237623028
0.277628913495
0.947595746969
0.894007790091
1.0
0.988854009388
0.91990102566
0.868059976028
0.312526231619
0.970731775245
0.996318615098
0.864398589403
1.0
0.353211407145
0.296976835637
0.798715785882
0.993848672409
0.970298564674
1.0
0.809235785778
0.810919835823
0.916131962776
0.747488704836
0.937118900841
1.0
1.0
0.99723866664
0.949038811506
0.69925906579
0.834624138191
0.995992585515
1.0
0.844584637582
0.0
1.0
0.815251786516
1.0
0.979028875875
1.0
1.0
0.914348776411
0.960125879149
0.87126714189
0.802832999695
0.94805661478
1.0
0.921067666859
0.817848556188
0.747181959802
0.42505087065
1.0
0.844166495087
0.998468941107
0.932894114002
0.878433687602
0.849966452588
0.849506614148
1.0
0.907767357868
1.0
0.991310512509
0.88909196828
1.0
0.806206200082
1.0
0.879793578468
0.456396793792
0.959358036534
0.89515435156
0.831590422178
0.066978267336
0.707141199103
1.0
0.765524337039
0.553971938293
0.857775579931
0.756638443704
1.0
1.0
1.0
0.884921666103
0.895915127798
0.943611586053
1.0
1.0
1.0
0.591222186403
0.930064205468
0.325646512129
0.836419840081
1.0
0.965593590871
0.946242990307
1.0
0.900456252829
0.774318018026
0.916814658164
0.773972388235
0.843569081508
1.0
0.876191883046
0.46554655179
0.948998599806
1.0
0.872523885572
0.942292312661
0.754520628637
0.869244349716
0.961984952768
0.855619580541
0.70723289897
1.0
0.897726640367
1.0
1.0
0.818657006085
1.0
0.867049582071
1.0
0.849798883245
1.0
1.0
0.70652447471
0.921221798112
1.0
0.837856550355
0.0
0.740406345013
0.677290218627
0.423595599383
0.966081092131
1.0
0.943697929622
0.303458884676
0.801735077114
0.24485304377
0.793730708787
0.646450885709
0.885320208313
0.721430596238
0.776892365825
1.0
0.713061458673
0.951068487299
0.845906466488
1.0
0.780890882752
1.0
1.0
0.945930050682
1.0
0.942678012646
0.949249002277
0.839435870159
0.832691947781
1.0
0.947856129486
1.0
1.0
0.970602104522
0.944542169108
0.855499757079
1.0
0.869462568323
0.183061937448
0.691777072584
0.762368802864
0.721598865821
0.523584527498
0.903473737333
0.921153246148
0.998760441333
0.997933084381
0.651853340092
0.882806336243
1.0
0.589985204339
0.963982008761
0.440754433729
0.71059912119
0.890079018363
0.877956528987
0.341461071053
0.437103430836
0.847538218031
0.805748707514
0.492691429962
0.552715769662
0.919011722469
0.904757972056
0.763182171852
0.665811386754
1.0
0.744570724094
0.849726871099
0.860981509466
0.564014795077
0.845491653265
0.179738016681
0.969930082358
0.975641991021
1.0
0.930984510602
0.875016508414
0.837890526391
0.7669998018
0.697483505488
1.0
0.897473917266
0.893080677599
0.788261468209
0.881142548045
0.884816291397
1.0
0.959825348759
1.0
0.782239831174
0.871339514074
0.815978290856
0.965904428968
0.741523312802
0.584584588785
0.985422890706
0.809145814395
0.792160899096
1.0
0.966092213994
1.0
0.998633427237
0.591177251292
0.967782094505
1.0
0.878637101727
0.911384091068
1.0
0.771991839736
0.809575295939
0.855151820093
1.0
0.930550266687
1.0
1.0
0.955634949101
0.322294889991
0.992464978501
0.883022501842
0.868561721609
0.912886022988
0.909580908034
0.0
0.74004176234
0.860246061563
0.922793596857
1.0
0.962438745668
1.0
0.806323907505
1.0
1.0
0.909664397445
0.0
1.0
0.17269685585
0.916022193265
0.881968235196
0.814190498096
0.632543026052
0.560261952826
0.971062809024
0.707349017984
1.0
0.545232283656
1.0
0.824679036534
0.843725616448
1.0
0.884778132108
0.959624863311
0.882846133169
0.626061957556
0.734106161722
0.416770060093
0.824348856219
0.834181190558
0.838426080403
1.0
0.894763756449
0.897861941415
0.852733369018
0.806515823484
0.821561033049
0.65772840528
0.859302780345
0.935777598817
1.0
0.9866968024
0.587877496122
0.830653347509
0.881592885618
0.909303795966
0.813372368278
0.761937235133
0.848781755955
0.964268052763
0.989413212783
1.0
0.0
0.91994717196
0.862858938922
0.972492497189
0.853139008728
0.6780106583
0.715189316804
0.820344124251
0.81987098831
0.718255747895
1.0
1.0
0.913300386757
0.928262484143
1.0
0.996262725064
1.0
1.0
0.984837311625
0.956655786266
0.768303304246
1.0
0.618988613377
0.98211294508
0.889720881935
0.932068295813
1.0
0.899292784133
0.345682162753
0.811653304201
1.0
1.0
0.610252511831
0.806686091783
0.892110035489
1.0
1.0
0.838445424962
0.596039253676
1.0
0.896147803646
0.989172223996
1.0
0.423338668544
0.873723701684
0.0
0.541213090809
1.0
0.8421815232
0.530146599726
0.915695365782
0.839675051728
0.556554824782
0.724465199469
1.0
0.778228732634
0.780832283654
1.0
0.629300400901
0.654268158052
1.0
0.808379198531
0.890216427582
1.0
0.840987518352
1.0
0.767923574789
0.952168226632
0.869141468365
0.841547120685
1.0
1.0
0.862232682256
0.83238263967
0.883478749063
0.464084114625
0.798147855518
0.910276844464
0.971605823981
1.0
0.881795326565
0.928331086285
0.828714343118
0.874169346999
0.98197501431
0.828436796973
0.979286118441
0.829413247684
0.581426582647
1.0
0.94979549145
0.942914751978
0.95449106978
0.99673402017
0.880882622941
0.879935112481
1.0
0.990157902846
1.0
0.962112315952
0.834364785499
0.856702688893
0.284277254239
0.90709679385
0.577713162309
0.771498078788
1.0
0.847157332627
0.623885577823
0.965916794268
0.862630257551
1.0
0.935863676269
0.648669239161
0.755967446837
0.835907886535
1.0
0.924497878255
0.653411658522
0.664677924986
0.910031222968
0.990262597985
0.83181339341
0.682793627659
0.871778455921
1.0
0.988024266535
0.869250927255
1.0
0.874308015193
0.800210569778
0.829550796309
0.935782065253
1.0
0.842081067212
0.538286447157
0.872486124795
0.994240068989
1.0
0.832032789319
0.547198159866
0.916791204495
1.0
0.727174984885
0.658054015715
0.959011285872
1.0
1.0
1.0
0.943888863199
0.521131000591
1.0
0.488220084564
1.0
0.964485330462
0.902588677202
1.0
0.847840500175
0.76093453112
1.0
1.0
0.760099162007
0.994927484512
0.831501432283
1.0
0.846351644664
1.0
0.958890799035
0.712409105002
0.887448190846
1.0
0.980613980033
0.179719399627
0.696689763466
0.969307578849
0.705739624339
0.900525759582
0.820855614119
0.317860568438
0.835506165536
0.744229271483
0.792981318927
0.764184553795
0.721681003224
1.0
0.752779303423
0.462693796746
0.872909369686
0.657631362153
0.975541458326
0.846512795159
0.916394884184
0.927067722163
0.840708210988
0.665452379521
0.800920835282
0.942962477948
0.910909329142
0.698195295212
0.987459969515
0.930349788644
