0.707101091421
0.807521547676
1.0
0.794363852597
0.534289345409
0.383343703612
1.0
1.0
1.0
0.600252856259
0.729682919952
0.902241931324
0.894710336073
0.893436847272
0.713848008368
0.318134447141
0.584798145454
0.753421945195
0.928949126901
0.975786193072
0.910775278939
0.508989451602
0.720636054925
0.986195082262
0.340123595026
0.985687788002
0.871849811256
0.94448704442
0.984662766781
0.751265477322
0.904299856164
0.954922347264
0.74732103767
0.956965038654
0.418028437358
0.784475137598
0.983927729885
0.601444241448
1.0
0.936615832996
0.958231253984
1.0
0.85768118674
0.739533277895
0.996448698006
0.718930930579
0.77149577314
0.999284618699
0.852845389245
0.845204261773
1.0
0.545779153439
0.591095977285
0.571515409692
1.0
0.415178485097
0.995281613762
0.909527246384
0.813729273076
0.834532731397
0.562078256957
0.935473878186
1.0
0.772808724582
0.0894305976283
0.768774019316
0.801289502624
1.0
0.409407214298
0.854057743593
0.917056542483
0.564546961927
0.902721095653
0.725735909844
0.950387843009
0.706354341426
0.888022032951
1.0
0.387840261458
0.543864314202
0.541840014677
1.0
0.763304480347
1.0
0.0820096733626
0.775737149158
0.822719969301
0.971486126056
0.854929652676
0.889723329517
0.81749880846
0.904781943115
1.0
0.594107650072
0.885293336662
1.0
0.937525584358
0.885782838053
0.673248541423
0.769538679383
0.6668037999
0.707201933088
0.614232960419
0.771549273124
0.90983194433
0.918805152196
0.934123528982
1.0
0.931849539762
0.857564638667
0.999290087294
0.72274701051
0.812361532289
0.971012070281
0.881970661339
0.711758914396
0.737379847417
0.0
0.826640311581
0.901712363386
0.816249375929
0.932224850285
0.701456326162
1.0
0.870522808614
0.478933640572
0.60667210261
0.910222236285
0.768335683359
0.872558547199
1.0
0.805468618645
1.0
0.705609281232
0.65584531697
0.801463165971
0.995035315331
0.959804030225
0.896246845384
0.600854035193
0.878570295103
0.861284337276
0.705842447571
0.898432605577
0.965273881775
0.760963395151
0.99240921688
0.755679065902
0.872197020983
0.660437712804
0.859714191887
0.46164702013
0.864560936305
0.460868813344
0.821246433567
0.705268330941
0.968638732196
0.535246885135
0.668655326045
0.92534905568
0.688427106786
0.64287162126
0.817742316626
1.0
0.63585438323
0.939348781849
0.900991464468
0.776165403834
0.965789926593
0.935416567711
0.80801647937
0.81642898205
1.0
0.494211120517
0.862772377096
0.535887647634
0.77773254662
0.921878298987
0.904011312331
1.0
0.751387111908
1.0
0.81132902879
0.692847691867
0.708604630988
0.97094624867
0.705415915303
1.0
0.958076443313
0.983995225649
0.1782837882
0.857122060005
0.573780677111
0.881149951451
0.69853226868
0.752340647909
0.600877968568
1.0
0.729426836178
0.628437186849
0.936806948558
0.892855140752
0.869805247467
0.847716678803
0.580414607634
1.0
0.411286847209
0.892000244009
0.868311693479
1.0
0.905733981156
0.748187997467
0.96027186869
1.0
1.0
0.679988037172
0.791488025061
0.519604692142
0.752769757947
1.0
1.0
0.894018173092
0.898204648438
0.823981453936
0.894158107642
0.761204086119
0.37094128378
0.882136670042
1.0
0.815946214598
1.0
0.667674505607
0.692332880479
0.66203835038
0.668093866873
0.766632945969
0.886201219991
0.716279588387
1.0
1.0
0.748093854883
1.0
0.849548305152
0.827746954288
0.832202752523
0.975967249205
0.9344713592
0.920160089505
1.0
0.650724865801
0.86105754929
0.486176796705
1.0
0.973636704114
0.873922020183
1.0
0.786957049994
0.690987855811
0.850168301481
0.865449280947
0.976453532658
1.0
0.682927497582
0.926599377461
0.771280423093
0.990401634292
0.974475469161
0.927643631592
0.706142700371
0.975847074424
0.949980838951
0.954686646394
0.388717404958
0.967582664128
0.862451611314
0.720581748613
1.0
0.947778857265
0.808498862196
1.0
0.592004887062
0.439482486262
0.974760445068
1.0
0.582287125347
1.0
0.856800047119
0.942874514394
0.870640739247
0.703621337196
0.952089245603
0.996623032747
0.883722431276
1.0
0.96269611662
1.0
1.0
0.934317235191
0.906879554192
0.94931047561
0.225844787197
0.854038786428
0.676095160259
0.883457513886
0.991553527183
0.629180077424
0.621333901111
0.944879676472
0.653699558455
0.995990982485
0.982710210958
1.0
0.937131108578
0.816105452577
1.0
0.850408975535
0.863720944494
0.873426642083
0.0
0.743426922957
0.785548178933
0.975178107286
0.769565348316
0.864752040538
0.761171531417
0.973361543349
0.952530559997
0.921789864994
0.361183311288
0.645524384589
1.0
0.721202553946
0.939636115302
0.946153323963
0.995933958244
0.925655287521
0.873437243332
0.93101802036
1.0
0.92428471159
0.898165299769
0.814192019865
0.915721238604
0.891303341141
0.726387227124
1.0
0.946373166429
0.637049590383
1.0
0.836704287588
0.788476983881
0.760637070202
1.0
1.0
0.843559265507
0.883920304596
0.838221691402
0.969562342485
0.72172750999
0.344827069255
0.945533040459
0.994405920352
0.987723083663
0.77353541024
0.0
0.801423833403
0.906209281366
0.686011209044
0.963762770385
0.799438661729
0.932292182645
0.742967541465
0.500472307534
0.869269932313
0.937153675439
0.743283098568
0.76079516956
0.904310157466
0.890171420054
1.0
0.833304117076
0.803780659416
0.932070160411
0.799040119015
0.676636361332
0.736690729871
0.833372978712
0.863034172747
0.935908257566
0.913391338914
1.0
0.863212246766
1.0
0.83177644391
0.0
0.679451361417
0.930258873552
0.860594651769
0.739999775726
0.946044138822
0.954454818015
0.814342764113
0.690879407426
0.941516687147
0.851913345288
0.513154108643
0.604077624155
0.890069286966
0.967154843767
0.5626776249
0.906371077075
1.0
0.809502795519
0.626135720605
1.0
0.955815279146
0.66805803947
0.867936996883
0.432496692698
0.873384366263
1.0
0.75805560703
0.907619621849
0.773755914983
0.889057032828
0.880252977658
0.691371733149
1.0
1.0
0.916892152826
1.0
0.996353925773
0.532832068402
0.994469326269
0.821899053615
1.0
1.0
1.0
0.956363662141
0.975415824054
1.0
0.799696130373
0.838647428995
1.0
0.973220253899
0.872934277356
1.0
1.0
1.0
0.800949728089
0.980748003083
0.955888323279
0.675731066432
0.977559509241
0.895235792476
1.0
0.824090718263
0.694680047262
0.991996067306
0.432657911027
0.622243150073
0.980005483244
0.281349194616
0.977195844588
0.825370328389
0.708847883969
1.0
0.963341029395
0.632977793711
1.0
0.861532480188
0.878881569559
0.811406345331
0.555980954691
0.684588461232
0.896353161071
0.733994484523
1.0
0.865530737217
0.730571052588
0.995710842122
0.846333788688
0.929469841204
1.0
0.851918102263
0.764510967007
0.893787111746
0.701961660758
0.852265007592
0.774614917019
0.339729417837
0.948335608852
0.73256469667
0.981727189952
0.848175679121
0.67911083758
0.920727318765
0.967115217543
0.878025075951
0.813667118999
1.0
1.0
0.87273003947
0.946137770958
0.675393368524
0.953438211503
0.926170216169
0.28093998714
0.873583932675
0.964209113059
0.750057132304
0.987170927568
0.854500215629
0.745205546663
0.542110563803
0.674704664906
1.0
1.0
0.807080120446
0.838476661335
0.721259490904
0.872283557293
1.0
0.0
0.951150727561
0.974480005558
1.0
0.914926805321
0.824684857431
1.0
0.873232888207
0.703265460124
0.914139191542
0.901493936724
0.499553208187
0.992655747091
0.876635267923
0.846690098272
0.836727196456
0.815538201033
0.893695901642
0.763307740903
0.849360145611
0.963097051696
0.866217697413
0.960599516613
0.97449606917
0.933072479559
0.938873430649
0.961731199381
1.0
0.685863509499
0.683174825421
0.706009621909
0.87219723912
0.861377888962
0.98287336198
0.928608083253
0.928634037012
0.757108814618
1.0
0.821893112868
0.869928177115
0.758532029467
1.0
1.0
0.666051253703
0.861155554907
0.960635817802
0.0
0.882218411693
0.637349326318
0.226656140874
0.820528871903
0.881359102414
0.609816380335
1.0
0.81703184622
0.624244022904
0.949529415073
0.962042431172
0.902306579095
0.742808680021
0.683655446125
1.0
0.70857438397
0.961774430379
0.872058726914
0.993473708275
1.0
0.883864651209
0.907856524191
1.0
0.805012893047
0.974961114175
0.945635792645
0.977574280787
0.923763088967
0.462440131469
0.710740384133
0.0
0.988023998685
0.938747832853
0.967405958497
0.851699001782
1.0
0.940721138162
0.997316880853
1.0
1.0
1.0
0.707136139104
0.790998543539
0.0
0.986650523738
0.5629565913
0.888962698074
0.82633013767
0.594550174922
0.537936853087
0.642401601586
0.684148589915
0.931266345954
1.0
0.652257494475
0.806100899933
0.83580663837
0.787307127824
0.915510775283
0.954418897112
0.681385157144
0.916286311401
0.892501360973
0.410691915633
0.961261212307
0.978485384147
0.894383253684
0.692832339443
0.734747686142
0.806205128402
0.933159066808
1.0
1.0
0.897891854631
1.0
0.705018448741
0.702530889422
0.840058683167
0.92643031324
0.85052987616
0.945193710453
0.234658276681
0.799764582966
0.759372822678
0.85214150036
1.0
0.864010925104
0.74926102156
0.406976704948
0.912330237961
0.892591135591
0.740892098024
1.0
0.761555587627
0.971160318618
0.92211256525
0.62545084302
1.0
0.722537878932
0.929401984751
1.0
0.804495316205
0.861372316751
1.0
0.754958082937
0.911502767021
0.705779873482
0.967195317587
0.821564123483
0.841447675519
0.689958795371
1.0
0.771924880392
0.707612622789
0.302745841796
0.851849517313
0.884532365417
0.747173672121
1.0
1.0
0.149150784207
0.381153110138
1.0
0.901147458583
0.854858700393
0.659153776121
0.41160296582
1.0
1.0
0.876491872303
0.973293657477
0.882307254098
0.941462751196
0.632817780474
0.785709093595
0.86569357151
0.750393256242
0.771842480148
0.968968503693
0.856146145323
1.0
0.831230587308
0.511103977118
0.848582958389
0.821903396777
0.91102950996
0.429231211177
0.463145843247
0.855403296799
0.846446603085
1.0
0.908661256511
0.830826476361
0.950727575167
0.776450475283
0.808257743908
0.763768122594
0.796463425668
0.841607476008
0.948003255239
0.741898696515
0.845106631961
0.832173500594
0.883900769145
0.775830951122
0.563472861959
0.84168455241
0.8821287867
0.969184123389
0.672998647564
0.426016395886
0.938087742431
0.68804095889
1.0
1.0
0.820239537596
0.707316544116
0.601356966697
0.809830117661
1.0
0.80417500708
0.728818130855
1.0
0.922693910381
0.915801055731
0.857511703739
0.650837463155
0.854382528288
0.88782590825
0.337292437496
1.0
0.73841104484
0.740793941275
0.743888055126
0.174688276614
0.8032069956
0.25308661599
0.809909864748
0.913215712073
0.864836081691
0.960011679485
0.873553961085
0.753223435243
0.694560784762
0.845008385331
0.836413020515
0.901239048386
0.840660688473
1.0
0.988272097774
0.678842914534
0.668939482059
0.56422775545
0.978973843448
0.870489274586
0.721997111384
0.819703982815
0.784731166579
0.887027866939
1.0
0.63375432167
0.861858213201
1.0
0.635631959171
1.0
0.833469625396
0.267798814379
0.881839287234
0.990897674905
1.0
0.548890883069
0.780498494861
0.875565644378
0.883727883407
0.711364985104
0.882344408649
0.967347074279
1.0
0.648843589289
1.0
0.921263098427
0.692260130992
0.0
0.893919009349
0.873441518619
0.587984088114
0.307311383344
0.0873318350968
0.0
0.87023116774
0.572665044921
1.0
0.862833298231
0.992816102403
0.789768119468
0.992800521036
0.766109145781
0.854091752677
0.0
1.0
0.879605644557
0.524735478173
0.681771969075
1.0
0.798819607023
0.665900866768
1.0
0.828994987231
0.820037623907
0.795437836623
0.74504272369
1.0
0.763273683169
0.93000338584
1.0
0.719316848705
0.958448025178
0.672707729597
0.84407022281
0.773548979691
0.780343691179
1.0
1.0
0.822080142166
1.0
0.932866602598
0.7482640304
1.0
1.0
0.631743307986
0.927379711038
0.908350665302
0.317387846456
0.818028012027
1.0
1.0
0.851833607203
0.732841218049
0.510184160055
1.0
0.844154101716
0.9008527604
0.852919448248
0.881223927852
0.97325063051
0.95311374946
0.680587284033
0.668822549102
0.717341613259
1.0
0.571665213921
0.734325196
0.746397467374
0.947855942371
0.276257582361
0.547059674006
0.687992569447
1.0
0.812813277387
0.912216520622
0.608144226851
0.953847165872
0.830750756388
0.883680588119
1.0
1.0
0.912221315337
0.903681689782
0.566514650917
0.166771507624
1.0
0.919725909935
0.510289406189
1.0
0.89408868402
0.54944481624
0.959914643821
0.966683808691
1.0
0.783084490684
1.0
1.0
1.0
0.340713092487
0.967367848689
0.887268661737
0.734521777815
1.0
0.900590384127
0.970714965509
0.702980643498
0.906816479924
0.776160578639
0.785593924609
1.0
0.842441016462
1.0
0.485995008432
0.754056924581
0.988371847575
0.525971884509
1.0
0.0
0.647153429971
0.806184789512
0.963489755846
0.957962877651
1.0
0.841617087396
1.0
0.852034491188
0.767549494884
0.981038776289
0.401642323602
0.860632945843
1.0
0.87623383496
0.982917792199
0.938401420755
0.603380564717
0.684127431904
0.874844501811
0.744746768798
0.860684512174
0.694933105569
0.742039626449
0.734696575441
0.627386564767
0.825723941318
0.953349477055
0.980685957463
0.678594628142
0.924192872941
0.988166633194
0.894133522292
0.985082585453
0.92053602173
1.0
0.740242185057
0.346932223787
0.984590158755
0.841122331682
0.878362034846
0.9856777887
0.791979076495
1.0
1.0
0.860608148814
0.813999355771
0.995593037639
0.707002045902
0.268771776265
0.714804924104
0.789237907773
0.953066710468
0.956057615411
1.0
1.0
0.865933123049
0.025696564643
0.881142864979
0.270003650526
0.879250023157
0.348376363146
1.0
0.61984724252
0.970061224995
0.869503261499
1.0
1.0
