0.806365801219
0.890402845777
0.965537277273
1.0
0.821234122745
0.726558701676
0.967366952496
1.0
0.474891418541
1.0
0.811354971447
0.994445232686
0.833102898994
1.0
1.0
0.875082209868
0.816746207148
1.0
0.77440109122
0.946702817905
0.81947153261
0.931412607007
1.0
0.934703923874
1.0
0.79987822674
0.0
0.876254438885
0.752927454977
0.490507806167
0.45026510401
0.0
0.389634862279
0.389613960302
1.0
0.831303910395
1.0
0.711524318189
0.732920574881
0.929733700685
0.828254087154
0.587082846022
0.662195022276
0.762651371563
0.977376829853
0.366474753936
1.0
0.949547934034
0.94085346951
0.83521779384
0.526513371236
0.954152035325
0.928922624827
0.57889833268
0.881473485111
1.0
0.972446403275
0.706275168288
0.875355368385
0.801824684091
0.907420117487
0.711421664923
0.453995073414
0.975709533193
0.968258049686
0.960392368534
0.988504672095
0.0
0.761221479697
0.700181110151
0.854744209962
0.976372260845
1.0
0.920247951294
1.0
1.0
0.902266798034
0.204889260672
0.50421459903
0.761366008275
0.652270342894
0.900104810559
0.209169056547
0.759423532647
0.51237542929
0.759273262142
0.805371221181
0.770781228281
0.591439948943
0.809423255251
0.880278179818
0.712710728142
0.746044318666
0.729728481253
0.99810885778
0.851677378041
0.660556136673
0.0
0.672802436043
0.874987623705
1.0
0.174609856645
1.0
0.485745871367
0.725417139916
0.0
0.892580342276
0.358437832005
0.786775378344
0.793203697149
0.895969538572
0.925839073317
0.852556184538
0.859702485908
0.807036175097
0.641546595023
1.0
1.0
0.487037386261
0.983767353367
0.891311408537
0.798486269568
0.924206605434
0.328359857948
0.699182809559
0.854993100718
0.98124636373
0.773168884196
0.742954285963
0.812326524901
1.0
0.918080790954
0.935403236114
0.305885807182
0.679136293957
0.649445343203
0.65255462407
0.680304628074
0.891385445115
0.379463001319
0.549732020893
0.906401782463
0.866547761773
0.82794794523
1.0
0.854148043056
0.488567936791
0.893219872281
0.849375532706
0.704759036575
1.0
1.0
0.924143940456
0.871645535093
0.774299151674
0.845602788141
0.70394059372
0.17432245442
1.0
0.854072251187
0.898268806598
0.928616837381
0.90738817315
0.820577955623
0.927979043779
0.404111202037
0.629084103658
1.0
0.438908384069
0.707225486801
1.0
0.75214765428
0.505581586272
0.852974297127
0.5542644422
0.722414616387
0.651664511032
0.985638892907
0.644671857594
0.710525962322
0.663380614414
1.0
1.0
0.708646141186
0.418860374708
0.973635786952
0.947602048586
0.909008754995
1.0
1.0
0.467656265633
0.887677341295
0.577475336575
0.604847646584
0.848122004961
0.822606612762
0.728805309405
1.0
0.978761980128
0.99201785971
0.718461655992
0.80320841157
0.434612881925
0.869991623874
0.700309318572
0.918743485141
0.832368144598
0.869853836522
1.0
0.918507261578
0.063465048896
0.967147787267
0.712469552723
0.690042565336
0.991882113619
0.684922705448
0.787025063566
1.0
0.80849846931
0.55221024265
1.0
0.659839207938
0.0868891187685
0.873559067
0.782048871038
0.994271872069
0.968641862789
0.992371625722
0.967308907571
0.755798639577
0.597562576438
0.819109902266
0.728797574987
0.815449788132
0.953705371287
0.794271825268
0.918125703698
0.734095200261
0.621310576962
0.277472696044
1.0
0.877892472223
0.801629267474
0.771190201272
0.851101025606
0.983234569175
1.0
0.882853357046
1.0
0.102726259279
0.696421042663
0.826394512718
0.0
0.772767269372
1.0
0.776237271263
1.0
0.90146656584
0.826079142478
1.0
0.662280669172
0.879539866792
0.813679224464
0.724782699887
0.344816904543
0.838367685966
0.926180874776
0.922990083359
1.0
0.877870448225
0.955137562579
1.0
0.92006788198
0.880789329148
0.89605477715
0.65090872482
0.928901424706
0.590977921935
0.451861619141
0.275296184047
0.730919991246
0.895576337601
0.561959218138
0.918265501179
0.940222295749
0.625144802806
0.749362080677
0.9820604049
1.0
0.814754397931
0.676384942101
0.907134912883
0.721503972521
0.854556143384
0.81711720655
0.911363598803
1.0
0.930335759842
0.257702336862
0.771105993998
0.826400493804
0.526411327331
0.456409333726
0.428663310034
1.0
0.847557518245
0.931772389953
0.826867264282
0.893557490816
0.857273670114
0.811521572908
0.80093251345
1.0
0.951819659543
0.350331013266
0.411612463614
1.0
1.0
0.651452627069
0.886765107583
0.852182701495
0.685408363369
0.832089149822
1.0
0.833903402325
0.802799035379
0.917963657491
0.867683063783
0.0
0.0197856844525
1.0
0.93956404702
0.873889023005
0.869676659311
0.918918004411
0.935564099457
0.872410844599
1.0
1.0
0.708296669331
0.753387943116
0.805005927956
1.0
0.746213258987
0.96450583543
0.756237120993
0.977650723497
0.961670226347
0.0
0.983608960558
0.612977693378
0.817915297693
0.783540925769
0.797332995881
0.309040122915
0.203989844313
0.963021636274
0.788788990888
1.0
0.605822404398
0.925368028931
0.88555145663
0.818020150698
0.863134173881
0.869211686636
0.812497003099
0.680800489696
0.757056009332
0.892805726539
0.497488992587
1.0
0.736956516004
0.775604473099
0.625326723263
0.865272827542
0.0210533316543
0.851684169654
0.707327835273
0.867808789919
0.769374662814
1.0
0.79881222187
0.780526601138
0.841110600486
0.956943262595
0.478927669663
0.792417725899
0.919953424413
0.813316699103
0.795422517445
1.0
0.603500095453
0.964665377834
1.0
0.820819589133
1.0
0.918837749168
0.778522523189
1.0
1.0
1.0
0.198239031638
0.977767170001
0.769898269246
0.710152669782
0.825637745285
0.998502241193
0.600001003353
0.830856094693
0.787150331619
1.0
0.865786971629
0.978538230511
0.942698493316
0.817270922639
0.347443141677
1.0
0.807404512646
0.875959203335
0.921131736254
1.0
0.299787884983
0.585337381484
0.887133220941
1.0
0.697287848886
0.765509743263
0.854143153723
0.792413664913
0.931383704369
1.0
0.83408268238
0.891281149907
0.785922234635
0.811304182541
0.890105493473
0.180463724907
0.946598098628
0.439269960046
1.0
1.0
0.471088922806
0.848853462553
0.73635499335
0.56901923609
0.900787952591
0.484914939603
0.500751125056
0.577713445442
0.91975506342
0.80768747766
0.397415187907
0.660272381375
0.929246990162
0.97296955533
0.931997195415
0.388374226315
0.806578285725
0.779567098953
1.0
0.797385798566
0.917242295584
0.937744989114
0.409573410117
0.653530271401
0.0
0.607865835042
0.70502212378
0.89331081335
0.916612820223
1.0
0.866837633119
0.291501202299
0.167667196627
0.921748446198
1.0
1.0
0.937232369071
0.714830799126
0.943153102471
0.763677852292
0.770910174505
1.0
0.678338453455
0.823966585395
0.739163988167
0.957751684924
0.707175031735
0.230337710631
0.991286332574
0.767076194901
1.0
0.82921925509
0.846736761182
0.907889645578
0.674873536456
0.820931665851
0.785876327306
0.874578981213
0.873778963205
0.592140460234
0.808400573833
1.0
0.976147475818
0.969892135607
0.99480596182
0.023408827351
0.695579733737
0.994147935782
0.89533379148
0.658858056935
0.769185612896
0.928917687993
1.0
0.704685385713
0.900838660974
0.876479018435
0.761356319784
0.877825031713
0.800136571749
0.977556188053
0.843672229564
0.917057200773
1.0
0.69702134978
0.804531249496
0.781258461678
0.551739613896
0.766801251797
0.674801377177
1.0
0.822091386946
0.945170684702
0.963300885859
0.512668545768
0.768558667519
0.90775648032
0.747374762417
0.684877457109
0.240907383725
0.644310470121
0.710135079432
0.544179096821
0.715526398985
0.0
0.412060014655
0.903193968921
0.704522932212
0.880143020894
0.734575422485
0.762918133746
0.782243671195
0.324114405477
1.0
0.826343444507
0.867121242315
0.96703218823
0.439891975098
1.0
0.272340513746
0.857002143381
0.829093601521
0.773947234941
0.936626481777
0.0
0.800717423641
0.893717286374
0.594185291564
0.912148721289
0.519514956402
0.578740381635
0.789812150164
0.543500593909
0.960824403106
0.403706317701
0.93482684155
0.780393056915
0.941964364868
0.562782476723
0.716060392062
1.0
1.0
0.753301835878
0.809728456043
0.707125637481
0.948311396899
0.859582505197
0.970788943591
0.789844330187
0.612477152164
0.712501330577
0.764439104346
0.76636197256
0.926510434383
0.753394217597
0.933919193895
0.9481628334
0.988564203622
0.96295399225
0.707811491467
1.0
0.889397159353
0.904766353714
0.79402355385
0.682077134732
1.0
0.723505808514
0.998266057062
0.948274848847
0.731629459362
1.0
0.722573908742
0.457037981766
0.644244710657
0.708495382208
0.63182063114
0.855586537028
0.661274515787
0.738412707012
0.906403072311
0.794061043211
0.782134198792
0.132845318058
0.534758245016
0.963593609664
0.907356479217
1.0
0.919903214891
0.547978258018
0.91733298738
0.744767840445
0.888292674806
0.923002764544
0.973425893992
1.0
0.786965100926
0.80675868395
0.978862155335
0.78173691666
0.493151551381
0.876597111235
0.989912758773
1.0
0.840638908092
0.395434307025
0.662333056889
0.897925566818
1.0
0.852195552317
0.743314691706
1.0
1.0
0.708521848492
0.962878280892
0.888322372224
0.30137185085
0.818408948435
0.84482864342
0.953981082795
0.585714839932
0.778890090434
0.54693746518
0.901743695096
0.670805618878
0.726155905276
0.288821614475
0.932517385596
0.840420153524
0.912816913901
0.64256289449
0.818333616475
1.0
1.0
0.895754979843
0.697421284296
0.738721181918
0.46108912255
0.794654724009
0.967913856029
0.80258164775
0.947166077823
0.693335836727
1.0
0.858165447466
0.894719336169
0.79033389748
0.709349625048
0.848272011187
1.0
0.77633598534
0.83519281141
0.802070446874
0.853681162044
0.9204042386
0.931653834935
0.573181577223
0.785190624004
0.787465545934
0.845495696012
0.982845396866
0.130011544136
0.775384753231
0.937076537513
0.615141393346
1.0
0.807281805446
1.0
0.970106251377
1.0
0.615313083807
0.494834172502
0.776076151329
0.350207638071
0.827103842106
0.887736478042
0.871805466921
0.94331527795
0.911493529837
0.679707970606
0.95296721277
0.794828604365
0.404067195451
0.672764822334
0.705084025055
1.0
0.99030417869
1.0
0.858683714273
0.716191247797
0.677712514092
1.0
0.802036645106
0.716041491239
0.460114450251
0.999241401203
1.0
0.682200169575
1.0
0.619140706862
0.702143377357
0.631471813098
0.380702816986
1.0
0.0825195142508
0.985029491454
0.0
0.988957610792
0.733956500395
0.912648053221
0.968585318914
0.753244316938
0.976403124233
0.543674507512
0.795793755827
0.769261861513
0.363499409128
1.0
0.826233195352
0.995770669626
1.0
0.579563065538
0.961008110266
0.850033946331
0.576841544576
0.90683577291
0.733473363258
0.338048630676
0.797530960574
0.948776172865
0.924019036148
0.991941559349
0.549480933954
0.848010908422
0.721753084713
0.495964566453
0.677784901536
1.0
1.0
1.0
0.869451421904
0.942404324706
0.78093355528
0.632625334567
0.908084006048
0.918818844664
0.902634177513
0.823755496887
0.851095163708
0.625497111661
0.654959170363
0.790631925497
1.0
0.948865441157
0.842009322146
0.991126479768
0.717720564684
1.0
0.790028593297
0.356400614497
0.554315310567
0.726807592536
0.864995433485
0.811262534725
0.924481058193
0.853767805754
0.803934873256
0.602540006791
1.0
0.8688842067
0.889104539678
1.0
0.793293977719
0.885783233194
0.797114757477
0.811337926117
0.864737186178
0.89282675053
0.31670016647
0.745130734315
0.949189977627
0.538998217629
0.85475308732
0.90633597537
0.710392358458
1.0
0.699705006158
0.816728672371
0.907194560603
0.920931184171
0.754363472422
0.908924808539
0.79671271856
0.824376664133
0.684575698842
0.504439359462
0.980739595249
0.997435056882
0.690031755894
0.937638288611
0.833077721264
0.984681905931
0.623548619485
0.136807481208
0.917054467475
0.892028862629
0.79912414903
0.875951767456
0.854065936867
0.703656780704
1.0
1.0
0.962844429601
0.932741078916
0.312352476203
1.0
0.951092518897
0.281538534695
0.583944501053
0.942950442426
0.278322247078
0.810117764657
0.87411480141
0.706675103352
0.875423066771
0.965220347069
0.804531672929
0.914459935057
0.905961904382
0.848726724006
0.468975106432
1.0
0.257532512964
0.905340938113
0.777536739025
0.826197982524
0.339575386863
0.280701286581
1.0
0.838877166484
0.923110587425
1.0
0.98615846634
0.687378695623
0.980842788815
0.68951303239
0.600897891195
0.633270589589
0.676438726068
0.836765801125
0.170790140695
1.0
0.270815560957
0.874374236313
0.814313401319
0.839429331902
1.0
0.583085533078
0.763747822764
1.0
1.0
0.797905320823
0.948895781104
0.793335749094
0.927935212076
0.747384865373
0.321336230718
0.729607257119
0.825772771702
0.660473630732
0.701216921884
0.758662277306
0.667852937697
0.671793066328
0.840261527246
1.0
0.872495280395
0.851368081285
0.759265127644
0.944603077427
0.571116643225
0.714545506754
0.774091301928
0.992760862071
1.0
0.924458382003
0.982512315123
1.0
0.637523584372
0.44992436507
0.757441465075
1.0
0.998136586953
0.59909533128
0.879514743805
0.725808632472
0.970365984342
0.590907512228
0.603833375263
0.81992452339
0.704580568769
0.240965047861
1.0
0.839493564152
0.781585940167
0.943185928368
0.952625837981
1.0
0.662637981693
0.715879238114
0.876522919355
0.978418332034
0.791241388896
0.74325726088
0.738460303812
0.323231660862
0.817508015698
0.937423814603
0.972613776024
0.949272366384
0.972740522685
0.907205297293
0.81886854186
0.796001344315
0.672701898333
0.939330633271
0.771795543948
0.896774676859
1.0
0.785268385859
0.964907556651
0.853120912501
0.961750525039
0.697531929138
0.650212920402
0.378065523878
0.456891907695
0.738320778886
1.0
1.0
0.669804105609
0.694043204324
0.967072664039
1.0
0.939789303583
0.309019563608
0.659983420845
0.932125535012
0.977505167687
0.944778284036
0.97682298756
1.0
0.367792979261
0.982381636663
0.873510801276
0.804956029048
0.99919975686
0.781836033962
0.889728064668
0.870446292599
0.837930291676
