0.790274022265
0.92053577184
0.907242546073
0.886869360911
0.704734718984
0.773858033629
0.0
0.97191471426
0.862712478937
0.574903269461
0.66248178499
0.737992235403
0.876310256344
0.694928976425
0.915957906931
0.59080793157
0.794834348319
0.832939816427
0.728806759114
0.722259127921
0.946269808914
0.922305372323
0.664496675441
0.442011523966
0.90024275309
0.781352389035
0.820552494818
1.0
0.848737679523
0.576935951579
0.473769271692
0.597459412625
0.952341404646
0.770471457822
0.678258984127
0.260785719466
0.910084057854
0.891378781358
0.834500311725
0.465886510249
0.638151336832
0.538949375567
0.54904558433
1.0
0.624674755113
0.981736537916
0.681529485949
0.456513795445
0.584698173967
0.852129350921
0.99619581766
0.87901267003
0.553043336328
0.622436699567
0.916577923561
0.936880910205
0.860478244629
0.776372139234
0.862414556043
0.619494499994
0.982837835097
0.633985161886
0.504456899176
0.476078222913
0.728058934308
0.493418737276
1.0
0.481503256262
0.806307968008
0.314034354445
1.0
0.779920243339
0.839862320782
0.728162421849
0.463345207233
1.0
0.769830434776
0.888420893626
0.585740495338
0.408475283229
0.710409358693
0.988746455738
1.0
0.826423804999
0.63131624634
1.0
1.0
1.0
0.42477670231
1.0
0.928436601744
0.909914960354
0.664241419669
0.912401610917
0.559481053169
0.777855001058
0.63844908223
0.560788593752
1.0
0.685070142833
0.503227027365
0.508822728228
0.151590070522
0.883320490075
1.0
0.900329238797
0.70008127261
0.355545764392
1.0
0.645062210185
0.864631788291
0.304073445393
0.926429603391
0.373562565497
0.60114923685
0.741291765819
0.427887099965
0.954552420991
0.922244588131
0.68839509275
0.729513087245
0.751451586568
0.492625109653
0.762908941156
0.722364935298
0.889158849904
0.668162479239
0.946571078659
0.709536903743
0.813277662369
0.936319299134
0.719831070543
0.307736835165
0.687761281924
0.634010911324
0.606666480431
0.877217605485
0.19182386747
0.798780379794
1.0
0.471728786724
1.0
0.727666575331
0.91043079979
0.86635535275
0.545920344829
0.744381652902
0.566603903307
0.678909975707
0.661641242478
0.538711511446
0.398254993717
0.899915076799
0.797740245986
0.632350472564
0.750575362389
0.927005107614
0.819854823909
0.67998663955
0.446276566978
0.754095805798
0.93992988848
0.745641681024
0.405625633383
1.0
0.856725873968
0.759366229417
0.280164974976
0.87143936871
0.554005820801
0.915228541676
0.373337910818
0.479842935908
0.833234982906
0.765334703184
0.988997188815
0.778773762536
0.878833432496
0.81957659372
0.658874736647
0.822327383145
0.930376385089
1.0
0.830605089648
0.851291390912
0.952944176744
0.565298276166
0.778065212915
0.975929592477
0.814632396702
0.321615330632
0.836807730158
0.799504291803
0.743592629928
0.656042047336
0.657247193328
0.708466695142
0.890778211291
0.85116131269
0.748544011224
0.511751045365
0.487259007865
0.851896755252
0.693103878175
0.856273344705
0.791752500854
0.733587506582
0.640647736462
0.733174682402
0.840238935228
0.706729694516
0.989735704059
0.8404623852
0.86264572615
0.345862459287
0.7724605721
0.642688235348
0.902503882396
0.713597256771
0.69870063054
0.643658709346
0.717332046712
0.925660018366
0.502057407759
0.866952573454
0.760002892502
0.827540078562
0.949889661175
0.548961386919
1.0
0.8391935998
0.901284222032
0.181710303937
0.818961323205
0.787356752033
0.893538467749
0.629873144042
0.982492742559
0.946828124387
0.804226519001
1.0
0.764931301028
0.775307607513
0.820408048922
0.966440786789
0.702428858255
0.081220488596
0.861724441257
0.529540131026
0.696537333324
0.408798404944
0.800234072997
0.762733390848
0.926001781525
0.83010141304
0.955434880169
0.961250378063
0.488275417026
1.0
0.924910278826
0.268169138274
0.70104855887
0.652414792958
0.351693059193
1.0
0.985436163238
0.904849011002
0.923350974294
0.766403934084
0.680438175902
0.943250346528
0.886563956534
0.812288993315
0.854455809979
0.383235092018
0.56201361876
0.443098849604
0.887072176998
1.0
0.897805267888
0.885774506814
0.789694307986
0.80501755191
0.720767775156
0.807979869644
1.0
0.0
0.725901959359
0.807149710004
0.216516320941
0.757554948039
0.693353627099
0.775115530309
0.776230693435
0.719931641067
0.800868363514
0.808258988097
0.782219589102
0.62662394956
0.304222591888
0.570554558737
0.83300984467
0.418849805578
0.85493785553
0.711594093975
1.0
0.996829482973
0.879854204047
0.645910152434
0.917461361013
0.892608096185
0.957654047344
0.751608041953
0.0
0.832527853679
0.576187024915
0.308889959251
0.775483793811
0.724387874205
0.551921005815
0.623247843204
1.0
0.717390020316
0.696938031218
0.976313590858
0.800471590206
1.0
0.93303971426
0.504499421394
0.718746209732
0.874344762548
0.7698493033
1.0
0.911482420809
0.629894332837
0.663795685062
0.0466723142956
1.0
0.697428946288
0.728876427025
0.847188879918
0.971886408066
0.894619371251
1.0
0.855382739569
0.932454806529
1.0
0.950708968612
0.638519254887
0.756787019634
1.0
1.0
0.0799852719006
0.899485908702
0.833391865126
0.642654697425
0.948266408592
0.886778561248
0.859873005695
0.800969844938
0.82812052788
0.745229415714
0.72666349599
0.67417538536
1.0
0.77114367726
0.300092696919
1.0
0.619604722507
0.964385061831
0.894203292422
0.903031619448
0.243669949714
0.791549074458
0.815572996811
0.762498937576
1.0
0.697754494636
0.875747578188
0.64432598326
0.817747243494
0.646014268719
0.576397857134
1.0
0.812017254181
0.533318587277
0.693456506062
0.0
0.861894256264
0.566523885461
0.0
0.576784791955
0.713228551954
0.942593546749
0.849814988788
0.84887858381
0.816130613181
0.994877168723
0.554493361232
0.97927852754
0.83764394361
0.950038901217
0.629713668484
0.866804463945
0.850466358184
0.528654531929
1.0
0.833730186207
1.0
0.664948439044
0.721393167569
0.996684152737
0.738921462583
0.753281500286
0.719157492296
0.881985435086
0.820254049099
0.697942141015
0.92511726932
0.783395323687
0.966176395031
0.296040676273
0.931813616449
0.749957024837
0.866993379258
0.875791649848
1.0
0.743041892773
1.0
0.611498648852
1.0
0.979078330711
0.343897048368
0.142071606121
0.766902612563
0.22624940803
1.0
0.603864756826
0.605926999983
0.754680889709
0.412814424555
1.0
0.815518553556
0.72520585695
1.0
0.90259566155
0.320995343332
1.0
0.59876208372
0.759405258499
0.851878474881
0.488468112601
0.466771606231
0.628057117526
0.635341253948
0.764051865568
0.498754164098
0.762152559455
0.83454730156
0.372720603917
0.775287470605
0.874083473978
0.891385122758
0.756087839444
1.0
0.91440426899
0.779469917241
0.363646017515
0.737367848361
0.824211711239
0.431755411432
0.94009302976
0.666435348207
0.912610697869
0.864004064311
0.208772243716
1.0
0.5658767912
0.922759107378
0.562645449574
0.62609569398
0.883476646561
0.849097684588
0.0
0.70981888373
0.808563170352
0.698873520601
0.749593451888
0.828599791679
0.762684833164
0.678391190902
0.305498901575
0.881420019657
0.800122998663
0.486846131832
0.930434612199
0.888373817911
0.91321411095
0.729335249998
0.803395449366
0.959697140389
0.793657727187
1.0
0.665564200487
0.955273927146
0.808224462806
0.829645693341
0.0
0.717130595992
0.978328265347
0.955174906024
0.688675358941
0.582516312577
0.935532569181
0.807322922664
0.735341229971
0.635424201716
0.857139750109
0.988422707642
0.712452382359
0.735747154528
0.778554375624
0.931654907351
0.629448153651
0.879987948167
0.721641369656
0.979650494942
0.569972049467
0.1840941234
0.710865991909
0.835533418029
0.659701449822
0.857215176514
0.427265902124
0.776706959715
0.765820624208
1.0
0.833990525692
0.745146997145
0.786963121308
0.688532903983
0.798980433929
0.773308304823
0.725881955094
0.847956564781
0.816841190731
0.800681633725
0.526053240182
0.832362407523
0.517487459695
0.84177081708
0.968437772358
0.75807211822
1.0
0.738694572633
0.919988548759
0.887673451858
0.86732697811
0.840585334391
0.784159710256
0.927901415944
0.539477913179
0.608747109881
0.855801223645
0.50997547663
1.0
0.568663904347
0.816910481544
0.244615143413
0.721992549243
0.426457441666
0.72051210635
0.83276341862
0.968641395166
0.254931812885
0.948325995684
0.502373766085
0.782620799968
0.798991090898
0.648129258916
0.768122211183
1.0
0.830475871389
0.811622950798
1.0
0.809350639167
0.767408123367
0.754342849572
0.864546750268
1.0
0.903714559253
0.841428248543
1.0
0.838818773376
1.0
0.701997309389
0.709648005023
0.734594564407
0.749348644105
0.8699609483
0.568253380738
0.894723218038
0.974442727688
0.466370877559
0.768193193116
0.653073561747
0.897948414698
0.713821810608
0.632019597254
1.0
0.732800420486
0.865551261574
0.169488241425
0.405193515854
0.895768110712
0.825494634328
0.411363872493
0.66103664977
1.0
0.735970758703
0.895019917433
0.691883677743
0.939189183054
0.564278336136
0.708783275645
1.0
0.62299826847
0.618762587348
0.95449942169
0.800697322675
0.432986844965
0.700269762943
0.983198820282
0.884406468309
0.939712629905
1.0
0.981749409189
0.982190355983
0.0
0.587673545543
0.845874781524
0.61564380063
1.0
0.593577747681
0.985380666583
0.895747242798
0.849855817415
0.961690614225
0.413063733064
1.0
0.86448660433
0.810763393097
0.859462446541
0.987889736345
0.845283651976
0.338500654914
0.453081153701
0.784589769217
0.775228174369
1.0
0.98674132154
0.521462527771
0.501916718143
0.702251415875
0.287486695771
0.663462270633
0.906546202735
0.628809495334
0.823772645274
1.0
0.967049644391
0.708643122527
1.0
0.575182643124
0.772888295849
0.777053466345
1.0
0.593448135755
0.943704244951
0.805574709739
0.246656501466
0.92618285437
0.923138821004
0.773869247782
0.755821940036
1.0
0.818880528238
0.678248479305
0.0
0.457201561228
0.10299333592
0.922660354608
0.57785254402
0.644478384064
0.648979547644
0.128501806821
0.797432425191
0.452965778512
0.992461250307
0.783966242567
0.587192943594
0.971714043237
0.59626086245
0.827442329927
0.843115086479
1.0
0.816516671155
0.763247224059
0.775420760376
0.79865598663
0.557660759006
0.867945635166
0.66621582108
1.0
0.852947452985
0.728522438928
1.0
1.0
0.978773481152
0.698168316832
0.649522870008
0.832063498918
0.553885015141
0.70472374877
0.506332535608
0.494215798906
0.669486949888
0.766556394469
0.579446126334
1.0
0.771499244919
0.825192984067
0.326354490563
0.885116693961
0.911653086996
1.0
0.768605370322
0.505637919207
0.898762889423
1.0
1.0
0.322247949605
0.101585793501
1.0
1.0
0.865392911048
0.0
0.795486914627
0.908187643193
0.413160409599
0.846775175426
0.785693701406
0.175525914479
0.393874046511
0.971030474
0.837462882614
0.773274569592
0.813922598736
0.736115331397
1.0
0.83608432952
0.874971406345
1.0
1.0
0.999657436187
0.990998857833
0.866797007755
0.31234924118
0.959950875165
0.692569164314
0.88225365561
0.789231602585
1.0
0.850806260096
0.886243196512
0.750480053439
0.880549720219
0.687771121861
0.915855983745
0.944637285292
0.592046597611
0.837685611411
0.934567692538
0.82929456142
0.522904149305
0.576067941984
0.806682197628
0.713047201801
0.924549970237
1.0
0.909325614839
0.741959171335
0.626324862055
0.743725500295
0.685708311469
0.660998859747
0.639345076067
0.678505777079
0.986836944872
0.925093572255
0.572442528176
0.0
0.545310904884
0.887562771344
1.0
0.396891684816
0.99712004725
0.371636521497
0.767415258271
0.850213035706
0.817582648578
0.855651755274
0.895601925934
0.689308004266
0.933801676538
0.354221957694
0.865965889455
0.812594500092
0.543374673284
0.78664524415
0.664032407724
0.616535896154
0.829699844787
0.207105048929
0.923524876319
0.963474035155
0.709084414335
0.727632314779
0.728097010063
0.924003929939
0.8858646273
0.936338209254
0.703235932054
0.956324197647
0.814769156758
0.593476476985
1.0
0.731476917966
0.920156214473
0.758509513675
0.816827328057
0.982787387254
0.843551476391
0.797299536735
0.702191894478
0.955477757189
0.78642041089
0.631863413553
1.0
0.838353402542
0.69557215822
1.0
0.817645593662
0.923658907596
0.976767021581
1.0
0.77099696261
0.754162319782
0.814031412261
0.320542888346
0.692455480975
0.00522067151124
0.846697141046
0.874210620162
1.0
0.844319665055
1.0
0.664491106732
0.203617783476
0.814679147883
0.0
0.983050062089
0.706688393577
0.713065967812
0.888537648645
0.450884002432
0.720035060331
0.8087746376
1.0
1.0
0.704008509779
0.611410497946
0.784450322384
0.773607151629
0.79232150006
0.649632918252
0.930380458579
0.817506710742
0.956619644042
0.979858588042
0.993934420295
0.808886190324
0.877071503868
0.858058248639
0.817339654524
1.0
0.899179352724
0.705454432526
0.71260945174
0.870188265425
0.589870710726
0.712734353584
0.892294313101
0.850766213804
0.810233707258
0.411602176076
0.622833762512
0.504772201796
0.95036867134
0.794714183392
0.741760488774
0.671322233728
0.834598313164
0.104094072744
0.715351193352
0.874190060505
0.889745726926
0.732467266853
0.511940340897
0.732700312807
0.923995583293
0.63695171164
0.861995744782
0.971220856925
0.991287068015
0.890192703362
0.421430260915
0.58336958643
0.865875680339
0.972115845602
0.993451591975
0.893383122474
0.54835872502
0.927991851057
0.194765225034
1.0
0.631834720033
0.657114999638
0.741225133606
0.886245801558
0.852551812199
0.921673891828
0.892851166259
1.0
0.688915789374
0.943412525898
0.422357251082
0.763600011549
1.0
0.828671442191
0.539584005795
0.993758100187
0.25018512459
0.752681754995
0.837742207253
0.0586747132023
1.0
0.825052029066
0.879536679951
0.799827435161
0.972842098783
0.976617752171
0.257094511841
0.671743117543
0.701043329292
0.463690998893
0.89550308816
0.602150113941
0.672058034891
0.840731873424
0.739226230747
0.227710721335
1.0
0.832953735935
0.686058655782
0.483821110961
0.933081133772
1.0
0.860688964225
0.715642630628
1.0
1.0
0.860839818046
0.519969928304
0.762639400701
0.785590888058
0.433677725402
0.718943527778
0.869719837981
0.7674811258
0.342776178853
0.843094906126
0.672392770529
0.948612593431
0.641844481184
0.909711076152
0.717372729002
0.892951954443
0.812655371199
0.97807277961
