0.686140446168
0.613421152843
0.999252919215
0.983102563888
0.714924738723
0.643712774749
0.343919220078
0.467907310816
0.675874911284
0.985289365591
0.995922456409
0.514418248427
0.788909102407
0.498557110502
0.720222290442
0.648898325031
0.165386491115
0.519813348675
0.750841311571
0.529576015736
0.987455119402
0.805165636277
0.879314181589
0.857007337144
0.676629041591
0.0
1.0
0.046170548235
0.674911872831
0.431868423901
0.689716865785
0.724491643711
0.812745762543
0.80171372196
0.718047154466
0.566637037632
0.723011167843
0.66708603248
0.849709556749
0.592923908147
0.541663970827
1.0
0.617349650652
0.353112602708
0.992967296665
0.842634349339
0.63660632465
0.701478470138
0.784287008369
0.747963865977
0.824123955153
0.740617134558
0.117284371138
0.686987582929
0.35543984421
0.762909675868
0.570736311675
0.417362989761
0.817056450533
0.64104163134
0.126603592144
0.945423309104
0.829862134377
0.760326467445
0.885649499158
1.0
0.837907012583
0.459095041079
0.907855569926
0.921888023244
0.794821152425
0.153012811831
0.917444606054
0.747987121241
0.98413480141
0.568948559006
0.797585034868
0.65720278441
0.401259122141
1.0
0.722599895335
0.899886548599
1.0
1.0
0.64145907672
0.431036111724
0.674257796225
0.731630882415
0.98295195023
0.882136832587
0.929983926796
0.633825295629
0.705019523443
1.0
0.930754555705
0.829209082056
0.219216186131
0.957697168184
0.873497838212
0.581519552438
0.402789248775
0.935601683714
0.90880967901
0.746996884219
0.897473927018
0.452666199485
0.66267181077
0.649398359906
0.746213112552
0.606879393997
0.885184907059
0.656388933389
0.749945643675
0.922262279671
0.0
0.925548988876
0.986059122501
0.902420126244
0.760268025055
0.85352981725
0.717308540539
0.527245646616
0.98188847064
0.813725672856
0.711759257959
0.840203441035
0.876222255358
1.0
0.485782001232
1.0
0.723653216246
0.986629527367
0.869880585414
0.802383806988
0.413400468891
0.563595745495
0.751660805644
0.320380434863
0.855517981866
0.783884690479
0.322440829895
0.766964179815
0.48771594221
0.981544221614
0.133985948651
0.890906791571
0.943078169163
0.621091841613
1.0
0.764969358206
1.0
0.519235064139
0.894346876993
0.344107387975
0.977158901924
0.821342688226
0.778980215547
0.591777893893
0.593566286913
0.842296020705
1.0
0.859768633753
0.971668730333
0.809434690588
0.842507713368
0.949589935067
0.894767907067
0.730775475174
0.76070613327
0.737762479216
0.887843758904
0.70769261752
0.612510645525
0.711117500893
0.825132837285
0.96324776472
0.945165198235
0.654975899398
0.484920165514
0.852183257744
0.904370563728
0.661418329834
0.848556968856
0.0
0.856506572735
0.684629239005
0.705765070837
0.841308849349
1.0
1.0
0.491459501128
0.362019075945
0.618234935229
0.655436698948
0.149323370574
0.728572001043
0.697925171987
0.914861999468
0.843607266883
0.823264670213
0.79414969264
0.816898505218
0.591738422867
0.720108320927
0.894613046798
0.793251234214
0.872025531943
0.718582123908
0.704829440613
0.946733807127
1.0
1.0
0.792353526065
0.945094239121
0.498129003902
0.648077423477
0.641359894095
0.0
0.939089584344
0.813388370135
0.819278684842
1.0
0.79283996077
0.792679387199
1.0
0.720632243026
0.563086360929
0.853140425351
0.937298871264
1.0
1.0
0.881404059969
0.324766260999
0.752063961304
0.713617264849
0.750425866553
0.926467516206
0.844257853917
0.973796773719
0.831699068733
0.670472352155
0.882792119976
0.738027514019
0.533515764878
1.0
0.689231318605
0.920203523776
0.937029796629
0.699089703974
0.905444405563
0.755305917827
0.469628108888
0.776762944875
0.394427859853
0.826345950304
0.871504525194
0.0
0.388689148248
1.0
0.249735101874
0.297533127886
0.835892734556
0.709556237027
0.860485988314
1.0
0.662869254453
0.88088143328
1.0
0.747027044513
0.97325308706
1.0
0.785274867425
0.534317023965
0.283913395277
0.808837979253
0.970123089897
0.75894625914
0.916306550213
0.883636078589
0.704522473476
0.702246727749
0.633205150193
0.761086175597
0.707931460026
0.63263880022
0.727171685112
0.350620951521
0.718630517012
0.956617834588
0.563243550915
0.834110110041
0.509764855834
0.589499524834
0.429966434202
0.526493636368
0.88097818926
0.893707304119
0.888562582349
0.923254168749
0.708527481613
1.0
0.963079386968
0.814248592383
0.562697659211
0.860519252803
0.798427029267
0.79435902111
0.661381497447
0.866699063571
1.0
0.851929592039
0.0188265330174
1.0
0.882302282189
0.57821955083
0.779580014495
0.894852584555
1.0
1.0
0.957230548918
1.0
0.73773784567
1.0
0.773200863003
0.831469499863
0.927113136684
0.700096655123
0.873539086314
1.0
0.861887025865
0.731574360064
0.669574269342
0.947193160628
0.71026594865
0.7082013492
0.891988786005
1.0
0.526037535659
0.552097261132
0.926666519555
0.707731256806
0.802433203617
0.401915649093
0.841212572815
0.783006133335
0.83446874397
1.0
0.724367002498
1.0
0.84863055037
0.902885742059
1.0
0.8170070301
0.725698141925
0.726610113252
0.955572519692
0.898554363134
0.949543039337
0.816497463167
0.914203061105
0.722279099488
0.876080036895
1.0
0.406996732572
0.681898481566
0.899266957599
0.829142393896
0.91201300047
0.280663283455
0.202355425918
0.206111129164
0.499777426654
0.494013234878
0.601982335422
0.462272712384
0.594319000037
0.834326672274
0.665545166527
0.869098121779
0.63541338203
0.33901749774
0.451931570189
0.359438420461
1.0
0.710773380602
0.875984884427
0.699311554205
0.523402490882
0.933235082665
0.689867381496
0.845686753201
0.472885201471
0.458924296092
0.0135758766241
0.903581959613
0.557088783077
0.889474005515
0.656007412059
0.695720302377
0.673358282958
0.955087501661
0.405558812382
1.0
0.653369153075
0.931395201686
0.776399466219
0.849947952966
0.961260274906
0.957017990056
0.790392635716
0.721349512833
0.503583794353
0.998896359254
0.827917033401
0.648015172975
0.958223432122
0.82504034118
0.941562394397
0.974363736442
0.766029780903
0.81647537411
0.573342859352
0.781381510152
1.0
0.866435362733
0.808125985507
0.793985697201
0.0
0.956287094279
0.764453816996
0.934097984787
0.762955380892
0.668968597822
0.566164164703
0.953851221516
0.721143739253
1.0
0.828965701746
0.821249374308
0.770555843907
0.858775038145
0.513516540498
0.813812200788
0.82933837024
0.85597660986
0.480120049232
0.738616079357
0.951108255126
0.938627486065
0.852810575805
0.945521569416
0.0
0.710242497226
0.974734797955
0.733623135713
0.707715438913
0.515403649044
0.337626206919
0.712517503543
0.708337473689
0.710952599721
1.0
0.864626308143
0.882005130573
0.551247558426
0.43157282594
0.723756014805
0.78551091217
0.958578480537
0.748195955077
0.773327748916
0.0
0.686951702453
0.892391685682
0.833420780966
1.0
0.546082238954
0.877433996514
0.367141649344
0.807978527501
0.636694898747
1.0
0.778253209202
1.0
0.981793859955
0.828253942052
0.235069887779
0.845197227163
0.733208309242
0.605265884316
0.900685142137
0.725193907986
0.530886404557
1.0
0.864982767456
0.927968418895
0.713335910642
0.844666510219
1.0
0.584351987887
0.794419930623
0.482897390795
0.962113598162
0.708290336555
0.815348405617
0.874663938553
0.951556020069
0.680525183549
0.827081636123
0.705257550169
0.965033961862
0.908783721743
0.845406709776
0.42414123145
1.0
0.983105038439
0.884974803812
0.261011712995
0.966474282273
0.646791841401
0.932082224623
0.779864377397
0.0
1.0
0.265026633344
0.703356782168
0.815367216314
0.784471460231
0.759187809442
0.578669189916
0.791393494105
0.925398860651
1.0
1.0
0.842932280634
1.0
0.75601777578
0.919590864658
0.776433186449
0.809956804825
0.601228561266
0.800474446533
0.578532460137
1.0
0.969068619908
0.92722198398
0.87941040666
0.66106354912
0.0
0.70434926083
0.961794955956
0.262632742239
0.764433776887
0.877926025081
0.732750532506
0.92681467442
0.769993093217
0.614200285155
0.606090159711
0.641514070984
1.0
0.805763269401
0.570585093159
1.0
0.901813329028
0.940540288059
0.70526302873
0.733332087362
0.826576346132
0.647076436071
0.993308966531
0.751002792311
0.711339451876
0.972183316643
0.762801480437
0.780496208231
0.606854750135
0.187204830942
0.633540173058
0.968373030528
0.883456175089
0.713320632285
1.0
0.684078781608
0.940396007796
0.989405172579
0.848780117208
0.54272007294
0.88071875459
0.858527268055
0.972197396656
0.903555230371
0.887586282718
0.674987960535
0.0
0.87443508162
0.798986908355
0.800578370994
0.125213256571
0.963993481688
0.976340162214
0.909731298181
0.826091685248
0.904801316379
0.724520251328
0.682893553085
0.701676810179
0.652745632384
0.725743447457
0.857655692521
1.0
0.597138173393
0.963032479866
0.774017469696
0.735745687082
1.0
0.754040997405
0.612078084619
0.940482970549
0.70976543006
0.909553063953
0.923730915793
0.910734030737
0.69810604928
0.693822127618
0.670357762811
0.628583464622
0.9405684455
0.964464474048
0.635293821452
0.303989345347
0.776863571994
0.703348130875
0.879229263697
0.256498273653
0.599509862322
0.553248078211
0.752226060856
0.817804507413
0.8504176131
0.845791992156
0.905883557489
0.96865125564
0.586378905919
0.596597646459
0.781477957843
0.845872800657
0.917573521097
0.526968806489
0.992013872551
0.964981607295
0.578293643512
0.909877690415
0.697578566914
0.829337935412
0.844619860438
0.913415609443
0.811442129747
0.703697572305
0.707310172426
0.727308872754
0.706222654907
1.0
0.736700237825
1.0
0.970805008516
0.36535310361
1.0
0.715455461619
0.457643902302
0.778293821237
1.0
0.794797256022
1.0
0.782400816793
0.662075181494
0.747906217121
0.784666882986
0.871124978288
0.943442008144
0.692523652621
0.670986189773
0.475048177506
0.0970163418126
0.479392156485
0.77623861714
1.0
1.0
0.8110549304
0.435871265403
0.945129121197
0.781533955977
0.817496114977
0.871449614428
0.70859767417
0.456684380665
0.995067409606
0.77252185166
0.834043304005
0.875923690508
0.403254014341
0.727822243227
0.754890268567
0.542828839977
0.797015238624
0.76662035698
0.827744606415
0.750796402701
0.709330258702
0.925489142633
0.443886353991
0.552156007371
0.6425939437
0.893911240514
0.892839529172
0.844609680612
0.698656668796
0.364664627564
0.629541821845
1.0
0.93268389999
0.745446820822
0.875441870304
0.468972467247
0.470445327219
0.749002089147
0.804325979718
0.968379340844
0.948511660423
0.974627247522
0.508820027701
0.59611617533
0.700171510375
1.0
0.695622412076
0.643378480346
0.801264928177
0.836671938725
0.708799126389
0.625223460892
0.604528964506
0.799277328459
0.934236579817
0.385343178471
0.913696502445
0.679911823443
0.940043429566
0.82917262973
1.0
0.847075572244
0.657198833412
0.553503397656
0.550740090168
0.951965442694
0.0831213813721
0.775557574534
0.721180636152
0.980187886282
1.0
0.947378891646
0.99015766196
0.432037854919
0.549085553521
0.840205626055
1.0
0.777673724635
0.788596952112
0.723483420022
0.139084232967
1.0
0.823488894168
0.731402175612
0.161429206004
0.876234661181
0.845792404181
0.888513934496
0.73869719677
0.908419251304
0.450827798368
0.695872473922
1.0
0.998761675706
0.904913874558
0.816978525529
0.763236500595
0.765319252807
0.939976019008
0.916566675514
0.912430316568
1.0
0.67721543279
1.0
0.760275229606
0.795687992764
0.561762981311
0.555297829313
0.808838234117
1.0
0.854593764312
0.766204729924
1.0
0.778138526523
0.804769591572
0.341558149433
1.0
0.453057047418
0.322620837893
0.359763536198
0.944252378499
1.0
0.808854075352
0.774823531341
0.705252557514
0.70108325278
0.684699534814
0.898856832335
0.615942538324
0.579067232359
0.385950849054
0.77643177778
0.979924680308
0.877318695897
0.669901039975
0.831049537904
0.961317528562
1.0
1.0
0.773903426361
0.96665494872
0.882940352089
0.547752260676
0.888791094071
0.50597990439
0.875346012897
0.839958321665
0.895124581033
0.960764615393
0.957758440629
0.567179089269
0.779737409247
0.536627433577
0.534878522166
0.743402409243
0.794466179454
0.763710492314
0.839817065434
0.698328955544
0.858092525906
0.578258819962
1.0
0.658293347323
0.808351102694
0.706706977227
0.533164903547
0.697800907545
0.842785928493
0.839504724595
0.567307153482
1.0
0.351256875889
0.6207586658
0.781624508475
1.0
0.891077773979
0.762905698143
0.727080759616
0.751611649189
1.0
0.597205226256
0.451010048923
0.813174765689
0.77988956823
0.956810801256
0.968740734467
0.446765097622
0.894024885857
0.957721724939
0.547079175448
0.997564888224
0.816038442945
0.612469794164
0.556387064462
0.834876749314
0.974497564524
0.980216209472
0.896349609773
0.9065686535
0.731183686905
0.755243600104
1.0
0.905451951675
0.972878179545
1.0
0.664269510554
0.52781056241
1.0
0.768297840192
0.78483571404
0.691680538535
0.740409289139
0.794657007374
0.642819196864
0.894424676819
0.588259196139
0.550265968538
0.527149430322
0.4240457054
0.697821218924
0.807250532217
0.765580056914
0.542776063042
0.849811639214
0.570891800995
0.902218024913
0.855139552834
0.864275356037
0.904954157595
0.780336913689
0.696856448493
0.915352646621
1.0
0.785728890073
0.853978053808
0.943945737939
0.203587965028
0.781051868253
1.0
0.64006598148
0.455981452114
0.920250500956
0.728673426027
0.638948954745
0.7910126791
0.643406285492
0.741999830443
0.625511055336
0.669567842033
0.520904721921
0.0732005777863
0.751976157786
0.980299953261
0.950603715917
0.749116007846
0.757388704704
0.685682851209
0.993041606729
0.121691672191
1.0
0.757910831025
0.653330140479
0.550081002634
0.877761808894
0.863273643676
0.909844576987
0.959235673325
0.631197170825
0.643856892362
1.0
0.524057531069
0.892977417375
0.908207193001
1.0
0.646756040276
0.987910577323
0.865121577203
0.918334608614
0.658907735045
0.952672592893
1.0
0.729653867687
0.755299891372
0.900478533474
0.601431865868
0.499401735198
0.764060289476
0.0
0.5862188554
0.70721763232
0.723440597007
0.708878924191
0.764957288292
0.583633097123
0.785640110344
0.645231541161
0.74266160759
0.72544521322
0.975203823601
0.647773642201
0.551747929495
0.994812692963
0.944168186416
0.414074974185
0.685461470639
0.457575674342
0.942680031588
0.638937330881
0.699436659305
0.896117587351
0.904453688202
0.683356388205
