0.946863616739
0.543126352595
0.564256937924
0.851464138473
0.49756623787
0.784529805238
0.952977981271
0.867307089397
0.729241768444
0.520643633782
0.549827624155
0.988983020641
0.879910014809
0.935609793833
0.368899995017
0.708951037098
0.982706046102
0.822976625046
0.906738967939
0.815026370803
0.871609928804
0.932036098519
0.769626550607
0.949483669789
0.594729848485
0.883437161216
0.709998888909
0.824600446749
0.826660687028
0.944903238406
0.688834464654
0.788418115608
0.915282881254
0.837525741458
0.865393763581
0.66083088235
0.885336833626
0.732209581615
0.835162783359
0.699860705071
0.285312911479
0.844542788241
0.681916223526
0.740260430076
0.935573804743
0.98243514226
0.911118259859
1.0
0.679506103128
0.616913707557
1.0
0.543427962093
0.548780513327
0.604565227631
0.540103912734
0.613294314008
0.53447396761
0.567000579183
0.633309692406
0.617470873223
0.780289454031
0.774692974118
0.445059745107
0.919429703513
0.0
0.721266607233
0.230022244993
0.169226242884
0.652582061006
0.859271714776
0.832732042648
0.715317121143
0.876626852075
0.906760170728
0.789500989866
0.642644540187
0.82482737202
0.0
0.717924579817
0.99699194713
0.659994347694
0.699198609422
0.933585206275
0.944628911377
0.334436127305
0.742574338948
0.388328447881
0.891579239342
0.818958998081
0.253229685036
1.0
0.68489028185
0.935950820562
0.944147605864
0.812876823843
0.412341470622
0.789809366962
0.607190420822
0.843692801879
0.576898958035
1.0
0.958652264484
0.713416393144
0.952285248636
1.0
0.796702393745
0.867817670463
0.374251121222
0.905307706016
0.811808816371
0.469635605849
0.582894561336
0.815082039332
0.79536872774
0.518716247292
0.647304750342
0.970367558384
0.172572721093
0.765973202394
0.499628630481
0.704877540072
0.714411615184
1.0
0.31292127957
0.411500219044
0.63163111299
0.341777514587
0.744187928491
0.55277148244
0.791359303747
0.385373200008
0.891833535292
0.940395574749
0.853878947604
0.697421657885
0.950014876291
0.672220950361
1.0
0.680991381117
0.927141646918
0.707969279078
0.530265877054
0.631249010736
0.821605325832
0.873655911334
0.7357877502
0.924392001312
1.0
0.954086740763
0.0
0.814564050368
0.427554657218
0.493576078516
0.986563846559
0.84160843718
0.683532202626
0.99018565431
0.650556369632
0.81036815028
1.0
0.366284956584
0.625693776409
0.778991611526
1.0
0.769509244992
0.174887947427
0.908436842929
0.818045782736
0.902572312817
0.857437520309
0.901940689946
0.936088216856
0.822245623125
0.829539928935
1.0
0.876544220589
0.578368323088
0.836589481216
0.761739893685
0.748754810482
0.660171457897
0.543741210917
0.674901010964
0.670507050576
0.755663399637
0.533524981396
0.796462829585
0.806426651644
0.585226198802
0.535902133432
0.596579472001
0.599969018347
0.639467292375
0.758433359121
1.0
0.815706014811
0.55741470198
0.63201199994
0.560272129898
0.838659513586
0.965525641337
0.687068925919
0.776915013344
0.609033509205
0.863894100117
0.935083395054
0.855546266015
0.742127867522
0.514687974202
0.936710012264
0.749333873103
0.70767215526
0.814427264698
0.997300182078
0.722801582137
0.949839093925
0.90949736751
0.728018580693
0.739509055229
0.858192310263
0.934948533349
1.0
0.592297021969
0.750528044929
0.50872334779
0.40748757789
1.0
0.909232656196
0.832480367897
1.0
0.942814822276
0.51467693253
0.6282654963
0.568413996055
0.00570212051995
0.683076365315
0.304226833824
0.651639239485
0.82945801529
0.747002659503
0.717389615573
0.310617172008
0.84384316108
0.689287367875
0.872853818344
0.680563658458
0.595232059378
0.550454542466
0.818998440265
0.88650069691
0.296155648424
0.904709484162
0.952308309942
0.673480170632
0.282815846582
1.0
0.493795288953
0.80471730583
0.74756143827
0.40172478548
0.760102872507
0.707435827342
0.859509351979
0.358874401643
0.877292601146
0.910401543645
0.64506726689
0.679421115233
0.831417764003
0.954799969092
0.983436015051
1.0
0.833650449732
0.910581375886
1.0
0.38020618205
0.766898164758
0.265881622346
0.847666079728
0.475432054732
0.959010446155
0.429104670084
0.673711613769
0.439444071965
0.85911103743
0.728978479937
0.539860673429
0.894377726511
0.415830539748
0.71589829014
0.7329674939
0.712691575096
0.883595753484
0.759713829641
0.854507538093
0.849468813284
1.0
0.964205904354
1.0
0.720077221462
0.732961170697
0.667714227413
0.669571010485
0.780748965272
0.737191234969
0.920735827318
0.711079262229
0.750685234285
0.604531732022
0.855951469745
0.607854273366
0.469767751118
0.913452935269
0.723415909322
0.900921344088
0.00640378193294
0.741298361312
0.647995252637
0.786236616779
0.592734800026
0.584439923936
0.779676100295
1.0
0.737890381964
0.150799384837
1.0
0.879972077953
1.0
0.877270784993
1.0
0.872992414238
0.904279736757
0.821316890965
0.963885368139
0.724964933417
0.684249278047
0.612499234402
0.811581333941
1.0
0.506110481169
0.646725929205
1.0
0.937323296896
0.561965953842
0.264266486485
